{"timestamp":"2025-09-03T01:14:43.510432","level":"info","event":"DAG bundles loaded: dags-folder, example_dags","logger":"airflow.dag_processing.bundles.manager.DagBundlesManager"}
{"timestamp":"2025-09-03T01:14:43.511218","level":"info","event":"Filling up the DagBag from /opt/bitnami/airflow/dags/rt_pipeline.py","logger":"airflow.models.dagbag.DagBag"}
{"timestamp":"2025-09-03T01:14:43.556316Z","level":"info","event":"Task instance is in running state","chan":"stdout","logger":"task"}
{"timestamp":"2025-09-03T01:14:43.556748Z","level":"info","event":" Previous state of the Task instance: TaskInstanceState.QUEUED","chan":"stdout","logger":"task"}
{"timestamp":"2025-09-03T01:14:43.557216Z","level":"info","event":"Current task name:orders_bronze_stream","chan":"stdout","logger":"task"}
{"timestamp":"2025-09-03T01:14:43.557409Z","level":"info","event":"Dag name:bronze_streams","chan":"stdout","logger":"task"}
{"timestamp":"2025-09-03T01:14:43.557348","level":"info","event":"Tmp dir root location: /tmp","logger":"airflow.task.hooks.airflow.providers.standard.hooks.subprocess.SubprocessHook"}
{"timestamp":"2025-09-03T01:14:43.557997","level":"info","event":"Running command: ['/usr/bin/bash', '-c', '/opt/spark/bin/spark-submit --master spark://spark-master:7077 --deploy-mode client /opt/jobs/bronze_orders.py']","logger":"airflow.task.hooks.airflow.providers.standard.hooks.subprocess.SubprocessHook"}
{"timestamp":"2025-09-03T01:14:43.569481","level":"info","event":"Output:","logger":"airflow.task.hooks.airflow.providers.standard.hooks.subprocess.SubprocessHook"}
{"timestamp":"2025-09-03T01:14:43.582274","level":"info","event":"Picked up JAVA_TOOL_OPTIONS: -Duser.name=airflow","logger":"airflow.task.hooks.airflow.providers.standard.hooks.subprocess.SubprocessHook"}
{"timestamp":"2025-09-03T01:14:43.582816","level":"info","event":"NWRAP_ERROR[<unknown> (100)] - nwrap_files_cache_reload: Unable to open '/opt/bitnami/airflow/nss-wrapper/nss_passwd' readonly -1:No such file or directory","logger":"airflow.task.hooks.airflow.providers.standard.hooks.subprocess.SubprocessHook"}
{"timestamp":"2025-09-03T01:14:43.582932","level":"info","event":"NWRAP_ERROR[<unknown> (100)] - nwrap_files_getpwuid: Error loading passwd file","logger":"airflow.task.hooks.airflow.providers.standard.hooks.subprocess.SubprocessHook"}
{"timestamp":"2025-09-03T01:14:43.595014","level":"info","event":"NWRAP_ERROR[<unknown> (100)] - nwrap_files_cache_reload: Unable to open '/opt/bitnami/airflow/nss-wrapper/nss_passwd' readonly -1:No such file or directory","logger":"airflow.task.hooks.airflow.providers.standard.hooks.subprocess.SubprocessHook"}
{"timestamp":"2025-09-03T01:14:43.595269","level":"info","event":"NWRAP_ERROR[<unknown> (100)] - nwrap_files_getpwuid: Error loading passwd file","logger":"airflow.task.hooks.airflow.providers.standard.hooks.subprocess.SubprocessHook"}
{"timestamp":"2025-09-03T01:14:43.754909","level":"info","event":"Picked up JAVA_TOOL_OPTIONS: -Duser.name=airflow","logger":"airflow.task.hooks.airflow.providers.standard.hooks.subprocess.SubprocessHook"}
{"timestamp":"2025-09-03T01:14:43.755425","level":"info","event":"NWRAP_ERROR[<unknown> (97)] - nwrap_files_cache_reload: Unable to open '/opt/bitnami/airflow/nss-wrapper/nss_passwd' readonly -1:No such file or directory","logger":"airflow.task.hooks.airflow.providers.standard.hooks.subprocess.SubprocessHook"}
{"timestamp":"2025-09-03T01:14:43.755507","level":"info","event":"NWRAP_ERROR[<unknown> (97)] - nwrap_files_getpwuid: Error loading passwd file","logger":"airflow.task.hooks.airflow.providers.standard.hooks.subprocess.SubprocessHook"}
{"timestamp":"2025-09-03T01:14:43.767539","level":"info","event":"NWRAP_ERROR[<unknown> (97)] - nwrap_files_cache_reload: Unable to open '/opt/bitnami/airflow/nss-wrapper/nss_passwd' readonly -1:No such file or directory","logger":"airflow.task.hooks.airflow.providers.standard.hooks.subprocess.SubprocessHook"}
{"timestamp":"2025-09-03T01:14:43.767690","level":"info","event":"NWRAP_ERROR[<unknown> (97)] - nwrap_files_getpwuid: Error loading passwd file","logger":"airflow.task.hooks.airflow.providers.standard.hooks.subprocess.SubprocessHook"}
{"timestamp":"2025-09-03T01:14:45.065210","level":"info","event":"Warning: Ignoring non-Spark config property: hive.metastore.uris","logger":"airflow.task.hooks.airflow.providers.standard.hooks.subprocess.SubprocessHook"}
{"timestamp":"2025-09-03T01:14:45.243651","level":"info","event":"Exception in thread \"main\" java.lang.IllegalArgumentException: requirement failed: Ivy settings file /dev/null is not a normal file","logger":"airflow.task.hooks.airflow.providers.standard.hooks.subprocess.SubprocessHook"}
{"timestamp":"2025-09-03T01:14:45.243853","level":"info","event":"\tat scala.Predef$.require(Predef.scala:281)","logger":"airflow.task.hooks.airflow.providers.standard.hooks.subprocess.SubprocessHook"}
{"timestamp":"2025-09-03T01:14:45.243918","level":"info","event":"\tat org.apache.spark.deploy.SparkSubmitUtils$.loadIvySettings(SparkSubmit.scala:1407)","logger":"airflow.task.hooks.airflow.providers.standard.hooks.subprocess.SubprocessHook"}
{"timestamp":"2025-09-03T01:14:45.243969","level":"info","event":"\tat org.apache.spark.util.DependencyUtils$.resolveMavenDependencies(DependencyUtils.scala:179)","logger":"airflow.task.hooks.airflow.providers.standard.hooks.subprocess.SubprocessHook"}
{"timestamp":"2025-09-03T01:14:45.244073","level":"info","event":"\tat org.apache.spark.deploy.SparkSubmit.prepareSubmitEnvironment(SparkSubmit.scala:334)","logger":"airflow.task.hooks.airflow.providers.standard.hooks.subprocess.SubprocessHook"}
{"timestamp":"2025-09-03T01:14:45.244139","level":"info","event":"\tat org.apache.spark.deploy.SparkSubmit.org$apache$spark$deploy$SparkSubmit$$runMain(SparkSubmit.scala:964)","logger":"airflow.task.hooks.airflow.providers.standard.hooks.subprocess.SubprocessHook"}
{"timestamp":"2025-09-03T01:14:45.244181","level":"info","event":"\tat org.apache.spark.deploy.SparkSubmit.doRunMain$1(SparkSubmit.scala:194)","logger":"airflow.task.hooks.airflow.providers.standard.hooks.subprocess.SubprocessHook"}
{"timestamp":"2025-09-03T01:14:45.244221","level":"info","event":"\tat org.apache.spark.deploy.SparkSubmit.submit(SparkSubmit.scala:217)","logger":"airflow.task.hooks.airflow.providers.standard.hooks.subprocess.SubprocessHook"}
{"timestamp":"2025-09-03T01:14:45.244257","level":"info","event":"\tat org.apache.spark.deploy.SparkSubmit.doSubmit(SparkSubmit.scala:91)","logger":"airflow.task.hooks.airflow.providers.standard.hooks.subprocess.SubprocessHook"}
{"timestamp":"2025-09-03T01:14:45.244293","level":"info","event":"\tat org.apache.spark.deploy.SparkSubmit$$anon$2.doSubmit(SparkSubmit.scala:1120)","logger":"airflow.task.hooks.airflow.providers.standard.hooks.subprocess.SubprocessHook"}
{"timestamp":"2025-09-03T01:14:45.244349","level":"info","event":"\tat org.apache.spark.deploy.SparkSubmit$.main(SparkSubmit.scala:1129)","logger":"airflow.task.hooks.airflow.providers.standard.hooks.subprocess.SubprocessHook"}
{"timestamp":"2025-09-03T01:14:45.244419","level":"info","event":"\tat org.apache.spark.deploy.SparkSubmit.main(SparkSubmit.scala)","logger":"airflow.task.hooks.airflow.providers.standard.hooks.subprocess.SubprocessHook"}
{"timestamp":"2025-09-03T01:14:45.250986","level":"info","event":"Command exited with return code 1","logger":"airflow.task.hooks.airflow.providers.standard.hooks.subprocess.SubprocessHook"}
{"timestamp":"2025-09-03T01:14:45.251573","level":"error","event":"Task failed with exception","logger":"task","error_detail":[{"exc_type":"AirflowException","exc_value":"Bash command failed. The command returned a non-zero exit code 1.","exc_notes":[],"syntax_error":null,"is_cause":false,"frames":[{"filename":"/opt/bitnami/airflow/venv/lib/python3.12/site-packages/airflow/sdk/execution_time/task_runner.py","lineno":918,"name":"run"},{"filename":"/opt/bitnami/airflow/venv/lib/python3.12/site-packages/airflow/sdk/execution_time/task_runner.py","lineno":1213,"name":"_execute_task"},{"filename":"/opt/bitnami/airflow/venv/lib/python3.12/site-packages/airflow/sdk/bases/operator.py","lineno":397,"name":"wrapper"},{"filename":"/opt/bitnami/airflow/venv/lib/python3.12/site-packages/airflow/providers/standard/operators/bash.py","lineno":232,"name":"execute"}],"is_group":false,"exceptions":[]}]}
{"timestamp":"2025-09-03T01:14:45.274815Z","level":"info","event":"Task instance in failure state","chan":"stdout","logger":"task"}
{"timestamp":"2025-09-03T01:14:45.275237Z","level":"info","event":"Task start","chan":"stdout","logger":"task"}
{"timestamp":"2025-09-03T01:14:45.275545Z","level":"info","event":"Task:<Task(BashOperator): orders_bronze_stream>","chan":"stdout","logger":"task"}
{"timestamp":"2025-09-03T01:14:45.275828Z","level":"info","event":"Failure caused by Bash command failed. The command returned a non-zero exit code 1.","chan":"stdout","logger":"task"}
