{"timestamp":"2025-09-03T00:56:19.108918","level":"info","event":"DAG bundles loaded: dags-folder, example_dags","logger":"airflow.dag_processing.bundles.manager.DagBundlesManager"}
{"timestamp":"2025-09-03T00:56:19.109539","level":"info","event":"Filling up the DagBag from /opt/bitnami/airflow/dags/rt_pipeline.py","logger":"airflow.models.dagbag.DagBag"}
{"timestamp":"2025-09-03T00:56:19.144240Z","level":"info","event":"Task instance is in running state","chan":"stdout","logger":"task"}
{"timestamp":"2025-09-03T00:56:19.144649Z","level":"info","event":" Previous state of the Task instance: TaskInstanceState.QUEUED","chan":"stdout","logger":"task"}
{"timestamp":"2025-09-03T00:56:19.144945Z","level":"info","event":"Current task name:payments_bronze_stream","chan":"stdout","logger":"task"}
{"timestamp":"2025-09-03T00:56:19.145222Z","level":"info","event":"Dag name:bronze_streams","chan":"stdout","logger":"task"}
{"timestamp":"2025-09-03T00:56:19.145040","level":"info","event":"Tmp dir root location: /tmp","logger":"airflow.task.hooks.airflow.providers.standard.hooks.subprocess.SubprocessHook"}
{"timestamp":"2025-09-03T00:56:19.145543","level":"info","event":"Running command: ['/usr/bin/bash', '-c', '/opt/spark/bin/spark-submit --master spark://spark-master:7077 --deploy-mode client /opt/jobs/bronze_payments.py']","logger":"airflow.task.hooks.airflow.providers.standard.hooks.subprocess.SubprocessHook"}
{"timestamp":"2025-09-03T00:56:19.158540","level":"info","event":"Output:","logger":"airflow.task.hooks.airflow.providers.standard.hooks.subprocess.SubprocessHook"}
{"timestamp":"2025-09-03T00:56:19.169991","level":"info","event":"Picked up JAVA_TOOL_OPTIONS: -Duser.name=airflow","logger":"airflow.task.hooks.airflow.providers.standard.hooks.subprocess.SubprocessHook"}
{"timestamp":"2025-09-03T00:56:19.170571","level":"info","event":"NWRAP_ERROR[<unknown> (975)] - nwrap_files_cache_reload: Unable to open '/opt/bitnami/airflow/nss-wrapper/nss_passwd' readonly -1:No such file or directory","logger":"airflow.task.hooks.airflow.providers.standard.hooks.subprocess.SubprocessHook"}
{"timestamp":"2025-09-03T00:56:19.170685","level":"info","event":"NWRAP_ERROR[<unknown> (975)] - nwrap_files_getpwuid: Error loading passwd file","logger":"airflow.task.hooks.airflow.providers.standard.hooks.subprocess.SubprocessHook"}
{"timestamp":"2025-09-03T00:56:19.185730","level":"info","event":"NWRAP_ERROR[<unknown> (975)] - nwrap_files_cache_reload: Unable to open '/opt/bitnami/airflow/nss-wrapper/nss_passwd' readonly -1:No such file or directory","logger":"airflow.task.hooks.airflow.providers.standard.hooks.subprocess.SubprocessHook"}
{"timestamp":"2025-09-03T00:56:19.185880","level":"info","event":"NWRAP_ERROR[<unknown> (975)] - nwrap_files_getpwuid: Error loading passwd file","logger":"airflow.task.hooks.airflow.providers.standard.hooks.subprocess.SubprocessHook"}
{"timestamp":"2025-09-03T00:56:19.315536","level":"info","event":"Picked up JAVA_TOOL_OPTIONS: -Duser.name=airflow","logger":"airflow.task.hooks.airflow.providers.standard.hooks.subprocess.SubprocessHook"}
{"timestamp":"2025-09-03T00:56:19.315986","level":"info","event":"NWRAP_ERROR[<unknown> (972)] - nwrap_files_cache_reload: Unable to open '/opt/bitnami/airflow/nss-wrapper/nss_passwd' readonly -1:No such file or directory","logger":"airflow.task.hooks.airflow.providers.standard.hooks.subprocess.SubprocessHook"}
{"timestamp":"2025-09-03T00:56:19.316096","level":"info","event":"NWRAP_ERROR[<unknown> (972)] - nwrap_files_getpwuid: Error loading passwd file","logger":"airflow.task.hooks.airflow.providers.standard.hooks.subprocess.SubprocessHook"}
{"timestamp":"2025-09-03T00:56:19.327324","level":"info","event":"NWRAP_ERROR[<unknown> (972)] - nwrap_files_cache_reload: Unable to open '/opt/bitnami/airflow/nss-wrapper/nss_passwd' readonly -1:No such file or directory","logger":"airflow.task.hooks.airflow.providers.standard.hooks.subprocess.SubprocessHook"}
{"timestamp":"2025-09-03T00:56:19.327469","level":"info","event":"NWRAP_ERROR[<unknown> (972)] - nwrap_files_getpwuid: Error loading passwd file","logger":"airflow.task.hooks.airflow.providers.standard.hooks.subprocess.SubprocessHook"}
{"timestamp":"2025-09-03T00:56:20.572875","level":"info","event":"Warning: Ignoring non-Spark config property: hive.metastore.uris","logger":"airflow.task.hooks.airflow.providers.standard.hooks.subprocess.SubprocessHook"}
{"timestamp":"2025-09-03T00:56:20.823563","level":"info","event":":: loading settings :: url = jar:file:/opt/spark-3.5.1-bin-hadoop3/jars/ivy-2.5.1.jar!/org/apache/ivy/core/settings/ivysettings.xml","logger":"airflow.task.hooks.airflow.providers.standard.hooks.subprocess.SubprocessHook"}
{"timestamp":"2025-09-03T00:56:20.903204","level":"info","event":"Ivy Default Cache set to: /tmp/.ivy2/cache","logger":"airflow.task.hooks.airflow.providers.standard.hooks.subprocess.SubprocessHook"}
{"timestamp":"2025-09-03T00:56:20.903434","level":"info","event":"The jars for the packages stored in: /tmp/.ivy2/jars","logger":"airflow.task.hooks.airflow.providers.standard.hooks.subprocess.SubprocessHook"}
{"timestamp":"2025-09-03T00:56:20.909368","level":"info","event":"io.delta#delta-spark_2.12 added as a dependency","logger":"airflow.task.hooks.airflow.providers.standard.hooks.subprocess.SubprocessHook"}
{"timestamp":"2025-09-03T00:56:20.909882","level":"info","event":"org.apache.spark#spark-sql-kafka-0-10_2.12 added as a dependency","logger":"airflow.task.hooks.airflow.providers.standard.hooks.subprocess.SubprocessHook"}
{"timestamp":"2025-09-03T00:56:20.910016","level":"info","event":"org.apache.spark#spark-token-provider-kafka-0-10_2.12 added as a dependency","logger":"airflow.task.hooks.airflow.providers.standard.hooks.subprocess.SubprocessHook"}
{"timestamp":"2025-09-03T00:56:20.910113","level":"info","event":"org.apache.hadoop#hadoop-aws added as a dependency","logger":"airflow.task.hooks.airflow.providers.standard.hooks.subprocess.SubprocessHook"}
{"timestamp":"2025-09-03T00:56:20.910189","level":"info","event":"com.amazonaws#aws-java-sdk-bundle added as a dependency","logger":"airflow.task.hooks.airflow.providers.standard.hooks.subprocess.SubprocessHook"}
{"timestamp":"2025-09-03T00:56:20.911334","level":"info","event":":: resolving dependencies :: org.apache.spark#spark-submit-parent-fa5bbb5b-033b-4dde-8e03-bbba7c3ac124;1.0","logger":"airflow.task.hooks.airflow.providers.standard.hooks.subprocess.SubprocessHook"}
{"timestamp":"2025-09-03T00:56:20.911486","level":"info","event":"\tconfs: [default]","logger":"airflow.task.hooks.airflow.providers.standard.hooks.subprocess.SubprocessHook"}
{"timestamp":"2025-09-03T00:56:21.028962","level":"info","event":"\tfound io.delta#delta-spark_2.12;3.2.0 in central","logger":"airflow.task.hooks.airflow.providers.standard.hooks.subprocess.SubprocessHook"}
{"timestamp":"2025-09-03T00:56:21.052693","level":"info","event":"\tfound io.delta#delta-storage;3.2.0 in central","logger":"airflow.task.hooks.airflow.providers.standard.hooks.subprocess.SubprocessHook"}
{"timestamp":"2025-09-03T00:56:21.071025","level":"info","event":"\tfound org.antlr#antlr4-runtime;4.9.3 in central","logger":"airflow.task.hooks.airflow.providers.standard.hooks.subprocess.SubprocessHook"}
{"timestamp":"2025-09-03T00:56:21.119267","level":"info","event":"\tfound org.apache.spark#spark-sql-kafka-0-10_2.12;3.5.0 in central","logger":"airflow.task.hooks.airflow.providers.standard.hooks.subprocess.SubprocessHook"}
{"timestamp":"2025-09-03T00:56:21.151191","level":"info","event":"\tfound org.apache.spark#spark-token-provider-kafka-0-10_2.12;3.5.0 in central","logger":"airflow.task.hooks.airflow.providers.standard.hooks.subprocess.SubprocessHook"}
{"timestamp":"2025-09-03T00:56:21.167554","level":"info","event":"\tfound org.apache.kafka#kafka-clients;3.4.1 in central","logger":"airflow.task.hooks.airflow.providers.standard.hooks.subprocess.SubprocessHook"}
{"timestamp":"2025-09-03T00:56:21.185995","level":"info","event":"\tfound org.lz4#lz4-java;1.8.0 in central","logger":"airflow.task.hooks.airflow.providers.standard.hooks.subprocess.SubprocessHook"}
{"timestamp":"2025-09-03T00:56:21.205691","level":"info","event":"\tfound org.xerial.snappy#snappy-java;1.1.10.3 in central","logger":"airflow.task.hooks.airflow.providers.standard.hooks.subprocess.SubprocessHook"}
{"timestamp":"2025-09-03T00:56:21.229432","level":"info","event":"\tfound org.slf4j#slf4j-api;2.0.7 in central","logger":"airflow.task.hooks.airflow.providers.standard.hooks.subprocess.SubprocessHook"}
{"timestamp":"2025-09-03T00:56:21.263282","level":"info","event":"\tfound org.apache.hadoop#hadoop-client-runtime;3.3.4 in central","logger":"airflow.task.hooks.airflow.providers.standard.hooks.subprocess.SubprocessHook"}
{"timestamp":"2025-09-03T00:56:21.310448","level":"info","event":"\tfound org.apache.hadoop#hadoop-client-api;3.3.4 in central","logger":"airflow.task.hooks.airflow.providers.standard.hooks.subprocess.SubprocessHook"}
{"timestamp":"2025-09-03T00:56:21.333587","level":"info","event":"\tfound commons-logging#commons-logging;1.1.3 in central","logger":"airflow.task.hooks.airflow.providers.standard.hooks.subprocess.SubprocessHook"}
{"timestamp":"2025-09-03T00:56:21.353413","level":"info","event":"\tfound com.google.code.findbugs#jsr305;3.0.0 in central","logger":"airflow.task.hooks.airflow.providers.standard.hooks.subprocess.SubprocessHook"}
{"timestamp":"2025-09-03T00:56:21.373972","level":"info","event":"\tfound org.apache.commons#commons-pool2;2.11.1 in central","logger":"airflow.task.hooks.airflow.providers.standard.hooks.subprocess.SubprocessHook"}
{"timestamp":"2025-09-03T00:56:21.394576","level":"info","event":"\tfound org.apache.hadoop#hadoop-aws;3.3.6 in central","logger":"airflow.task.hooks.airflow.providers.standard.hooks.subprocess.SubprocessHook"}
{"timestamp":"2025-09-03T00:56:21.408216","level":"info","event":"\tfound com.amazonaws#aws-java-sdk-bundle;1.12.367 in central","logger":"airflow.task.hooks.airflow.providers.standard.hooks.subprocess.SubprocessHook"}
{"timestamp":"2025-09-03T00:56:21.420521","level":"info","event":"\tfound org.wildfly.openssl#wildfly-openssl;1.1.3.Final in central","logger":"airflow.task.hooks.airflow.providers.standard.hooks.subprocess.SubprocessHook"}
{"timestamp":"2025-09-03T00:56:21.462050","level":"info","event":":: resolution report :: resolve 526ms :: artifacts dl 24ms","logger":"airflow.task.hooks.airflow.providers.standard.hooks.subprocess.SubprocessHook"}
{"timestamp":"2025-09-03T00:56:21.462335","level":"info","event":"\t:: modules in use:","logger":"airflow.task.hooks.airflow.providers.standard.hooks.subprocess.SubprocessHook"}
{"timestamp":"2025-09-03T00:56:21.462452","level":"info","event":"\tcom.amazonaws#aws-java-sdk-bundle;1.12.367 from central in [default]","logger":"airflow.task.hooks.airflow.providers.standard.hooks.subprocess.SubprocessHook"}
{"timestamp":"2025-09-03T00:56:21.462546","level":"info","event":"\tcom.google.code.findbugs#jsr305;3.0.0 from central in [default]","logger":"airflow.task.hooks.airflow.providers.standard.hooks.subprocess.SubprocessHook"}
{"timestamp":"2025-09-03T00:56:21.462638","level":"info","event":"\tcommons-logging#commons-logging;1.1.3 from central in [default]","logger":"airflow.task.hooks.airflow.providers.standard.hooks.subprocess.SubprocessHook"}
{"timestamp":"2025-09-03T00:56:21.462708","level":"info","event":"\tio.delta#delta-spark_2.12;3.2.0 from central in [default]","logger":"airflow.task.hooks.airflow.providers.standard.hooks.subprocess.SubprocessHook"}
{"timestamp":"2025-09-03T00:56:21.462775","level":"info","event":"\tio.delta#delta-storage;3.2.0 from central in [default]","logger":"airflow.task.hooks.airflow.providers.standard.hooks.subprocess.SubprocessHook"}
{"timestamp":"2025-09-03T00:56:21.462838","level":"info","event":"\torg.antlr#antlr4-runtime;4.9.3 from central in [default]","logger":"airflow.task.hooks.airflow.providers.standard.hooks.subprocess.SubprocessHook"}
{"timestamp":"2025-09-03T00:56:21.462895","level":"info","event":"\torg.apache.commons#commons-pool2;2.11.1 from central in [default]","logger":"airflow.task.hooks.airflow.providers.standard.hooks.subprocess.SubprocessHook"}
{"timestamp":"2025-09-03T00:56:21.463151","level":"info","event":"\torg.apache.hadoop#hadoop-aws;3.3.6 from central in [default]","logger":"airflow.task.hooks.airflow.providers.standard.hooks.subprocess.SubprocessHook"}
{"timestamp":"2025-09-03T00:56:21.463261","level":"info","event":"\torg.apache.hadoop#hadoop-client-api;3.3.4 from central in [default]","logger":"airflow.task.hooks.airflow.providers.standard.hooks.subprocess.SubprocessHook"}
{"timestamp":"2025-09-03T00:56:21.463327","level":"info","event":"\torg.apache.hadoop#hadoop-client-runtime;3.3.4 from central in [default]","logger":"airflow.task.hooks.airflow.providers.standard.hooks.subprocess.SubprocessHook"}
{"timestamp":"2025-09-03T00:56:21.463385","level":"info","event":"\torg.apache.kafka#kafka-clients;3.4.1 from central in [default]","logger":"airflow.task.hooks.airflow.providers.standard.hooks.subprocess.SubprocessHook"}
{"timestamp":"2025-09-03T00:56:21.463440","level":"info","event":"\torg.apache.spark#spark-sql-kafka-0-10_2.12;3.5.0 from central in [default]","logger":"airflow.task.hooks.airflow.providers.standard.hooks.subprocess.SubprocessHook"}
{"timestamp":"2025-09-03T00:56:21.463498","level":"info","event":"\torg.apache.spark#spark-token-provider-kafka-0-10_2.12;3.5.0 from central in [default]","logger":"airflow.task.hooks.airflow.providers.standard.hooks.subprocess.SubprocessHook"}
{"timestamp":"2025-09-03T00:56:21.463555","level":"info","event":"\torg.lz4#lz4-java;1.8.0 from central in [default]","logger":"airflow.task.hooks.airflow.providers.standard.hooks.subprocess.SubprocessHook"}
{"timestamp":"2025-09-03T00:56:21.463612","level":"info","event":"\torg.slf4j#slf4j-api;2.0.7 from central in [default]","logger":"airflow.task.hooks.airflow.providers.standard.hooks.subprocess.SubprocessHook"}
{"timestamp":"2025-09-03T00:56:21.463665","level":"info","event":"\torg.wildfly.openssl#wildfly-openssl;1.1.3.Final from central in [default]","logger":"airflow.task.hooks.airflow.providers.standard.hooks.subprocess.SubprocessHook"}
{"timestamp":"2025-09-03T00:56:21.463721","level":"info","event":"\torg.xerial.snappy#snappy-java;1.1.10.3 from central in [default]","logger":"airflow.task.hooks.airflow.providers.standard.hooks.subprocess.SubprocessHook"}
{"timestamp":"2025-09-03T00:56:21.463776","level":"info","event":"\t:: evicted modules:","logger":"airflow.task.hooks.airflow.providers.standard.hooks.subprocess.SubprocessHook"}
{"timestamp":"2025-09-03T00:56:21.463840","level":"info","event":"\tcom.amazonaws#aws-java-sdk-bundle;1.12.262 by [com.amazonaws#aws-java-sdk-bundle;1.12.367] in [default]","logger":"airflow.task.hooks.airflow.providers.standard.hooks.subprocess.SubprocessHook"}
{"timestamp":"2025-09-03T00:56:21.463910","level":"info","event":"\t---------------------------------------------------------------------","logger":"airflow.task.hooks.airflow.providers.standard.hooks.subprocess.SubprocessHook"}
{"timestamp":"2025-09-03T00:56:21.463970","level":"info","event":"\t|                  |            modules            ||   artifacts   |","logger":"airflow.task.hooks.airflow.providers.standard.hooks.subprocess.SubprocessHook"}
{"timestamp":"2025-09-03T00:56:21.464028","level":"info","event":"\t|       conf       | number| search|dwnlded|evicted|| number|dwnlded|","logger":"airflow.task.hooks.airflow.providers.standard.hooks.subprocess.SubprocessHook"}
{"timestamp":"2025-09-03T00:56:21.464085","level":"info","event":"\t---------------------------------------------------------------------","logger":"airflow.task.hooks.airflow.providers.standard.hooks.subprocess.SubprocessHook"}
{"timestamp":"2025-09-03T00:56:21.464143","level":"info","event":"\t|      default     |   18  |   0   |   0   |   1   ||   17  |   0   |","logger":"airflow.task.hooks.airflow.providers.standard.hooks.subprocess.SubprocessHook"}
{"timestamp":"2025-09-03T00:56:21.464201","level":"info","event":"\t---------------------------------------------------------------------","logger":"airflow.task.hooks.airflow.providers.standard.hooks.subprocess.SubprocessHook"}
{"timestamp":"2025-09-03T00:56:21.471556","level":"info","event":":: retrieving :: org.apache.spark#spark-submit-parent-fa5bbb5b-033b-4dde-8e03-bbba7c3ac124","logger":"airflow.task.hooks.airflow.providers.standard.hooks.subprocess.SubprocessHook"}
{"timestamp":"2025-09-03T00:56:21.471840","level":"info","event":"\tconfs: [default]","logger":"airflow.task.hooks.airflow.providers.standard.hooks.subprocess.SubprocessHook"}
{"timestamp":"2025-09-03T00:56:21.487832","level":"info","event":"\t0 artifacts copied, 17 already retrieved (0kB/16ms)","logger":"airflow.task.hooks.airflow.providers.standard.hooks.subprocess.SubprocessHook"}
{"timestamp":"2025-09-03T00:56:21.747436","level":"info","event":"25/09/03 00:56:21 WARN NativeCodeLoader: Unable to load native-hadoop library for your platform... using builtin-java classes where applicable","logger":"airflow.task.hooks.airflow.providers.standard.hooks.subprocess.SubprocessHook"}
{"timestamp":"2025-09-03T00:56:21.828417","level":"info","event":"NWRAP_ERROR[<unknown> (972)] - nwrap_files_cache_reload: Unable to open '/opt/bitnami/airflow/nss-wrapper/nss_passwd' readonly -1:No such file or directory","logger":"airflow.task.hooks.airflow.providers.standard.hooks.subprocess.SubprocessHook"}
{"timestamp":"2025-09-03T00:56:21.828587","level":"info","event":"NWRAP_ERROR[<unknown> (972)] - nwrap_files_getpwuid: Error loading passwd file","logger":"airflow.task.hooks.airflow.providers.standard.hooks.subprocess.SubprocessHook"}
{"timestamp":"2025-09-03T00:56:21.830256","level":"info","event":"Exception in thread \"main\" org.apache.hadoop.security.KerberosAuthException: failure to login: javax.security.auth.login.LoginException: java.lang.NullPointerException: invalid null input: name","logger":"airflow.task.hooks.airflow.providers.standard.hooks.subprocess.SubprocessHook"}
{"timestamp":"2025-09-03T00:56:21.830509","level":"info","event":"\tat jdk.security.auth/com.sun.security.auth.UnixPrincipal.<init>(UnixPrincipal.java:71)","logger":"airflow.task.hooks.airflow.providers.standard.hooks.subprocess.SubprocessHook"}
{"timestamp":"2025-09-03T00:56:21.830613","level":"info","event":"\tat jdk.security.auth/com.sun.security.auth.module.UnixLoginModule.login(UnixLoginModule.java:134)","logger":"airflow.task.hooks.airflow.providers.standard.hooks.subprocess.SubprocessHook"}
{"timestamp":"2025-09-03T00:56:21.830686","level":"info","event":"\tat java.base/javax.security.auth.login.LoginContext.invoke(LoginContext.java:755)","logger":"airflow.task.hooks.airflow.providers.standard.hooks.subprocess.SubprocessHook"}
{"timestamp":"2025-09-03T00:56:21.830817","level":"info","event":"\tat java.base/javax.security.auth.login.LoginContext$4.run(LoginContext.java:679)","logger":"airflow.task.hooks.airflow.providers.standard.hooks.subprocess.SubprocessHook"}
{"timestamp":"2025-09-03T00:56:21.830905","level":"info","event":"\tat java.base/javax.security.auth.login.LoginContext$4.run(LoginContext.java:677)","logger":"airflow.task.hooks.airflow.providers.standard.hooks.subprocess.SubprocessHook"}
{"timestamp":"2025-09-03T00:56:21.830984","level":"info","event":"\tat java.base/java.security.AccessController.doPrivileged(AccessController.java:712)","logger":"airflow.task.hooks.airflow.providers.standard.hooks.subprocess.SubprocessHook"}
{"timestamp":"2025-09-03T00:56:21.831057","level":"info","event":"\tat java.base/javax.security.auth.login.LoginContext.invokePriv(LoginContext.java:677)","logger":"airflow.task.hooks.airflow.providers.standard.hooks.subprocess.SubprocessHook"}
{"timestamp":"2025-09-03T00:56:21.831129","level":"info","event":"\tat java.base/javax.security.auth.login.LoginContext.login(LoginContext.java:587)","logger":"airflow.task.hooks.airflow.providers.standard.hooks.subprocess.SubprocessHook"}
{"timestamp":"2025-09-03T00:56:21.831286","level":"info","event":"\tat org.apache.hadoop.security.UserGroupInformation$HadoopLoginContext.login(UserGroupInformation.java:2065)","logger":"airflow.task.hooks.airflow.providers.standard.hooks.subprocess.SubprocessHook"}
{"timestamp":"2025-09-03T00:56:21.831394","level":"info","event":"\tat org.apache.hadoop.security.UserGroupInformation.doSubjectLogin(UserGroupInformation.java:1975)","logger":"airflow.task.hooks.airflow.providers.standard.hooks.subprocess.SubprocessHook"}
{"timestamp":"2025-09-03T00:56:21.831458","level":"info","event":"\tat org.apache.hadoop.security.UserGroupInformation.createLoginUser(UserGroupInformation.java:719)","logger":"airflow.task.hooks.airflow.providers.standard.hooks.subprocess.SubprocessHook"}
{"timestamp":"2025-09-03T00:56:21.831519","level":"info","event":"\tat org.apache.hadoop.security.UserGroupInformation.getLoginUser(UserGroupInformation.java:669)","logger":"airflow.task.hooks.airflow.providers.standard.hooks.subprocess.SubprocessHook"}
{"timestamp":"2025-09-03T00:56:21.831560","level":"info","event":"\tat org.apache.hadoop.security.UserGroupInformation.getCurrentUser(UserGroupInformation.java:579)","logger":"airflow.task.hooks.airflow.providers.standard.hooks.subprocess.SubprocessHook"}
{"timestamp":"2025-09-03T00:56:21.831598","level":"info","event":"\tat org.apache.hadoop.fs.FileSystem$Cache$Key.<init>(FileSystem.java:3746)","logger":"airflow.task.hooks.airflow.providers.standard.hooks.subprocess.SubprocessHook"}
{"timestamp":"2025-09-03T00:56:21.831642","level":"info","event":"\tat org.apache.hadoop.fs.FileSystem$Cache$Key.<init>(FileSystem.java:3736)","logger":"airflow.task.hooks.airflow.providers.standard.hooks.subprocess.SubprocessHook"}
{"timestamp":"2025-09-03T00:56:21.831713","level":"info","event":"\tat org.apache.hadoop.fs.FileSystem$Cache.get(FileSystem.java:3520)","logger":"airflow.task.hooks.airflow.providers.standard.hooks.subprocess.SubprocessHook"}
{"timestamp":"2025-09-03T00:56:21.831777","level":"info","event":"\tat org.apache.hadoop.fs.FileSystem.get(FileSystem.java:540)","logger":"airflow.task.hooks.airflow.providers.standard.hooks.subprocess.SubprocessHook"}
{"timestamp":"2025-09-03T00:56:21.831830","level":"info","event":"\tat org.apache.spark.util.DependencyUtils$.resolveGlobPath(DependencyUtils.scala:317)","logger":"airflow.task.hooks.airflow.providers.standard.hooks.subprocess.SubprocessHook"}
{"timestamp":"2025-09-03T00:56:21.831898","level":"info","event":"\tat org.apache.spark.util.DependencyUtils$.$anonfun$resolveGlobPaths$2(DependencyUtils.scala:273)","logger":"airflow.task.hooks.airflow.providers.standard.hooks.subprocess.SubprocessHook"}
{"timestamp":"2025-09-03T00:56:21.831964","level":"info","event":"\tat org.apache.spark.util.DependencyUtils$.$anonfun$resolveGlobPaths$2$adapted(DependencyUtils.scala:271)","logger":"airflow.task.hooks.airflow.providers.standard.hooks.subprocess.SubprocessHook"}
{"timestamp":"2025-09-03T00:56:21.832032","level":"info","event":"\tat scala.collection.TraversableLike.$anonfun$flatMap$1(TraversableLike.scala:293)","logger":"airflow.task.hooks.airflow.providers.standard.hooks.subprocess.SubprocessHook"}
{"timestamp":"2025-09-03T00:56:21.832104","level":"info","event":"\tat scala.collection.IndexedSeqOptimized.foreach(IndexedSeqOptimized.scala:36)","logger":"airflow.task.hooks.airflow.providers.standard.hooks.subprocess.SubprocessHook"}
{"timestamp":"2025-09-03T00:56:21.832177","level":"info","event":"\tat scala.collection.IndexedSeqOptimized.foreach$(IndexedSeqOptimized.scala:33)","logger":"airflow.task.hooks.airflow.providers.standard.hooks.subprocess.SubprocessHook"}
{"timestamp":"2025-09-03T00:56:21.832241","level":"info","event":"\tat scala.collection.mutable.WrappedArray.foreach(WrappedArray.scala:38)","logger":"airflow.task.hooks.airflow.providers.standard.hooks.subprocess.SubprocessHook"}
{"timestamp":"2025-09-03T00:56:21.832304","level":"info","event":"\tat scala.collection.TraversableLike.flatMap(TraversableLike.scala:293)","logger":"airflow.task.hooks.airflow.providers.standard.hooks.subprocess.SubprocessHook"}
{"timestamp":"2025-09-03T00:56:21.832378","level":"info","event":"\tat scala.collection.TraversableLike.flatMap$(TraversableLike.scala:290)","logger":"airflow.task.hooks.airflow.providers.standard.hooks.subprocess.SubprocessHook"}
{"timestamp":"2025-09-03T00:56:21.832455","level":"info","event":"\tat scala.collection.AbstractTraversable.flatMap(Traversable.scala:108)","logger":"airflow.task.hooks.airflow.providers.standard.hooks.subprocess.SubprocessHook"}
{"timestamp":"2025-09-03T00:56:21.832534","level":"info","event":"\tat org.apache.spark.util.DependencyUtils$.resolveGlobPaths(DependencyUtils.scala:271)","logger":"airflow.task.hooks.airflow.providers.standard.hooks.subprocess.SubprocessHook"}
{"timestamp":"2025-09-03T00:56:21.832612","level":"info","event":"\tat org.apache.spark.deploy.SparkSubmit.$anonfun$prepareSubmitEnvironment$4(SparkSubmit.scala:392)","logger":"airflow.task.hooks.airflow.providers.standard.hooks.subprocess.SubprocessHook"}
{"timestamp":"2025-09-03T00:56:21.832680","level":"info","event":"\tat scala.Option.map(Option.scala:230)","logger":"airflow.task.hooks.airflow.providers.standard.hooks.subprocess.SubprocessHook"}
{"timestamp":"2025-09-03T00:56:21.832747","level":"info","event":"\tat org.apache.spark.deploy.SparkSubmit.prepareSubmitEnvironment(SparkSubmit.scala:392)","logger":"airflow.task.hooks.airflow.providers.standard.hooks.subprocess.SubprocessHook"}
{"timestamp":"2025-09-03T00:56:21.832814","level":"info","event":"\tat org.apache.spark.deploy.SparkSubmit.org$apache$spark$deploy$SparkSubmit$$runMain(SparkSubmit.scala:964)","logger":"airflow.task.hooks.airflow.providers.standard.hooks.subprocess.SubprocessHook"}
{"timestamp":"2025-09-03T00:56:21.832885","level":"info","event":"\tat org.apache.spark.deploy.SparkSubmit.doRunMain$1(SparkSubmit.scala:194)","logger":"airflow.task.hooks.airflow.providers.standard.hooks.subprocess.SubprocessHook"}
{"timestamp":"2025-09-03T00:56:21.832951","level":"info","event":"\tat org.apache.spark.deploy.SparkSubmit.submit(SparkSubmit.scala:217)","logger":"airflow.task.hooks.airflow.providers.standard.hooks.subprocess.SubprocessHook"}
{"timestamp":"2025-09-03T00:56:21.833022","level":"info","event":"\tat org.apache.spark.deploy.SparkSubmit.doSubmit(SparkSubmit.scala:91)","logger":"airflow.task.hooks.airflow.providers.standard.hooks.subprocess.SubprocessHook"}
{"timestamp":"2025-09-03T00:56:21.833077","level":"info","event":"\tat org.apache.spark.deploy.SparkSubmit$$anon$2.doSubmit(SparkSubmit.scala:1120)","logger":"airflow.task.hooks.airflow.providers.standard.hooks.subprocess.SubprocessHook"}
{"timestamp":"2025-09-03T00:56:21.833123","level":"info","event":"\tat org.apache.spark.deploy.SparkSubmit$.main(SparkSubmit.scala:1129)","logger":"airflow.task.hooks.airflow.providers.standard.hooks.subprocess.SubprocessHook"}
{"timestamp":"2025-09-03T00:56:21.833187","level":"info","event":"\tat org.apache.spark.deploy.SparkSubmit.main(SparkSubmit.scala)","logger":"airflow.task.hooks.airflow.providers.standard.hooks.subprocess.SubprocessHook"}
{"timestamp":"2025-09-03T00:56:21.833229","level":"info","event":"","logger":"airflow.task.hooks.airflow.providers.standard.hooks.subprocess.SubprocessHook"}
{"timestamp":"2025-09-03T00:56:21.833281","level":"info","event":"\tat org.apache.hadoop.security.UserGroupInformation.doSubjectLogin(UserGroupInformation.java:1986)","logger":"airflow.task.hooks.airflow.providers.standard.hooks.subprocess.SubprocessHook"}
{"timestamp":"2025-09-03T00:56:21.833321","level":"info","event":"\tat org.apache.hadoop.security.UserGroupInformation.createLoginUser(UserGroupInformation.java:719)","logger":"airflow.task.hooks.airflow.providers.standard.hooks.subprocess.SubprocessHook"}
{"timestamp":"2025-09-03T00:56:21.833386","level":"info","event":"\tat org.apache.hadoop.security.UserGroupInformation.getLoginUser(UserGroupInformation.java:669)","logger":"airflow.task.hooks.airflow.providers.standard.hooks.subprocess.SubprocessHook"}
{"timestamp":"2025-09-03T00:56:21.833437","level":"info","event":"\tat org.apache.hadoop.security.UserGroupInformation.getCurrentUser(UserGroupInformation.java:579)","logger":"airflow.task.hooks.airflow.providers.standard.hooks.subprocess.SubprocessHook"}
{"timestamp":"2025-09-03T00:56:21.833477","level":"info","event":"\tat org.apache.hadoop.fs.FileSystem$Cache$Key.<init>(FileSystem.java:3746)","logger":"airflow.task.hooks.airflow.providers.standard.hooks.subprocess.SubprocessHook"}
{"timestamp":"2025-09-03T00:56:21.833539","level":"info","event":"\tat org.apache.hadoop.fs.FileSystem$Cache$Key.<init>(FileSystem.java:3736)","logger":"airflow.task.hooks.airflow.providers.standard.hooks.subprocess.SubprocessHook"}
{"timestamp":"2025-09-03T00:56:21.833604","level":"info","event":"\tat org.apache.hadoop.fs.FileSystem$Cache.get(FileSystem.java:3520)","logger":"airflow.task.hooks.airflow.providers.standard.hooks.subprocess.SubprocessHook"}
{"timestamp":"2025-09-03T00:56:21.833645","level":"info","event":"\tat org.apache.hadoop.fs.FileSystem.get(FileSystem.java:540)","logger":"airflow.task.hooks.airflow.providers.standard.hooks.subprocess.SubprocessHook"}
{"timestamp":"2025-09-03T00:56:21.833683","level":"info","event":"\tat org.apache.spark.util.DependencyUtils$.resolveGlobPath(DependencyUtils.scala:317)","logger":"airflow.task.hooks.airflow.providers.standard.hooks.subprocess.SubprocessHook"}
{"timestamp":"2025-09-03T00:56:21.833719","level":"info","event":"\tat org.apache.spark.util.DependencyUtils$.$anonfun$resolveGlobPaths$2(DependencyUtils.scala:273)","logger":"airflow.task.hooks.airflow.providers.standard.hooks.subprocess.SubprocessHook"}
{"timestamp":"2025-09-03T00:56:21.833755","level":"info","event":"\tat org.apache.spark.util.DependencyUtils$.$anonfun$resolveGlobPaths$2$adapted(DependencyUtils.scala:271)","logger":"airflow.task.hooks.airflow.providers.standard.hooks.subprocess.SubprocessHook"}
{"timestamp":"2025-09-03T00:56:21.833852","level":"info","event":"\tat scala.collection.TraversableLike.$anonfun$flatMap$1(TraversableLike.scala:293)","logger":"airflow.task.hooks.airflow.providers.standard.hooks.subprocess.SubprocessHook"}
{"timestamp":"2025-09-03T00:56:21.833901","level":"info","event":"\tat scala.collection.IndexedSeqOptimized.foreach(IndexedSeqOptimized.scala:36)","logger":"airflow.task.hooks.airflow.providers.standard.hooks.subprocess.SubprocessHook"}
{"timestamp":"2025-09-03T00:56:21.833940","level":"info","event":"\tat scala.collection.IndexedSeqOptimized.foreach$(IndexedSeqOptimized.scala:33)","logger":"airflow.task.hooks.airflow.providers.standard.hooks.subprocess.SubprocessHook"}
{"timestamp":"2025-09-03T00:56:21.833977","level":"info","event":"\tat scala.collection.mutable.WrappedArray.foreach(WrappedArray.scala:38)","logger":"airflow.task.hooks.airflow.providers.standard.hooks.subprocess.SubprocessHook"}
{"timestamp":"2025-09-03T00:56:21.834014","level":"info","event":"\tat scala.collection.TraversableLike.flatMap(TraversableLike.scala:293)","logger":"airflow.task.hooks.airflow.providers.standard.hooks.subprocess.SubprocessHook"}
{"timestamp":"2025-09-03T00:56:21.834051","level":"info","event":"\tat scala.collection.TraversableLike.flatMap$(TraversableLike.scala:290)","logger":"airflow.task.hooks.airflow.providers.standard.hooks.subprocess.SubprocessHook"}
{"timestamp":"2025-09-03T00:56:21.834088","level":"info","event":"\tat scala.collection.AbstractTraversable.flatMap(Traversable.scala:108)","logger":"airflow.task.hooks.airflow.providers.standard.hooks.subprocess.SubprocessHook"}
{"timestamp":"2025-09-03T00:56:21.834124","level":"info","event":"\tat org.apache.spark.util.DependencyUtils$.resolveGlobPaths(DependencyUtils.scala:271)","logger":"airflow.task.hooks.airflow.providers.standard.hooks.subprocess.SubprocessHook"}
{"timestamp":"2025-09-03T00:56:21.834160","level":"info","event":"\tat org.apache.spark.deploy.SparkSubmit.$anonfun$prepareSubmitEnvironment$4(SparkSubmit.scala:392)","logger":"airflow.task.hooks.airflow.providers.standard.hooks.subprocess.SubprocessHook"}
{"timestamp":"2025-09-03T00:56:21.834203","level":"info","event":"\tat scala.Option.map(Option.scala:230)","logger":"airflow.task.hooks.airflow.providers.standard.hooks.subprocess.SubprocessHook"}
{"timestamp":"2025-09-03T00:56:21.834248","level":"info","event":"\tat org.apache.spark.deploy.SparkSubmit.prepareSubmitEnvironment(SparkSubmit.scala:392)","logger":"airflow.task.hooks.airflow.providers.standard.hooks.subprocess.SubprocessHook"}
{"timestamp":"2025-09-03T00:56:21.834302","level":"info","event":"\tat org.apache.spark.deploy.SparkSubmit.org$apache$spark$deploy$SparkSubmit$$runMain(SparkSubmit.scala:964)","logger":"airflow.task.hooks.airflow.providers.standard.hooks.subprocess.SubprocessHook"}
{"timestamp":"2025-09-03T00:56:21.834360","level":"info","event":"\tat org.apache.spark.deploy.SparkSubmit.doRunMain$1(SparkSubmit.scala:194)","logger":"airflow.task.hooks.airflow.providers.standard.hooks.subprocess.SubprocessHook"}
{"timestamp":"2025-09-03T00:56:21.834400","level":"info","event":"\tat org.apache.spark.deploy.SparkSubmit.submit(SparkSubmit.scala:217)","logger":"airflow.task.hooks.airflow.providers.standard.hooks.subprocess.SubprocessHook"}
{"timestamp":"2025-09-03T00:56:21.834449","level":"info","event":"\tat org.apache.spark.deploy.SparkSubmit.doSubmit(SparkSubmit.scala:91)","logger":"airflow.task.hooks.airflow.providers.standard.hooks.subprocess.SubprocessHook"}
{"timestamp":"2025-09-03T00:56:21.834522","level":"info","event":"\tat org.apache.spark.deploy.SparkSubmit$$anon$2.doSubmit(SparkSubmit.scala:1120)","logger":"airflow.task.hooks.airflow.providers.standard.hooks.subprocess.SubprocessHook"}
{"timestamp":"2025-09-03T00:56:21.834600","level":"info","event":"\tat org.apache.spark.deploy.SparkSubmit$.main(SparkSubmit.scala:1129)","logger":"airflow.task.hooks.airflow.providers.standard.hooks.subprocess.SubprocessHook"}
{"timestamp":"2025-09-03T00:56:21.834672","level":"info","event":"\tat org.apache.spark.deploy.SparkSubmit.main(SparkSubmit.scala)","logger":"airflow.task.hooks.airflow.providers.standard.hooks.subprocess.SubprocessHook"}
{"timestamp":"2025-09-03T00:56:21.834734","level":"info","event":"Caused by: javax.security.auth.login.LoginException: java.lang.NullPointerException: invalid null input: name","logger":"airflow.task.hooks.airflow.providers.standard.hooks.subprocess.SubprocessHook"}
{"timestamp":"2025-09-03T00:56:21.834810","level":"info","event":"\tat jdk.security.auth/com.sun.security.auth.UnixPrincipal.<init>(UnixPrincipal.java:71)","logger":"airflow.task.hooks.airflow.providers.standard.hooks.subprocess.SubprocessHook"}
{"timestamp":"2025-09-03T00:56:21.834863","level":"info","event":"\tat jdk.security.auth/com.sun.security.auth.module.UnixLoginModule.login(UnixLoginModule.java:134)","logger":"airflow.task.hooks.airflow.providers.standard.hooks.subprocess.SubprocessHook"}
{"timestamp":"2025-09-03T00:56:21.834903","level":"info","event":"\tat java.base/javax.security.auth.login.LoginContext.invoke(LoginContext.java:755)","logger":"airflow.task.hooks.airflow.providers.standard.hooks.subprocess.SubprocessHook"}
{"timestamp":"2025-09-03T00:56:21.834946","level":"info","event":"\tat java.base/javax.security.auth.login.LoginContext$4.run(LoginContext.java:679)","logger":"airflow.task.hooks.airflow.providers.standard.hooks.subprocess.SubprocessHook"}
{"timestamp":"2025-09-03T00:56:21.835013","level":"info","event":"\tat java.base/javax.security.auth.login.LoginContext$4.run(LoginContext.java:677)","logger":"airflow.task.hooks.airflow.providers.standard.hooks.subprocess.SubprocessHook"}
{"timestamp":"2025-09-03T00:56:21.835084","level":"info","event":"\tat java.base/java.security.AccessController.doPrivileged(AccessController.java:712)","logger":"airflow.task.hooks.airflow.providers.standard.hooks.subprocess.SubprocessHook"}
{"timestamp":"2025-09-03T00:56:21.835156","level":"info","event":"\tat java.base/javax.security.auth.login.LoginContext.invokePriv(LoginContext.java:677)","logger":"airflow.task.hooks.airflow.providers.standard.hooks.subprocess.SubprocessHook"}
{"timestamp":"2025-09-03T00:56:21.835227","level":"info","event":"\tat java.base/javax.security.auth.login.LoginContext.login(LoginContext.java:587)","logger":"airflow.task.hooks.airflow.providers.standard.hooks.subprocess.SubprocessHook"}
{"timestamp":"2025-09-03T00:56:21.835293","level":"info","event":"\tat org.apache.hadoop.security.UserGroupInformation$HadoopLoginContext.login(UserGroupInformation.java:2065)","logger":"airflow.task.hooks.airflow.providers.standard.hooks.subprocess.SubprocessHook"}
{"timestamp":"2025-09-03T00:56:21.835382","level":"info","event":"\tat org.apache.hadoop.security.UserGroupInformation.doSubjectLogin(UserGroupInformation.java:1975)","logger":"airflow.task.hooks.airflow.providers.standard.hooks.subprocess.SubprocessHook"}
{"timestamp":"2025-09-03T00:56:21.835465","level":"info","event":"\tat org.apache.hadoop.security.UserGroupInformation.createLoginUser(UserGroupInformation.java:719)","logger":"airflow.task.hooks.airflow.providers.standard.hooks.subprocess.SubprocessHook"}
{"timestamp":"2025-09-03T00:56:21.835535","level":"info","event":"\tat org.apache.hadoop.security.UserGroupInformation.getLoginUser(UserGroupInformation.java:669)","logger":"airflow.task.hooks.airflow.providers.standard.hooks.subprocess.SubprocessHook"}
{"timestamp":"2025-09-03T00:56:21.835582","level":"info","event":"\tat org.apache.hadoop.security.UserGroupInformation.getCurrentUser(UserGroupInformation.java:579)","logger":"airflow.task.hooks.airflow.providers.standard.hooks.subprocess.SubprocessHook"}
{"timestamp":"2025-09-03T00:56:21.835623","level":"info","event":"\tat org.apache.hadoop.fs.FileSystem$Cache$Key.<init>(FileSystem.java:3746)","logger":"airflow.task.hooks.airflow.providers.standard.hooks.subprocess.SubprocessHook"}
{"timestamp":"2025-09-03T00:56:21.835661","level":"info","event":"\tat org.apache.hadoop.fs.FileSystem$Cache$Key.<init>(FileSystem.java:3736)","logger":"airflow.task.hooks.airflow.providers.standard.hooks.subprocess.SubprocessHook"}
{"timestamp":"2025-09-03T00:56:21.835699","level":"info","event":"\tat org.apache.hadoop.fs.FileSystem$Cache.get(FileSystem.java:3520)","logger":"airflow.task.hooks.airflow.providers.standard.hooks.subprocess.SubprocessHook"}
{"timestamp":"2025-09-03T00:56:21.835739","level":"info","event":"\tat org.apache.hadoop.fs.FileSystem.get(FileSystem.java:540)","logger":"airflow.task.hooks.airflow.providers.standard.hooks.subprocess.SubprocessHook"}
{"timestamp":"2025-09-03T00:56:21.835798","level":"info","event":"\tat org.apache.spark.util.DependencyUtils$.resolveGlobPath(DependencyUtils.scala:317)","logger":"airflow.task.hooks.airflow.providers.standard.hooks.subprocess.SubprocessHook"}
{"timestamp":"2025-09-03T00:56:21.835883","level":"info","event":"\tat org.apache.spark.util.DependencyUtils$.$anonfun$resolveGlobPaths$2(DependencyUtils.scala:273)","logger":"airflow.task.hooks.airflow.providers.standard.hooks.subprocess.SubprocessHook"}
{"timestamp":"2025-09-03T00:56:21.835960","level":"info","event":"\tat org.apache.spark.util.DependencyUtils$.$anonfun$resolveGlobPaths$2$adapted(DependencyUtils.scala:271)","logger":"airflow.task.hooks.airflow.providers.standard.hooks.subprocess.SubprocessHook"}
{"timestamp":"2025-09-03T00:56:21.836035","level":"info","event":"\tat scala.collection.TraversableLike.$anonfun$flatMap$1(TraversableLike.scala:293)","logger":"airflow.task.hooks.airflow.providers.standard.hooks.subprocess.SubprocessHook"}
{"timestamp":"2025-09-03T00:56:21.836116","level":"info","event":"\tat scala.collection.IndexedSeqOptimized.foreach(IndexedSeqOptimized.scala:36)","logger":"airflow.task.hooks.airflow.providers.standard.hooks.subprocess.SubprocessHook"}
{"timestamp":"2025-09-03T00:56:21.836190","level":"info","event":"\tat scala.collection.IndexedSeqOptimized.foreach$(IndexedSeqOptimized.scala:33)","logger":"airflow.task.hooks.airflow.providers.standard.hooks.subprocess.SubprocessHook"}
{"timestamp":"2025-09-03T00:56:21.836250","level":"info","event":"\tat scala.collection.mutable.WrappedArray.foreach(WrappedArray.scala:38)","logger":"airflow.task.hooks.airflow.providers.standard.hooks.subprocess.SubprocessHook"}
{"timestamp":"2025-09-03T00:56:21.836304","level":"info","event":"\tat scala.collection.TraversableLike.flatMap(TraversableLike.scala:293)","logger":"airflow.task.hooks.airflow.providers.standard.hooks.subprocess.SubprocessHook"}
{"timestamp":"2025-09-03T00:56:21.836374","level":"info","event":"\tat scala.collection.TraversableLike.flatMap$(TraversableLike.scala:290)","logger":"airflow.task.hooks.airflow.providers.standard.hooks.subprocess.SubprocessHook"}
{"timestamp":"2025-09-03T00:56:21.836449","level":"info","event":"\tat scala.collection.AbstractTraversable.flatMap(Traversable.scala:108)","logger":"airflow.task.hooks.airflow.providers.standard.hooks.subprocess.SubprocessHook"}
{"timestamp":"2025-09-03T00:56:21.836527","level":"info","event":"\tat org.apache.spark.util.DependencyUtils$.resolveGlobPaths(DependencyUtils.scala:271)","logger":"airflow.task.hooks.airflow.providers.standard.hooks.subprocess.SubprocessHook"}
{"timestamp":"2025-09-03T00:56:21.836609","level":"info","event":"\tat org.apache.spark.deploy.SparkSubmit.$anonfun$prepareSubmitEnvironment$4(SparkSubmit.scala:392)","logger":"airflow.task.hooks.airflow.providers.standard.hooks.subprocess.SubprocessHook"}
{"timestamp":"2025-09-03T00:56:21.836677","level":"info","event":"\tat scala.Option.map(Option.scala:230)","logger":"airflow.task.hooks.airflow.providers.standard.hooks.subprocess.SubprocessHook"}
{"timestamp":"2025-09-03T00:56:21.836728","level":"info","event":"\tat org.apache.spark.deploy.SparkSubmit.prepareSubmitEnvironment(SparkSubmit.scala:392)","logger":"airflow.task.hooks.airflow.providers.standard.hooks.subprocess.SubprocessHook"}
{"timestamp":"2025-09-03T00:56:21.836771","level":"info","event":"\tat org.apache.spark.deploy.SparkSubmit.org$apache$spark$deploy$SparkSubmit$$runMain(SparkSubmit.scala:964)","logger":"airflow.task.hooks.airflow.providers.standard.hooks.subprocess.SubprocessHook"}
{"timestamp":"2025-09-03T00:56:21.836823","level":"info","event":"\tat org.apache.spark.deploy.SparkSubmit.doRunMain$1(SparkSubmit.scala:194)","logger":"airflow.task.hooks.airflow.providers.standard.hooks.subprocess.SubprocessHook"}
{"timestamp":"2025-09-03T00:56:21.836885","level":"info","event":"\tat org.apache.spark.deploy.SparkSubmit.submit(SparkSubmit.scala:217)","logger":"airflow.task.hooks.airflow.providers.standard.hooks.subprocess.SubprocessHook"}
{"timestamp":"2025-09-03T00:56:21.836930","level":"info","event":"\tat org.apache.spark.deploy.SparkSubmit.doSubmit(SparkSubmit.scala:91)","logger":"airflow.task.hooks.airflow.providers.standard.hooks.subprocess.SubprocessHook"}
{"timestamp":"2025-09-03T00:56:21.837173","level":"info","event":"\tat org.apache.spark.deploy.SparkSubmit$$anon$2.doSubmit(SparkSubmit.scala:1120)","logger":"airflow.task.hooks.airflow.providers.standard.hooks.subprocess.SubprocessHook"}
{"timestamp":"2025-09-03T00:56:21.837260","level":"info","event":"\tat org.apache.spark.deploy.SparkSubmit$.main(SparkSubmit.scala:1129)","logger":"airflow.task.hooks.airflow.providers.standard.hooks.subprocess.SubprocessHook"}
{"timestamp":"2025-09-03T00:56:21.837372","level":"info","event":"\tat org.apache.spark.deploy.SparkSubmit.main(SparkSubmit.scala)","logger":"airflow.task.hooks.airflow.providers.standard.hooks.subprocess.SubprocessHook"}
{"timestamp":"2025-09-03T00:56:21.837432","level":"info","event":"","logger":"airflow.task.hooks.airflow.providers.standard.hooks.subprocess.SubprocessHook"}
{"timestamp":"2025-09-03T00:56:21.837521","level":"info","event":"\tat java.base/javax.security.auth.login.LoginContext.invoke(LoginContext.java:850)","logger":"airflow.task.hooks.airflow.providers.standard.hooks.subprocess.SubprocessHook"}
{"timestamp":"2025-09-03T00:56:21.837595","level":"info","event":"\tat java.base/javax.security.auth.login.LoginContext$4.run(LoginContext.java:679)","logger":"airflow.task.hooks.airflow.providers.standard.hooks.subprocess.SubprocessHook"}
{"timestamp":"2025-09-03T00:56:21.837639","level":"info","event":"\tat java.base/javax.security.auth.login.LoginContext$4.run(LoginContext.java:677)","logger":"airflow.task.hooks.airflow.providers.standard.hooks.subprocess.SubprocessHook"}
{"timestamp":"2025-09-03T00:56:21.837755","level":"info","event":"\tat java.base/java.security.AccessController.doPrivileged(AccessController.java:712)","logger":"airflow.task.hooks.airflow.providers.standard.hooks.subprocess.SubprocessHook"}
{"timestamp":"2025-09-03T00:56:21.837926","level":"info","event":"\tat java.base/javax.security.auth.login.LoginContext.invokePriv(LoginContext.java:677)","logger":"airflow.task.hooks.airflow.providers.standard.hooks.subprocess.SubprocessHook"}
{"timestamp":"2025-09-03T00:56:21.838020","level":"info","event":"\tat java.base/javax.security.auth.login.LoginContext.login(LoginContext.java:587)","logger":"airflow.task.hooks.airflow.providers.standard.hooks.subprocess.SubprocessHook"}
{"timestamp":"2025-09-03T00:56:21.838142","level":"info","event":"\tat org.apache.hadoop.security.UserGroupInformation$HadoopLoginContext.login(UserGroupInformation.java:2065)","logger":"airflow.task.hooks.airflow.providers.standard.hooks.subprocess.SubprocessHook"}
{"timestamp":"2025-09-03T00:56:21.838246","level":"info","event":"\tat org.apache.hadoop.security.UserGroupInformation.doSubjectLogin(UserGroupInformation.java:1975)","logger":"airflow.task.hooks.airflow.providers.standard.hooks.subprocess.SubprocessHook"}
{"timestamp":"2025-09-03T00:56:21.838339","level":"info","event":"\t... 28 more","logger":"airflow.task.hooks.airflow.providers.standard.hooks.subprocess.SubprocessHook"}
{"timestamp":"2025-09-03T00:56:21.875418","level":"info","event":"Command exited with return code 1","logger":"airflow.task.hooks.airflow.providers.standard.hooks.subprocess.SubprocessHook"}
{"timestamp":"2025-09-03T00:56:21.876279","level":"error","event":"Task failed with exception","logger":"task","error_detail":[{"exc_type":"AirflowException","exc_value":"Bash command failed. The command returned a non-zero exit code 1.","exc_notes":[],"syntax_error":null,"is_cause":false,"frames":[{"filename":"/opt/bitnami/airflow/venv/lib/python3.12/site-packages/airflow/sdk/execution_time/task_runner.py","lineno":918,"name":"run"},{"filename":"/opt/bitnami/airflow/venv/lib/python3.12/site-packages/airflow/sdk/execution_time/task_runner.py","lineno":1213,"name":"_execute_task"},{"filename":"/opt/bitnami/airflow/venv/lib/python3.12/site-packages/airflow/sdk/bases/operator.py","lineno":397,"name":"wrapper"},{"filename":"/opt/bitnami/airflow/venv/lib/python3.12/site-packages/airflow/providers/standard/operators/bash.py","lineno":232,"name":"execute"}],"is_group":false,"exceptions":[]}]}
{"timestamp":"2025-09-03T00:56:21.897562Z","level":"info","event":"Task instance in failure state","chan":"stdout","logger":"task"}
{"timestamp":"2025-09-03T00:56:21.898294Z","level":"info","event":"Task start","chan":"stdout","logger":"task"}
{"timestamp":"2025-09-03T00:56:21.898630Z","level":"info","event":"Task:<Task(BashOperator): payments_bronze_stream>","chan":"stdout","logger":"task"}
{"timestamp":"2025-09-03T00:56:21.898937Z","level":"info","event":"Failure caused by Bash command failed. The command returned a non-zero exit code 1.","chan":"stdout","logger":"task"}
