{"timestamp":"2025-09-03T02:01:52.670641","level":"info","event":"DAG bundles loaded: dags-folder, example_dags","logger":"airflow.dag_processing.bundles.manager.DagBundlesManager"}
{"timestamp":"2025-09-03T02:01:52.671476","level":"info","event":"Filling up the DagBag from /opt/bitnami/airflow/dags/rt_pipeline.py","logger":"airflow.models.dagbag.DagBag"}
{"timestamp":"2025-09-03T02:01:52.714659Z","level":"info","event":"Task instance is in running state","chan":"stdout","logger":"task"}
{"timestamp":"2025-09-03T02:01:52.715097Z","level":"info","event":" Previous state of the Task instance: TaskInstanceState.QUEUED","chan":"stdout","logger":"task"}
{"timestamp":"2025-09-03T02:01:52.715414Z","level":"info","event":"Current task name:payments_bronze_stream","chan":"stdout","logger":"task"}
{"timestamp":"2025-09-03T02:01:52.715635Z","level":"info","event":"Dag name:bronze_streams","chan":"stdout","logger":"task"}
{"timestamp":"2025-09-03T02:01:52.715614","level":"info","event":"Tmp dir root location: /tmp","logger":"airflow.task.hooks.airflow.providers.standard.hooks.subprocess.SubprocessHook"}
{"timestamp":"2025-09-03T02:01:52.716395","level":"info","event":"Running command: ['/usr/bin/bash', '-c', '/opt/spark/bin/spark-submit --master spark://spark-master:7077 --deploy-mode client /opt/jobs/bronze_payments.py']","logger":"airflow.task.hooks.airflow.providers.standard.hooks.subprocess.SubprocessHook"}
{"timestamp":"2025-09-03T02:01:52.727342","level":"info","event":"Output:","logger":"airflow.task.hooks.airflow.providers.standard.hooks.subprocess.SubprocessHook"}
{"timestamp":"2025-09-03T02:01:52.738798","level":"info","event":"Picked up JAVA_TOOL_OPTIONS: -Duser.name=airflow","logger":"airflow.task.hooks.airflow.providers.standard.hooks.subprocess.SubprocessHook"}
{"timestamp":"2025-09-03T02:01:52.739485","level":"info","event":"NWRAP_ERROR[<unknown> (431)] - nwrap_files_cache_reload: Unable to open '/opt/bitnami/airflow/nss-wrapper/nss_passwd' readonly -1:No such file or directory","logger":"airflow.task.hooks.airflow.providers.standard.hooks.subprocess.SubprocessHook"}
{"timestamp":"2025-09-03T02:01:52.739591","level":"info","event":"NWRAP_ERROR[<unknown> (431)] - nwrap_files_getpwuid: Error loading passwd file","logger":"airflow.task.hooks.airflow.providers.standard.hooks.subprocess.SubprocessHook"}
{"timestamp":"2025-09-03T02:01:52.752681","level":"info","event":"NWRAP_ERROR[<unknown> (431)] - nwrap_files_cache_reload: Unable to open '/opt/bitnami/airflow/nss-wrapper/nss_passwd' readonly -1:No such file or directory","logger":"airflow.task.hooks.airflow.providers.standard.hooks.subprocess.SubprocessHook"}
{"timestamp":"2025-09-03T02:01:52.752820","level":"info","event":"NWRAP_ERROR[<unknown> (431)] - nwrap_files_getpwuid: Error loading passwd file","logger":"airflow.task.hooks.airflow.providers.standard.hooks.subprocess.SubprocessHook"}
{"timestamp":"2025-09-03T02:01:52.895530","level":"info","event":"Picked up JAVA_TOOL_OPTIONS: -Duser.name=airflow","logger":"airflow.task.hooks.airflow.providers.standard.hooks.subprocess.SubprocessHook"}
{"timestamp":"2025-09-03T02:01:52.896130","level":"info","event":"NWRAP_ERROR[<unknown> (428)] - nwrap_files_cache_reload: Unable to open '/opt/bitnami/airflow/nss-wrapper/nss_passwd' readonly -1:No such file or directory","logger":"airflow.task.hooks.airflow.providers.standard.hooks.subprocess.SubprocessHook"}
{"timestamp":"2025-09-03T02:01:52.896255","level":"info","event":"NWRAP_ERROR[<unknown> (428)] - nwrap_files_getpwuid: Error loading passwd file","logger":"airflow.task.hooks.airflow.providers.standard.hooks.subprocess.SubprocessHook"}
{"timestamp":"2025-09-03T02:01:52.909800","level":"info","event":"NWRAP_ERROR[<unknown> (428)] - nwrap_files_cache_reload: Unable to open '/opt/bitnami/airflow/nss-wrapper/nss_passwd' readonly -1:No such file or directory","logger":"airflow.task.hooks.airflow.providers.standard.hooks.subprocess.SubprocessHook"}
{"timestamp":"2025-09-03T02:01:52.909939","level":"info","event":"NWRAP_ERROR[<unknown> (428)] - nwrap_files_getpwuid: Error loading passwd file","logger":"airflow.task.hooks.airflow.providers.standard.hooks.subprocess.SubprocessHook"}
{"timestamp":"2025-09-03T02:01:54.130037","level":"info","event":"Warning: Ignoring non-Spark config property: hive.metastore.uris","logger":"airflow.task.hooks.airflow.providers.standard.hooks.subprocess.SubprocessHook"}
{"timestamp":"2025-09-03T02:01:55.280208","level":"info","event":"25/09/03 02:01:55 INFO SparkContext: Running Spark version 3.5.1","logger":"airflow.task.hooks.airflow.providers.standard.hooks.subprocess.SubprocessHook"}
{"timestamp":"2025-09-03T02:01:55.283728","level":"info","event":"25/09/03 02:01:55 INFO SparkContext: OS info Linux, 5.15.167.4-microsoft-standard-WSL2, amd64","logger":"airflow.task.hooks.airflow.providers.standard.hooks.subprocess.SubprocessHook"}
{"timestamp":"2025-09-03T02:01:55.283908","level":"info","event":"25/09/03 02:01:55 INFO SparkContext: Java version 17.0.16","logger":"airflow.task.hooks.airflow.providers.standard.hooks.subprocess.SubprocessHook"}
{"timestamp":"2025-09-03T02:01:55.310444","level":"info","event":"25/09/03 02:01:55 INFO ResourceUtils: ==============================================================","logger":"airflow.task.hooks.airflow.providers.standard.hooks.subprocess.SubprocessHook"}
{"timestamp":"2025-09-03T02:01:55.310896","level":"info","event":"25/09/03 02:01:55 INFO ResourceUtils: No custom resources configured for spark.driver.","logger":"airflow.task.hooks.airflow.providers.standard.hooks.subprocess.SubprocessHook"}
{"timestamp":"2025-09-03T02:01:55.311130","level":"info","event":"25/09/03 02:01:55 INFO ResourceUtils: ==============================================================","logger":"airflow.task.hooks.airflow.providers.standard.hooks.subprocess.SubprocessHook"}
{"timestamp":"2025-09-03T02:01:55.311627","level":"info","event":"25/09/03 02:01:55 INFO SparkContext: Submitted application: bronze-payments","logger":"airflow.task.hooks.airflow.providers.standard.hooks.subprocess.SubprocessHook"}
{"timestamp":"2025-09-03T02:01:55.336487","level":"info","event":"25/09/03 02:01:55 INFO ResourceProfile: Default ResourceProfile created, executor resources: Map(memory -> name: memory, amount: 1024, script: , vendor: , offHeap -> name: offHeap, amount: 0, script: , vendor: ), task resources: Map(cpus -> name: cpus, amount: 1.0)","logger":"airflow.task.hooks.airflow.providers.standard.hooks.subprocess.SubprocessHook"}
{"timestamp":"2025-09-03T02:01:55.344697","level":"info","event":"25/09/03 02:01:55 INFO ResourceProfile: Limiting resource is cpu","logger":"airflow.task.hooks.airflow.providers.standard.hooks.subprocess.SubprocessHook"}
{"timestamp":"2025-09-03T02:01:55.345254","level":"info","event":"25/09/03 02:01:55 INFO ResourceProfileManager: Added ResourceProfile id: 0","logger":"airflow.task.hooks.airflow.providers.standard.hooks.subprocess.SubprocessHook"}
{"timestamp":"2025-09-03T02:01:55.401663","level":"info","event":"25/09/03 02:01:55 INFO SecurityManager: Changing view acls to: airflow","logger":"airflow.task.hooks.airflow.providers.standard.hooks.subprocess.SubprocessHook"}
{"timestamp":"2025-09-03T02:01:55.402023","level":"info","event":"25/09/03 02:01:55 INFO SecurityManager: Changing modify acls to: airflow","logger":"airflow.task.hooks.airflow.providers.standard.hooks.subprocess.SubprocessHook"}
{"timestamp":"2025-09-03T02:01:55.402265","level":"info","event":"25/09/03 02:01:55 INFO SecurityManager: Changing view acls groups to:","logger":"airflow.task.hooks.airflow.providers.standard.hooks.subprocess.SubprocessHook"}
{"timestamp":"2025-09-03T02:01:55.402612","level":"info","event":"25/09/03 02:01:55 INFO SecurityManager: Changing modify acls groups to:","logger":"airflow.task.hooks.airflow.providers.standard.hooks.subprocess.SubprocessHook"}
{"timestamp":"2025-09-03T02:01:55.402922","level":"info","event":"25/09/03 02:01:55 INFO SecurityManager: SecurityManager: authentication disabled; ui acls disabled; users with view permissions: airflow; groups with view permissions: EMPTY; users with modify permissions: airflow; groups with modify permissions: EMPTY","logger":"airflow.task.hooks.airflow.providers.standard.hooks.subprocess.SubprocessHook"}
{"timestamp":"2025-09-03T02:01:55.471952","level":"info","event":"25/09/03 02:01:55 WARN NativeCodeLoader: Unable to load native-hadoop library for your platform... using builtin-java classes where applicable","logger":"airflow.task.hooks.airflow.providers.standard.hooks.subprocess.SubprocessHook"}
{"timestamp":"2025-09-03T02:01:55.825237","level":"info","event":"25/09/03 02:01:55 INFO Utils: Successfully started service 'sparkDriver' on port 44963.","logger":"airflow.task.hooks.airflow.providers.standard.hooks.subprocess.SubprocessHook"}
{"timestamp":"2025-09-03T02:01:55.852115","level":"info","event":"25/09/03 02:01:55 INFO SparkEnv: Registering MapOutputTracker","logger":"airflow.task.hooks.airflow.providers.standard.hooks.subprocess.SubprocessHook"}
{"timestamp":"2025-09-03T02:01:55.898773","level":"info","event":"25/09/03 02:01:55 INFO SparkEnv: Registering BlockManagerMaster","logger":"airflow.task.hooks.airflow.providers.standard.hooks.subprocess.SubprocessHook"}
{"timestamp":"2025-09-03T02:01:55.920116","level":"info","event":"25/09/03 02:01:55 INFO BlockManagerMasterEndpoint: Using org.apache.spark.storage.DefaultTopologyMapper for getting topology information","logger":"airflow.task.hooks.airflow.providers.standard.hooks.subprocess.SubprocessHook"}
{"timestamp":"2025-09-03T02:01:55.920500","level":"info","event":"25/09/03 02:01:55 INFO BlockManagerMasterEndpoint: BlockManagerMasterEndpoint up","logger":"airflow.task.hooks.airflow.providers.standard.hooks.subprocess.SubprocessHook"}
{"timestamp":"2025-09-03T02:01:55.923784","level":"info","event":"25/09/03 02:01:55 INFO SparkEnv: Registering BlockManagerMasterHeartbeat","logger":"airflow.task.hooks.airflow.providers.standard.hooks.subprocess.SubprocessHook"}
{"timestamp":"2025-09-03T02:01:55.949714","level":"info","event":"25/09/03 02:01:55 INFO DiskBlockManager: Created local directory at /tmp/blockmgr-365adf78-0697-4691-a33d-696179b5d290","logger":"airflow.task.hooks.airflow.providers.standard.hooks.subprocess.SubprocessHook"}
{"timestamp":"2025-09-03T02:01:55.965397","level":"info","event":"25/09/03 02:01:55 INFO MemoryStore: MemoryStore started with capacity 434.4 MiB","logger":"airflow.task.hooks.airflow.providers.standard.hooks.subprocess.SubprocessHook"}
{"timestamp":"2025-09-03T02:01:55.985545","level":"info","event":"25/09/03 02:01:55 INFO SparkEnv: Registering OutputCommitCoordinator","logger":"airflow.task.hooks.airflow.providers.standard.hooks.subprocess.SubprocessHook"}
{"timestamp":"2025-09-03T02:01:56.117227","level":"info","event":"25/09/03 02:01:56 INFO JettyUtils: Start Jetty 0.0.0.0:4040 for SparkUI","logger":"airflow.task.hooks.airflow.providers.standard.hooks.subprocess.SubprocessHook"}
{"timestamp":"2025-09-03T02:01:56.183756","level":"info","event":"25/09/03 02:01:56 INFO Utils: Successfully started service 'SparkUI' on port 4040.","logger":"airflow.task.hooks.airflow.providers.standard.hooks.subprocess.SubprocessHook"}
{"timestamp":"2025-09-03T02:01:56.310677","level":"info","event":"25/09/03 02:01:56 INFO StandaloneAppClient$ClientEndpoint: Connecting to master spark://spark-master:7077...","logger":"airflow.task.hooks.airflow.providers.standard.hooks.subprocess.SubprocessHook"}
{"timestamp":"2025-09-03T02:01:56.364666","level":"info","event":"25/09/03 02:01:56 INFO TransportClientFactory: Successfully created connection to spark-master/172.18.0.25:7077 after 31 ms (0 ms spent in bootstraps)","logger":"airflow.task.hooks.airflow.providers.standard.hooks.subprocess.SubprocessHook"}
{"timestamp":"2025-09-03T02:01:56.451225","level":"info","event":"25/09/03 02:01:56 INFO StandaloneSchedulerBackend: Connected to Spark cluster with app ID app-20250903020156-0002","logger":"airflow.task.hooks.airflow.providers.standard.hooks.subprocess.SubprocessHook"}
{"timestamp":"2025-09-03T02:01:56.453746","level":"info","event":"25/09/03 02:01:56 INFO StandaloneAppClient$ClientEndpoint: Executor added: app-20250903020156-0002/0 on worker-20250903013230-172.18.0.31-37911 (172.18.0.31:37911) with 2 core(s)","logger":"airflow.task.hooks.airflow.providers.standard.hooks.subprocess.SubprocessHook"}
{"timestamp":"2025-09-03T02:01:56.455131","level":"info","event":"25/09/03 02:01:56 INFO StandaloneSchedulerBackend: Granted executor ID app-20250903020156-0002/0 on hostPort 172.18.0.31:37911 with 2 core(s), 1024.0 MiB RAM","logger":"airflow.task.hooks.airflow.providers.standard.hooks.subprocess.SubprocessHook"}
{"timestamp":"2025-09-03T02:01:56.459936","level":"info","event":"25/09/03 02:01:56 INFO Utils: Successfully started service 'org.apache.spark.network.netty.NettyBlockTransferService' on port 34989.","logger":"airflow.task.hooks.airflow.providers.standard.hooks.subprocess.SubprocessHook"}
{"timestamp":"2025-09-03T02:01:56.460147","level":"info","event":"25/09/03 02:01:56 INFO NettyBlockTransferService: Server created on 3f061c594115:34989","logger":"airflow.task.hooks.airflow.providers.standard.hooks.subprocess.SubprocessHook"}
{"timestamp":"2025-09-03T02:01:56.462229","level":"info","event":"25/09/03 02:01:56 INFO BlockManager: Using org.apache.spark.storage.RandomBlockReplicationPolicy for block replication policy","logger":"airflow.task.hooks.airflow.providers.standard.hooks.subprocess.SubprocessHook"}
{"timestamp":"2025-09-03T02:01:56.472569","level":"info","event":"25/09/03 02:01:56 INFO BlockManagerMaster: Registering BlockManager BlockManagerId(driver, 3f061c594115, 34989, None)","logger":"airflow.task.hooks.airflow.providers.standard.hooks.subprocess.SubprocessHook"}
{"timestamp":"2025-09-03T02:01:56.477138","level":"info","event":"25/09/03 02:01:56 INFO BlockManagerMasterEndpoint: Registering block manager 3f061c594115:34989 with 434.4 MiB RAM, BlockManagerId(driver, 3f061c594115, 34989, None)","logger":"airflow.task.hooks.airflow.providers.standard.hooks.subprocess.SubprocessHook"}
{"timestamp":"2025-09-03T02:01:56.479576","level":"info","event":"25/09/03 02:01:56 INFO BlockManagerMaster: Registered BlockManager BlockManagerId(driver, 3f061c594115, 34989, None)","logger":"airflow.task.hooks.airflow.providers.standard.hooks.subprocess.SubprocessHook"}
{"timestamp":"2025-09-03T02:01:56.481637","level":"info","event":"25/09/03 02:01:56 INFO BlockManager: Initialized BlockManager: BlockManagerId(driver, 3f061c594115, 34989, None)","logger":"airflow.task.hooks.airflow.providers.standard.hooks.subprocess.SubprocessHook"}
{"timestamp":"2025-09-03T02:01:56.502290","level":"info","event":"25/09/03 02:01:56 INFO StandaloneAppClient$ClientEndpoint: Executor updated: app-20250903020156-0002/0 is now RUNNING","logger":"airflow.task.hooks.airflow.providers.standard.hooks.subprocess.SubprocessHook"}
{"timestamp":"2025-09-03T02:01:56.776074","level":"info","event":"25/09/03 02:01:56 INFO StandaloneSchedulerBackend: SchedulerBackend is ready for scheduling beginning after reached minRegisteredResourcesRatio: 0.0","logger":"airflow.task.hooks.airflow.providers.standard.hooks.subprocess.SubprocessHook"}
{"timestamp":"2025-09-03T02:01:56.970389","level":"info","event":"25/09/03 02:01:56 WARN SparkSession: Cannot use io.delta.sql.DeltaSparkSessionExtension to configure session extensions.","logger":"airflow.task.hooks.airflow.providers.standard.hooks.subprocess.SubprocessHook"}
{"timestamp":"2025-09-03T02:01:56.970587","level":"info","event":"java.lang.ClassNotFoundException: io.delta.sql.DeltaSparkSessionExtension","logger":"airflow.task.hooks.airflow.providers.standard.hooks.subprocess.SubprocessHook"}
{"timestamp":"2025-09-03T02:01:56.970691","level":"info","event":"\tat java.base/java.net.URLClassLoader.findClass(URLClassLoader.java:445)","logger":"airflow.task.hooks.airflow.providers.standard.hooks.subprocess.SubprocessHook"}
{"timestamp":"2025-09-03T02:01:56.970771","level":"info","event":"\tat java.base/java.lang.ClassLoader.loadClass(ClassLoader.java:592)","logger":"airflow.task.hooks.airflow.providers.standard.hooks.subprocess.SubprocessHook"}
{"timestamp":"2025-09-03T02:01:56.970857","level":"info","event":"\tat java.base/java.lang.ClassLoader.loadClass(ClassLoader.java:525)","logger":"airflow.task.hooks.airflow.providers.standard.hooks.subprocess.SubprocessHook"}
{"timestamp":"2025-09-03T02:01:56.970944","level":"info","event":"\tat java.base/java.lang.Class.forName0(Native Method)","logger":"airflow.task.hooks.airflow.providers.standard.hooks.subprocess.SubprocessHook"}
{"timestamp":"2025-09-03T02:01:56.971024","level":"info","event":"\tat java.base/java.lang.Class.forName(Class.java:467)","logger":"airflow.task.hooks.airflow.providers.standard.hooks.subprocess.SubprocessHook"}
{"timestamp":"2025-09-03T02:01:56.971101","level":"info","event":"\tat org.apache.spark.util.SparkClassUtils.classForName(SparkClassUtils.scala:41)","logger":"airflow.task.hooks.airflow.providers.standard.hooks.subprocess.SubprocessHook"}
{"timestamp":"2025-09-03T02:01:56.971172","level":"info","event":"\tat org.apache.spark.util.SparkClassUtils.classForName$(SparkClassUtils.scala:36)","logger":"airflow.task.hooks.airflow.providers.standard.hooks.subprocess.SubprocessHook"}
{"timestamp":"2025-09-03T02:01:56.971247","level":"info","event":"\tat org.apache.spark.util.Utils$.classForName(Utils.scala:94)","logger":"airflow.task.hooks.airflow.providers.standard.hooks.subprocess.SubprocessHook"}
{"timestamp":"2025-09-03T02:01:56.971322","level":"info","event":"\tat org.apache.spark.sql.SparkSession$.$anonfun$applyExtensions$2(SparkSession.scala:1367)","logger":"airflow.task.hooks.airflow.providers.standard.hooks.subprocess.SubprocessHook"}
{"timestamp":"2025-09-03T02:01:56.971394","level":"info","event":"\tat org.apache.spark.sql.SparkSession$.$anonfun$applyExtensions$2$adapted(SparkSession.scala:1365)","logger":"airflow.task.hooks.airflow.providers.standard.hooks.subprocess.SubprocessHook"}
{"timestamp":"2025-09-03T02:01:56.971461","level":"info","event":"\tat scala.collection.mutable.ResizableArray.foreach(ResizableArray.scala:62)","logger":"airflow.task.hooks.airflow.providers.standard.hooks.subprocess.SubprocessHook"}
{"timestamp":"2025-09-03T02:01:56.971531","level":"info","event":"\tat scala.collection.mutable.ResizableArray.foreach$(ResizableArray.scala:55)","logger":"airflow.task.hooks.airflow.providers.standard.hooks.subprocess.SubprocessHook"}
{"timestamp":"2025-09-03T02:01:56.971594","level":"info","event":"\tat scala.collection.mutable.ArrayBuffer.foreach(ArrayBuffer.scala:49)","logger":"airflow.task.hooks.airflow.providers.standard.hooks.subprocess.SubprocessHook"}
{"timestamp":"2025-09-03T02:01:56.971663","level":"info","event":"\tat org.apache.spark.sql.SparkSession$.org$apache$spark$sql$SparkSession$$applyExtensions(SparkSession.scala:1365)","logger":"airflow.task.hooks.airflow.providers.standard.hooks.subprocess.SubprocessHook"}
{"timestamp":"2025-09-03T02:01:56.971735","level":"info","event":"\tat org.apache.spark.sql.SparkSession.<init>(SparkSession.scala:105)","logger":"airflow.task.hooks.airflow.providers.standard.hooks.subprocess.SubprocessHook"}
{"timestamp":"2025-09-03T02:01:56.971807","level":"info","event":"\tat java.base/jdk.internal.reflect.NativeConstructorAccessorImpl.newInstance0(Native Method)","logger":"airflow.task.hooks.airflow.providers.standard.hooks.subprocess.SubprocessHook"}
{"timestamp":"2025-09-03T02:01:56.971874","level":"info","event":"\tat java.base/jdk.internal.reflect.NativeConstructorAccessorImpl.newInstance(NativeConstructorAccessorImpl.java:77)","logger":"airflow.task.hooks.airflow.providers.standard.hooks.subprocess.SubprocessHook"}
{"timestamp":"2025-09-03T02:01:56.971945","level":"info","event":"\tat java.base/jdk.internal.reflect.DelegatingConstructorAccessorImpl.newInstance(DelegatingConstructorAccessorImpl.java:45)","logger":"airflow.task.hooks.airflow.providers.standard.hooks.subprocess.SubprocessHook"}
{"timestamp":"2025-09-03T02:01:56.972017","level":"info","event":"\tat java.base/java.lang.reflect.Constructor.newInstanceWithCaller(Constructor.java:500)","logger":"airflow.task.hooks.airflow.providers.standard.hooks.subprocess.SubprocessHook"}
{"timestamp":"2025-09-03T02:01:56.972094","level":"info","event":"\tat java.base/java.lang.reflect.Constructor.newInstance(Constructor.java:481)","logger":"airflow.task.hooks.airflow.providers.standard.hooks.subprocess.SubprocessHook"}
{"timestamp":"2025-09-03T02:01:56.972148","level":"info","event":"\tat py4j.reflection.MethodInvoker.invoke(MethodInvoker.java:247)","logger":"airflow.task.hooks.airflow.providers.standard.hooks.subprocess.SubprocessHook"}
{"timestamp":"2025-09-03T02:01:56.972215","level":"info","event":"\tat py4j.reflection.ReflectionEngine.invoke(ReflectionEngine.java:374)","logger":"airflow.task.hooks.airflow.providers.standard.hooks.subprocess.SubprocessHook"}
{"timestamp":"2025-09-03T02:01:56.972291","level":"info","event":"\tat py4j.Gateway.invoke(Gateway.java:238)","logger":"airflow.task.hooks.airflow.providers.standard.hooks.subprocess.SubprocessHook"}
{"timestamp":"2025-09-03T02:01:56.972359","level":"info","event":"\tat py4j.commands.ConstructorCommand.invokeConstructor(ConstructorCommand.java:80)","logger":"airflow.task.hooks.airflow.providers.standard.hooks.subprocess.SubprocessHook"}
{"timestamp":"2025-09-03T02:01:56.972403","level":"info","event":"\tat py4j.commands.ConstructorCommand.execute(ConstructorCommand.java:69)","logger":"airflow.task.hooks.airflow.providers.standard.hooks.subprocess.SubprocessHook"}
{"timestamp":"2025-09-03T02:01:56.972446","level":"info","event":"\tat py4j.ClientServerConnection.waitForCommands(ClientServerConnection.java:182)","logger":"airflow.task.hooks.airflow.providers.standard.hooks.subprocess.SubprocessHook"}
{"timestamp":"2025-09-03T02:01:56.972550","level":"info","event":"\tat py4j.ClientServerConnection.run(ClientServerConnection.java:106)","logger":"airflow.task.hooks.airflow.providers.standard.hooks.subprocess.SubprocessHook"}
{"timestamp":"2025-09-03T02:01:56.972626","level":"info","event":"\tat java.base/java.lang.Thread.run(Thread.java:840)","logger":"airflow.task.hooks.airflow.providers.standard.hooks.subprocess.SubprocessHook"}
{"timestamp":"2025-09-03T02:01:56.979215","level":"info","event":"INFO:__main__:Spark session started","logger":"airflow.task.hooks.airflow.providers.standard.hooks.subprocess.SubprocessHook"}
{"timestamp":"2025-09-03T02:01:57.028199","level":"info","event":"NWRAP_ERROR[<unknown> (428)] - nwrap_files_cache_reload: Unable to open '/opt/bitnami/airflow/nss-wrapper/nss_passwd' readonly -1:No such file or directory","logger":"airflow.task.hooks.airflow.providers.standard.hooks.subprocess.SubprocessHook"}
{"timestamp":"2025-09-03T02:01:57.028366","level":"info","event":"NWRAP_ERROR[<unknown> (428)] - nwrap_files_getpwuid: Error loading passwd file","logger":"airflow.task.hooks.airflow.providers.standard.hooks.subprocess.SubprocessHook"}
{"timestamp":"2025-09-03T02:01:57.029948","level":"info","event":"25/09/03 02:01:57 WARN FileSystem: Cannot load filesystem: java.util.ServiceConfigurationError: org.apache.hadoop.fs.FileSystem: Provider org.apache.hadoop.fs.viewfs.ViewFileSystem could not be instantiated","logger":"airflow.task.hooks.airflow.providers.standard.hooks.subprocess.SubprocessHook"}
{"timestamp":"2025-09-03T02:01:57.030084","level":"info","event":"25/09/03 02:01:57 WARN FileSystem: org.apache.hadoop.security.KerberosAuthException: failure to login: javax.security.auth.login.LoginException: java.lang.NullPointerException: invalid null input: name","logger":"airflow.task.hooks.airflow.providers.standard.hooks.subprocess.SubprocessHook"}
{"timestamp":"2025-09-03T02:01:57.030138","level":"info","event":"\tat jdk.security.auth/com.sun.security.auth.UnixPrincipal.<init>(UnixPrincipal.java:71)","logger":"airflow.task.hooks.airflow.providers.standard.hooks.subprocess.SubprocessHook"}
{"timestamp":"2025-09-03T02:01:57.030178","level":"info","event":"\tat jdk.security.auth/com.sun.security.auth.module.UnixLoginModule.login(UnixLoginModule.java:134)","logger":"airflow.task.hooks.airflow.providers.standard.hooks.subprocess.SubprocessHook"}
{"timestamp":"2025-09-03T02:01:57.030218","level":"info","event":"\tat java.base/javax.security.auth.login.LoginContext.invoke(LoginContext.java:755)","logger":"airflow.task.hooks.airflow.providers.standard.hooks.subprocess.SubprocessHook"}
{"timestamp":"2025-09-03T02:01:57.030256","level":"info","event":"\tat java.base/javax.security.auth.login.LoginContext$4.run(LoginContext.java:679)","logger":"airflow.task.hooks.airflow.providers.standard.hooks.subprocess.SubprocessHook"}
{"timestamp":"2025-09-03T02:01:57.030293","level":"info","event":"\tat java.base/javax.security.auth.login.LoginContext$4.run(LoginContext.java:677)","logger":"airflow.task.hooks.airflow.providers.standard.hooks.subprocess.SubprocessHook"}
{"timestamp":"2025-09-03T02:01:57.030331","level":"info","event":"\tat java.base/java.security.AccessController.doPrivileged(AccessController.java:712)","logger":"airflow.task.hooks.airflow.providers.standard.hooks.subprocess.SubprocessHook"}
{"timestamp":"2025-09-03T02:01:57.030368","level":"info","event":"\tat java.base/javax.security.auth.login.LoginContext.invokePriv(LoginContext.java:677)","logger":"airflow.task.hooks.airflow.providers.standard.hooks.subprocess.SubprocessHook"}
{"timestamp":"2025-09-03T02:01:57.030405","level":"info","event":"\tat java.base/javax.security.auth.login.LoginContext.login(LoginContext.java:587)","logger":"airflow.task.hooks.airflow.providers.standard.hooks.subprocess.SubprocessHook"}
{"timestamp":"2025-09-03T02:01:57.030443","level":"info","event":"\tat org.apache.hadoop.security.UserGroupInformation$HadoopLoginContext.login(UserGroupInformation.java:2065)","logger":"airflow.task.hooks.airflow.providers.standard.hooks.subprocess.SubprocessHook"}
{"timestamp":"2025-09-03T02:01:57.030480","level":"info","event":"\tat org.apache.hadoop.security.UserGroupInformation.doSubjectLogin(UserGroupInformation.java:1975)","logger":"airflow.task.hooks.airflow.providers.standard.hooks.subprocess.SubprocessHook"}
{"timestamp":"2025-09-03T02:01:57.030517","level":"info","event":"\tat org.apache.hadoop.security.UserGroupInformation.createLoginUser(UserGroupInformation.java:719)","logger":"airflow.task.hooks.airflow.providers.standard.hooks.subprocess.SubprocessHook"}
{"timestamp":"2025-09-03T02:01:57.030553","level":"info","event":"\tat org.apache.hadoop.security.UserGroupInformation.getLoginUser(UserGroupInformation.java:669)","logger":"airflow.task.hooks.airflow.providers.standard.hooks.subprocess.SubprocessHook"}
{"timestamp":"2025-09-03T02:01:57.030590","level":"info","event":"\tat org.apache.hadoop.security.UserGroupInformation.getCurrentUser(UserGroupInformation.java:579)","logger":"airflow.task.hooks.airflow.providers.standard.hooks.subprocess.SubprocessHook"}
{"timestamp":"2025-09-03T02:01:57.030629","level":"info","event":"\tat org.apache.hadoop.fs.viewfs.ViewFileSystem.<init>(ViewFileSystem.java:269)","logger":"airflow.task.hooks.airflow.providers.standard.hooks.subprocess.SubprocessHook"}
{"timestamp":"2025-09-03T02:01:57.030668","level":"info","event":"\tat java.base/jdk.internal.reflect.NativeConstructorAccessorImpl.newInstance0(Native Method)","logger":"airflow.task.hooks.airflow.providers.standard.hooks.subprocess.SubprocessHook"}
{"timestamp":"2025-09-03T02:01:57.030707","level":"info","event":"\tat java.base/jdk.internal.reflect.NativeConstructorAccessorImpl.newInstance(NativeConstructorAccessorImpl.java:77)","logger":"airflow.task.hooks.airflow.providers.standard.hooks.subprocess.SubprocessHook"}
{"timestamp":"2025-09-03T02:01:57.030746","level":"info","event":"\tat java.base/jdk.internal.reflect.DelegatingConstructorAccessorImpl.newInstance(DelegatingConstructorAccessorImpl.java:45)","logger":"airflow.task.hooks.airflow.providers.standard.hooks.subprocess.SubprocessHook"}
{"timestamp":"2025-09-03T02:01:57.030785","level":"info","event":"\tat java.base/java.lang.reflect.Constructor.newInstanceWithCaller(Constructor.java:500)","logger":"airflow.task.hooks.airflow.providers.standard.hooks.subprocess.SubprocessHook"}
{"timestamp":"2025-09-03T02:01:57.030827","level":"info","event":"\tat java.base/java.lang.reflect.Constructor.newInstance(Constructor.java:481)","logger":"airflow.task.hooks.airflow.providers.standard.hooks.subprocess.SubprocessHook"}
{"timestamp":"2025-09-03T02:01:57.030869","level":"info","event":"\tat java.base/java.util.ServiceLoader$ProviderImpl.newInstance(ServiceLoader.java:789)","logger":"airflow.task.hooks.airflow.providers.standard.hooks.subprocess.SubprocessHook"}
{"timestamp":"2025-09-03T02:01:57.030910","level":"info","event":"\tat java.base/java.util.ServiceLoader$ProviderImpl.get(ServiceLoader.java:729)","logger":"airflow.task.hooks.airflow.providers.standard.hooks.subprocess.SubprocessHook"}
{"timestamp":"2025-09-03T02:01:57.030951","level":"info","event":"\tat java.base/java.util.ServiceLoader$3.next(ServiceLoader.java:1403)","logger":"airflow.task.hooks.airflow.providers.standard.hooks.subprocess.SubprocessHook"}
{"timestamp":"2025-09-03T02:01:57.030991","level":"info","event":"\tat org.apache.hadoop.fs.FileSystem.loadFileSystems(FileSystem.java:3379)","logger":"airflow.task.hooks.airflow.providers.standard.hooks.subprocess.SubprocessHook"}
{"timestamp":"2025-09-03T02:01:57.031032","level":"info","event":"\tat org.apache.hadoop.fs.FileSystem.getFileSystemClass(FileSystem.java:3424)","logger":"airflow.task.hooks.airflow.providers.standard.hooks.subprocess.SubprocessHook"}
{"timestamp":"2025-09-03T02:01:57.031071","level":"info","event":"\tat org.apache.hadoop.fs.FsUrlStreamHandlerFactory.<init>(FsUrlStreamHandlerFactory.java:77)","logger":"airflow.task.hooks.airflow.providers.standard.hooks.subprocess.SubprocessHook"}
{"timestamp":"2025-09-03T02:01:57.031109","level":"info","event":"\tat org.apache.spark.sql.internal.SharedState$.liftedTree2$1(SharedState.scala:199)","logger":"airflow.task.hooks.airflow.providers.standard.hooks.subprocess.SubprocessHook"}
{"timestamp":"2025-09-03T02:01:57.031148","level":"info","event":"\tat org.apache.spark.sql.internal.SharedState$.org$apache$spark$sql$internal$SharedState$$setFsUrlStreamHandlerFactory(SharedState.scala:198)","logger":"airflow.task.hooks.airflow.providers.standard.hooks.subprocess.SubprocessHook"}
{"timestamp":"2025-09-03T02:01:57.031188","level":"info","event":"\tat org.apache.spark.sql.internal.SharedState.<init>(SharedState.scala:54)","logger":"airflow.task.hooks.airflow.providers.standard.hooks.subprocess.SubprocessHook"}
{"timestamp":"2025-09-03T02:01:57.031226","level":"info","event":"\tat org.apache.spark.sql.SparkSession.$anonfun$sharedState$1(SparkSession.scala:143)","logger":"airflow.task.hooks.airflow.providers.standard.hooks.subprocess.SubprocessHook"}
{"timestamp":"2025-09-03T02:01:57.031263","level":"info","event":"\tat scala.Option.getOrElse(Option.scala:189)","logger":"airflow.task.hooks.airflow.providers.standard.hooks.subprocess.SubprocessHook"}
{"timestamp":"2025-09-03T02:01:57.031302","level":"info","event":"\tat org.apache.spark.sql.SparkSession.sharedState$lzycompute(SparkSession.scala:143)","logger":"airflow.task.hooks.airflow.providers.standard.hooks.subprocess.SubprocessHook"}
{"timestamp":"2025-09-03T02:01:57.031342","level":"info","event":"\tat org.apache.spark.sql.SparkSession.sharedState(SparkSession.scala:142)","logger":"airflow.task.hooks.airflow.providers.standard.hooks.subprocess.SubprocessHook"}
{"timestamp":"2025-09-03T02:01:57.031380","level":"info","event":"\tat org.apache.spark.sql.SparkSession.$anonfun$sessionState$2(SparkSession.scala:162)","logger":"airflow.task.hooks.airflow.providers.standard.hooks.subprocess.SubprocessHook"}
{"timestamp":"2025-09-03T02:01:57.031419","level":"info","event":"\tat scala.Option.getOrElse(Option.scala:189)","logger":"airflow.task.hooks.airflow.providers.standard.hooks.subprocess.SubprocessHook"}
{"timestamp":"2025-09-03T02:01:57.031459","level":"info","event":"\tat org.apache.spark.sql.SparkSession.sessionState$lzycompute(SparkSession.scala:160)","logger":"airflow.task.hooks.airflow.providers.standard.hooks.subprocess.SubprocessHook"}
{"timestamp":"2025-09-03T02:01:57.031498","level":"info","event":"\tat org.apache.spark.sql.SparkSession.sessionState(SparkSession.scala:157)","logger":"airflow.task.hooks.airflow.providers.standard.hooks.subprocess.SubprocessHook"}
{"timestamp":"2025-09-03T02:01:57.031538","level":"info","event":"\tat org.apache.spark.sql.streaming.DataStreamReader.<init>(DataStreamReader.scala:380)","logger":"airflow.task.hooks.airflow.providers.standard.hooks.subprocess.SubprocessHook"}
{"timestamp":"2025-09-03T02:01:57.031617","level":"info","event":"\tat org.apache.spark.sql.SparkSession.readStream(SparkSession.scala:794)","logger":"airflow.task.hooks.airflow.providers.standard.hooks.subprocess.SubprocessHook"}
{"timestamp":"2025-09-03T02:01:57.031664","level":"info","event":"\tat java.base/jdk.internal.reflect.NativeMethodAccessorImpl.invoke0(Native Method)","logger":"airflow.task.hooks.airflow.providers.standard.hooks.subprocess.SubprocessHook"}
{"timestamp":"2025-09-03T02:01:57.031704","level":"info","event":"\tat java.base/jdk.internal.reflect.NativeMethodAccessorImpl.invoke(NativeMethodAccessorImpl.java:77)","logger":"airflow.task.hooks.airflow.providers.standard.hooks.subprocess.SubprocessHook"}
{"timestamp":"2025-09-03T02:01:57.031743","level":"info","event":"\tat java.base/jdk.internal.reflect.DelegatingMethodAccessorImpl.invoke(DelegatingMethodAccessorImpl.java:43)","logger":"airflow.task.hooks.airflow.providers.standard.hooks.subprocess.SubprocessHook"}
{"timestamp":"2025-09-03T02:01:57.031784","level":"info","event":"\tat java.base/java.lang.reflect.Method.invoke(Method.java:569)","logger":"airflow.task.hooks.airflow.providers.standard.hooks.subprocess.SubprocessHook"}
{"timestamp":"2025-09-03T02:01:57.031822","level":"info","event":"\tat py4j.reflection.MethodInvoker.invoke(MethodInvoker.java:244)","logger":"airflow.task.hooks.airflow.providers.standard.hooks.subprocess.SubprocessHook"}
{"timestamp":"2025-09-03T02:01:57.031861","level":"info","event":"\tat py4j.reflection.ReflectionEngine.invoke(ReflectionEngine.java:374)","logger":"airflow.task.hooks.airflow.providers.standard.hooks.subprocess.SubprocessHook"}
{"timestamp":"2025-09-03T02:01:57.031898","level":"info","event":"\tat py4j.Gateway.invoke(Gateway.java:282)","logger":"airflow.task.hooks.airflow.providers.standard.hooks.subprocess.SubprocessHook"}
{"timestamp":"2025-09-03T02:01:57.031946","level":"info","event":"\tat py4j.commands.AbstractCommand.invokeMethod(AbstractCommand.java:132)","logger":"airflow.task.hooks.airflow.providers.standard.hooks.subprocess.SubprocessHook"}
{"timestamp":"2025-09-03T02:01:57.031987","level":"info","event":"\tat py4j.commands.CallCommand.execute(CallCommand.java:79)","logger":"airflow.task.hooks.airflow.providers.standard.hooks.subprocess.SubprocessHook"}
{"timestamp":"2025-09-03T02:01:57.032026","level":"info","event":"\tat py4j.ClientServerConnection.waitForCommands(ClientServerConnection.java:182)","logger":"airflow.task.hooks.airflow.providers.standard.hooks.subprocess.SubprocessHook"}
{"timestamp":"2025-09-03T02:01:57.032064","level":"info","event":"\tat py4j.ClientServerConnection.run(ClientServerConnection.java:106)","logger":"airflow.task.hooks.airflow.providers.standard.hooks.subprocess.SubprocessHook"}
{"timestamp":"2025-09-03T02:01:57.032101","level":"info","event":"\tat java.base/java.lang.Thread.run(Thread.java:840)","logger":"airflow.task.hooks.airflow.providers.standard.hooks.subprocess.SubprocessHook"}
{"timestamp":"2025-09-03T02:01:57.032140","level":"info","event":"","logger":"airflow.task.hooks.airflow.providers.standard.hooks.subprocess.SubprocessHook"}
{"timestamp":"2025-09-03T02:01:57.032179","level":"info","event":"25/09/03 02:01:57 WARN FileSystem: javax.security.auth.login.LoginException: java.lang.NullPointerException: invalid null input: name","logger":"airflow.task.hooks.airflow.providers.standard.hooks.subprocess.SubprocessHook"}
{"timestamp":"2025-09-03T02:01:57.032218","level":"info","event":"\tat jdk.security.auth/com.sun.security.auth.UnixPrincipal.<init>(UnixPrincipal.java:71)","logger":"airflow.task.hooks.airflow.providers.standard.hooks.subprocess.SubprocessHook"}
{"timestamp":"2025-09-03T02:01:57.032254","level":"info","event":"\tat jdk.security.auth/com.sun.security.auth.module.UnixLoginModule.login(UnixLoginModule.java:134)","logger":"airflow.task.hooks.airflow.providers.standard.hooks.subprocess.SubprocessHook"}
{"timestamp":"2025-09-03T02:01:57.032293","level":"info","event":"\tat java.base/javax.security.auth.login.LoginContext.invoke(LoginContext.java:755)","logger":"airflow.task.hooks.airflow.providers.standard.hooks.subprocess.SubprocessHook"}
{"timestamp":"2025-09-03T02:01:57.032331","level":"info","event":"\tat java.base/javax.security.auth.login.LoginContext$4.run(LoginContext.java:679)","logger":"airflow.task.hooks.airflow.providers.standard.hooks.subprocess.SubprocessHook"}
{"timestamp":"2025-09-03T02:01:57.032369","level":"info","event":"\tat java.base/javax.security.auth.login.LoginContext$4.run(LoginContext.java:677)","logger":"airflow.task.hooks.airflow.providers.standard.hooks.subprocess.SubprocessHook"}
{"timestamp":"2025-09-03T02:01:57.032408","level":"info","event":"\tat java.base/java.security.AccessController.doPrivileged(AccessController.java:712)","logger":"airflow.task.hooks.airflow.providers.standard.hooks.subprocess.SubprocessHook"}
{"timestamp":"2025-09-03T02:01:57.032447","level":"info","event":"\tat java.base/javax.security.auth.login.LoginContext.invokePriv(LoginContext.java:677)","logger":"airflow.task.hooks.airflow.providers.standard.hooks.subprocess.SubprocessHook"}
{"timestamp":"2025-09-03T02:01:57.032487","level":"info","event":"\tat java.base/javax.security.auth.login.LoginContext.login(LoginContext.java:587)","logger":"airflow.task.hooks.airflow.providers.standard.hooks.subprocess.SubprocessHook"}
{"timestamp":"2025-09-03T02:01:57.032526","level":"info","event":"\tat org.apache.hadoop.security.UserGroupInformation$HadoopLoginContext.login(UserGroupInformation.java:2065)","logger":"airflow.task.hooks.airflow.providers.standard.hooks.subprocess.SubprocessHook"}
{"timestamp":"2025-09-03T02:01:57.032564","level":"info","event":"\tat org.apache.hadoop.security.UserGroupInformation.doSubjectLogin(UserGroupInformation.java:1975)","logger":"airflow.task.hooks.airflow.providers.standard.hooks.subprocess.SubprocessHook"}
{"timestamp":"2025-09-03T02:01:57.032602","level":"info","event":"\tat org.apache.hadoop.security.UserGroupInformation.createLoginUser(UserGroupInformation.java:719)","logger":"airflow.task.hooks.airflow.providers.standard.hooks.subprocess.SubprocessHook"}
{"timestamp":"2025-09-03T02:01:57.032641","level":"info","event":"\tat org.apache.hadoop.security.UserGroupInformation.getLoginUser(UserGroupInformation.java:669)","logger":"airflow.task.hooks.airflow.providers.standard.hooks.subprocess.SubprocessHook"}
{"timestamp":"2025-09-03T02:01:57.032683","level":"info","event":"\tat org.apache.hadoop.security.UserGroupInformation.getCurrentUser(UserGroupInformation.java:579)","logger":"airflow.task.hooks.airflow.providers.standard.hooks.subprocess.SubprocessHook"}
{"timestamp":"2025-09-03T02:01:57.032725","level":"info","event":"\tat org.apache.hadoop.fs.viewfs.ViewFileSystem.<init>(ViewFileSystem.java:269)","logger":"airflow.task.hooks.airflow.providers.standard.hooks.subprocess.SubprocessHook"}
{"timestamp":"2025-09-03T02:01:57.032764","level":"info","event":"\tat java.base/jdk.internal.reflect.NativeConstructorAccessorImpl.newInstance0(Native Method)","logger":"airflow.task.hooks.airflow.providers.standard.hooks.subprocess.SubprocessHook"}
{"timestamp":"2025-09-03T02:01:57.032804","level":"info","event":"\tat java.base/jdk.internal.reflect.NativeConstructorAccessorImpl.newInstance(NativeConstructorAccessorImpl.java:77)","logger":"airflow.task.hooks.airflow.providers.standard.hooks.subprocess.SubprocessHook"}
{"timestamp":"2025-09-03T02:01:57.032844","level":"info","event":"\tat java.base/jdk.internal.reflect.DelegatingConstructorAccessorImpl.newInstance(DelegatingConstructorAccessorImpl.java:45)","logger":"airflow.task.hooks.airflow.providers.standard.hooks.subprocess.SubprocessHook"}
{"timestamp":"2025-09-03T02:01:57.032883","level":"info","event":"\tat java.base/java.lang.reflect.Constructor.newInstanceWithCaller(Constructor.java:500)","logger":"airflow.task.hooks.airflow.providers.standard.hooks.subprocess.SubprocessHook"}
{"timestamp":"2025-09-03T02:01:57.032927","level":"info","event":"\tat java.base/java.lang.reflect.Constructor.newInstance(Constructor.java:481)","logger":"airflow.task.hooks.airflow.providers.standard.hooks.subprocess.SubprocessHook"}
{"timestamp":"2025-09-03T02:01:57.032967","level":"info","event":"\tat java.base/java.util.ServiceLoader$ProviderImpl.newInstance(ServiceLoader.java:789)","logger":"airflow.task.hooks.airflow.providers.standard.hooks.subprocess.SubprocessHook"}
{"timestamp":"2025-09-03T02:01:57.033009","level":"info","event":"\tat java.base/java.util.ServiceLoader$ProviderImpl.get(ServiceLoader.java:729)","logger":"airflow.task.hooks.airflow.providers.standard.hooks.subprocess.SubprocessHook"}
{"timestamp":"2025-09-03T02:01:57.033048","level":"info","event":"\tat java.base/java.util.ServiceLoader$3.next(ServiceLoader.java:1403)","logger":"airflow.task.hooks.airflow.providers.standard.hooks.subprocess.SubprocessHook"}
{"timestamp":"2025-09-03T02:01:57.033088","level":"info","event":"\tat org.apache.hadoop.fs.FileSystem.loadFileSystems(FileSystem.java:3379)","logger":"airflow.task.hooks.airflow.providers.standard.hooks.subprocess.SubprocessHook"}
{"timestamp":"2025-09-03T02:01:57.033129","level":"info","event":"\tat org.apache.hadoop.fs.FileSystem.getFileSystemClass(FileSystem.java:3424)","logger":"airflow.task.hooks.airflow.providers.standard.hooks.subprocess.SubprocessHook"}
{"timestamp":"2025-09-03T02:01:57.033168","level":"info","event":"\tat org.apache.hadoop.fs.FsUrlStreamHandlerFactory.<init>(FsUrlStreamHandlerFactory.java:77)","logger":"airflow.task.hooks.airflow.providers.standard.hooks.subprocess.SubprocessHook"}
{"timestamp":"2025-09-03T02:01:57.033207","level":"info","event":"\tat org.apache.spark.sql.internal.SharedState$.liftedTree2$1(SharedState.scala:199)","logger":"airflow.task.hooks.airflow.providers.standard.hooks.subprocess.SubprocessHook"}
{"timestamp":"2025-09-03T02:01:57.033247","level":"info","event":"\tat org.apache.spark.sql.internal.SharedState$.org$apache$spark$sql$internal$SharedState$$setFsUrlStreamHandlerFactory(SharedState.scala:198)","logger":"airflow.task.hooks.airflow.providers.standard.hooks.subprocess.SubprocessHook"}
{"timestamp":"2025-09-03T02:01:57.033287","level":"info","event":"\tat org.apache.spark.sql.internal.SharedState.<init>(SharedState.scala:54)","logger":"airflow.task.hooks.airflow.providers.standard.hooks.subprocess.SubprocessHook"}
{"timestamp":"2025-09-03T02:01:57.033326","level":"info","event":"\tat org.apache.spark.sql.SparkSession.$anonfun$sharedState$1(SparkSession.scala:143)","logger":"airflow.task.hooks.airflow.providers.standard.hooks.subprocess.SubprocessHook"}
{"timestamp":"2025-09-03T02:01:57.033379","level":"info","event":"\tat scala.Option.getOrElse(Option.scala:189)","logger":"airflow.task.hooks.airflow.providers.standard.hooks.subprocess.SubprocessHook"}
{"timestamp":"2025-09-03T02:01:57.033421","level":"info","event":"\tat org.apache.spark.sql.SparkSession.sharedState$lzycompute(SparkSession.scala:143)","logger":"airflow.task.hooks.airflow.providers.standard.hooks.subprocess.SubprocessHook"}
{"timestamp":"2025-09-03T02:01:57.033477","level":"info","event":"\tat org.apache.spark.sql.SparkSession.sharedState(SparkSession.scala:142)","logger":"airflow.task.hooks.airflow.providers.standard.hooks.subprocess.SubprocessHook"}
{"timestamp":"2025-09-03T02:01:57.033555","level":"info","event":"\tat org.apache.spark.sql.SparkSession.$anonfun$sessionState$2(SparkSession.scala:162)","logger":"airflow.task.hooks.airflow.providers.standard.hooks.subprocess.SubprocessHook"}
{"timestamp":"2025-09-03T02:01:57.033689","level":"info","event":"\tat scala.Option.getOrElse(Option.scala:189)","logger":"airflow.task.hooks.airflow.providers.standard.hooks.subprocess.SubprocessHook"}
{"timestamp":"2025-09-03T02:01:57.033739","level":"info","event":"\tat org.apache.spark.sql.SparkSession.sessionState$lzycompute(SparkSession.scala:160)","logger":"airflow.task.hooks.airflow.providers.standard.hooks.subprocess.SubprocessHook"}
{"timestamp":"2025-09-03T02:01:57.033779","level":"info","event":"\tat org.apache.spark.sql.SparkSession.sessionState(SparkSession.scala:157)","logger":"airflow.task.hooks.airflow.providers.standard.hooks.subprocess.SubprocessHook"}
{"timestamp":"2025-09-03T02:01:57.033816","level":"info","event":"\tat org.apache.spark.sql.streaming.DataStreamReader.<init>(DataStreamReader.scala:380)","logger":"airflow.task.hooks.airflow.providers.standard.hooks.subprocess.SubprocessHook"}
{"timestamp":"2025-09-03T02:01:57.033853","level":"info","event":"\tat org.apache.spark.sql.SparkSession.readStream(SparkSession.scala:794)","logger":"airflow.task.hooks.airflow.providers.standard.hooks.subprocess.SubprocessHook"}
{"timestamp":"2025-09-03T02:01:57.033889","level":"info","event":"\tat java.base/jdk.internal.reflect.NativeMethodAccessorImpl.invoke0(Native Method)","logger":"airflow.task.hooks.airflow.providers.standard.hooks.subprocess.SubprocessHook"}
{"timestamp":"2025-09-03T02:01:57.033928","level":"info","event":"\tat java.base/jdk.internal.reflect.NativeMethodAccessorImpl.invoke(NativeMethodAccessorImpl.java:77)","logger":"airflow.task.hooks.airflow.providers.standard.hooks.subprocess.SubprocessHook"}
{"timestamp":"2025-09-03T02:01:57.033965","level":"info","event":"\tat java.base/jdk.internal.reflect.DelegatingMethodAccessorImpl.invoke(DelegatingMethodAccessorImpl.java:43)","logger":"airflow.task.hooks.airflow.providers.standard.hooks.subprocess.SubprocessHook"}
{"timestamp":"2025-09-03T02:01:57.034004","level":"info","event":"\tat java.base/java.lang.reflect.Method.invoke(Method.java:569)","logger":"airflow.task.hooks.airflow.providers.standard.hooks.subprocess.SubprocessHook"}
{"timestamp":"2025-09-03T02:01:57.034050","level":"info","event":"\tat py4j.reflection.MethodInvoker.invoke(MethodInvoker.java:244)","logger":"airflow.task.hooks.airflow.providers.standard.hooks.subprocess.SubprocessHook"}
{"timestamp":"2025-09-03T02:01:57.034100","level":"info","event":"\tat py4j.reflection.ReflectionEngine.invoke(ReflectionEngine.java:374)","logger":"airflow.task.hooks.airflow.providers.standard.hooks.subprocess.SubprocessHook"}
{"timestamp":"2025-09-03T02:01:57.034141","level":"info","event":"\tat py4j.Gateway.invoke(Gateway.java:282)","logger":"airflow.task.hooks.airflow.providers.standard.hooks.subprocess.SubprocessHook"}
{"timestamp":"2025-09-03T02:01:57.034178","level":"info","event":"\tat py4j.commands.AbstractCommand.invokeMethod(AbstractCommand.java:132)","logger":"airflow.task.hooks.airflow.providers.standard.hooks.subprocess.SubprocessHook"}
{"timestamp":"2025-09-03T02:01:57.034218","level":"info","event":"\tat py4j.commands.CallCommand.execute(CallCommand.java:79)","logger":"airflow.task.hooks.airflow.providers.standard.hooks.subprocess.SubprocessHook"}
{"timestamp":"2025-09-03T02:01:57.034255","level":"info","event":"\tat py4j.ClientServerConnection.waitForCommands(ClientServerConnection.java:182)","logger":"airflow.task.hooks.airflow.providers.standard.hooks.subprocess.SubprocessHook"}
{"timestamp":"2025-09-03T02:01:57.034330","level":"info","event":"\tat py4j.ClientServerConnection.run(ClientServerConnection.java:106)","logger":"airflow.task.hooks.airflow.providers.standard.hooks.subprocess.SubprocessHook"}
{"timestamp":"2025-09-03T02:01:57.034403","level":"info","event":"\tat java.base/java.lang.Thread.run(Thread.java:840)","logger":"airflow.task.hooks.airflow.providers.standard.hooks.subprocess.SubprocessHook"}
{"timestamp":"2025-09-03T02:01:57.034446","level":"info","event":"","logger":"airflow.task.hooks.airflow.providers.standard.hooks.subprocess.SubprocessHook"}
{"timestamp":"2025-09-03T02:01:57.063104","level":"info","event":"25/09/03 02:01:57 INFO SharedState: Setting hive.metastore.warehouse.dir ('null') to the value of spark.sql.warehouse.dir.","logger":"airflow.task.hooks.airflow.providers.standard.hooks.subprocess.SubprocessHook"}
{"timestamp":"2025-09-03T02:01:57.065367","level":"info","event":"NWRAP_ERROR[<unknown> (428)] - nwrap_files_cache_reload: Unable to open '/opt/bitnami/airflow/nss-wrapper/nss_passwd' readonly -1:No such file or directory","logger":"airflow.task.hooks.airflow.providers.standard.hooks.subprocess.SubprocessHook"}
{"timestamp":"2025-09-03T02:01:57.065579","level":"info","event":"NWRAP_ERROR[<unknown> (428)] - nwrap_files_getpwuid: Error loading passwd file","logger":"airflow.task.hooks.airflow.providers.standard.hooks.subprocess.SubprocessHook"}
{"timestamp":"2025-09-03T02:01:57.067612","level":"info","event":"25/09/03 02:01:57 WARN SharedState: Cannot qualify the warehouse path, leaving it unqualified.","logger":"airflow.task.hooks.airflow.providers.standard.hooks.subprocess.SubprocessHook"}
{"timestamp":"2025-09-03T02:01:57.067831","level":"info","event":"org.apache.hadoop.security.KerberosAuthException: failure to login: javax.security.auth.login.LoginException: java.lang.NullPointerException: invalid null input: name","logger":"airflow.task.hooks.airflow.providers.standard.hooks.subprocess.SubprocessHook"}
{"timestamp":"2025-09-03T02:01:57.067950","level":"info","event":"\tat jdk.security.auth/com.sun.security.auth.UnixPrincipal.<init>(UnixPrincipal.java:71)","logger":"airflow.task.hooks.airflow.providers.standard.hooks.subprocess.SubprocessHook"}
{"timestamp":"2025-09-03T02:01:57.068024","level":"info","event":"\tat jdk.security.auth/com.sun.security.auth.module.UnixLoginModule.login(UnixLoginModule.java:134)","logger":"airflow.task.hooks.airflow.providers.standard.hooks.subprocess.SubprocessHook"}
{"timestamp":"2025-09-03T02:01:57.068086","level":"info","event":"\tat java.base/javax.security.auth.login.LoginContext.invoke(LoginContext.java:755)","logger":"airflow.task.hooks.airflow.providers.standard.hooks.subprocess.SubprocessHook"}
{"timestamp":"2025-09-03T02:01:57.068143","level":"info","event":"\tat java.base/javax.security.auth.login.LoginContext$4.run(LoginContext.java:679)","logger":"airflow.task.hooks.airflow.providers.standard.hooks.subprocess.SubprocessHook"}
{"timestamp":"2025-09-03T02:01:57.068199","level":"info","event":"\tat java.base/javax.security.auth.login.LoginContext$4.run(LoginContext.java:677)","logger":"airflow.task.hooks.airflow.providers.standard.hooks.subprocess.SubprocessHook"}
{"timestamp":"2025-09-03T02:01:57.068255","level":"info","event":"\tat java.base/java.security.AccessController.doPrivileged(AccessController.java:712)","logger":"airflow.task.hooks.airflow.providers.standard.hooks.subprocess.SubprocessHook"}
{"timestamp":"2025-09-03T02:01:57.068311","level":"info","event":"\tat java.base/javax.security.auth.login.LoginContext.invokePriv(LoginContext.java:677)","logger":"airflow.task.hooks.airflow.providers.standard.hooks.subprocess.SubprocessHook"}
{"timestamp":"2025-09-03T02:01:57.068366","level":"info","event":"\tat java.base/javax.security.auth.login.LoginContext.login(LoginContext.java:587)","logger":"airflow.task.hooks.airflow.providers.standard.hooks.subprocess.SubprocessHook"}
{"timestamp":"2025-09-03T02:01:57.068419","level":"info","event":"\tat org.apache.hadoop.security.UserGroupInformation$HadoopLoginContext.login(UserGroupInformation.java:2065)","logger":"airflow.task.hooks.airflow.providers.standard.hooks.subprocess.SubprocessHook"}
{"timestamp":"2025-09-03T02:01:57.068476","level":"info","event":"\tat org.apache.hadoop.security.UserGroupInformation.doSubjectLogin(UserGroupInformation.java:1975)","logger":"airflow.task.hooks.airflow.providers.standard.hooks.subprocess.SubprocessHook"}
{"timestamp":"2025-09-03T02:01:57.068532","level":"info","event":"\tat org.apache.hadoop.security.UserGroupInformation.createLoginUser(UserGroupInformation.java:719)","logger":"airflow.task.hooks.airflow.providers.standard.hooks.subprocess.SubprocessHook"}
{"timestamp":"2025-09-03T02:01:57.068586","level":"info","event":"\tat org.apache.hadoop.security.UserGroupInformation.getLoginUser(UserGroupInformation.java:669)","logger":"airflow.task.hooks.airflow.providers.standard.hooks.subprocess.SubprocessHook"}
{"timestamp":"2025-09-03T02:01:57.068642","level":"info","event":"\tat org.apache.hadoop.security.UserGroupInformation.getCurrentUser(UserGroupInformation.java:579)","logger":"airflow.task.hooks.airflow.providers.standard.hooks.subprocess.SubprocessHook"}
{"timestamp":"2025-09-03T02:01:57.068697","level":"info","event":"\tat org.apache.hadoop.fs.FileSystem$Cache$Key.<init>(FileSystem.java:3746)","logger":"airflow.task.hooks.airflow.providers.standard.hooks.subprocess.SubprocessHook"}
{"timestamp":"2025-09-03T02:01:57.068755","level":"info","event":"\tat org.apache.hadoop.fs.FileSystem$Cache$Key.<init>(FileSystem.java:3736)","logger":"airflow.task.hooks.airflow.providers.standard.hooks.subprocess.SubprocessHook"}
{"timestamp":"2025-09-03T02:01:57.068810","level":"info","event":"\tat org.apache.hadoop.fs.FileSystem$Cache.get(FileSystem.java:3520)","logger":"airflow.task.hooks.airflow.providers.standard.hooks.subprocess.SubprocessHook"}
{"timestamp":"2025-09-03T02:01:57.068867","level":"info","event":"\tat org.apache.hadoop.fs.FileSystem.get(FileSystem.java:540)","logger":"airflow.task.hooks.airflow.providers.standard.hooks.subprocess.SubprocessHook"}
{"timestamp":"2025-09-03T02:01:57.068922","level":"info","event":"\tat org.apache.hadoop.fs.Path.getFileSystem(Path.java:365)","logger":"airflow.task.hooks.airflow.providers.standard.hooks.subprocess.SubprocessHook"}
{"timestamp":"2025-09-03T02:01:57.068984","level":"info","event":"\tat org.apache.spark.sql.internal.SharedState$.qualifyWarehousePath(SharedState.scala:288)","logger":"airflow.task.hooks.airflow.providers.standard.hooks.subprocess.SubprocessHook"}
{"timestamp":"2025-09-03T02:01:57.069042","level":"info","event":"\tat org.apache.spark.sql.internal.SharedState.liftedTree1$1(SharedState.scala:80)","logger":"airflow.task.hooks.airflow.providers.standard.hooks.subprocess.SubprocessHook"}
{"timestamp":"2025-09-03T02:01:57.069101","level":"info","event":"\tat org.apache.spark.sql.internal.SharedState.<init>(SharedState.scala:79)","logger":"airflow.task.hooks.airflow.providers.standard.hooks.subprocess.SubprocessHook"}
{"timestamp":"2025-09-03T02:01:57.069160","level":"info","event":"\tat org.apache.spark.sql.SparkSession.$anonfun$sharedState$1(SparkSession.scala:143)","logger":"airflow.task.hooks.airflow.providers.standard.hooks.subprocess.SubprocessHook"}
{"timestamp":"2025-09-03T02:01:57.069214","level":"info","event":"\tat scala.Option.getOrElse(Option.scala:189)","logger":"airflow.task.hooks.airflow.providers.standard.hooks.subprocess.SubprocessHook"}
{"timestamp":"2025-09-03T02:01:57.069267","level":"info","event":"\tat org.apache.spark.sql.SparkSession.sharedState$lzycompute(SparkSession.scala:143)","logger":"airflow.task.hooks.airflow.providers.standard.hooks.subprocess.SubprocessHook"}
{"timestamp":"2025-09-03T02:01:57.069320","level":"info","event":"\tat org.apache.spark.sql.SparkSession.sharedState(SparkSession.scala:142)","logger":"airflow.task.hooks.airflow.providers.standard.hooks.subprocess.SubprocessHook"}
{"timestamp":"2025-09-03T02:01:57.069372","level":"info","event":"\tat org.apache.spark.sql.SparkSession.$anonfun$sessionState$2(SparkSession.scala:162)","logger":"airflow.task.hooks.airflow.providers.standard.hooks.subprocess.SubprocessHook"}
{"timestamp":"2025-09-03T02:01:57.069424","level":"info","event":"\tat scala.Option.getOrElse(Option.scala:189)","logger":"airflow.task.hooks.airflow.providers.standard.hooks.subprocess.SubprocessHook"}
{"timestamp":"2025-09-03T02:01:57.069479","level":"info","event":"\tat org.apache.spark.sql.SparkSession.sessionState$lzycompute(SparkSession.scala:160)","logger":"airflow.task.hooks.airflow.providers.standard.hooks.subprocess.SubprocessHook"}
{"timestamp":"2025-09-03T02:01:57.069541","level":"info","event":"\tat org.apache.spark.sql.SparkSession.sessionState(SparkSession.scala:157)","logger":"airflow.task.hooks.airflow.providers.standard.hooks.subprocess.SubprocessHook"}
{"timestamp":"2025-09-03T02:01:57.069598","level":"info","event":"\tat org.apache.spark.sql.streaming.DataStreamReader.<init>(DataStreamReader.scala:380)","logger":"airflow.task.hooks.airflow.providers.standard.hooks.subprocess.SubprocessHook"}
{"timestamp":"2025-09-03T02:01:57.069653","level":"info","event":"\tat org.apache.spark.sql.SparkSession.readStream(SparkSession.scala:794)","logger":"airflow.task.hooks.airflow.providers.standard.hooks.subprocess.SubprocessHook"}
{"timestamp":"2025-09-03T02:01:57.069708","level":"info","event":"\tat java.base/jdk.internal.reflect.NativeMethodAccessorImpl.invoke0(Native Method)","logger":"airflow.task.hooks.airflow.providers.standard.hooks.subprocess.SubprocessHook"}
{"timestamp":"2025-09-03T02:01:57.069761","level":"info","event":"\tat java.base/jdk.internal.reflect.NativeMethodAccessorImpl.invoke(NativeMethodAccessorImpl.java:77)","logger":"airflow.task.hooks.airflow.providers.standard.hooks.subprocess.SubprocessHook"}
{"timestamp":"2025-09-03T02:01:57.069816","level":"info","event":"\tat java.base/jdk.internal.reflect.DelegatingMethodAccessorImpl.invoke(DelegatingMethodAccessorImpl.java:43)","logger":"airflow.task.hooks.airflow.providers.standard.hooks.subprocess.SubprocessHook"}
{"timestamp":"2025-09-03T02:01:57.069872","level":"info","event":"\tat java.base/java.lang.reflect.Method.invoke(Method.java:569)","logger":"airflow.task.hooks.airflow.providers.standard.hooks.subprocess.SubprocessHook"}
{"timestamp":"2025-09-03T02:01:57.069992","level":"info","event":"\tat py4j.reflection.MethodInvoker.invoke(MethodInvoker.java:244)","logger":"airflow.task.hooks.airflow.providers.standard.hooks.subprocess.SubprocessHook"}
{"timestamp":"2025-09-03T02:01:57.070078","level":"info","event":"\tat py4j.reflection.ReflectionEngine.invoke(ReflectionEngine.java:374)","logger":"airflow.task.hooks.airflow.providers.standard.hooks.subprocess.SubprocessHook"}
{"timestamp":"2025-09-03T02:01:57.070138","level":"info","event":"\tat py4j.Gateway.invoke(Gateway.java:282)","logger":"airflow.task.hooks.airflow.providers.standard.hooks.subprocess.SubprocessHook"}
{"timestamp":"2025-09-03T02:01:57.070194","level":"info","event":"\tat py4j.commands.AbstractCommand.invokeMethod(AbstractCommand.java:132)","logger":"airflow.task.hooks.airflow.providers.standard.hooks.subprocess.SubprocessHook"}
{"timestamp":"2025-09-03T02:01:57.070249","level":"info","event":"\tat py4j.commands.CallCommand.execute(CallCommand.java:79)","logger":"airflow.task.hooks.airflow.providers.standard.hooks.subprocess.SubprocessHook"}
{"timestamp":"2025-09-03T02:01:57.070304","level":"info","event":"\tat py4j.ClientServerConnection.waitForCommands(ClientServerConnection.java:182)","logger":"airflow.task.hooks.airflow.providers.standard.hooks.subprocess.SubprocessHook"}
{"timestamp":"2025-09-03T02:01:57.070360","level":"info","event":"\tat py4j.ClientServerConnection.run(ClientServerConnection.java:106)","logger":"airflow.task.hooks.airflow.providers.standard.hooks.subprocess.SubprocessHook"}
{"timestamp":"2025-09-03T02:01:57.070414","level":"info","event":"\tat java.base/java.lang.Thread.run(Thread.java:840)","logger":"airflow.task.hooks.airflow.providers.standard.hooks.subprocess.SubprocessHook"}
{"timestamp":"2025-09-03T02:01:57.070469","level":"info","event":"","logger":"airflow.task.hooks.airflow.providers.standard.hooks.subprocess.SubprocessHook"}
{"timestamp":"2025-09-03T02:01:57.070523","level":"info","event":"\tat org.apache.hadoop.security.UserGroupInformation.doSubjectLogin(UserGroupInformation.java:1986)","logger":"airflow.task.hooks.airflow.providers.standard.hooks.subprocess.SubprocessHook"}
{"timestamp":"2025-09-03T02:01:57.070580","level":"info","event":"\tat org.apache.hadoop.security.UserGroupInformation.createLoginUser(UserGroupInformation.java:719)","logger":"airflow.task.hooks.airflow.providers.standard.hooks.subprocess.SubprocessHook"}
{"timestamp":"2025-09-03T02:01:57.070633","level":"info","event":"\tat org.apache.hadoop.security.UserGroupInformation.getLoginUser(UserGroupInformation.java:669)","logger":"airflow.task.hooks.airflow.providers.standard.hooks.subprocess.SubprocessHook"}
{"timestamp":"2025-09-03T02:01:57.070687","level":"info","event":"\tat org.apache.hadoop.security.UserGroupInformation.getCurrentUser(UserGroupInformation.java:579)","logger":"airflow.task.hooks.airflow.providers.standard.hooks.subprocess.SubprocessHook"}
{"timestamp":"2025-09-03T02:01:57.070750","level":"info","event":"\tat org.apache.hadoop.fs.FileSystem$Cache$Key.<init>(FileSystem.java:3746)","logger":"airflow.task.hooks.airflow.providers.standard.hooks.subprocess.SubprocessHook"}
{"timestamp":"2025-09-03T02:01:57.070804","level":"info","event":"\tat org.apache.hadoop.fs.FileSystem$Cache$Key.<init>(FileSystem.java:3736)","logger":"airflow.task.hooks.airflow.providers.standard.hooks.subprocess.SubprocessHook"}
{"timestamp":"2025-09-03T02:01:57.070855","level":"info","event":"\tat org.apache.hadoop.fs.FileSystem$Cache.get(FileSystem.java:3520)","logger":"airflow.task.hooks.airflow.providers.standard.hooks.subprocess.SubprocessHook"}
{"timestamp":"2025-09-03T02:01:57.070909","level":"info","event":"\tat org.apache.hadoop.fs.FileSystem.get(FileSystem.java:540)","logger":"airflow.task.hooks.airflow.providers.standard.hooks.subprocess.SubprocessHook"}
{"timestamp":"2025-09-03T02:01:57.070964","level":"info","event":"\tat org.apache.hadoop.fs.Path.getFileSystem(Path.java:365)","logger":"airflow.task.hooks.airflow.providers.standard.hooks.subprocess.SubprocessHook"}
{"timestamp":"2025-09-03T02:01:57.071014","level":"info","event":"\tat org.apache.spark.sql.internal.SharedState$.qualifyWarehousePath(SharedState.scala:288)","logger":"airflow.task.hooks.airflow.providers.standard.hooks.subprocess.SubprocessHook"}
{"timestamp":"2025-09-03T02:01:57.071071","level":"info","event":"\tat org.apache.spark.sql.internal.SharedState.liftedTree1$1(SharedState.scala:80)","logger":"airflow.task.hooks.airflow.providers.standard.hooks.subprocess.SubprocessHook"}
{"timestamp":"2025-09-03T02:01:57.071122","level":"info","event":"\tat org.apache.spark.sql.internal.SharedState.<init>(SharedState.scala:79)","logger":"airflow.task.hooks.airflow.providers.standard.hooks.subprocess.SubprocessHook"}
{"timestamp":"2025-09-03T02:01:57.071226","level":"info","event":"\tat org.apache.spark.sql.SparkSession.$anonfun$sharedState$1(SparkSession.scala:143)","logger":"airflow.task.hooks.airflow.providers.standard.hooks.subprocess.SubprocessHook"}
{"timestamp":"2025-09-03T02:01:57.071286","level":"info","event":"\tat scala.Option.getOrElse(Option.scala:189)","logger":"airflow.task.hooks.airflow.providers.standard.hooks.subprocess.SubprocessHook"}
{"timestamp":"2025-09-03T02:01:57.071339","level":"info","event":"\tat org.apache.spark.sql.SparkSession.sharedState$lzycompute(SparkSession.scala:143)","logger":"airflow.task.hooks.airflow.providers.standard.hooks.subprocess.SubprocessHook"}
{"timestamp":"2025-09-03T02:01:57.071474","level":"info","event":"\tat org.apache.spark.sql.SparkSession.sharedState(SparkSession.scala:142)","logger":"airflow.task.hooks.airflow.providers.standard.hooks.subprocess.SubprocessHook"}
{"timestamp":"2025-09-03T02:01:57.071632","level":"info","event":"\tat org.apache.spark.sql.SparkSession.$anonfun$sessionState$2(SparkSession.scala:162)","logger":"airflow.task.hooks.airflow.providers.standard.hooks.subprocess.SubprocessHook"}
{"timestamp":"2025-09-03T02:01:57.071745","level":"info","event":"\tat scala.Option.getOrElse(Option.scala:189)","logger":"airflow.task.hooks.airflow.providers.standard.hooks.subprocess.SubprocessHook"}
{"timestamp":"2025-09-03T02:01:57.071836","level":"info","event":"\tat org.apache.spark.sql.SparkSession.sessionState$lzycompute(SparkSession.scala:160)","logger":"airflow.task.hooks.airflow.providers.standard.hooks.subprocess.SubprocessHook"}
{"timestamp":"2025-09-03T02:01:57.071914","level":"info","event":"\tat org.apache.spark.sql.SparkSession.sessionState(SparkSession.scala:157)","logger":"airflow.task.hooks.airflow.providers.standard.hooks.subprocess.SubprocessHook"}
{"timestamp":"2025-09-03T02:01:57.071964","level":"info","event":"\tat org.apache.spark.sql.streaming.DataStreamReader.<init>(DataStreamReader.scala:380)","logger":"airflow.task.hooks.airflow.providers.standard.hooks.subprocess.SubprocessHook"}
{"timestamp":"2025-09-03T02:01:57.072023","level":"info","event":"\tat org.apache.spark.sql.SparkSession.readStream(SparkSession.scala:794)","logger":"airflow.task.hooks.airflow.providers.standard.hooks.subprocess.SubprocessHook"}
{"timestamp":"2025-09-03T02:01:57.072080","level":"info","event":"\tat java.base/jdk.internal.reflect.NativeMethodAccessorImpl.invoke0(Native Method)","logger":"airflow.task.hooks.airflow.providers.standard.hooks.subprocess.SubprocessHook"}
{"timestamp":"2025-09-03T02:01:57.072140","level":"info","event":"\tat java.base/jdk.internal.reflect.NativeMethodAccessorImpl.invoke(NativeMethodAccessorImpl.java:77)","logger":"airflow.task.hooks.airflow.providers.standard.hooks.subprocess.SubprocessHook"}
{"timestamp":"2025-09-03T02:01:57.072345","level":"info","event":"\tat java.base/jdk.internal.reflect.DelegatingMethodAccessorImpl.invoke(DelegatingMethodAccessorImpl.java:43)","logger":"airflow.task.hooks.airflow.providers.standard.hooks.subprocess.SubprocessHook"}
{"timestamp":"2025-09-03T02:01:57.072428","level":"info","event":"\tat java.base/java.lang.reflect.Method.invoke(Method.java:569)","logger":"airflow.task.hooks.airflow.providers.standard.hooks.subprocess.SubprocessHook"}
{"timestamp":"2025-09-03T02:01:57.072528","level":"info","event":"\tat py4j.reflection.MethodInvoker.invoke(MethodInvoker.java:244)","logger":"airflow.task.hooks.airflow.providers.standard.hooks.subprocess.SubprocessHook"}
{"timestamp":"2025-09-03T02:01:57.072599","level":"info","event":"\tat py4j.reflection.ReflectionEngine.invoke(ReflectionEngine.java:374)","logger":"airflow.task.hooks.airflow.providers.standard.hooks.subprocess.SubprocessHook"}
{"timestamp":"2025-09-03T02:01:57.072665","level":"info","event":"\tat py4j.Gateway.invoke(Gateway.java:282)","logger":"airflow.task.hooks.airflow.providers.standard.hooks.subprocess.SubprocessHook"}
{"timestamp":"2025-09-03T02:01:57.072768","level":"info","event":"\tat py4j.commands.AbstractCommand.invokeMethod(AbstractCommand.java:132)","logger":"airflow.task.hooks.airflow.providers.standard.hooks.subprocess.SubprocessHook"}
{"timestamp":"2025-09-03T02:01:57.072946","level":"info","event":"\tat py4j.commands.CallCommand.execute(CallCommand.java:79)","logger":"airflow.task.hooks.airflow.providers.standard.hooks.subprocess.SubprocessHook"}
{"timestamp":"2025-09-03T02:01:57.073117","level":"info","event":"\tat py4j.ClientServerConnection.waitForCommands(ClientServerConnection.java:182)","logger":"airflow.task.hooks.airflow.providers.standard.hooks.subprocess.SubprocessHook"}
{"timestamp":"2025-09-03T02:01:57.073207","level":"info","event":"\tat py4j.ClientServerConnection.run(ClientServerConnection.java:106)","logger":"airflow.task.hooks.airflow.providers.standard.hooks.subprocess.SubprocessHook"}
{"timestamp":"2025-09-03T02:01:57.073258","level":"info","event":"\tat java.base/java.lang.Thread.run(Thread.java:840)","logger":"airflow.task.hooks.airflow.providers.standard.hooks.subprocess.SubprocessHook"}
{"timestamp":"2025-09-03T02:01:57.073302","level":"info","event":"Caused by: javax.security.auth.login.LoginException: java.lang.NullPointerException: invalid null input: name","logger":"airflow.task.hooks.airflow.providers.standard.hooks.subprocess.SubprocessHook"}
{"timestamp":"2025-09-03T02:01:57.073358","level":"info","event":"\tat jdk.security.auth/com.sun.security.auth.UnixPrincipal.<init>(UnixPrincipal.java:71)","logger":"airflow.task.hooks.airflow.providers.standard.hooks.subprocess.SubprocessHook"}
{"timestamp":"2025-09-03T02:01:57.073400","level":"info","event":"\tat jdk.security.auth/com.sun.security.auth.module.UnixLoginModule.login(UnixLoginModule.java:134)","logger":"airflow.task.hooks.airflow.providers.standard.hooks.subprocess.SubprocessHook"}
{"timestamp":"2025-09-03T02:01:57.073439","level":"info","event":"\tat java.base/javax.security.auth.login.LoginContext.invoke(LoginContext.java:755)","logger":"airflow.task.hooks.airflow.providers.standard.hooks.subprocess.SubprocessHook"}
{"timestamp":"2025-09-03T02:01:57.073487","level":"info","event":"\tat java.base/javax.security.auth.login.LoginContext$4.run(LoginContext.java:679)","logger":"airflow.task.hooks.airflow.providers.standard.hooks.subprocess.SubprocessHook"}
{"timestamp":"2025-09-03T02:01:57.073555","level":"info","event":"\tat java.base/javax.security.auth.login.LoginContext$4.run(LoginContext.java:677)","logger":"airflow.task.hooks.airflow.providers.standard.hooks.subprocess.SubprocessHook"}
{"timestamp":"2025-09-03T02:01:57.073601","level":"info","event":"\tat java.base/java.security.AccessController.doPrivileged(AccessController.java:712)","logger":"airflow.task.hooks.airflow.providers.standard.hooks.subprocess.SubprocessHook"}
{"timestamp":"2025-09-03T02:01:57.073644","level":"info","event":"\tat java.base/javax.security.auth.login.LoginContext.invokePriv(LoginContext.java:677)","logger":"airflow.task.hooks.airflow.providers.standard.hooks.subprocess.SubprocessHook"}
{"timestamp":"2025-09-03T02:01:57.073683","level":"info","event":"\tat java.base/javax.security.auth.login.LoginContext.login(LoginContext.java:587)","logger":"airflow.task.hooks.airflow.providers.standard.hooks.subprocess.SubprocessHook"}
{"timestamp":"2025-09-03T02:01:57.073726","level":"info","event":"\tat org.apache.hadoop.security.UserGroupInformation$HadoopLoginContext.login(UserGroupInformation.java:2065)","logger":"airflow.task.hooks.airflow.providers.standard.hooks.subprocess.SubprocessHook"}
{"timestamp":"2025-09-03T02:01:57.073784","level":"info","event":"\tat org.apache.hadoop.security.UserGroupInformation.doSubjectLogin(UserGroupInformation.java:1975)","logger":"airflow.task.hooks.airflow.providers.standard.hooks.subprocess.SubprocessHook"}
{"timestamp":"2025-09-03T02:01:57.073837","level":"info","event":"\tat org.apache.hadoop.security.UserGroupInformation.createLoginUser(UserGroupInformation.java:719)","logger":"airflow.task.hooks.airflow.providers.standard.hooks.subprocess.SubprocessHook"}
{"timestamp":"2025-09-03T02:01:57.073888","level":"info","event":"\tat org.apache.hadoop.security.UserGroupInformation.getLoginUser(UserGroupInformation.java:669)","logger":"airflow.task.hooks.airflow.providers.standard.hooks.subprocess.SubprocessHook"}
{"timestamp":"2025-09-03T02:01:57.073941","level":"info","event":"\tat org.apache.hadoop.security.UserGroupInformation.getCurrentUser(UserGroupInformation.java:579)","logger":"airflow.task.hooks.airflow.providers.standard.hooks.subprocess.SubprocessHook"}
{"timestamp":"2025-09-03T02:01:57.073996","level":"info","event":"\tat org.apache.hadoop.fs.FileSystem$Cache$Key.<init>(FileSystem.java:3746)","logger":"airflow.task.hooks.airflow.providers.standard.hooks.subprocess.SubprocessHook"}
{"timestamp":"2025-09-03T02:01:57.074052","level":"info","event":"\tat org.apache.hadoop.fs.FileSystem$Cache$Key.<init>(FileSystem.java:3736)","logger":"airflow.task.hooks.airflow.providers.standard.hooks.subprocess.SubprocessHook"}
{"timestamp":"2025-09-03T02:01:57.074107","level":"info","event":"\tat org.apache.hadoop.fs.FileSystem$Cache.get(FileSystem.java:3520)","logger":"airflow.task.hooks.airflow.providers.standard.hooks.subprocess.SubprocessHook"}
{"timestamp":"2025-09-03T02:01:57.074163","level":"info","event":"\tat org.apache.hadoop.fs.FileSystem.get(FileSystem.java:540)","logger":"airflow.task.hooks.airflow.providers.standard.hooks.subprocess.SubprocessHook"}
{"timestamp":"2025-09-03T02:01:57.074218","level":"info","event":"\tat org.apache.hadoop.fs.Path.getFileSystem(Path.java:365)","logger":"airflow.task.hooks.airflow.providers.standard.hooks.subprocess.SubprocessHook"}
{"timestamp":"2025-09-03T02:01:57.074273","level":"info","event":"\tat org.apache.spark.sql.internal.SharedState$.qualifyWarehousePath(SharedState.scala:288)","logger":"airflow.task.hooks.airflow.providers.standard.hooks.subprocess.SubprocessHook"}
{"timestamp":"2025-09-03T02:01:57.074327","level":"info","event":"\tat org.apache.spark.sql.internal.SharedState.liftedTree1$1(SharedState.scala:80)","logger":"airflow.task.hooks.airflow.providers.standard.hooks.subprocess.SubprocessHook"}
{"timestamp":"2025-09-03T02:01:57.074392","level":"info","event":"\tat org.apache.spark.sql.internal.SharedState.<init>(SharedState.scala:79)","logger":"airflow.task.hooks.airflow.providers.standard.hooks.subprocess.SubprocessHook"}
{"timestamp":"2025-09-03T02:01:57.074461","level":"info","event":"\tat org.apache.spark.sql.SparkSession.$anonfun$sharedState$1(SparkSession.scala:143)","logger":"airflow.task.hooks.airflow.providers.standard.hooks.subprocess.SubprocessHook"}
{"timestamp":"2025-09-03T02:01:57.074521","level":"info","event":"\tat scala.Option.getOrElse(Option.scala:189)","logger":"airflow.task.hooks.airflow.providers.standard.hooks.subprocess.SubprocessHook"}
{"timestamp":"2025-09-03T02:01:57.074627","level":"info","event":"\tat org.apache.spark.sql.SparkSession.sharedState$lzycompute(SparkSession.scala:143)","logger":"airflow.task.hooks.airflow.providers.standard.hooks.subprocess.SubprocessHook"}
{"timestamp":"2025-09-03T02:01:57.074697","level":"info","event":"\tat org.apache.spark.sql.SparkSession.sharedState(SparkSession.scala:142)","logger":"airflow.task.hooks.airflow.providers.standard.hooks.subprocess.SubprocessHook"}
{"timestamp":"2025-09-03T02:01:57.074750","level":"info","event":"\tat org.apache.spark.sql.SparkSession.$anonfun$sessionState$2(SparkSession.scala:162)","logger":"airflow.task.hooks.airflow.providers.standard.hooks.subprocess.SubprocessHook"}
{"timestamp":"2025-09-03T02:01:57.074807","level":"info","event":"\tat scala.Option.getOrElse(Option.scala:189)","logger":"airflow.task.hooks.airflow.providers.standard.hooks.subprocess.SubprocessHook"}
{"timestamp":"2025-09-03T02:01:57.074861","level":"info","event":"\tat org.apache.spark.sql.SparkSession.sessionState$lzycompute(SparkSession.scala:160)","logger":"airflow.task.hooks.airflow.providers.standard.hooks.subprocess.SubprocessHook"}
{"timestamp":"2025-09-03T02:01:57.074915","level":"info","event":"\tat org.apache.spark.sql.SparkSession.sessionState(SparkSession.scala:157)","logger":"airflow.task.hooks.airflow.providers.standard.hooks.subprocess.SubprocessHook"}
{"timestamp":"2025-09-03T02:01:57.074969","level":"info","event":"\tat org.apache.spark.sql.streaming.DataStreamReader.<init>(DataStreamReader.scala:380)","logger":"airflow.task.hooks.airflow.providers.standard.hooks.subprocess.SubprocessHook"}
{"timestamp":"2025-09-03T02:01:57.075023","level":"info","event":"\tat org.apache.spark.sql.SparkSession.readStream(SparkSession.scala:794)","logger":"airflow.task.hooks.airflow.providers.standard.hooks.subprocess.SubprocessHook"}
{"timestamp":"2025-09-03T02:01:57.075077","level":"info","event":"\tat java.base/jdk.internal.reflect.NativeMethodAccessorImpl.invoke0(Native Method)","logger":"airflow.task.hooks.airflow.providers.standard.hooks.subprocess.SubprocessHook"}
{"timestamp":"2025-09-03T02:01:57.075247","level":"info","event":"\tat java.base/jdk.internal.reflect.NativeMethodAccessorImpl.invoke(NativeMethodAccessorImpl.java:77)","logger":"airflow.task.hooks.airflow.providers.standard.hooks.subprocess.SubprocessHook"}
{"timestamp":"2025-09-03T02:01:57.075335","level":"info","event":"\tat java.base/jdk.internal.reflect.DelegatingMethodAccessorImpl.invoke(DelegatingMethodAccessorImpl.java:43)","logger":"airflow.task.hooks.airflow.providers.standard.hooks.subprocess.SubprocessHook"}
{"timestamp":"2025-09-03T02:01:57.075415","level":"info","event":"\tat java.base/java.lang.reflect.Method.invoke(Method.java:569)","logger":"airflow.task.hooks.airflow.providers.standard.hooks.subprocess.SubprocessHook"}
{"timestamp":"2025-09-03T02:01:57.075492","level":"info","event":"\tat py4j.reflection.MethodInvoker.invoke(MethodInvoker.java:244)","logger":"airflow.task.hooks.airflow.providers.standard.hooks.subprocess.SubprocessHook"}
{"timestamp":"2025-09-03T02:01:57.075568","level":"info","event":"\tat py4j.reflection.ReflectionEngine.invoke(ReflectionEngine.java:374)","logger":"airflow.task.hooks.airflow.providers.standard.hooks.subprocess.SubprocessHook"}
{"timestamp":"2025-09-03T02:01:57.075644","level":"info","event":"\tat py4j.Gateway.invoke(Gateway.java:282)","logger":"airflow.task.hooks.airflow.providers.standard.hooks.subprocess.SubprocessHook"}
{"timestamp":"2025-09-03T02:01:57.075766","level":"info","event":"\tat py4j.commands.AbstractCommand.invokeMethod(AbstractCommand.java:132)","logger":"airflow.task.hooks.airflow.providers.standard.hooks.subprocess.SubprocessHook"}
{"timestamp":"2025-09-03T02:01:57.075841","level":"info","event":"\tat py4j.commands.CallCommand.execute(CallCommand.java:79)","logger":"airflow.task.hooks.airflow.providers.standard.hooks.subprocess.SubprocessHook"}
{"timestamp":"2025-09-03T02:01:57.075887","level":"info","event":"\tat py4j.ClientServerConnection.waitForCommands(ClientServerConnection.java:182)","logger":"airflow.task.hooks.airflow.providers.standard.hooks.subprocess.SubprocessHook"}
{"timestamp":"2025-09-03T02:01:57.075977","level":"info","event":"\tat py4j.ClientServerConnection.run(ClientServerConnection.java:106)","logger":"airflow.task.hooks.airflow.providers.standard.hooks.subprocess.SubprocessHook"}
{"timestamp":"2025-09-03T02:01:57.076025","level":"info","event":"\tat java.base/java.lang.Thread.run(Thread.java:840)","logger":"airflow.task.hooks.airflow.providers.standard.hooks.subprocess.SubprocessHook"}
{"timestamp":"2025-09-03T02:01:57.076063","level":"info","event":"","logger":"airflow.task.hooks.airflow.providers.standard.hooks.subprocess.SubprocessHook"}
{"timestamp":"2025-09-03T02:01:57.076101","level":"info","event":"\tat java.base/javax.security.auth.login.LoginContext.invoke(LoginContext.java:850)","logger":"airflow.task.hooks.airflow.providers.standard.hooks.subprocess.SubprocessHook"}
{"timestamp":"2025-09-03T02:01:57.076145","level":"info","event":"\tat java.base/javax.security.auth.login.LoginContext$4.run(LoginContext.java:679)","logger":"airflow.task.hooks.airflow.providers.standard.hooks.subprocess.SubprocessHook"}
{"timestamp":"2025-09-03T02:01:57.076207","level":"info","event":"\tat java.base/javax.security.auth.login.LoginContext$4.run(LoginContext.java:677)","logger":"airflow.task.hooks.airflow.providers.standard.hooks.subprocess.SubprocessHook"}
{"timestamp":"2025-09-03T02:01:57.076266","level":"info","event":"\tat java.base/java.security.AccessController.doPrivileged(AccessController.java:712)","logger":"airflow.task.hooks.airflow.providers.standard.hooks.subprocess.SubprocessHook"}
{"timestamp":"2025-09-03T02:01:57.076325","level":"info","event":"\tat java.base/javax.security.auth.login.LoginContext.invokePriv(LoginContext.java:677)","logger":"airflow.task.hooks.airflow.providers.standard.hooks.subprocess.SubprocessHook"}
{"timestamp":"2025-09-03T02:01:57.076392","level":"info","event":"\tat java.base/javax.security.auth.login.LoginContext.login(LoginContext.java:587)","logger":"airflow.task.hooks.airflow.providers.standard.hooks.subprocess.SubprocessHook"}
{"timestamp":"2025-09-03T02:01:57.076458","level":"info","event":"\tat org.apache.hadoop.security.UserGroupInformation$HadoopLoginContext.login(UserGroupInformation.java:2065)","logger":"airflow.task.hooks.airflow.providers.standard.hooks.subprocess.SubprocessHook"}
{"timestamp":"2025-09-03T02:01:57.076520","level":"info","event":"\tat org.apache.hadoop.security.UserGroupInformation.doSubjectLogin(UserGroupInformation.java:1975)","logger":"airflow.task.hooks.airflow.providers.standard.hooks.subprocess.SubprocessHook"}
{"timestamp":"2025-09-03T02:01:57.076589","level":"info","event":"\t... 33 more","logger":"airflow.task.hooks.airflow.providers.standard.hooks.subprocess.SubprocessHook"}
{"timestamp":"2025-09-03T02:01:58.381085","level":"info","event":"ERROR:__main__:Fatal error in bronze-payments: Failed to find data source: kafka. Please deploy the application as per the deployment section of Structured Streaming + Kafka Integration Guide.","logger":"airflow.task.hooks.airflow.providers.standard.hooks.subprocess.SubprocessHook"}
{"timestamp":"2025-09-03T02:01:58.381233","level":"info","event":"Traceback (most recent call last):","logger":"airflow.task.hooks.airflow.providers.standard.hooks.subprocess.SubprocessHook"}
{"timestamp":"2025-09-03T02:01:58.381290","level":"info","event":"  File \"/opt/jobs/bronze_payments.py\", line 43, in main","logger":"airflow.task.hooks.airflow.providers.standard.hooks.subprocess.SubprocessHook"}
{"timestamp":"2025-09-03T02:01:58.381331","level":"info","event":"    .load())","logger":"airflow.task.hooks.airflow.providers.standard.hooks.subprocess.SubprocessHook"}
{"timestamp":"2025-09-03T02:01:58.381371","level":"info","event":"     ^^^^^^","logger":"airflow.task.hooks.airflow.providers.standard.hooks.subprocess.SubprocessHook"}
{"timestamp":"2025-09-03T02:01:58.381408","level":"info","event":"  File \"/opt/spark/python/lib/pyspark.zip/pyspark/sql/streaming/readwriter.py\", line 304, in load","logger":"airflow.task.hooks.airflow.providers.standard.hooks.subprocess.SubprocessHook"}
{"timestamp":"2025-09-03T02:01:58.381446","level":"info","event":"    return self._df(self._jreader.load())","logger":"airflow.task.hooks.airflow.providers.standard.hooks.subprocess.SubprocessHook"}
{"timestamp":"2025-09-03T02:01:58.381484","level":"info","event":"                    ^^^^^^^^^^^^^^^^^^^^","logger":"airflow.task.hooks.airflow.providers.standard.hooks.subprocess.SubprocessHook"}
{"timestamp":"2025-09-03T02:01:58.381520","level":"info","event":"  File \"/opt/spark/python/lib/py4j-0.10.9.7-src.zip/py4j/java_gateway.py\", line 1322, in __call__","logger":"airflow.task.hooks.airflow.providers.standard.hooks.subprocess.SubprocessHook"}
{"timestamp":"2025-09-03T02:01:58.381559","level":"info","event":"    return_value = get_return_value(","logger":"airflow.task.hooks.airflow.providers.standard.hooks.subprocess.SubprocessHook"}
{"timestamp":"2025-09-03T02:01:58.381595","level":"info","event":"                   ^^^^^^^^^^^^^^^^^","logger":"airflow.task.hooks.airflow.providers.standard.hooks.subprocess.SubprocessHook"}
{"timestamp":"2025-09-03T02:01:58.381640","level":"info","event":"  File \"/opt/spark/python/lib/pyspark.zip/pyspark/errors/exceptions/captured.py\", line 185, in deco","logger":"airflow.task.hooks.airflow.providers.standard.hooks.subprocess.SubprocessHook"}
{"timestamp":"2025-09-03T02:01:58.381679","level":"info","event":"    raise converted from None","logger":"airflow.task.hooks.airflow.providers.standard.hooks.subprocess.SubprocessHook"}
{"timestamp":"2025-09-03T02:01:58.381724","level":"info","event":"pyspark.errors.exceptions.captured.AnalysisException: Failed to find data source: kafka. Please deploy the application as per the deployment section of Structured Streaming + Kafka Integration Guide.","logger":"airflow.task.hooks.airflow.providers.standard.hooks.subprocess.SubprocessHook"}
{"timestamp":"2025-09-03T02:01:58.381763","level":"info","event":"Traceback (most recent call last):","logger":"airflow.task.hooks.airflow.providers.standard.hooks.subprocess.SubprocessHook"}
{"timestamp":"2025-09-03T02:01:58.381803","level":"info","event":"  File \"/opt/jobs/bronze_payments.py\", line 66, in <module>","logger":"airflow.task.hooks.airflow.providers.standard.hooks.subprocess.SubprocessHook"}
{"timestamp":"2025-09-03T02:01:58.383374","level":"info","event":"    main()","logger":"airflow.task.hooks.airflow.providers.standard.hooks.subprocess.SubprocessHook"}
{"timestamp":"2025-09-03T02:01:58.383477","level":"info","event":"  File \"/opt/jobs/bronze_payments.py\", line 43, in main","logger":"airflow.task.hooks.airflow.providers.standard.hooks.subprocess.SubprocessHook"}
{"timestamp":"2025-09-03T02:01:58.385370","level":"info","event":"    .load())","logger":"airflow.task.hooks.airflow.providers.standard.hooks.subprocess.SubprocessHook"}
{"timestamp":"2025-09-03T02:01:58.385510","level":"info","event":"     ^^^^^^","logger":"airflow.task.hooks.airflow.providers.standard.hooks.subprocess.SubprocessHook"}
{"timestamp":"2025-09-03T02:01:58.385562","level":"info","event":"  File \"/opt/spark/python/lib/pyspark.zip/pyspark/sql/streaming/readwriter.py\", line 304, in load","logger":"airflow.task.hooks.airflow.providers.standard.hooks.subprocess.SubprocessHook"}
{"timestamp":"2025-09-03T02:01:58.385611","level":"info","event":"  File \"/opt/spark/python/lib/py4j-0.10.9.7-src.zip/py4j/java_gateway.py\", line 1322, in __call__","logger":"airflow.task.hooks.airflow.providers.standard.hooks.subprocess.SubprocessHook"}
{"timestamp":"2025-09-03T02:01:58.385929","level":"info","event":"  File \"/opt/spark/python/lib/pyspark.zip/pyspark/errors/exceptions/captured.py\", line 185, in deco","logger":"airflow.task.hooks.airflow.providers.standard.hooks.subprocess.SubprocessHook"}
{"timestamp":"2025-09-03T02:01:58.396236","level":"info","event":"pyspark.errors.exceptions.captured.AnalysisException: Failed to find data source: kafka. Please deploy the application as per the deployment section of Structured Streaming + Kafka Integration Guide.","logger":"airflow.task.hooks.airflow.providers.standard.hooks.subprocess.SubprocessHook"}
{"timestamp":"2025-09-03T02:01:58.396369","level":"info","event":"INFO:py4j.clientserver:Closing down clientserver connection","logger":"airflow.task.hooks.airflow.providers.standard.hooks.subprocess.SubprocessHook"}
{"timestamp":"2025-09-03T02:01:58.440670","level":"info","event":"25/09/03 02:01:58 INFO SparkContext: Invoking stop() from shutdown hook","logger":"airflow.task.hooks.airflow.providers.standard.hooks.subprocess.SubprocessHook"}
{"timestamp":"2025-09-03T02:01:58.440921","level":"info","event":"25/09/03 02:01:58 INFO SparkContext: SparkContext is stopping with exitCode 0.","logger":"airflow.task.hooks.airflow.providers.standard.hooks.subprocess.SubprocessHook"}
{"timestamp":"2025-09-03T02:01:58.451128","level":"info","event":"25/09/03 02:01:58 INFO SparkUI: Stopped Spark web UI at http://3f061c594115:4040","logger":"airflow.task.hooks.airflow.providers.standard.hooks.subprocess.SubprocessHook"}
{"timestamp":"2025-09-03T02:01:58.454789","level":"info","event":"25/09/03 02:01:58 INFO StandaloneSchedulerBackend: Shutting down all executors","logger":"airflow.task.hooks.airflow.providers.standard.hooks.subprocess.SubprocessHook"}
{"timestamp":"2025-09-03T02:01:58.458883","level":"info","event":"25/09/03 02:01:58 INFO StandaloneSchedulerBackend$StandaloneDriverEndpoint: Asking each executor to shut down","logger":"airflow.task.hooks.airflow.providers.standard.hooks.subprocess.SubprocessHook"}
{"timestamp":"2025-09-03T02:01:58.472302","level":"info","event":"25/09/03 02:01:58 INFO MapOutputTrackerMasterEndpoint: MapOutputTrackerMasterEndpoint stopped!","logger":"airflow.task.hooks.airflow.providers.standard.hooks.subprocess.SubprocessHook"}
{"timestamp":"2025-09-03T02:01:58.483967","level":"info","event":"25/09/03 02:01:58 INFO MemoryStore: MemoryStore cleared","logger":"airflow.task.hooks.airflow.providers.standard.hooks.subprocess.SubprocessHook"}
{"timestamp":"2025-09-03T02:01:58.484509","level":"info","event":"25/09/03 02:01:58 INFO BlockManager: BlockManager stopped","logger":"airflow.task.hooks.airflow.providers.standard.hooks.subprocess.SubprocessHook"}
{"timestamp":"2025-09-03T02:01:58.494991","level":"info","event":"25/09/03 02:01:58 INFO BlockManagerMaster: BlockManagerMaster stopped","logger":"airflow.task.hooks.airflow.providers.standard.hooks.subprocess.SubprocessHook"}
{"timestamp":"2025-09-03T02:01:58.498767","level":"info","event":"25/09/03 02:01:58 INFO OutputCommitCoordinator$OutputCommitCoordinatorEndpoint: OutputCommitCoordinator stopped!","logger":"airflow.task.hooks.airflow.providers.standard.hooks.subprocess.SubprocessHook"}
{"timestamp":"2025-09-03T02:01:58.507409","level":"info","event":"25/09/03 02:01:58 INFO SparkContext: Successfully stopped SparkContext","logger":"airflow.task.hooks.airflow.providers.standard.hooks.subprocess.SubprocessHook"}
{"timestamp":"2025-09-03T02:01:58.507632","level":"info","event":"25/09/03 02:01:58 INFO ShutdownHookManager: Shutdown hook called","logger":"airflow.task.hooks.airflow.providers.standard.hooks.subprocess.SubprocessHook"}
{"timestamp":"2025-09-03T02:01:58.508226","level":"info","event":"25/09/03 02:01:58 INFO ShutdownHookManager: Deleting directory /tmp/spark-04147caf-5bc5-4492-80b6-a4d16ba10c8a/pyspark-24a768c2-a600-4baf-b848-14932c674b09","logger":"airflow.task.hooks.airflow.providers.standard.hooks.subprocess.SubprocessHook"}
{"timestamp":"2025-09-03T02:01:58.511418","level":"info","event":"25/09/03 02:01:58 INFO ShutdownHookManager: Deleting directory /tmp/spark-524f05c4-7a4a-41db-b785-f6a94847a818","logger":"airflow.task.hooks.airflow.providers.standard.hooks.subprocess.SubprocessHook"}
{"timestamp":"2025-09-03T02:01:58.514285","level":"info","event":"25/09/03 02:01:58 INFO ShutdownHookManager: Deleting directory /tmp/spark-04147caf-5bc5-4492-80b6-a4d16ba10c8a","logger":"airflow.task.hooks.airflow.providers.standard.hooks.subprocess.SubprocessHook"}
{"timestamp":"2025-09-03T02:01:58.547831","level":"info","event":"Command exited with return code 1","logger":"airflow.task.hooks.airflow.providers.standard.hooks.subprocess.SubprocessHook"}
{"timestamp":"2025-09-03T02:01:58.548409","level":"error","event":"Task failed with exception","logger":"task","error_detail":[{"exc_type":"AirflowException","exc_value":"Bash command failed. The command returned a non-zero exit code 1.","exc_notes":[],"syntax_error":null,"is_cause":false,"frames":[{"filename":"/opt/bitnami/airflow/venv/lib/python3.12/site-packages/airflow/sdk/execution_time/task_runner.py","lineno":918,"name":"run"},{"filename":"/opt/bitnami/airflow/venv/lib/python3.12/site-packages/airflow/sdk/execution_time/task_runner.py","lineno":1213,"name":"_execute_task"},{"filename":"/opt/bitnami/airflow/venv/lib/python3.12/site-packages/airflow/sdk/bases/operator.py","lineno":397,"name":"wrapper"},{"filename":"/opt/bitnami/airflow/venv/lib/python3.12/site-packages/airflow/providers/standard/operators/bash.py","lineno":232,"name":"execute"}],"is_group":false,"exceptions":[]}]}
{"timestamp":"2025-09-03T02:01:58.549781Z","level":"info","event":"Task instance in failure state","chan":"stdout","logger":"task"}
{"timestamp":"2025-09-03T02:01:58.550160Z","level":"info","event":"Task start","chan":"stdout","logger":"task"}
{"timestamp":"2025-09-03T02:01:58.550411Z","level":"info","event":"Task:<Task(BashOperator): payments_bronze_stream>","chan":"stdout","logger":"task"}
{"timestamp":"2025-09-03T02:01:58.550606Z","level":"info","event":"Failure caused by Bash command failed. The command returned a non-zero exit code 1.","chan":"stdout","logger":"task"}
