{"timestamp":"2025-09-03T00:20:07.287218","level":"info","event":"DAG bundles loaded: dags-folder, example_dags","logger":"airflow.dag_processing.bundles.manager.DagBundlesManager"}
{"timestamp":"2025-09-03T00:20:07.287882","level":"info","event":"Filling up the DagBag from /opt/bitnami/airflow/dags/rt_pipeline.py","logger":"airflow.models.dagbag.DagBag"}
{"timestamp":"2025-09-03T00:20:07.340410Z","level":"info","event":"Task instance is in running state","chan":"stdout","logger":"task"}
{"timestamp":"2025-09-03T00:20:07.340877Z","level":"info","event":" Previous state of the Task instance: TaskInstanceState.QUEUED","chan":"stdout","logger":"task"}
{"timestamp":"2025-09-03T00:20:07.341172Z","level":"info","event":"Current task name:orders_bronze_stream","chan":"stdout","logger":"task"}
{"timestamp":"2025-09-03T00:20:07.341787Z","level":"info","event":"Dag name:bronze_streams","chan":"stdout","logger":"task"}
{"timestamp":"2025-09-03T00:20:07.341179","level":"info","event":"Tmp dir root location: /tmp","logger":"airflow.task.hooks.airflow.providers.standard.hooks.subprocess.SubprocessHook"}
{"timestamp":"2025-09-03T00:20:07.341779","level":"info","event":"Running command: ['/usr/bin/bash', '-c', '/opt/spark/bin/spark-submit --master spark://spark-master:7077 --deploy-mode client /opt/jobs/bronze_orders.py']","logger":"airflow.task.hooks.airflow.providers.standard.hooks.subprocess.SubprocessHook"}
{"timestamp":"2025-09-03T00:20:07.355538","level":"info","event":"Output:","logger":"airflow.task.hooks.airflow.providers.standard.hooks.subprocess.SubprocessHook"}
{"timestamp":"2025-09-03T00:20:07.366855","level":"info","event":"NWRAP_ERROR[<unknown> (466)] - nwrap_files_cache_reload: Unable to open '/opt/bitnami/airflow/nss-wrapper/nss_passwd' readonly -1:No such file or directory","logger":"airflow.task.hooks.airflow.providers.standard.hooks.subprocess.SubprocessHook"}
{"timestamp":"2025-09-03T00:20:07.367017","level":"info","event":"NWRAP_ERROR[<unknown> (466)] - nwrap_files_getpwuid: Error loading passwd file","logger":"airflow.task.hooks.airflow.providers.standard.hooks.subprocess.SubprocessHook"}
{"timestamp":"2025-09-03T00:20:07.377326","level":"info","event":"NWRAP_ERROR[<unknown> (466)] - nwrap_files_cache_reload: Unable to open '/opt/bitnami/airflow/nss-wrapper/nss_passwd' readonly -1:No such file or directory","logger":"airflow.task.hooks.airflow.providers.standard.hooks.subprocess.SubprocessHook"}
{"timestamp":"2025-09-03T00:20:07.377480","level":"info","event":"NWRAP_ERROR[<unknown> (466)] - nwrap_files_getpwuid: Error loading passwd file","logger":"airflow.task.hooks.airflow.providers.standard.hooks.subprocess.SubprocessHook"}
{"timestamp":"2025-09-03T00:20:07.488850","level":"info","event":"NWRAP_ERROR[<unknown> (455)] - nwrap_files_cache_reload: Unable to open '/opt/bitnami/airflow/nss-wrapper/nss_passwd' readonly -1:No such file or directory","logger":"airflow.task.hooks.airflow.providers.standard.hooks.subprocess.SubprocessHook"}
{"timestamp":"2025-09-03T00:20:07.489083","level":"info","event":"NWRAP_ERROR[<unknown> (455)] - nwrap_files_getpwuid: Error loading passwd file","logger":"airflow.task.hooks.airflow.providers.standard.hooks.subprocess.SubprocessHook"}
{"timestamp":"2025-09-03T00:20:07.500608","level":"info","event":"NWRAP_ERROR[<unknown> (455)] - nwrap_files_cache_reload: Unable to open '/opt/bitnami/airflow/nss-wrapper/nss_passwd' readonly -1:No such file or directory","logger":"airflow.task.hooks.airflow.providers.standard.hooks.subprocess.SubprocessHook"}
{"timestamp":"2025-09-03T00:20:07.500789","level":"info","event":"NWRAP_ERROR[<unknown> (455)] - nwrap_files_getpwuid: Error loading passwd file","logger":"airflow.task.hooks.airflow.providers.standard.hooks.subprocess.SubprocessHook"}
{"timestamp":"2025-09-03T00:20:08.700402","level":"info","event":"Warning: Ignoring non-Spark config property: hive.metastore.uris","logger":"airflow.task.hooks.airflow.providers.standard.hooks.subprocess.SubprocessHook"}
{"timestamp":"2025-09-03T00:20:08.948910","level":"info","event":":: loading settings :: url = jar:file:/opt/spark-3.5.1-bin-hadoop3/jars/ivy-2.5.1.jar!/org/apache/ivy/core/settings/ivysettings.xml","logger":"airflow.task.hooks.airflow.providers.standard.hooks.subprocess.SubprocessHook"}
{"timestamp":"2025-09-03T00:20:09.005688","level":"info","event":"Ivy Default Cache set to: /tmp/.ivy2/cache","logger":"airflow.task.hooks.airflow.providers.standard.hooks.subprocess.SubprocessHook"}
{"timestamp":"2025-09-03T00:20:09.005871","level":"info","event":"The jars for the packages stored in: /tmp/.ivy2/jars","logger":"airflow.task.hooks.airflow.providers.standard.hooks.subprocess.SubprocessHook"}
{"timestamp":"2025-09-03T00:20:09.010872","level":"info","event":"io.delta#delta-spark_2.12 added as a dependency","logger":"airflow.task.hooks.airflow.providers.standard.hooks.subprocess.SubprocessHook"}
{"timestamp":"2025-09-03T00:20:09.011052","level":"info","event":"org.apache.spark#spark-sql-kafka-0-10_2.12 added as a dependency","logger":"airflow.task.hooks.airflow.providers.standard.hooks.subprocess.SubprocessHook"}
{"timestamp":"2025-09-03T00:20:09.011114","level":"info","event":"org.apache.spark#spark-token-provider-kafka-0-10_2.12 added as a dependency","logger":"airflow.task.hooks.airflow.providers.standard.hooks.subprocess.SubprocessHook"}
{"timestamp":"2025-09-03T00:20:09.011161","level":"info","event":"org.apache.hadoop#hadoop-aws added as a dependency","logger":"airflow.task.hooks.airflow.providers.standard.hooks.subprocess.SubprocessHook"}
{"timestamp":"2025-09-03T00:20:09.011202","level":"info","event":"com.amazonaws#aws-java-sdk-bundle added as a dependency","logger":"airflow.task.hooks.airflow.providers.standard.hooks.subprocess.SubprocessHook"}
{"timestamp":"2025-09-03T00:20:09.012450","level":"info","event":":: resolving dependencies :: org.apache.spark#spark-submit-parent-bb581e90-eb4e-41de-9928-9a0335841855;1.0","logger":"airflow.task.hooks.airflow.providers.standard.hooks.subprocess.SubprocessHook"}
{"timestamp":"2025-09-03T00:20:09.012587","level":"info","event":"\tconfs: [default]","logger":"airflow.task.hooks.airflow.providers.standard.hooks.subprocess.SubprocessHook"}
{"timestamp":"2025-09-03T00:20:09.143930","level":"info","event":"\tfound io.delta#delta-spark_2.12;3.2.0 in central","logger":"airflow.task.hooks.airflow.providers.standard.hooks.subprocess.SubprocessHook"}
{"timestamp":"2025-09-03T00:20:09.175722","level":"info","event":"\tfound io.delta#delta-storage;3.2.0 in central","logger":"airflow.task.hooks.airflow.providers.standard.hooks.subprocess.SubprocessHook"}
{"timestamp":"2025-09-03T00:20:09.195213","level":"info","event":"\tfound org.antlr#antlr4-runtime;4.9.3 in central","logger":"airflow.task.hooks.airflow.providers.standard.hooks.subprocess.SubprocessHook"}
{"timestamp":"2025-09-03T00:20:09.250748","level":"info","event":"\tfound org.apache.spark#spark-sql-kafka-0-10_2.12;3.5.0 in central","logger":"airflow.task.hooks.airflow.providers.standard.hooks.subprocess.SubprocessHook"}
{"timestamp":"2025-09-03T00:20:09.288414","level":"info","event":"\tfound org.apache.spark#spark-token-provider-kafka-0-10_2.12;3.5.0 in central","logger":"airflow.task.hooks.airflow.providers.standard.hooks.subprocess.SubprocessHook"}
{"timestamp":"2025-09-03T00:20:09.306000","level":"info","event":"\tfound org.apache.kafka#kafka-clients;3.4.1 in central","logger":"airflow.task.hooks.airflow.providers.standard.hooks.subprocess.SubprocessHook"}
{"timestamp":"2025-09-03T00:20:09.321095","level":"info","event":"\tfound org.lz4#lz4-java;1.8.0 in central","logger":"airflow.task.hooks.airflow.providers.standard.hooks.subprocess.SubprocessHook"}
{"timestamp":"2025-09-03T00:20:09.338090","level":"info","event":"\tfound org.xerial.snappy#snappy-java;1.1.10.3 in central","logger":"airflow.task.hooks.airflow.providers.standard.hooks.subprocess.SubprocessHook"}
{"timestamp":"2025-09-03T00:20:09.351478","level":"info","event":"\tfound org.slf4j#slf4j-api;2.0.7 in central","logger":"airflow.task.hooks.airflow.providers.standard.hooks.subprocess.SubprocessHook"}
{"timestamp":"2025-09-03T00:20:09.369903","level":"info","event":"\tfound org.apache.hadoop#hadoop-client-runtime;3.3.4 in central","logger":"airflow.task.hooks.airflow.providers.standard.hooks.subprocess.SubprocessHook"}
{"timestamp":"2025-09-03T00:20:09.389865","level":"info","event":"\tfound org.apache.hadoop#hadoop-client-api;3.3.4 in central","logger":"airflow.task.hooks.airflow.providers.standard.hooks.subprocess.SubprocessHook"}
{"timestamp":"2025-09-03T00:20:09.404354","level":"info","event":"\tfound commons-logging#commons-logging;1.1.3 in central","logger":"airflow.task.hooks.airflow.providers.standard.hooks.subprocess.SubprocessHook"}
{"timestamp":"2025-09-03T00:20:09.413773","level":"info","event":"\tfound com.google.code.findbugs#jsr305;3.0.0 in central","logger":"airflow.task.hooks.airflow.providers.standard.hooks.subprocess.SubprocessHook"}
{"timestamp":"2025-09-03T00:20:09.426558","level":"info","event":"\tfound org.apache.commons#commons-pool2;2.11.1 in central","logger":"airflow.task.hooks.airflow.providers.standard.hooks.subprocess.SubprocessHook"}
{"timestamp":"2025-09-03T00:20:09.440654","level":"info","event":"\tfound org.apache.hadoop#hadoop-aws;3.3.6 in central","logger":"airflow.task.hooks.airflow.providers.standard.hooks.subprocess.SubprocessHook"}
{"timestamp":"2025-09-03T00:20:09.450630","level":"info","event":"\tfound com.amazonaws#aws-java-sdk-bundle;1.12.367 in central","logger":"airflow.task.hooks.airflow.providers.standard.hooks.subprocess.SubprocessHook"}
{"timestamp":"2025-09-03T00:20:09.459250","level":"info","event":"\tfound org.wildfly.openssl#wildfly-openssl;1.1.3.Final in central","logger":"airflow.task.hooks.airflow.providers.standard.hooks.subprocess.SubprocessHook"}
{"timestamp":"2025-09-03T00:20:09.481166","level":"info","event":":: resolution report :: resolve 458ms :: artifacts dl 10ms","logger":"airflow.task.hooks.airflow.providers.standard.hooks.subprocess.SubprocessHook"}
{"timestamp":"2025-09-03T00:20:09.481342","level":"info","event":"\t:: modules in use:","logger":"airflow.task.hooks.airflow.providers.standard.hooks.subprocess.SubprocessHook"}
{"timestamp":"2025-09-03T00:20:09.481408","level":"info","event":"\tcom.amazonaws#aws-java-sdk-bundle;1.12.367 from central in [default]","logger":"airflow.task.hooks.airflow.providers.standard.hooks.subprocess.SubprocessHook"}
{"timestamp":"2025-09-03T00:20:09.481451","level":"info","event":"\tcom.google.code.findbugs#jsr305;3.0.0 from central in [default]","logger":"airflow.task.hooks.airflow.providers.standard.hooks.subprocess.SubprocessHook"}
{"timestamp":"2025-09-03T00:20:09.481490","level":"info","event":"\tcommons-logging#commons-logging;1.1.3 from central in [default]","logger":"airflow.task.hooks.airflow.providers.standard.hooks.subprocess.SubprocessHook"}
{"timestamp":"2025-09-03T00:20:09.481527","level":"info","event":"\tio.delta#delta-spark_2.12;3.2.0 from central in [default]","logger":"airflow.task.hooks.airflow.providers.standard.hooks.subprocess.SubprocessHook"}
{"timestamp":"2025-09-03T00:20:09.481571","level":"info","event":"\tio.delta#delta-storage;3.2.0 from central in [default]","logger":"airflow.task.hooks.airflow.providers.standard.hooks.subprocess.SubprocessHook"}
{"timestamp":"2025-09-03T00:20:09.481647","level":"info","event":"\torg.antlr#antlr4-runtime;4.9.3 from central in [default]","logger":"airflow.task.hooks.airflow.providers.standard.hooks.subprocess.SubprocessHook"}
{"timestamp":"2025-09-03T00:20:09.481740","level":"info","event":"\torg.apache.commons#commons-pool2;2.11.1 from central in [default]","logger":"airflow.task.hooks.airflow.providers.standard.hooks.subprocess.SubprocessHook"}
{"timestamp":"2025-09-03T00:20:09.481813","level":"info","event":"\torg.apache.hadoop#hadoop-aws;3.3.6 from central in [default]","logger":"airflow.task.hooks.airflow.providers.standard.hooks.subprocess.SubprocessHook"}
{"timestamp":"2025-09-03T00:20:09.481873","level":"info","event":"\torg.apache.hadoop#hadoop-client-api;3.3.4 from central in [default]","logger":"airflow.task.hooks.airflow.providers.standard.hooks.subprocess.SubprocessHook"}
{"timestamp":"2025-09-03T00:20:09.481945","level":"info","event":"\torg.apache.hadoop#hadoop-client-runtime;3.3.4 from central in [default]","logger":"airflow.task.hooks.airflow.providers.standard.hooks.subprocess.SubprocessHook"}
{"timestamp":"2025-09-03T00:20:09.482000","level":"info","event":"\torg.apache.kafka#kafka-clients;3.4.1 from central in [default]","logger":"airflow.task.hooks.airflow.providers.standard.hooks.subprocess.SubprocessHook"}
{"timestamp":"2025-09-03T00:20:09.482116","level":"info","event":"\torg.apache.spark#spark-sql-kafka-0-10_2.12;3.5.0 from central in [default]","logger":"airflow.task.hooks.airflow.providers.standard.hooks.subprocess.SubprocessHook"}
{"timestamp":"2025-09-03T00:20:09.482171","level":"info","event":"\torg.apache.spark#spark-token-provider-kafka-0-10_2.12;3.5.0 from central in [default]","logger":"airflow.task.hooks.airflow.providers.standard.hooks.subprocess.SubprocessHook"}
{"timestamp":"2025-09-03T00:20:09.482210","level":"info","event":"\torg.lz4#lz4-java;1.8.0 from central in [default]","logger":"airflow.task.hooks.airflow.providers.standard.hooks.subprocess.SubprocessHook"}
{"timestamp":"2025-09-03T00:20:09.482248","level":"info","event":"\torg.slf4j#slf4j-api;2.0.7 from central in [default]","logger":"airflow.task.hooks.airflow.providers.standard.hooks.subprocess.SubprocessHook"}
{"timestamp":"2025-09-03T00:20:09.482285","level":"info","event":"\torg.wildfly.openssl#wildfly-openssl;1.1.3.Final from central in [default]","logger":"airflow.task.hooks.airflow.providers.standard.hooks.subprocess.SubprocessHook"}
{"timestamp":"2025-09-03T00:20:09.482321","level":"info","event":"\torg.xerial.snappy#snappy-java;1.1.10.3 from central in [default]","logger":"airflow.task.hooks.airflow.providers.standard.hooks.subprocess.SubprocessHook"}
{"timestamp":"2025-09-03T00:20:09.482363","level":"info","event":"\t:: evicted modules:","logger":"airflow.task.hooks.airflow.providers.standard.hooks.subprocess.SubprocessHook"}
{"timestamp":"2025-09-03T00:20:09.482402","level":"info","event":"\tcom.amazonaws#aws-java-sdk-bundle;1.12.262 by [com.amazonaws#aws-java-sdk-bundle;1.12.367] in [default]","logger":"airflow.task.hooks.airflow.providers.standard.hooks.subprocess.SubprocessHook"}
{"timestamp":"2025-09-03T00:20:09.482442","level":"info","event":"\t---------------------------------------------------------------------","logger":"airflow.task.hooks.airflow.providers.standard.hooks.subprocess.SubprocessHook"}
{"timestamp":"2025-09-03T00:20:09.482481","level":"info","event":"\t|                  |            modules            ||   artifacts   |","logger":"airflow.task.hooks.airflow.providers.standard.hooks.subprocess.SubprocessHook"}
{"timestamp":"2025-09-03T00:20:09.482519","level":"info","event":"\t|       conf       | number| search|dwnlded|evicted|| number|dwnlded|","logger":"airflow.task.hooks.airflow.providers.standard.hooks.subprocess.SubprocessHook"}
{"timestamp":"2025-09-03T00:20:09.482557","level":"info","event":"\t---------------------------------------------------------------------","logger":"airflow.task.hooks.airflow.providers.standard.hooks.subprocess.SubprocessHook"}
{"timestamp":"2025-09-03T00:20:09.482621","level":"info","event":"\t|      default     |   18  |   0   |   0   |   1   ||   17  |   0   |","logger":"airflow.task.hooks.airflow.providers.standard.hooks.subprocess.SubprocessHook"}
{"timestamp":"2025-09-03T00:20:09.482696","level":"info","event":"\t---------------------------------------------------------------------","logger":"airflow.task.hooks.airflow.providers.standard.hooks.subprocess.SubprocessHook"}
{"timestamp":"2025-09-03T00:20:09.489693","level":"info","event":":: retrieving :: org.apache.spark#spark-submit-parent-bb581e90-eb4e-41de-9928-9a0335841855","logger":"airflow.task.hooks.airflow.providers.standard.hooks.subprocess.SubprocessHook"}
{"timestamp":"2025-09-03T00:20:09.489912","level":"info","event":"\tconfs: [default]","logger":"airflow.task.hooks.airflow.providers.standard.hooks.subprocess.SubprocessHook"}
{"timestamp":"2025-09-03T00:20:09.498465","level":"info","event":"\t0 artifacts copied, 17 already retrieved (0kB/9ms)","logger":"airflow.task.hooks.airflow.providers.standard.hooks.subprocess.SubprocessHook"}
{"timestamp":"2025-09-03T00:20:09.705741","level":"info","event":"25/09/03 00:20:09 WARN NativeCodeLoader: Unable to load native-hadoop library for your platform... using builtin-java classes where applicable","logger":"airflow.task.hooks.airflow.providers.standard.hooks.subprocess.SubprocessHook"}
{"timestamp":"2025-09-03T00:20:09.767208","level":"info","event":"NWRAP_ERROR[<unknown> (455)] - nwrap_files_cache_reload: Unable to open '/opt/bitnami/airflow/nss-wrapper/nss_passwd' readonly -1:No such file or directory","logger":"airflow.task.hooks.airflow.providers.standard.hooks.subprocess.SubprocessHook"}
{"timestamp":"2025-09-03T00:20:09.767405","level":"info","event":"NWRAP_ERROR[<unknown> (455)] - nwrap_files_getpwuid: Error loading passwd file","logger":"airflow.task.hooks.airflow.providers.standard.hooks.subprocess.SubprocessHook"}
{"timestamp":"2025-09-03T00:20:09.769153","level":"info","event":"Exception in thread \"main\" org.apache.hadoop.security.KerberosAuthException: failure to login: javax.security.auth.login.LoginException: java.lang.NullPointerException: invalid null input: name","logger":"airflow.task.hooks.airflow.providers.standard.hooks.subprocess.SubprocessHook"}
{"timestamp":"2025-09-03T00:20:09.769307","level":"info","event":"\tat jdk.security.auth/com.sun.security.auth.UnixPrincipal.<init>(UnixPrincipal.java:71)","logger":"airflow.task.hooks.airflow.providers.standard.hooks.subprocess.SubprocessHook"}
{"timestamp":"2025-09-03T00:20:09.769385","level":"info","event":"\tat jdk.security.auth/com.sun.security.auth.module.UnixLoginModule.login(UnixLoginModule.java:134)","logger":"airflow.task.hooks.airflow.providers.standard.hooks.subprocess.SubprocessHook"}
{"timestamp":"2025-09-03T00:20:09.769448","level":"info","event":"\tat java.base/javax.security.auth.login.LoginContext.invoke(LoginContext.java:755)","logger":"airflow.task.hooks.airflow.providers.standard.hooks.subprocess.SubprocessHook"}
{"timestamp":"2025-09-03T00:20:09.769511","level":"info","event":"\tat java.base/javax.security.auth.login.LoginContext$4.run(LoginContext.java:679)","logger":"airflow.task.hooks.airflow.providers.standard.hooks.subprocess.SubprocessHook"}
{"timestamp":"2025-09-03T00:20:09.769549","level":"info","event":"\tat java.base/javax.security.auth.login.LoginContext$4.run(LoginContext.java:677)","logger":"airflow.task.hooks.airflow.providers.standard.hooks.subprocess.SubprocessHook"}
{"timestamp":"2025-09-03T00:20:09.769586","level":"info","event":"\tat java.base/java.security.AccessController.doPrivileged(AccessController.java:712)","logger":"airflow.task.hooks.airflow.providers.standard.hooks.subprocess.SubprocessHook"}
{"timestamp":"2025-09-03T00:20:09.769621","level":"info","event":"\tat java.base/javax.security.auth.login.LoginContext.invokePriv(LoginContext.java:677)","logger":"airflow.task.hooks.airflow.providers.standard.hooks.subprocess.SubprocessHook"}
{"timestamp":"2025-09-03T00:20:09.769656","level":"info","event":"\tat java.base/javax.security.auth.login.LoginContext.login(LoginContext.java:587)","logger":"airflow.task.hooks.airflow.providers.standard.hooks.subprocess.SubprocessHook"}
{"timestamp":"2025-09-03T00:20:09.769691","level":"info","event":"\tat org.apache.hadoop.security.UserGroupInformation$HadoopLoginContext.login(UserGroupInformation.java:2065)","logger":"airflow.task.hooks.airflow.providers.standard.hooks.subprocess.SubprocessHook"}
{"timestamp":"2025-09-03T00:20:09.769771","level":"info","event":"\tat org.apache.hadoop.security.UserGroupInformation.doSubjectLogin(UserGroupInformation.java:1975)","logger":"airflow.task.hooks.airflow.providers.standard.hooks.subprocess.SubprocessHook"}
{"timestamp":"2025-09-03T00:20:09.769818","level":"info","event":"\tat org.apache.hadoop.security.UserGroupInformation.createLoginUser(UserGroupInformation.java:719)","logger":"airflow.task.hooks.airflow.providers.standard.hooks.subprocess.SubprocessHook"}
{"timestamp":"2025-09-03T00:20:09.769854","level":"info","event":"\tat org.apache.hadoop.security.UserGroupInformation.getLoginUser(UserGroupInformation.java:669)","logger":"airflow.task.hooks.airflow.providers.standard.hooks.subprocess.SubprocessHook"}
{"timestamp":"2025-09-03T00:20:09.769890","level":"info","event":"\tat org.apache.hadoop.security.UserGroupInformation.getCurrentUser(UserGroupInformation.java:579)","logger":"airflow.task.hooks.airflow.providers.standard.hooks.subprocess.SubprocessHook"}
{"timestamp":"2025-09-03T00:20:09.769927","level":"info","event":"\tat org.apache.hadoop.fs.FileSystem$Cache$Key.<init>(FileSystem.java:3746)","logger":"airflow.task.hooks.airflow.providers.standard.hooks.subprocess.SubprocessHook"}
{"timestamp":"2025-09-03T00:20:09.769967","level":"info","event":"\tat org.apache.hadoop.fs.FileSystem$Cache$Key.<init>(FileSystem.java:3736)","logger":"airflow.task.hooks.airflow.providers.standard.hooks.subprocess.SubprocessHook"}
{"timestamp":"2025-09-03T00:20:09.770032","level":"info","event":"\tat org.apache.hadoop.fs.FileSystem$Cache.get(FileSystem.java:3520)","logger":"airflow.task.hooks.airflow.providers.standard.hooks.subprocess.SubprocessHook"}
{"timestamp":"2025-09-03T00:20:09.770101","level":"info","event":"\tat org.apache.hadoop.fs.FileSystem.get(FileSystem.java:540)","logger":"airflow.task.hooks.airflow.providers.standard.hooks.subprocess.SubprocessHook"}
{"timestamp":"2025-09-03T00:20:09.770163","level":"info","event":"\tat org.apache.spark.util.DependencyUtils$.resolveGlobPath(DependencyUtils.scala:317)","logger":"airflow.task.hooks.airflow.providers.standard.hooks.subprocess.SubprocessHook"}
{"timestamp":"2025-09-03T00:20:09.770204","level":"info","event":"\tat org.apache.spark.util.DependencyUtils$.$anonfun$resolveGlobPaths$2(DependencyUtils.scala:273)","logger":"airflow.task.hooks.airflow.providers.standard.hooks.subprocess.SubprocessHook"}
{"timestamp":"2025-09-03T00:20:09.770256","level":"info","event":"\tat org.apache.spark.util.DependencyUtils$.$anonfun$resolveGlobPaths$2$adapted(DependencyUtils.scala:271)","logger":"airflow.task.hooks.airflow.providers.standard.hooks.subprocess.SubprocessHook"}
{"timestamp":"2025-09-03T00:20:09.770326","level":"info","event":"\tat scala.collection.TraversableLike.$anonfun$flatMap$1(TraversableLike.scala:293)","logger":"airflow.task.hooks.airflow.providers.standard.hooks.subprocess.SubprocessHook"}
{"timestamp":"2025-09-03T00:20:09.770380","level":"info","event":"\tat scala.collection.IndexedSeqOptimized.foreach(IndexedSeqOptimized.scala:36)","logger":"airflow.task.hooks.airflow.providers.standard.hooks.subprocess.SubprocessHook"}
{"timestamp":"2025-09-03T00:20:09.770419","level":"info","event":"\tat scala.collection.IndexedSeqOptimized.foreach$(IndexedSeqOptimized.scala:33)","logger":"airflow.task.hooks.airflow.providers.standard.hooks.subprocess.SubprocessHook"}
{"timestamp":"2025-09-03T00:20:09.770475","level":"info","event":"\tat scala.collection.mutable.WrappedArray.foreach(WrappedArray.scala:38)","logger":"airflow.task.hooks.airflow.providers.standard.hooks.subprocess.SubprocessHook"}
{"timestamp":"2025-09-03T00:20:09.770547","level":"info","event":"\tat scala.collection.TraversableLike.flatMap(TraversableLike.scala:293)","logger":"airflow.task.hooks.airflow.providers.standard.hooks.subprocess.SubprocessHook"}
{"timestamp":"2025-09-03T00:20:09.770594","level":"info","event":"\tat scala.collection.TraversableLike.flatMap$(TraversableLike.scala:290)","logger":"airflow.task.hooks.airflow.providers.standard.hooks.subprocess.SubprocessHook"}
{"timestamp":"2025-09-03T00:20:09.770645","level":"info","event":"\tat scala.collection.AbstractTraversable.flatMap(Traversable.scala:108)","logger":"airflow.task.hooks.airflow.providers.standard.hooks.subprocess.SubprocessHook"}
{"timestamp":"2025-09-03T00:20:09.770704","level":"info","event":"\tat org.apache.spark.util.DependencyUtils$.resolveGlobPaths(DependencyUtils.scala:271)","logger":"airflow.task.hooks.airflow.providers.standard.hooks.subprocess.SubprocessHook"}
{"timestamp":"2025-09-03T00:20:09.770798","level":"info","event":"\tat org.apache.spark.deploy.SparkSubmit.$anonfun$prepareSubmitEnvironment$4(SparkSubmit.scala:392)","logger":"airflow.task.hooks.airflow.providers.standard.hooks.subprocess.SubprocessHook"}
{"timestamp":"2025-09-03T00:20:09.770876","level":"info","event":"\tat scala.Option.map(Option.scala:230)","logger":"airflow.task.hooks.airflow.providers.standard.hooks.subprocess.SubprocessHook"}
{"timestamp":"2025-09-03T00:20:09.770947","level":"info","event":"\tat org.apache.spark.deploy.SparkSubmit.prepareSubmitEnvironment(SparkSubmit.scala:392)","logger":"airflow.task.hooks.airflow.providers.standard.hooks.subprocess.SubprocessHook"}
{"timestamp":"2025-09-03T00:20:09.771018","level":"info","event":"\tat org.apache.spark.deploy.SparkSubmit.org$apache$spark$deploy$SparkSubmit$$runMain(SparkSubmit.scala:964)","logger":"airflow.task.hooks.airflow.providers.standard.hooks.subprocess.SubprocessHook"}
{"timestamp":"2025-09-03T00:20:09.771076","level":"info","event":"\tat org.apache.spark.deploy.SparkSubmit.doRunMain$1(SparkSubmit.scala:194)","logger":"airflow.task.hooks.airflow.providers.standard.hooks.subprocess.SubprocessHook"}
{"timestamp":"2025-09-03T00:20:09.771137","level":"info","event":"\tat org.apache.spark.deploy.SparkSubmit.submit(SparkSubmit.scala:217)","logger":"airflow.task.hooks.airflow.providers.standard.hooks.subprocess.SubprocessHook"}
{"timestamp":"2025-09-03T00:20:09.771209","level":"info","event":"\tat org.apache.spark.deploy.SparkSubmit.doSubmit(SparkSubmit.scala:91)","logger":"airflow.task.hooks.airflow.providers.standard.hooks.subprocess.SubprocessHook"}
{"timestamp":"2025-09-03T00:20:09.771283","level":"info","event":"\tat org.apache.spark.deploy.SparkSubmit$$anon$2.doSubmit(SparkSubmit.scala:1120)","logger":"airflow.task.hooks.airflow.providers.standard.hooks.subprocess.SubprocessHook"}
{"timestamp":"2025-09-03T00:20:09.771357","level":"info","event":"\tat org.apache.spark.deploy.SparkSubmit$.main(SparkSubmit.scala:1129)","logger":"airflow.task.hooks.airflow.providers.standard.hooks.subprocess.SubprocessHook"}
{"timestamp":"2025-09-03T00:20:09.771438","level":"info","event":"\tat org.apache.spark.deploy.SparkSubmit.main(SparkSubmit.scala)","logger":"airflow.task.hooks.airflow.providers.standard.hooks.subprocess.SubprocessHook"}
{"timestamp":"2025-09-03T00:20:09.771510","level":"info","event":"","logger":"airflow.task.hooks.airflow.providers.standard.hooks.subprocess.SubprocessHook"}
{"timestamp":"2025-09-03T00:20:09.771587","level":"info","event":"\tat org.apache.hadoop.security.UserGroupInformation.doSubjectLogin(UserGroupInformation.java:1986)","logger":"airflow.task.hooks.airflow.providers.standard.hooks.subprocess.SubprocessHook"}
{"timestamp":"2025-09-03T00:20:09.771652","level":"info","event":"\tat org.apache.hadoop.security.UserGroupInformation.createLoginUser(UserGroupInformation.java:719)","logger":"airflow.task.hooks.airflow.providers.standard.hooks.subprocess.SubprocessHook"}
{"timestamp":"2025-09-03T00:20:09.771718","level":"info","event":"\tat org.apache.hadoop.security.UserGroupInformation.getLoginUser(UserGroupInformation.java:669)","logger":"airflow.task.hooks.airflow.providers.standard.hooks.subprocess.SubprocessHook"}
{"timestamp":"2025-09-03T00:20:09.771785","level":"info","event":"\tat org.apache.hadoop.security.UserGroupInformation.getCurrentUser(UserGroupInformation.java:579)","logger":"airflow.task.hooks.airflow.providers.standard.hooks.subprocess.SubprocessHook"}
{"timestamp":"2025-09-03T00:20:09.771851","level":"info","event":"\tat org.apache.hadoop.fs.FileSystem$Cache$Key.<init>(FileSystem.java:3746)","logger":"airflow.task.hooks.airflow.providers.standard.hooks.subprocess.SubprocessHook"}
{"timestamp":"2025-09-03T00:20:09.771917","level":"info","event":"\tat org.apache.hadoop.fs.FileSystem$Cache$Key.<init>(FileSystem.java:3736)","logger":"airflow.task.hooks.airflow.providers.standard.hooks.subprocess.SubprocessHook"}
{"timestamp":"2025-09-03T00:20:09.771964","level":"info","event":"\tat org.apache.hadoop.fs.FileSystem$Cache.get(FileSystem.java:3520)","logger":"airflow.task.hooks.airflow.providers.standard.hooks.subprocess.SubprocessHook"}
{"timestamp":"2025-09-03T00:20:09.772002","level":"info","event":"\tat org.apache.hadoop.fs.FileSystem.get(FileSystem.java:540)","logger":"airflow.task.hooks.airflow.providers.standard.hooks.subprocess.SubprocessHook"}
{"timestamp":"2025-09-03T00:20:09.772061","level":"info","event":"\tat org.apache.spark.util.DependencyUtils$.resolveGlobPath(DependencyUtils.scala:317)","logger":"airflow.task.hooks.airflow.providers.standard.hooks.subprocess.SubprocessHook"}
{"timestamp":"2025-09-03T00:20:09.772117","level":"info","event":"\tat org.apache.spark.util.DependencyUtils$.$anonfun$resolveGlobPaths$2(DependencyUtils.scala:273)","logger":"airflow.task.hooks.airflow.providers.standard.hooks.subprocess.SubprocessHook"}
{"timestamp":"2025-09-03T00:20:09.772157","level":"info","event":"\tat org.apache.spark.util.DependencyUtils$.$anonfun$resolveGlobPaths$2$adapted(DependencyUtils.scala:271)","logger":"airflow.task.hooks.airflow.providers.standard.hooks.subprocess.SubprocessHook"}
{"timestamp":"2025-09-03T00:20:09.772194","level":"info","event":"\tat scala.collection.TraversableLike.$anonfun$flatMap$1(TraversableLike.scala:293)","logger":"airflow.task.hooks.airflow.providers.standard.hooks.subprocess.SubprocessHook"}
{"timestamp":"2025-09-03T00:20:09.772229","level":"info","event":"\tat scala.collection.IndexedSeqOptimized.foreach(IndexedSeqOptimized.scala:36)","logger":"airflow.task.hooks.airflow.providers.standard.hooks.subprocess.SubprocessHook"}
{"timestamp":"2025-09-03T00:20:09.772265","level":"info","event":"\tat scala.collection.IndexedSeqOptimized.foreach$(IndexedSeqOptimized.scala:33)","logger":"airflow.task.hooks.airflow.providers.standard.hooks.subprocess.SubprocessHook"}
{"timestamp":"2025-09-03T00:20:09.772301","level":"info","event":"\tat scala.collection.mutable.WrappedArray.foreach(WrappedArray.scala:38)","logger":"airflow.task.hooks.airflow.providers.standard.hooks.subprocess.SubprocessHook"}
{"timestamp":"2025-09-03T00:20:09.772335","level":"info","event":"\tat scala.collection.TraversableLike.flatMap(TraversableLike.scala:293)","logger":"airflow.task.hooks.airflow.providers.standard.hooks.subprocess.SubprocessHook"}
{"timestamp":"2025-09-03T00:20:09.772407","level":"info","event":"\tat scala.collection.TraversableLike.flatMap$(TraversableLike.scala:290)","logger":"airflow.task.hooks.airflow.providers.standard.hooks.subprocess.SubprocessHook"}
{"timestamp":"2025-09-03T00:20:09.772449","level":"info","event":"\tat scala.collection.AbstractTraversable.flatMap(Traversable.scala:108)","logger":"airflow.task.hooks.airflow.providers.standard.hooks.subprocess.SubprocessHook"}
{"timestamp":"2025-09-03T00:20:09.772485","level":"info","event":"\tat org.apache.spark.util.DependencyUtils$.resolveGlobPaths(DependencyUtils.scala:271)","logger":"airflow.task.hooks.airflow.providers.standard.hooks.subprocess.SubprocessHook"}
{"timestamp":"2025-09-03T00:20:09.772523","level":"info","event":"\tat org.apache.spark.deploy.SparkSubmit.$anonfun$prepareSubmitEnvironment$4(SparkSubmit.scala:392)","logger":"airflow.task.hooks.airflow.providers.standard.hooks.subprocess.SubprocessHook"}
{"timestamp":"2025-09-03T00:20:09.772560","level":"info","event":"\tat scala.Option.map(Option.scala:230)","logger":"airflow.task.hooks.airflow.providers.standard.hooks.subprocess.SubprocessHook"}
{"timestamp":"2025-09-03T00:20:09.772595","level":"info","event":"\tat org.apache.spark.deploy.SparkSubmit.prepareSubmitEnvironment(SparkSubmit.scala:392)","logger":"airflow.task.hooks.airflow.providers.standard.hooks.subprocess.SubprocessHook"}
{"timestamp":"2025-09-03T00:20:09.772632","level":"info","event":"\tat org.apache.spark.deploy.SparkSubmit.org$apache$spark$deploy$SparkSubmit$$runMain(SparkSubmit.scala:964)","logger":"airflow.task.hooks.airflow.providers.standard.hooks.subprocess.SubprocessHook"}
{"timestamp":"2025-09-03T00:20:09.772667","level":"info","event":"\tat org.apache.spark.deploy.SparkSubmit.doRunMain$1(SparkSubmit.scala:194)","logger":"airflow.task.hooks.airflow.providers.standard.hooks.subprocess.SubprocessHook"}
{"timestamp":"2025-09-03T00:20:09.772703","level":"info","event":"\tat org.apache.spark.deploy.SparkSubmit.submit(SparkSubmit.scala:217)","logger":"airflow.task.hooks.airflow.providers.standard.hooks.subprocess.SubprocessHook"}
{"timestamp":"2025-09-03T00:20:09.772739","level":"info","event":"\tat org.apache.spark.deploy.SparkSubmit.doSubmit(SparkSubmit.scala:91)","logger":"airflow.task.hooks.airflow.providers.standard.hooks.subprocess.SubprocessHook"}
{"timestamp":"2025-09-03T00:20:09.772801","level":"info","event":"\tat org.apache.spark.deploy.SparkSubmit$$anon$2.doSubmit(SparkSubmit.scala:1120)","logger":"airflow.task.hooks.airflow.providers.standard.hooks.subprocess.SubprocessHook"}
{"timestamp":"2025-09-03T00:20:09.772845","level":"info","event":"\tat org.apache.spark.deploy.SparkSubmit$.main(SparkSubmit.scala:1129)","logger":"airflow.task.hooks.airflow.providers.standard.hooks.subprocess.SubprocessHook"}
{"timestamp":"2025-09-03T00:20:09.772883","level":"info","event":"\tat org.apache.spark.deploy.SparkSubmit.main(SparkSubmit.scala)","logger":"airflow.task.hooks.airflow.providers.standard.hooks.subprocess.SubprocessHook"}
{"timestamp":"2025-09-03T00:20:09.772921","level":"info","event":"Caused by: javax.security.auth.login.LoginException: java.lang.NullPointerException: invalid null input: name","logger":"airflow.task.hooks.airflow.providers.standard.hooks.subprocess.SubprocessHook"}
{"timestamp":"2025-09-03T00:20:09.772971","level":"info","event":"\tat jdk.security.auth/com.sun.security.auth.UnixPrincipal.<init>(UnixPrincipal.java:71)","logger":"airflow.task.hooks.airflow.providers.standard.hooks.subprocess.SubprocessHook"}
{"timestamp":"2025-09-03T00:20:09.773012","level":"info","event":"\tat jdk.security.auth/com.sun.security.auth.module.UnixLoginModule.login(UnixLoginModule.java:134)","logger":"airflow.task.hooks.airflow.providers.standard.hooks.subprocess.SubprocessHook"}
{"timestamp":"2025-09-03T00:20:09.773059","level":"info","event":"\tat java.base/javax.security.auth.login.LoginContext.invoke(LoginContext.java:755)","logger":"airflow.task.hooks.airflow.providers.standard.hooks.subprocess.SubprocessHook"}
{"timestamp":"2025-09-03T00:20:09.773104","level":"info","event":"\tat java.base/javax.security.auth.login.LoginContext$4.run(LoginContext.java:679)","logger":"airflow.task.hooks.airflow.providers.standard.hooks.subprocess.SubprocessHook"}
{"timestamp":"2025-09-03T00:20:09.773141","level":"info","event":"\tat java.base/javax.security.auth.login.LoginContext$4.run(LoginContext.java:677)","logger":"airflow.task.hooks.airflow.providers.standard.hooks.subprocess.SubprocessHook"}
{"timestamp":"2025-09-03T00:20:09.773188","level":"info","event":"\tat java.base/java.security.AccessController.doPrivileged(AccessController.java:712)","logger":"airflow.task.hooks.airflow.providers.standard.hooks.subprocess.SubprocessHook"}
{"timestamp":"2025-09-03T00:20:09.773239","level":"info","event":"\tat java.base/javax.security.auth.login.LoginContext.invokePriv(LoginContext.java:677)","logger":"airflow.task.hooks.airflow.providers.standard.hooks.subprocess.SubprocessHook"}
{"timestamp":"2025-09-03T00:20:09.773298","level":"info","event":"\tat java.base/javax.security.auth.login.LoginContext.login(LoginContext.java:587)","logger":"airflow.task.hooks.airflow.providers.standard.hooks.subprocess.SubprocessHook"}
{"timestamp":"2025-09-03T00:20:09.773365","level":"info","event":"\tat org.apache.hadoop.security.UserGroupInformation$HadoopLoginContext.login(UserGroupInformation.java:2065)","logger":"airflow.task.hooks.airflow.providers.standard.hooks.subprocess.SubprocessHook"}
{"timestamp":"2025-09-03T00:20:09.773432","level":"info","event":"\tat org.apache.hadoop.security.UserGroupInformation.doSubjectLogin(UserGroupInformation.java:1975)","logger":"airflow.task.hooks.airflow.providers.standard.hooks.subprocess.SubprocessHook"}
{"timestamp":"2025-09-03T00:20:09.773498","level":"info","event":"\tat org.apache.hadoop.security.UserGroupInformation.createLoginUser(UserGroupInformation.java:719)","logger":"airflow.task.hooks.airflow.providers.standard.hooks.subprocess.SubprocessHook"}
{"timestamp":"2025-09-03T00:20:09.773574","level":"info","event":"\tat org.apache.hadoop.security.UserGroupInformation.getLoginUser(UserGroupInformation.java:669)","logger":"airflow.task.hooks.airflow.providers.standard.hooks.subprocess.SubprocessHook"}
{"timestamp":"2025-09-03T00:20:09.773628","level":"info","event":"\tat org.apache.hadoop.security.UserGroupInformation.getCurrentUser(UserGroupInformation.java:579)","logger":"airflow.task.hooks.airflow.providers.standard.hooks.subprocess.SubprocessHook"}
{"timestamp":"2025-09-03T00:20:09.773668","level":"info","event":"\tat org.apache.hadoop.fs.FileSystem$Cache$Key.<init>(FileSystem.java:3746)","logger":"airflow.task.hooks.airflow.providers.standard.hooks.subprocess.SubprocessHook"}
{"timestamp":"2025-09-03T00:20:09.773707","level":"info","event":"\tat org.apache.hadoop.fs.FileSystem$Cache$Key.<init>(FileSystem.java:3736)","logger":"airflow.task.hooks.airflow.providers.standard.hooks.subprocess.SubprocessHook"}
{"timestamp":"2025-09-03T00:20:09.773743","level":"info","event":"\tat org.apache.hadoop.fs.FileSystem$Cache.get(FileSystem.java:3520)","logger":"airflow.task.hooks.airflow.providers.standard.hooks.subprocess.SubprocessHook"}
{"timestamp":"2025-09-03T00:20:09.773779","level":"info","event":"\tat org.apache.hadoop.fs.FileSystem.get(FileSystem.java:540)","logger":"airflow.task.hooks.airflow.providers.standard.hooks.subprocess.SubprocessHook"}
{"timestamp":"2025-09-03T00:20:09.773814","level":"info","event":"\tat org.apache.spark.util.DependencyUtils$.resolveGlobPath(DependencyUtils.scala:317)","logger":"airflow.task.hooks.airflow.providers.standard.hooks.subprocess.SubprocessHook"}
{"timestamp":"2025-09-03T00:20:09.773861","level":"info","event":"\tat org.apache.spark.util.DependencyUtils$.$anonfun$resolveGlobPaths$2(DependencyUtils.scala:273)","logger":"airflow.task.hooks.airflow.providers.standard.hooks.subprocess.SubprocessHook"}
{"timestamp":"2025-09-03T00:20:09.773935","level":"info","event":"\tat org.apache.spark.util.DependencyUtils$.$anonfun$resolveGlobPaths$2$adapted(DependencyUtils.scala:271)","logger":"airflow.task.hooks.airflow.providers.standard.hooks.subprocess.SubprocessHook"}
{"timestamp":"2025-09-03T00:20:09.774014","level":"info","event":"\tat scala.collection.TraversableLike.$anonfun$flatMap$1(TraversableLike.scala:293)","logger":"airflow.task.hooks.airflow.providers.standard.hooks.subprocess.SubprocessHook"}
{"timestamp":"2025-09-03T00:20:09.774067","level":"info","event":"\tat scala.collection.IndexedSeqOptimized.foreach(IndexedSeqOptimized.scala:36)","logger":"airflow.task.hooks.airflow.providers.standard.hooks.subprocess.SubprocessHook"}
{"timestamp":"2025-09-03T00:20:09.774108","level":"info","event":"\tat scala.collection.IndexedSeqOptimized.foreach$(IndexedSeqOptimized.scala:33)","logger":"airflow.task.hooks.airflow.providers.standard.hooks.subprocess.SubprocessHook"}
{"timestamp":"2025-09-03T00:20:09.774146","level":"info","event":"\tat scala.collection.mutable.WrappedArray.foreach(WrappedArray.scala:38)","logger":"airflow.task.hooks.airflow.providers.standard.hooks.subprocess.SubprocessHook"}
{"timestamp":"2025-09-03T00:20:09.774184","level":"info","event":"\tat scala.collection.TraversableLike.flatMap(TraversableLike.scala:293)","logger":"airflow.task.hooks.airflow.providers.standard.hooks.subprocess.SubprocessHook"}
{"timestamp":"2025-09-03T00:20:09.774230","level":"info","event":"\tat scala.collection.TraversableLike.flatMap$(TraversableLike.scala:290)","logger":"airflow.task.hooks.airflow.providers.standard.hooks.subprocess.SubprocessHook"}
{"timestamp":"2025-09-03T00:20:09.774268","level":"info","event":"\tat scala.collection.AbstractTraversable.flatMap(Traversable.scala:108)","logger":"airflow.task.hooks.airflow.providers.standard.hooks.subprocess.SubprocessHook"}
{"timestamp":"2025-09-03T00:20:09.774307","level":"info","event":"\tat org.apache.spark.util.DependencyUtils$.resolveGlobPaths(DependencyUtils.scala:271)","logger":"airflow.task.hooks.airflow.providers.standard.hooks.subprocess.SubprocessHook"}
{"timestamp":"2025-09-03T00:20:09.774344","level":"info","event":"\tat org.apache.spark.deploy.SparkSubmit.$anonfun$prepareSubmitEnvironment$4(SparkSubmit.scala:392)","logger":"airflow.task.hooks.airflow.providers.standard.hooks.subprocess.SubprocessHook"}
{"timestamp":"2025-09-03T00:20:09.774382","level":"info","event":"\tat scala.Option.map(Option.scala:230)","logger":"airflow.task.hooks.airflow.providers.standard.hooks.subprocess.SubprocessHook"}
{"timestamp":"2025-09-03T00:20:09.774422","level":"info","event":"\tat org.apache.spark.deploy.SparkSubmit.prepareSubmitEnvironment(SparkSubmit.scala:392)","logger":"airflow.task.hooks.airflow.providers.standard.hooks.subprocess.SubprocessHook"}
{"timestamp":"2025-09-03T00:20:09.774461","level":"info","event":"\tat org.apache.spark.deploy.SparkSubmit.org$apache$spark$deploy$SparkSubmit$$runMain(SparkSubmit.scala:964)","logger":"airflow.task.hooks.airflow.providers.standard.hooks.subprocess.SubprocessHook"}
{"timestamp":"2025-09-03T00:20:09.774499","level":"info","event":"\tat org.apache.spark.deploy.SparkSubmit.doRunMain$1(SparkSubmit.scala:194)","logger":"airflow.task.hooks.airflow.providers.standard.hooks.subprocess.SubprocessHook"}
{"timestamp":"2025-09-03T00:20:09.774537","level":"info","event":"\tat org.apache.spark.deploy.SparkSubmit.submit(SparkSubmit.scala:217)","logger":"airflow.task.hooks.airflow.providers.standard.hooks.subprocess.SubprocessHook"}
{"timestamp":"2025-09-03T00:20:09.774575","level":"info","event":"\tat org.apache.spark.deploy.SparkSubmit.doSubmit(SparkSubmit.scala:91)","logger":"airflow.task.hooks.airflow.providers.standard.hooks.subprocess.SubprocessHook"}
{"timestamp":"2025-09-03T00:20:09.774612","level":"info","event":"\tat org.apache.spark.deploy.SparkSubmit$$anon$2.doSubmit(SparkSubmit.scala:1120)","logger":"airflow.task.hooks.airflow.providers.standard.hooks.subprocess.SubprocessHook"}
{"timestamp":"2025-09-03T00:20:09.774651","level":"info","event":"\tat org.apache.spark.deploy.SparkSubmit$.main(SparkSubmit.scala:1129)","logger":"airflow.task.hooks.airflow.providers.standard.hooks.subprocess.SubprocessHook"}
{"timestamp":"2025-09-03T00:20:09.774695","level":"info","event":"\tat org.apache.spark.deploy.SparkSubmit.main(SparkSubmit.scala)","logger":"airflow.task.hooks.airflow.providers.standard.hooks.subprocess.SubprocessHook"}
{"timestamp":"2025-09-03T00:20:09.774738","level":"info","event":"","logger":"airflow.task.hooks.airflow.providers.standard.hooks.subprocess.SubprocessHook"}
{"timestamp":"2025-09-03T00:20:09.774829","level":"info","event":"\tat java.base/javax.security.auth.login.LoginContext.invoke(LoginContext.java:850)","logger":"airflow.task.hooks.airflow.providers.standard.hooks.subprocess.SubprocessHook"}
{"timestamp":"2025-09-03T00:20:09.774877","level":"info","event":"\tat java.base/javax.security.auth.login.LoginContext$4.run(LoginContext.java:679)","logger":"airflow.task.hooks.airflow.providers.standard.hooks.subprocess.SubprocessHook"}
{"timestamp":"2025-09-03T00:20:09.774941","level":"info","event":"\tat java.base/javax.security.auth.login.LoginContext$4.run(LoginContext.java:677)","logger":"airflow.task.hooks.airflow.providers.standard.hooks.subprocess.SubprocessHook"}
{"timestamp":"2025-09-03T00:20:09.774989","level":"info","event":"\tat java.base/java.security.AccessController.doPrivileged(AccessController.java:712)","logger":"airflow.task.hooks.airflow.providers.standard.hooks.subprocess.SubprocessHook"}
{"timestamp":"2025-09-03T00:20:09.775027","level":"info","event":"\tat java.base/javax.security.auth.login.LoginContext.invokePriv(LoginContext.java:677)","logger":"airflow.task.hooks.airflow.providers.standard.hooks.subprocess.SubprocessHook"}
{"timestamp":"2025-09-03T00:20:09.775064","level":"info","event":"\tat java.base/javax.security.auth.login.LoginContext.login(LoginContext.java:587)","logger":"airflow.task.hooks.airflow.providers.standard.hooks.subprocess.SubprocessHook"}
{"timestamp":"2025-09-03T00:20:09.775113","level":"info","event":"\tat org.apache.hadoop.security.UserGroupInformation$HadoopLoginContext.login(UserGroupInformation.java:2065)","logger":"airflow.task.hooks.airflow.providers.standard.hooks.subprocess.SubprocessHook"}
{"timestamp":"2025-09-03T00:20:09.775197","level":"info","event":"\tat org.apache.hadoop.security.UserGroupInformation.doSubjectLogin(UserGroupInformation.java:1975)","logger":"airflow.task.hooks.airflow.providers.standard.hooks.subprocess.SubprocessHook"}
{"timestamp":"2025-09-03T00:20:09.775259","level":"info","event":"\t... 28 more","logger":"airflow.task.hooks.airflow.providers.standard.hooks.subprocess.SubprocessHook"}
{"timestamp":"2025-09-03T00:20:09.806919","level":"info","event":"Command exited with return code 1","logger":"airflow.task.hooks.airflow.providers.standard.hooks.subprocess.SubprocessHook"}
{"timestamp":"2025-09-03T00:20:09.807684","level":"error","event":"Task failed with exception","logger":"task","error_detail":[{"exc_type":"AirflowException","exc_value":"Bash command failed. The command returned a non-zero exit code 1.","exc_notes":[],"syntax_error":null,"is_cause":false,"frames":[{"filename":"/opt/bitnami/airflow/venv/lib/python3.12/site-packages/airflow/sdk/execution_time/task_runner.py","lineno":918,"name":"run"},{"filename":"/opt/bitnami/airflow/venv/lib/python3.12/site-packages/airflow/sdk/execution_time/task_runner.py","lineno":1213,"name":"_execute_task"},{"filename":"/opt/bitnami/airflow/venv/lib/python3.12/site-packages/airflow/sdk/bases/operator.py","lineno":397,"name":"wrapper"},{"filename":"/opt/bitnami/airflow/venv/lib/python3.12/site-packages/airflow/providers/standard/operators/bash.py","lineno":232,"name":"execute"}],"is_group":false,"exceptions":[]}]}
{"timestamp":"2025-09-03T00:20:09.826366Z","level":"info","event":"Task instance in failure state","chan":"stdout","logger":"task"}
{"timestamp":"2025-09-03T00:20:09.826690Z","level":"info","event":"Task start","chan":"stdout","logger":"task"}
{"timestamp":"2025-09-03T00:20:09.826852Z","level":"info","event":"Task:<Task(BashOperator): orders_bronze_stream>","chan":"stdout","logger":"task"}
{"timestamp":"2025-09-03T00:20:09.826987Z","level":"info","event":"Failure caused by Bash command failed. The command returned a non-zero exit code 1.","chan":"stdout","logger":"task"}
