{"timestamp":"2025-09-02T17:27:25.564870","level":"info","event":"DAG bundles loaded: dags-folder, example_dags","logger":"airflow.dag_processing.bundles.manager.DagBundlesManager"}
{"timestamp":"2025-09-02T17:27:25.565488","level":"info","event":"Filling up the DagBag from /opt/bitnami/airflow/dags/rt_pipeline.py","logger":"airflow.models.dagbag.DagBag"}
{"timestamp":"2025-09-02T17:27:25.607156Z","level":"info","event":"Task instance is in running state","chan":"stdout","logger":"task"}
{"timestamp":"2025-09-02T17:27:25.607620Z","level":"info","event":" Previous state of the Task instance: TaskInstanceState.QUEUED","chan":"stdout","logger":"task"}
{"timestamp":"2025-09-02T17:27:25.607818Z","level":"info","event":"Current task name:payments_bronze_stream","chan":"stdout","logger":"task"}
{"timestamp":"2025-09-02T17:27:25.608129Z","level":"info","event":"Dag name:bronze_streams","chan":"stdout","logger":"task"}
{"timestamp":"2025-09-02T17:27:25.608051","level":"info","event":"Tmp dir root location: /tmp","logger":"airflow.task.hooks.airflow.providers.standard.hooks.subprocess.SubprocessHook"}
{"timestamp":"2025-09-02T17:27:25.608586","level":"info","event":"Running command: ['/usr/bin/bash', '-c', '/opt/spark/bin/spark-submit --master spark://spark-master:7077 --deploy-mode client /opt/jobs/bronze_payments.py']","logger":"airflow.task.hooks.airflow.providers.standard.hooks.subprocess.SubprocessHook"}
{"timestamp":"2025-09-02T17:27:25.620230","level":"info","event":"Output:","logger":"airflow.task.hooks.airflow.providers.standard.hooks.subprocess.SubprocessHook"}
{"timestamp":"2025-09-02T17:27:25.631073","level":"info","event":"NWRAP_ERROR[<unknown> (220)] - nwrap_files_cache_reload: Unable to open '/opt/bitnami/airflow/nss-wrapper/nss_passwd' readonly -1:No such file or directory","logger":"airflow.task.hooks.airflow.providers.standard.hooks.subprocess.SubprocessHook"}
{"timestamp":"2025-09-02T17:27:25.631226","level":"info","event":"NWRAP_ERROR[<unknown> (220)] - nwrap_files_getpwuid: Error loading passwd file","logger":"airflow.task.hooks.airflow.providers.standard.hooks.subprocess.SubprocessHook"}
{"timestamp":"2025-09-02T17:27:25.642066","level":"info","event":"NWRAP_ERROR[<unknown> (220)] - nwrap_files_cache_reload: Unable to open '/opt/bitnami/airflow/nss-wrapper/nss_passwd' readonly -1:No such file or directory","logger":"airflow.task.hooks.airflow.providers.standard.hooks.subprocess.SubprocessHook"}
{"timestamp":"2025-09-02T17:27:25.642222","level":"info","event":"NWRAP_ERROR[<unknown> (220)] - nwrap_files_getpwuid: Error loading passwd file","logger":"airflow.task.hooks.airflow.providers.standard.hooks.subprocess.SubprocessHook"}
{"timestamp":"2025-09-02T17:27:25.792108","level":"info","event":"NWRAP_ERROR[<unknown> (217)] - nwrap_files_cache_reload: Unable to open '/opt/bitnami/airflow/nss-wrapper/nss_passwd' readonly -1:No such file or directory","logger":"airflow.task.hooks.airflow.providers.standard.hooks.subprocess.SubprocessHook"}
{"timestamp":"2025-09-02T17:27:25.792269","level":"info","event":"NWRAP_ERROR[<unknown> (217)] - nwrap_files_getpwuid: Error loading passwd file","logger":"airflow.task.hooks.airflow.providers.standard.hooks.subprocess.SubprocessHook"}
{"timestamp":"2025-09-02T17:27:25.803166","level":"info","event":"NWRAP_ERROR[<unknown> (217)] - nwrap_files_cache_reload: Unable to open '/opt/bitnami/airflow/nss-wrapper/nss_passwd' readonly -1:No such file or directory","logger":"airflow.task.hooks.airflow.providers.standard.hooks.subprocess.SubprocessHook"}
{"timestamp":"2025-09-02T17:27:25.803301","level":"info","event":"NWRAP_ERROR[<unknown> (217)] - nwrap_files_getpwuid: Error loading passwd file","logger":"airflow.task.hooks.airflow.providers.standard.hooks.subprocess.SubprocessHook"}
{"timestamp":"2025-09-02T17:27:26.895033","level":"info","event":"Warning: Ignoring non-Spark config property: hive.metastore.uris","logger":"airflow.task.hooks.airflow.providers.standard.hooks.subprocess.SubprocessHook"}
{"timestamp":"2025-09-02T17:27:27.112611","level":"info","event":"Exception in thread \"main\" java.lang.IllegalArgumentException: basedir must be absolute: ?/.ivy2/local","logger":"airflow.task.hooks.airflow.providers.standard.hooks.subprocess.SubprocessHook"}
{"timestamp":"2025-09-02T17:27:27.112763","level":"info","event":"\tat org.apache.ivy.util.Checks.checkAbsolute(Checks.java:48)","logger":"airflow.task.hooks.airflow.providers.standard.hooks.subprocess.SubprocessHook"}
{"timestamp":"2025-09-02T17:27:27.112824","level":"info","event":"\tat org.apache.ivy.plugins.repository.file.FileRepository.setBaseDir(FileRepository.java:137)","logger":"airflow.task.hooks.airflow.providers.standard.hooks.subprocess.SubprocessHook"}
{"timestamp":"2025-09-02T17:27:27.112867","level":"info","event":"\tat org.apache.ivy.plugins.repository.file.FileRepository.<init>(FileRepository.java:44)","logger":"airflow.task.hooks.airflow.providers.standard.hooks.subprocess.SubprocessHook"}
{"timestamp":"2025-09-02T17:27:27.112906","level":"info","event":"\tat org.apache.spark.deploy.SparkSubmitUtils$.createRepoResolvers(SparkSubmit.scala:1269)","logger":"airflow.task.hooks.airflow.providers.standard.hooks.subprocess.SubprocessHook"}
{"timestamp":"2025-09-02T17:27:27.112944","level":"info","event":"\tat org.apache.spark.deploy.SparkSubmitUtils$.buildIvySettings(SparkSubmit.scala:1376)","logger":"airflow.task.hooks.airflow.providers.standard.hooks.subprocess.SubprocessHook"}
{"timestamp":"2025-09-02T17:27:27.112995","level":"info","event":"\tat org.apache.spark.util.DependencyUtils$.resolveMavenDependencies(DependencyUtils.scala:182)","logger":"airflow.task.hooks.airflow.providers.standard.hooks.subprocess.SubprocessHook"}
{"timestamp":"2025-09-02T17:27:27.113050","level":"info","event":"\tat org.apache.spark.deploy.SparkSubmit.prepareSubmitEnvironment(SparkSubmit.scala:334)","logger":"airflow.task.hooks.airflow.providers.standard.hooks.subprocess.SubprocessHook"}
{"timestamp":"2025-09-02T17:27:27.113088","level":"info","event":"\tat org.apache.spark.deploy.SparkSubmit.org$apache$spark$deploy$SparkSubmit$$runMain(SparkSubmit.scala:964)","logger":"airflow.task.hooks.airflow.providers.standard.hooks.subprocess.SubprocessHook"}
{"timestamp":"2025-09-02T17:27:27.113125","level":"info","event":"\tat org.apache.spark.deploy.SparkSubmit.doRunMain$1(SparkSubmit.scala:194)","logger":"airflow.task.hooks.airflow.providers.standard.hooks.subprocess.SubprocessHook"}
{"timestamp":"2025-09-02T17:27:27.113165","level":"info","event":"\tat org.apache.spark.deploy.SparkSubmit.submit(SparkSubmit.scala:217)","logger":"airflow.task.hooks.airflow.providers.standard.hooks.subprocess.SubprocessHook"}
{"timestamp":"2025-09-02T17:27:27.113200","level":"info","event":"\tat org.apache.spark.deploy.SparkSubmit.doSubmit(SparkSubmit.scala:91)","logger":"airflow.task.hooks.airflow.providers.standard.hooks.subprocess.SubprocessHook"}
{"timestamp":"2025-09-02T17:27:27.113235","level":"info","event":"\tat org.apache.spark.deploy.SparkSubmit$$anon$2.doSubmit(SparkSubmit.scala:1120)","logger":"airflow.task.hooks.airflow.providers.standard.hooks.subprocess.SubprocessHook"}
{"timestamp":"2025-09-02T17:27:27.113271","level":"info","event":"\tat org.apache.spark.deploy.SparkSubmit$.main(SparkSubmit.scala:1129)","logger":"airflow.task.hooks.airflow.providers.standard.hooks.subprocess.SubprocessHook"}
{"timestamp":"2025-09-02T17:27:27.113306","level":"info","event":"\tat org.apache.spark.deploy.SparkSubmit.main(SparkSubmit.scala)","logger":"airflow.task.hooks.airflow.providers.standard.hooks.subprocess.SubprocessHook"}
{"timestamp":"2025-09-02T17:27:27.119329","level":"info","event":"Command exited with return code 1","logger":"airflow.task.hooks.airflow.providers.standard.hooks.subprocess.SubprocessHook"}
{"timestamp":"2025-09-02T17:27:27.119865","level":"error","event":"Task failed with exception","logger":"task","error_detail":[{"exc_type":"AirflowException","exc_value":"Bash command failed. The command returned a non-zero exit code 1.","exc_notes":[],"syntax_error":null,"is_cause":false,"frames":[{"filename":"/opt/bitnami/airflow/venv/lib/python3.12/site-packages/airflow/sdk/execution_time/task_runner.py","lineno":918,"name":"run"},{"filename":"/opt/bitnami/airflow/venv/lib/python3.12/site-packages/airflow/sdk/execution_time/task_runner.py","lineno":1213,"name":"_execute_task"},{"filename":"/opt/bitnami/airflow/venv/lib/python3.12/site-packages/airflow/sdk/bases/operator.py","lineno":397,"name":"wrapper"},{"filename":"/opt/bitnami/airflow/venv/lib/python3.12/site-packages/airflow/providers/standard/operators/bash.py","lineno":232,"name":"execute"}],"is_group":false,"exceptions":[]}]}
{"timestamp":"2025-09-02T17:27:27.121022Z","level":"info","event":"Task instance in failure state","chan":"stdout","logger":"task"}
{"timestamp":"2025-09-02T17:27:27.121350Z","level":"info","event":"Task start","chan":"stdout","logger":"task"}
{"timestamp":"2025-09-02T17:27:27.121599Z","level":"info","event":"Task:<Task(BashOperator): payments_bronze_stream>","chan":"stdout","logger":"task"}
{"timestamp":"2025-09-02T17:27:27.121749Z","level":"info","event":"Failure caused by Bash command failed. The command returned a non-zero exit code 1.","chan":"stdout","logger":"task"}
