{"timestamp":"2025-09-03T02:07:25.228450","level":"info","event":"DAG bundles loaded: dags-folder, example_dags","logger":"airflow.dag_processing.bundles.manager.DagBundlesManager"}
{"timestamp":"2025-09-03T02:07:25.229031","level":"info","event":"Filling up the DagBag from /opt/bitnami/airflow/dags/rt_pipeline.py","logger":"airflow.models.dagbag.DagBag"}
{"timestamp":"2025-09-03T02:07:25.280508Z","level":"info","event":"Task instance is in running state","chan":"stdout","logger":"task"}
{"timestamp":"2025-09-03T02:07:25.280901Z","level":"info","event":" Previous state of the Task instance: TaskInstanceState.QUEUED","chan":"stdout","logger":"task"}
{"timestamp":"2025-09-03T02:07:25.281132Z","level":"info","event":"Current task name:orders_bronze_stream","chan":"stdout","logger":"task"}
{"timestamp":"2025-09-03T02:07:25.281530Z","level":"info","event":"Dag name:bronze_streams","chan":"stdout","logger":"task"}
{"timestamp":"2025-09-03T02:07:25.281376","level":"info","event":"Tmp dir root location: /tmp","logger":"airflow.task.hooks.airflow.providers.standard.hooks.subprocess.SubprocessHook"}
{"timestamp":"2025-09-03T02:07:25.282159","level":"info","event":"Running command: ['/usr/bin/bash', '-c', '/opt/spark/bin/spark-submit --master spark://spark-master:7077 --deploy-mode client /opt/jobs/bronze_orders.py']","logger":"airflow.task.hooks.airflow.providers.standard.hooks.subprocess.SubprocessHook"}
{"timestamp":"2025-09-03T02:07:25.291442","level":"info","event":"Output:","logger":"airflow.task.hooks.airflow.providers.standard.hooks.subprocess.SubprocessHook"}
{"timestamp":"2025-09-03T02:07:25.303131","level":"info","event":"Picked up JAVA_TOOL_OPTIONS: -Duser.name=airflow","logger":"airflow.task.hooks.airflow.providers.standard.hooks.subprocess.SubprocessHook"}
{"timestamp":"2025-09-03T02:07:25.303625","level":"info","event":"NWRAP_ERROR[<unknown> (820)] - nwrap_files_cache_reload: Unable to open '/opt/bitnami/airflow/nss-wrapper/nss_passwd' readonly -1:No such file or directory","logger":"airflow.task.hooks.airflow.providers.standard.hooks.subprocess.SubprocessHook"}
{"timestamp":"2025-09-03T02:07:25.303703","level":"info","event":"NWRAP_ERROR[<unknown> (820)] - nwrap_files_getpwuid: Error loading passwd file","logger":"airflow.task.hooks.airflow.providers.standard.hooks.subprocess.SubprocessHook"}
{"timestamp":"2025-09-03T02:07:25.318296","level":"info","event":"NWRAP_ERROR[<unknown> (820)] - nwrap_files_cache_reload: Unable to open '/opt/bitnami/airflow/nss-wrapper/nss_passwd' readonly -1:No such file or directory","logger":"airflow.task.hooks.airflow.providers.standard.hooks.subprocess.SubprocessHook"}
{"timestamp":"2025-09-03T02:07:25.318429","level":"info","event":"NWRAP_ERROR[<unknown> (820)] - nwrap_files_getpwuid: Error loading passwd file","logger":"airflow.task.hooks.airflow.providers.standard.hooks.subprocess.SubprocessHook"}
{"timestamp":"2025-09-03T02:07:25.502423","level":"info","event":"Picked up JAVA_TOOL_OPTIONS: -Duser.name=airflow","logger":"airflow.task.hooks.airflow.providers.standard.hooks.subprocess.SubprocessHook"}
{"timestamp":"2025-09-03T02:07:25.502897","level":"info","event":"NWRAP_ERROR[<unknown> (808)] - nwrap_files_cache_reload: Unable to open '/opt/bitnami/airflow/nss-wrapper/nss_passwd' readonly -1:No such file or directory","logger":"airflow.task.hooks.airflow.providers.standard.hooks.subprocess.SubprocessHook"}
{"timestamp":"2025-09-03T02:07:25.502987","level":"info","event":"NWRAP_ERROR[<unknown> (808)] - nwrap_files_getpwuid: Error loading passwd file","logger":"airflow.task.hooks.airflow.providers.standard.hooks.subprocess.SubprocessHook"}
{"timestamp":"2025-09-03T02:07:25.514757","level":"info","event":"NWRAP_ERROR[<unknown> (808)] - nwrap_files_cache_reload: Unable to open '/opt/bitnami/airflow/nss-wrapper/nss_passwd' readonly -1:No such file or directory","logger":"airflow.task.hooks.airflow.providers.standard.hooks.subprocess.SubprocessHook"}
{"timestamp":"2025-09-03T02:07:25.514908","level":"info","event":"NWRAP_ERROR[<unknown> (808)] - nwrap_files_getpwuid: Error loading passwd file","logger":"airflow.task.hooks.airflow.providers.standard.hooks.subprocess.SubprocessHook"}
{"timestamp":"2025-09-03T02:07:26.761912","level":"info","event":"Warning: Ignoring non-Spark config property: hive.metastore.uris","logger":"airflow.task.hooks.airflow.providers.standard.hooks.subprocess.SubprocessHook"}
{"timestamp":"2025-09-03T02:07:27.946666","level":"info","event":"25/09/03 02:07:27 INFO SparkContext: Running Spark version 3.5.1","logger":"airflow.task.hooks.airflow.providers.standard.hooks.subprocess.SubprocessHook"}
{"timestamp":"2025-09-03T02:07:27.949776","level":"info","event":"25/09/03 02:07:27 INFO SparkContext: OS info Linux, 5.15.167.4-microsoft-standard-WSL2, amd64","logger":"airflow.task.hooks.airflow.providers.standard.hooks.subprocess.SubprocessHook"}
{"timestamp":"2025-09-03T02:07:27.949957","level":"info","event":"25/09/03 02:07:27 INFO SparkContext: Java version 17.0.16","logger":"airflow.task.hooks.airflow.providers.standard.hooks.subprocess.SubprocessHook"}
{"timestamp":"2025-09-03T02:07:27.977808","level":"info","event":"25/09/03 02:07:27 INFO ResourceUtils: ==============================================================","logger":"airflow.task.hooks.airflow.providers.standard.hooks.subprocess.SubprocessHook"}
{"timestamp":"2025-09-03T02:07:27.978117","level":"info","event":"25/09/03 02:07:27 INFO ResourceUtils: No custom resources configured for spark.driver.","logger":"airflow.task.hooks.airflow.providers.standard.hooks.subprocess.SubprocessHook"}
{"timestamp":"2025-09-03T02:07:27.978374","level":"info","event":"25/09/03 02:07:27 INFO ResourceUtils: ==============================================================","logger":"airflow.task.hooks.airflow.providers.standard.hooks.subprocess.SubprocessHook"}
{"timestamp":"2025-09-03T02:07:27.978606","level":"info","event":"25/09/03 02:07:27 INFO SparkContext: Submitted application: bronze-orders","logger":"airflow.task.hooks.airflow.providers.standard.hooks.subprocess.SubprocessHook"}
{"timestamp":"2025-09-03T02:07:28.003910","level":"info","event":"25/09/03 02:07:28 INFO ResourceProfile: Default ResourceProfile created, executor resources: Map(memory -> name: memory, amount: 1024, script: , vendor: , offHeap -> name: offHeap, amount: 0, script: , vendor: ), task resources: Map(cpus -> name: cpus, amount: 1.0)","logger":"airflow.task.hooks.airflow.providers.standard.hooks.subprocess.SubprocessHook"}
{"timestamp":"2025-09-03T02:07:28.011940","level":"info","event":"25/09/03 02:07:28 INFO ResourceProfile: Limiting resource is cpu","logger":"airflow.task.hooks.airflow.providers.standard.hooks.subprocess.SubprocessHook"}
{"timestamp":"2025-09-03T02:07:28.012432","level":"info","event":"25/09/03 02:07:28 INFO ResourceProfileManager: Added ResourceProfile id: 0","logger":"airflow.task.hooks.airflow.providers.standard.hooks.subprocess.SubprocessHook"}
{"timestamp":"2025-09-03T02:07:28.073654","level":"info","event":"25/09/03 02:07:28 INFO SecurityManager: Changing view acls to: airflow","logger":"airflow.task.hooks.airflow.providers.standard.hooks.subprocess.SubprocessHook"}
{"timestamp":"2025-09-03T02:07:28.074388","level":"info","event":"25/09/03 02:07:28 INFO SecurityManager: Changing modify acls to: airflow","logger":"airflow.task.hooks.airflow.providers.standard.hooks.subprocess.SubprocessHook"}
{"timestamp":"2025-09-03T02:07:28.075433","level":"info","event":"25/09/03 02:07:28 INFO SecurityManager: Changing view acls groups to:","logger":"airflow.task.hooks.airflow.providers.standard.hooks.subprocess.SubprocessHook"}
{"timestamp":"2025-09-03T02:07:28.075903","level":"info","event":"25/09/03 02:07:28 INFO SecurityManager: Changing modify acls groups to:","logger":"airflow.task.hooks.airflow.providers.standard.hooks.subprocess.SubprocessHook"}
{"timestamp":"2025-09-03T02:07:28.076279","level":"info","event":"25/09/03 02:07:28 INFO SecurityManager: SecurityManager: authentication disabled; ui acls disabled; users with view permissions: airflow; groups with view permissions: EMPTY; users with modify permissions: airflow; groups with modify permissions: EMPTY","logger":"airflow.task.hooks.airflow.providers.standard.hooks.subprocess.SubprocessHook"}
{"timestamp":"2025-09-03T02:07:28.148712","level":"info","event":"25/09/03 02:07:28 WARN NativeCodeLoader: Unable to load native-hadoop library for your platform... using builtin-java classes where applicable","logger":"airflow.task.hooks.airflow.providers.standard.hooks.subprocess.SubprocessHook"}
{"timestamp":"2025-09-03T02:07:28.503589","level":"info","event":"25/09/03 02:07:28 INFO Utils: Successfully started service 'sparkDriver' on port 36083.","logger":"airflow.task.hooks.airflow.providers.standard.hooks.subprocess.SubprocessHook"}
{"timestamp":"2025-09-03T02:07:28.538542","level":"info","event":"25/09/03 02:07:28 INFO SparkEnv: Registering MapOutputTracker","logger":"airflow.task.hooks.airflow.providers.standard.hooks.subprocess.SubprocessHook"}
{"timestamp":"2025-09-03T02:07:28.587799","level":"info","event":"25/09/03 02:07:28 INFO SparkEnv: Registering BlockManagerMaster","logger":"airflow.task.hooks.airflow.providers.standard.hooks.subprocess.SubprocessHook"}
{"timestamp":"2025-09-03T02:07:28.611547","level":"info","event":"25/09/03 02:07:28 INFO BlockManagerMasterEndpoint: Using org.apache.spark.storage.DefaultTopologyMapper for getting topology information","logger":"airflow.task.hooks.airflow.providers.standard.hooks.subprocess.SubprocessHook"}
{"timestamp":"2025-09-03T02:07:28.611948","level":"info","event":"25/09/03 02:07:28 INFO BlockManagerMasterEndpoint: BlockManagerMasterEndpoint up","logger":"airflow.task.hooks.airflow.providers.standard.hooks.subprocess.SubprocessHook"}
{"timestamp":"2025-09-03T02:07:28.615823","level":"info","event":"25/09/03 02:07:28 INFO SparkEnv: Registering BlockManagerMasterHeartbeat","logger":"airflow.task.hooks.airflow.providers.standard.hooks.subprocess.SubprocessHook"}
{"timestamp":"2025-09-03T02:07:28.645835","level":"info","event":"25/09/03 02:07:28 INFO DiskBlockManager: Created local directory at /tmp/blockmgr-ee7d9a54-6a46-413f-95b4-f8aeaa368724","logger":"airflow.task.hooks.airflow.providers.standard.hooks.subprocess.SubprocessHook"}
{"timestamp":"2025-09-03T02:07:28.664519","level":"info","event":"25/09/03 02:07:28 INFO MemoryStore: MemoryStore started with capacity 434.4 MiB","logger":"airflow.task.hooks.airflow.providers.standard.hooks.subprocess.SubprocessHook"}
{"timestamp":"2025-09-03T02:07:28.682954","level":"info","event":"25/09/03 02:07:28 INFO SparkEnv: Registering OutputCommitCoordinator","logger":"airflow.task.hooks.airflow.providers.standard.hooks.subprocess.SubprocessHook"}
{"timestamp":"2025-09-03T02:07:28.820102","level":"info","event":"25/09/03 02:07:28 INFO JettyUtils: Start Jetty 0.0.0.0:4040 for SparkUI","logger":"airflow.task.hooks.airflow.providers.standard.hooks.subprocess.SubprocessHook"}
{"timestamp":"2025-09-03T02:07:28.901432","level":"info","event":"25/09/03 02:07:28 INFO Utils: Successfully started service 'SparkUI' on port 4040.","logger":"airflow.task.hooks.airflow.providers.standard.hooks.subprocess.SubprocessHook"}
{"timestamp":"2025-09-03T02:07:29.048390","level":"info","event":"25/09/03 02:07:29 INFO StandaloneAppClient$ClientEndpoint: Connecting to master spark://spark-master:7077...","logger":"airflow.task.hooks.airflow.providers.standard.hooks.subprocess.SubprocessHook"}
{"timestamp":"2025-09-03T02:07:29.100240","level":"info","event":"25/09/03 02:07:29 INFO TransportClientFactory: Successfully created connection to spark-master/172.18.0.25:7077 after 31 ms (0 ms spent in bootstraps)","logger":"airflow.task.hooks.airflow.providers.standard.hooks.subprocess.SubprocessHook"}
{"timestamp":"2025-09-03T02:07:29.186902","level":"info","event":"25/09/03 02:07:29 INFO StandaloneSchedulerBackend: Connected to Spark cluster with app ID app-20250903020729-0004","logger":"airflow.task.hooks.airflow.providers.standard.hooks.subprocess.SubprocessHook"}
{"timestamp":"2025-09-03T02:07:29.191734","level":"info","event":"25/09/03 02:07:29 INFO StandaloneAppClient$ClientEndpoint: Executor added: app-20250903020729-0004/0 on worker-20250903013230-172.18.0.31-37911 (172.18.0.31:37911) with 2 core(s)","logger":"airflow.task.hooks.airflow.providers.standard.hooks.subprocess.SubprocessHook"}
{"timestamp":"2025-09-03T02:07:29.194650","level":"info","event":"25/09/03 02:07:29 INFO StandaloneSchedulerBackend: Granted executor ID app-20250903020729-0004/0 on hostPort 172.18.0.31:37911 with 2 core(s), 1024.0 MiB RAM","logger":"airflow.task.hooks.airflow.providers.standard.hooks.subprocess.SubprocessHook"}
{"timestamp":"2025-09-03T02:07:29.197934","level":"info","event":"25/09/03 02:07:29 INFO Utils: Successfully started service 'org.apache.spark.network.netty.NettyBlockTransferService' on port 37825.","logger":"airflow.task.hooks.airflow.providers.standard.hooks.subprocess.SubprocessHook"}
{"timestamp":"2025-09-03T02:07:29.198137","level":"info","event":"25/09/03 02:07:29 INFO NettyBlockTransferService: Server created on 3f061c594115:37825","logger":"airflow.task.hooks.airflow.providers.standard.hooks.subprocess.SubprocessHook"}
{"timestamp":"2025-09-03T02:07:29.200262","level":"info","event":"25/09/03 02:07:29 INFO BlockManager: Using org.apache.spark.storage.RandomBlockReplicationPolicy for block replication policy","logger":"airflow.task.hooks.airflow.providers.standard.hooks.subprocess.SubprocessHook"}
{"timestamp":"2025-09-03T02:07:29.211442","level":"info","event":"25/09/03 02:07:29 INFO BlockManagerMaster: Registering BlockManager BlockManagerId(driver, 3f061c594115, 37825, None)","logger":"airflow.task.hooks.airflow.providers.standard.hooks.subprocess.SubprocessHook"}
{"timestamp":"2025-09-03T02:07:29.217024","level":"info","event":"25/09/03 02:07:29 INFO BlockManagerMasterEndpoint: Registering block manager 3f061c594115:37825 with 434.4 MiB RAM, BlockManagerId(driver, 3f061c594115, 37825, None)","logger":"airflow.task.hooks.airflow.providers.standard.hooks.subprocess.SubprocessHook"}
{"timestamp":"2025-09-03T02:07:29.220184","level":"info","event":"25/09/03 02:07:29 INFO BlockManagerMaster: Registered BlockManager BlockManagerId(driver, 3f061c594115, 37825, None)","logger":"airflow.task.hooks.airflow.providers.standard.hooks.subprocess.SubprocessHook"}
{"timestamp":"2025-09-03T02:07:29.221847","level":"info","event":"25/09/03 02:07:29 INFO BlockManager: Initialized BlockManager: BlockManagerId(driver, 3f061c594115, 37825, None)","logger":"airflow.task.hooks.airflow.providers.standard.hooks.subprocess.SubprocessHook"}
{"timestamp":"2025-09-03T02:07:29.233344","level":"info","event":"25/09/03 02:07:29 INFO StandaloneAppClient$ClientEndpoint: Executor updated: app-20250903020729-0004/0 is now RUNNING","logger":"airflow.task.hooks.airflow.providers.standard.hooks.subprocess.SubprocessHook"}
{"timestamp":"2025-09-03T02:07:29.516593","level":"info","event":"25/09/03 02:07:29 INFO StandaloneSchedulerBackend: SchedulerBackend is ready for scheduling beginning after reached minRegisteredResourcesRatio: 0.0","logger":"airflow.task.hooks.airflow.providers.standard.hooks.subprocess.SubprocessHook"}
{"timestamp":"2025-09-03T02:07:29.692327","level":"info","event":"25/09/03 02:07:29 WARN SparkSession: Cannot use io.delta.sql.DeltaSparkSessionExtension to configure session extensions.","logger":"airflow.task.hooks.airflow.providers.standard.hooks.subprocess.SubprocessHook"}
{"timestamp":"2025-09-03T02:07:29.692566","level":"info","event":"java.lang.ClassNotFoundException: io.delta.sql.DeltaSparkSessionExtension","logger":"airflow.task.hooks.airflow.providers.standard.hooks.subprocess.SubprocessHook"}
{"timestamp":"2025-09-03T02:07:29.692720","level":"info","event":"\tat java.base/java.net.URLClassLoader.findClass(URLClassLoader.java:445)","logger":"airflow.task.hooks.airflow.providers.standard.hooks.subprocess.SubprocessHook"}
{"timestamp":"2025-09-03T02:07:29.692783","level":"info","event":"\tat java.base/java.lang.ClassLoader.loadClass(ClassLoader.java:592)","logger":"airflow.task.hooks.airflow.providers.standard.hooks.subprocess.SubprocessHook"}
{"timestamp":"2025-09-03T02:07:29.692832","level":"info","event":"\tat java.base/java.lang.ClassLoader.loadClass(ClassLoader.java:525)","logger":"airflow.task.hooks.airflow.providers.standard.hooks.subprocess.SubprocessHook"}
{"timestamp":"2025-09-03T02:07:29.692899","level":"info","event":"\tat java.base/java.lang.Class.forName0(Native Method)","logger":"airflow.task.hooks.airflow.providers.standard.hooks.subprocess.SubprocessHook"}
{"timestamp":"2025-09-03T02:07:29.693013","level":"info","event":"\tat java.base/java.lang.Class.forName(Class.java:467)","logger":"airflow.task.hooks.airflow.providers.standard.hooks.subprocess.SubprocessHook"}
{"timestamp":"2025-09-03T02:07:29.693102","level":"info","event":"\tat org.apache.spark.util.SparkClassUtils.classForName(SparkClassUtils.scala:41)","logger":"airflow.task.hooks.airflow.providers.standard.hooks.subprocess.SubprocessHook"}
{"timestamp":"2025-09-03T02:07:29.693189","level":"info","event":"\tat org.apache.spark.util.SparkClassUtils.classForName$(SparkClassUtils.scala:36)","logger":"airflow.task.hooks.airflow.providers.standard.hooks.subprocess.SubprocessHook"}
{"timestamp":"2025-09-03T02:07:29.693273","level":"info","event":"\tat org.apache.spark.util.Utils$.classForName(Utils.scala:94)","logger":"airflow.task.hooks.airflow.providers.standard.hooks.subprocess.SubprocessHook"}
{"timestamp":"2025-09-03T02:07:29.693346","level":"info","event":"\tat org.apache.spark.sql.SparkSession$.$anonfun$applyExtensions$2(SparkSession.scala:1367)","logger":"airflow.task.hooks.airflow.providers.standard.hooks.subprocess.SubprocessHook"}
{"timestamp":"2025-09-03T02:07:29.693412","level":"info","event":"\tat org.apache.spark.sql.SparkSession$.$anonfun$applyExtensions$2$adapted(SparkSession.scala:1365)","logger":"airflow.task.hooks.airflow.providers.standard.hooks.subprocess.SubprocessHook"}
{"timestamp":"2025-09-03T02:07:29.693571","level":"info","event":"\tat scala.collection.mutable.ResizableArray.foreach(ResizableArray.scala:62)","logger":"airflow.task.hooks.airflow.providers.standard.hooks.subprocess.SubprocessHook"}
{"timestamp":"2025-09-03T02:07:29.693641","level":"info","event":"\tat scala.collection.mutable.ResizableArray.foreach$(ResizableArray.scala:55)","logger":"airflow.task.hooks.airflow.providers.standard.hooks.subprocess.SubprocessHook"}
{"timestamp":"2025-09-03T02:07:29.693698","level":"info","event":"\tat scala.collection.mutable.ArrayBuffer.foreach(ArrayBuffer.scala:49)","logger":"airflow.task.hooks.airflow.providers.standard.hooks.subprocess.SubprocessHook"}
{"timestamp":"2025-09-03T02:07:29.693756","level":"info","event":"\tat org.apache.spark.sql.SparkSession$.org$apache$spark$sql$SparkSession$$applyExtensions(SparkSession.scala:1365)","logger":"airflow.task.hooks.airflow.providers.standard.hooks.subprocess.SubprocessHook"}
{"timestamp":"2025-09-03T02:07:29.693811","level":"info","event":"\tat org.apache.spark.sql.SparkSession.<init>(SparkSession.scala:105)","logger":"airflow.task.hooks.airflow.providers.standard.hooks.subprocess.SubprocessHook"}
{"timestamp":"2025-09-03T02:07:29.693867","level":"info","event":"\tat java.base/jdk.internal.reflect.NativeConstructorAccessorImpl.newInstance0(Native Method)","logger":"airflow.task.hooks.airflow.providers.standard.hooks.subprocess.SubprocessHook"}
{"timestamp":"2025-09-03T02:07:29.693925","level":"info","event":"\tat java.base/jdk.internal.reflect.NativeConstructorAccessorImpl.newInstance(NativeConstructorAccessorImpl.java:77)","logger":"airflow.task.hooks.airflow.providers.standard.hooks.subprocess.SubprocessHook"}
{"timestamp":"2025-09-03T02:07:29.693981","level":"info","event":"\tat java.base/jdk.internal.reflect.DelegatingConstructorAccessorImpl.newInstance(DelegatingConstructorAccessorImpl.java:45)","logger":"airflow.task.hooks.airflow.providers.standard.hooks.subprocess.SubprocessHook"}
{"timestamp":"2025-09-03T02:07:29.694041","level":"info","event":"\tat java.base/java.lang.reflect.Constructor.newInstanceWithCaller(Constructor.java:500)","logger":"airflow.task.hooks.airflow.providers.standard.hooks.subprocess.SubprocessHook"}
{"timestamp":"2025-09-03T02:07:29.694100","level":"info","event":"\tat java.base/java.lang.reflect.Constructor.newInstance(Constructor.java:481)","logger":"airflow.task.hooks.airflow.providers.standard.hooks.subprocess.SubprocessHook"}
{"timestamp":"2025-09-03T02:07:29.694235","level":"info","event":"\tat py4j.reflection.MethodInvoker.invoke(MethodInvoker.java:247)","logger":"airflow.task.hooks.airflow.providers.standard.hooks.subprocess.SubprocessHook"}
{"timestamp":"2025-09-03T02:07:29.694349","level":"info","event":"\tat py4j.reflection.ReflectionEngine.invoke(ReflectionEngine.java:374)","logger":"airflow.task.hooks.airflow.providers.standard.hooks.subprocess.SubprocessHook"}
{"timestamp":"2025-09-03T02:07:29.694473","level":"info","event":"\tat py4j.Gateway.invoke(Gateway.java:238)","logger":"airflow.task.hooks.airflow.providers.standard.hooks.subprocess.SubprocessHook"}
{"timestamp":"2025-09-03T02:07:29.694605","level":"info","event":"\tat py4j.commands.ConstructorCommand.invokeConstructor(ConstructorCommand.java:80)","logger":"airflow.task.hooks.airflow.providers.standard.hooks.subprocess.SubprocessHook"}
{"timestamp":"2025-09-03T02:07:29.694670","level":"info","event":"\tat py4j.commands.ConstructorCommand.execute(ConstructorCommand.java:69)","logger":"airflow.task.hooks.airflow.providers.standard.hooks.subprocess.SubprocessHook"}
{"timestamp":"2025-09-03T02:07:29.694732","level":"info","event":"\tat py4j.ClientServerConnection.waitForCommands(ClientServerConnection.java:182)","logger":"airflow.task.hooks.airflow.providers.standard.hooks.subprocess.SubprocessHook"}
{"timestamp":"2025-09-03T02:07:29.694785","level":"info","event":"\tat py4j.ClientServerConnection.run(ClientServerConnection.java:106)","logger":"airflow.task.hooks.airflow.providers.standard.hooks.subprocess.SubprocessHook"}
{"timestamp":"2025-09-03T02:07:29.694887","level":"info","event":"\tat java.base/java.lang.Thread.run(Thread.java:840)","logger":"airflow.task.hooks.airflow.providers.standard.hooks.subprocess.SubprocessHook"}
{"timestamp":"2025-09-03T02:07:29.703397","level":"info","event":"INFO:__main__:Spark session started","logger":"airflow.task.hooks.airflow.providers.standard.hooks.subprocess.SubprocessHook"}
{"timestamp":"2025-09-03T02:07:29.757349","level":"info","event":"NWRAP_ERROR[<unknown> (808)] - nwrap_files_cache_reload: Unable to open '/opt/bitnami/airflow/nss-wrapper/nss_passwd' readonly -1:No such file or directory","logger":"airflow.task.hooks.airflow.providers.standard.hooks.subprocess.SubprocessHook"}
{"timestamp":"2025-09-03T02:07:29.757584","level":"info","event":"NWRAP_ERROR[<unknown> (808)] - nwrap_files_getpwuid: Error loading passwd file","logger":"airflow.task.hooks.airflow.providers.standard.hooks.subprocess.SubprocessHook"}
{"timestamp":"2025-09-03T02:07:29.760030","level":"info","event":"25/09/03 02:07:29 WARN FileSystem: Cannot load filesystem: java.util.ServiceConfigurationError: org.apache.hadoop.fs.FileSystem: Provider org.apache.hadoop.fs.viewfs.ViewFileSystem could not be instantiated","logger":"airflow.task.hooks.airflow.providers.standard.hooks.subprocess.SubprocessHook"}
{"timestamp":"2025-09-03T02:07:29.760278","level":"info","event":"25/09/03 02:07:29 WARN FileSystem: org.apache.hadoop.security.KerberosAuthException: failure to login: javax.security.auth.login.LoginException: java.lang.NullPointerException: invalid null input: name","logger":"airflow.task.hooks.airflow.providers.standard.hooks.subprocess.SubprocessHook"}
{"timestamp":"2025-09-03T02:07:29.760406","level":"info","event":"\tat jdk.security.auth/com.sun.security.auth.UnixPrincipal.<init>(UnixPrincipal.java:71)","logger":"airflow.task.hooks.airflow.providers.standard.hooks.subprocess.SubprocessHook"}
{"timestamp":"2025-09-03T02:07:29.760484","level":"info","event":"\tat jdk.security.auth/com.sun.security.auth.module.UnixLoginModule.login(UnixLoginModule.java:134)","logger":"airflow.task.hooks.airflow.providers.standard.hooks.subprocess.SubprocessHook"}
{"timestamp":"2025-09-03T02:07:29.760550","level":"info","event":"\tat java.base/javax.security.auth.login.LoginContext.invoke(LoginContext.java:755)","logger":"airflow.task.hooks.airflow.providers.standard.hooks.subprocess.SubprocessHook"}
{"timestamp":"2025-09-03T02:07:29.760594","level":"info","event":"\tat java.base/javax.security.auth.login.LoginContext$4.run(LoginContext.java:679)","logger":"airflow.task.hooks.airflow.providers.standard.hooks.subprocess.SubprocessHook"}
{"timestamp":"2025-09-03T02:07:29.760770","level":"info","event":"\tat java.base/javax.security.auth.login.LoginContext$4.run(LoginContext.java:677)","logger":"airflow.task.hooks.airflow.providers.standard.hooks.subprocess.SubprocessHook"}
{"timestamp":"2025-09-03T02:07:29.760825","level":"info","event":"\tat java.base/java.security.AccessController.doPrivileged(AccessController.java:712)","logger":"airflow.task.hooks.airflow.providers.standard.hooks.subprocess.SubprocessHook"}
{"timestamp":"2025-09-03T02:07:29.760864","level":"info","event":"\tat java.base/javax.security.auth.login.LoginContext.invokePriv(LoginContext.java:677)","logger":"airflow.task.hooks.airflow.providers.standard.hooks.subprocess.SubprocessHook"}
{"timestamp":"2025-09-03T02:07:29.760901","level":"info","event":"\tat java.base/javax.security.auth.login.LoginContext.login(LoginContext.java:587)","logger":"airflow.task.hooks.airflow.providers.standard.hooks.subprocess.SubprocessHook"}
{"timestamp":"2025-09-03T02:07:29.760977","level":"info","event":"\tat org.apache.hadoop.security.UserGroupInformation$HadoopLoginContext.login(UserGroupInformation.java:2065)","logger":"airflow.task.hooks.airflow.providers.standard.hooks.subprocess.SubprocessHook"}
{"timestamp":"2025-09-03T02:07:29.761029","level":"info","event":"\tat org.apache.hadoop.security.UserGroupInformation.doSubjectLogin(UserGroupInformation.java:1975)","logger":"airflow.task.hooks.airflow.providers.standard.hooks.subprocess.SubprocessHook"}
{"timestamp":"2025-09-03T02:07:29.761068","level":"info","event":"\tat org.apache.hadoop.security.UserGroupInformation.createLoginUser(UserGroupInformation.java:719)","logger":"airflow.task.hooks.airflow.providers.standard.hooks.subprocess.SubprocessHook"}
{"timestamp":"2025-09-03T02:07:29.761129","level":"info","event":"\tat org.apache.hadoop.security.UserGroupInformation.getLoginUser(UserGroupInformation.java:669)","logger":"airflow.task.hooks.airflow.providers.standard.hooks.subprocess.SubprocessHook"}
{"timestamp":"2025-09-03T02:07:29.761176","level":"info","event":"\tat org.apache.hadoop.security.UserGroupInformation.getCurrentUser(UserGroupInformation.java:579)","logger":"airflow.task.hooks.airflow.providers.standard.hooks.subprocess.SubprocessHook"}
{"timestamp":"2025-09-03T02:07:29.761261","level":"info","event":"\tat org.apache.hadoop.fs.viewfs.ViewFileSystem.<init>(ViewFileSystem.java:269)","logger":"airflow.task.hooks.airflow.providers.standard.hooks.subprocess.SubprocessHook"}
{"timestamp":"2025-09-03T02:07:29.761328","level":"info","event":"\tat java.base/jdk.internal.reflect.NativeConstructorAccessorImpl.newInstance0(Native Method)","logger":"airflow.task.hooks.airflow.providers.standard.hooks.subprocess.SubprocessHook"}
{"timestamp":"2025-09-03T02:07:29.761399","level":"info","event":"\tat java.base/jdk.internal.reflect.NativeConstructorAccessorImpl.newInstance(NativeConstructorAccessorImpl.java:77)","logger":"airflow.task.hooks.airflow.providers.standard.hooks.subprocess.SubprocessHook"}
{"timestamp":"2025-09-03T02:07:29.761569","level":"info","event":"\tat java.base/jdk.internal.reflect.DelegatingConstructorAccessorImpl.newInstance(DelegatingConstructorAccessorImpl.java:45)","logger":"airflow.task.hooks.airflow.providers.standard.hooks.subprocess.SubprocessHook"}
{"timestamp":"2025-09-03T02:07:29.761659","level":"info","event":"\tat java.base/java.lang.reflect.Constructor.newInstanceWithCaller(Constructor.java:500)","logger":"airflow.task.hooks.airflow.providers.standard.hooks.subprocess.SubprocessHook"}
{"timestamp":"2025-09-03T02:07:29.761733","level":"info","event":"\tat java.base/java.lang.reflect.Constructor.newInstance(Constructor.java:481)","logger":"airflow.task.hooks.airflow.providers.standard.hooks.subprocess.SubprocessHook"}
{"timestamp":"2025-09-03T02:07:29.761850","level":"info","event":"\tat java.base/java.util.ServiceLoader$ProviderImpl.newInstance(ServiceLoader.java:789)","logger":"airflow.task.hooks.airflow.providers.standard.hooks.subprocess.SubprocessHook"}
{"timestamp":"2025-09-03T02:07:29.761916","level":"info","event":"\tat java.base/java.util.ServiceLoader$ProviderImpl.get(ServiceLoader.java:729)","logger":"airflow.task.hooks.airflow.providers.standard.hooks.subprocess.SubprocessHook"}
{"timestamp":"2025-09-03T02:07:29.761987","level":"info","event":"\tat java.base/java.util.ServiceLoader$3.next(ServiceLoader.java:1403)","logger":"airflow.task.hooks.airflow.providers.standard.hooks.subprocess.SubprocessHook"}
{"timestamp":"2025-09-03T02:07:29.762128","level":"info","event":"\tat org.apache.hadoop.fs.FileSystem.loadFileSystems(FileSystem.java:3379)","logger":"airflow.task.hooks.airflow.providers.standard.hooks.subprocess.SubprocessHook"}
{"timestamp":"2025-09-03T02:07:29.762276","level":"info","event":"\tat org.apache.hadoop.fs.FileSystem.getFileSystemClass(FileSystem.java:3424)","logger":"airflow.task.hooks.airflow.providers.standard.hooks.subprocess.SubprocessHook"}
{"timestamp":"2025-09-03T02:07:29.762359","level":"info","event":"\tat org.apache.hadoop.fs.FsUrlStreamHandlerFactory.<init>(FsUrlStreamHandlerFactory.java:77)","logger":"airflow.task.hooks.airflow.providers.standard.hooks.subprocess.SubprocessHook"}
{"timestamp":"2025-09-03T02:07:29.762469","level":"info","event":"\tat org.apache.spark.sql.internal.SharedState$.liftedTree2$1(SharedState.scala:199)","logger":"airflow.task.hooks.airflow.providers.standard.hooks.subprocess.SubprocessHook"}
{"timestamp":"2025-09-03T02:07:29.762549","level":"info","event":"\tat org.apache.spark.sql.internal.SharedState$.org$apache$spark$sql$internal$SharedState$$setFsUrlStreamHandlerFactory(SharedState.scala:198)","logger":"airflow.task.hooks.airflow.providers.standard.hooks.subprocess.SubprocessHook"}
{"timestamp":"2025-09-03T02:07:29.762664","level":"info","event":"\tat org.apache.spark.sql.internal.SharedState.<init>(SharedState.scala:54)","logger":"airflow.task.hooks.airflow.providers.standard.hooks.subprocess.SubprocessHook"}
{"timestamp":"2025-09-03T02:07:29.762797","level":"info","event":"\tat org.apache.spark.sql.SparkSession.$anonfun$sharedState$1(SparkSession.scala:143)","logger":"airflow.task.hooks.airflow.providers.standard.hooks.subprocess.SubprocessHook"}
{"timestamp":"2025-09-03T02:07:29.762884","level":"info","event":"\tat scala.Option.getOrElse(Option.scala:189)","logger":"airflow.task.hooks.airflow.providers.standard.hooks.subprocess.SubprocessHook"}
{"timestamp":"2025-09-03T02:07:29.762990","level":"info","event":"\tat org.apache.spark.sql.SparkSession.sharedState$lzycompute(SparkSession.scala:143)","logger":"airflow.task.hooks.airflow.providers.standard.hooks.subprocess.SubprocessHook"}
{"timestamp":"2025-09-03T02:07:29.763052","level":"info","event":"\tat org.apache.spark.sql.SparkSession.sharedState(SparkSession.scala:142)","logger":"airflow.task.hooks.airflow.providers.standard.hooks.subprocess.SubprocessHook"}
{"timestamp":"2025-09-03T02:07:29.763097","level":"info","event":"\tat org.apache.spark.sql.SparkSession.$anonfun$sessionState$2(SparkSession.scala:162)","logger":"airflow.task.hooks.airflow.providers.standard.hooks.subprocess.SubprocessHook"}
{"timestamp":"2025-09-03T02:07:29.763135","level":"info","event":"\tat scala.Option.getOrElse(Option.scala:189)","logger":"airflow.task.hooks.airflow.providers.standard.hooks.subprocess.SubprocessHook"}
{"timestamp":"2025-09-03T02:07:29.763202","level":"info","event":"\tat org.apache.spark.sql.SparkSession.sessionState$lzycompute(SparkSession.scala:160)","logger":"airflow.task.hooks.airflow.providers.standard.hooks.subprocess.SubprocessHook"}
{"timestamp":"2025-09-03T02:07:29.763348","level":"info","event":"\tat org.apache.spark.sql.SparkSession.sessionState(SparkSession.scala:157)","logger":"airflow.task.hooks.airflow.providers.standard.hooks.subprocess.SubprocessHook"}
{"timestamp":"2025-09-03T02:07:29.763464","level":"info","event":"\tat org.apache.spark.sql.streaming.DataStreamReader.<init>(DataStreamReader.scala:380)","logger":"airflow.task.hooks.airflow.providers.standard.hooks.subprocess.SubprocessHook"}
{"timestamp":"2025-09-03T02:07:29.763592","level":"info","event":"\tat org.apache.spark.sql.SparkSession.readStream(SparkSession.scala:794)","logger":"airflow.task.hooks.airflow.providers.standard.hooks.subprocess.SubprocessHook"}
{"timestamp":"2025-09-03T02:07:29.763716","level":"info","event":"\tat java.base/jdk.internal.reflect.NativeMethodAccessorImpl.invoke0(Native Method)","logger":"airflow.task.hooks.airflow.providers.standard.hooks.subprocess.SubprocessHook"}
{"timestamp":"2025-09-03T02:07:29.763790","level":"info","event":"\tat java.base/jdk.internal.reflect.NativeMethodAccessorImpl.invoke(NativeMethodAccessorImpl.java:77)","logger":"airflow.task.hooks.airflow.providers.standard.hooks.subprocess.SubprocessHook"}
{"timestamp":"2025-09-03T02:07:29.763941","level":"info","event":"\tat java.base/jdk.internal.reflect.DelegatingMethodAccessorImpl.invoke(DelegatingMethodAccessorImpl.java:43)","logger":"airflow.task.hooks.airflow.providers.standard.hooks.subprocess.SubprocessHook"}
{"timestamp":"2025-09-03T02:07:29.764017","level":"info","event":"\tat java.base/java.lang.reflect.Method.invoke(Method.java:569)","logger":"airflow.task.hooks.airflow.providers.standard.hooks.subprocess.SubprocessHook"}
{"timestamp":"2025-09-03T02:07:29.764086","level":"info","event":"\tat py4j.reflection.MethodInvoker.invoke(MethodInvoker.java:244)","logger":"airflow.task.hooks.airflow.providers.standard.hooks.subprocess.SubprocessHook"}
{"timestamp":"2025-09-03T02:07:29.764257","level":"info","event":"\tat py4j.reflection.ReflectionEngine.invoke(ReflectionEngine.java:374)","logger":"airflow.task.hooks.airflow.providers.standard.hooks.subprocess.SubprocessHook"}
{"timestamp":"2025-09-03T02:07:29.764398","level":"info","event":"\tat py4j.Gateway.invoke(Gateway.java:282)","logger":"airflow.task.hooks.airflow.providers.standard.hooks.subprocess.SubprocessHook"}
{"timestamp":"2025-09-03T02:07:29.764486","level":"info","event":"\tat py4j.commands.AbstractCommand.invokeMethod(AbstractCommand.java:132)","logger":"airflow.task.hooks.airflow.providers.standard.hooks.subprocess.SubprocessHook"}
{"timestamp":"2025-09-03T02:07:29.764614","level":"info","event":"\tat py4j.commands.CallCommand.execute(CallCommand.java:79)","logger":"airflow.task.hooks.airflow.providers.standard.hooks.subprocess.SubprocessHook"}
{"timestamp":"2025-09-03T02:07:29.764686","level":"info","event":"\tat py4j.ClientServerConnection.waitForCommands(ClientServerConnection.java:182)","logger":"airflow.task.hooks.airflow.providers.standard.hooks.subprocess.SubprocessHook"}
{"timestamp":"2025-09-03T02:07:29.764873","level":"info","event":"\tat py4j.ClientServerConnection.run(ClientServerConnection.java:106)","logger":"airflow.task.hooks.airflow.providers.standard.hooks.subprocess.SubprocessHook"}
{"timestamp":"2025-09-03T02:07:29.764969","level":"info","event":"\tat java.base/java.lang.Thread.run(Thread.java:840)","logger":"airflow.task.hooks.airflow.providers.standard.hooks.subprocess.SubprocessHook"}
{"timestamp":"2025-09-03T02:07:29.765121","level":"info","event":"","logger":"airflow.task.hooks.airflow.providers.standard.hooks.subprocess.SubprocessHook"}
{"timestamp":"2025-09-03T02:07:29.765301","level":"info","event":"25/09/03 02:07:29 WARN FileSystem: javax.security.auth.login.LoginException: java.lang.NullPointerException: invalid null input: name","logger":"airflow.task.hooks.airflow.providers.standard.hooks.subprocess.SubprocessHook"}
{"timestamp":"2025-09-03T02:07:29.765463","level":"info","event":"\tat jdk.security.auth/com.sun.security.auth.UnixPrincipal.<init>(UnixPrincipal.java:71)","logger":"airflow.task.hooks.airflow.providers.standard.hooks.subprocess.SubprocessHook"}
{"timestamp":"2025-09-03T02:07:29.765592","level":"info","event":"\tat jdk.security.auth/com.sun.security.auth.module.UnixLoginModule.login(UnixLoginModule.java:134)","logger":"airflow.task.hooks.airflow.providers.standard.hooks.subprocess.SubprocessHook"}
{"timestamp":"2025-09-03T02:07:29.765696","level":"info","event":"\tat java.base/javax.security.auth.login.LoginContext.invoke(LoginContext.java:755)","logger":"airflow.task.hooks.airflow.providers.standard.hooks.subprocess.SubprocessHook"}
{"timestamp":"2025-09-03T02:07:29.765839","level":"info","event":"\tat java.base/javax.security.auth.login.LoginContext$4.run(LoginContext.java:679)","logger":"airflow.task.hooks.airflow.providers.standard.hooks.subprocess.SubprocessHook"}
{"timestamp":"2025-09-03T02:07:29.766015","level":"info","event":"\tat java.base/javax.security.auth.login.LoginContext$4.run(LoginContext.java:677)","logger":"airflow.task.hooks.airflow.providers.standard.hooks.subprocess.SubprocessHook"}
{"timestamp":"2025-09-03T02:07:29.766152","level":"info","event":"\tat java.base/java.security.AccessController.doPrivileged(AccessController.java:712)","logger":"airflow.task.hooks.airflow.providers.standard.hooks.subprocess.SubprocessHook"}
{"timestamp":"2025-09-03T02:07:29.766245","level":"info","event":"\tat java.base/javax.security.auth.login.LoginContext.invokePriv(LoginContext.java:677)","logger":"airflow.task.hooks.airflow.providers.standard.hooks.subprocess.SubprocessHook"}
{"timestamp":"2025-09-03T02:07:29.766371","level":"info","event":"\tat java.base/javax.security.auth.login.LoginContext.login(LoginContext.java:587)","logger":"airflow.task.hooks.airflow.providers.standard.hooks.subprocess.SubprocessHook"}
{"timestamp":"2025-09-03T02:07:29.766526","level":"info","event":"\tat org.apache.hadoop.security.UserGroupInformation$HadoopLoginContext.login(UserGroupInformation.java:2065)","logger":"airflow.task.hooks.airflow.providers.standard.hooks.subprocess.SubprocessHook"}
{"timestamp":"2025-09-03T02:07:29.766707","level":"info","event":"\tat org.apache.hadoop.security.UserGroupInformation.doSubjectLogin(UserGroupInformation.java:1975)","logger":"airflow.task.hooks.airflow.providers.standard.hooks.subprocess.SubprocessHook"}
{"timestamp":"2025-09-03T02:07:29.766890","level":"info","event":"\tat org.apache.hadoop.security.UserGroupInformation.createLoginUser(UserGroupInformation.java:719)","logger":"airflow.task.hooks.airflow.providers.standard.hooks.subprocess.SubprocessHook"}
{"timestamp":"2025-09-03T02:07:29.767115","level":"info","event":"\tat org.apache.hadoop.security.UserGroupInformation.getLoginUser(UserGroupInformation.java:669)","logger":"airflow.task.hooks.airflow.providers.standard.hooks.subprocess.SubprocessHook"}
{"timestamp":"2025-09-03T02:07:29.767303","level":"info","event":"\tat org.apache.hadoop.security.UserGroupInformation.getCurrentUser(UserGroupInformation.java:579)","logger":"airflow.task.hooks.airflow.providers.standard.hooks.subprocess.SubprocessHook"}
{"timestamp":"2025-09-03T02:07:29.767402","level":"info","event":"\tat org.apache.hadoop.fs.viewfs.ViewFileSystem.<init>(ViewFileSystem.java:269)","logger":"airflow.task.hooks.airflow.providers.standard.hooks.subprocess.SubprocessHook"}
{"timestamp":"2025-09-03T02:07:29.767523","level":"info","event":"\tat java.base/jdk.internal.reflect.NativeConstructorAccessorImpl.newInstance0(Native Method)","logger":"airflow.task.hooks.airflow.providers.standard.hooks.subprocess.SubprocessHook"}
{"timestamp":"2025-09-03T02:07:29.767618","level":"info","event":"\tat java.base/jdk.internal.reflect.NativeConstructorAccessorImpl.newInstance(NativeConstructorAccessorImpl.java:77)","logger":"airflow.task.hooks.airflow.providers.standard.hooks.subprocess.SubprocessHook"}
{"timestamp":"2025-09-03T02:07:29.767692","level":"info","event":"\tat java.base/jdk.internal.reflect.DelegatingConstructorAccessorImpl.newInstance(DelegatingConstructorAccessorImpl.java:45)","logger":"airflow.task.hooks.airflow.providers.standard.hooks.subprocess.SubprocessHook"}
{"timestamp":"2025-09-03T02:07:29.767783","level":"info","event":"\tat java.base/java.lang.reflect.Constructor.newInstanceWithCaller(Constructor.java:500)","logger":"airflow.task.hooks.airflow.providers.standard.hooks.subprocess.SubprocessHook"}
{"timestamp":"2025-09-03T02:07:29.767848","level":"info","event":"\tat java.base/java.lang.reflect.Constructor.newInstance(Constructor.java:481)","logger":"airflow.task.hooks.airflow.providers.standard.hooks.subprocess.SubprocessHook"}
{"timestamp":"2025-09-03T02:07:29.768004","level":"info","event":"\tat java.base/java.util.ServiceLoader$ProviderImpl.newInstance(ServiceLoader.java:789)","logger":"airflow.task.hooks.airflow.providers.standard.hooks.subprocess.SubprocessHook"}
{"timestamp":"2025-09-03T02:07:29.768127","level":"info","event":"\tat java.base/java.util.ServiceLoader$ProviderImpl.get(ServiceLoader.java:729)","logger":"airflow.task.hooks.airflow.providers.standard.hooks.subprocess.SubprocessHook"}
{"timestamp":"2025-09-03T02:07:29.768209","level":"info","event":"\tat java.base/java.util.ServiceLoader$3.next(ServiceLoader.java:1403)","logger":"airflow.task.hooks.airflow.providers.standard.hooks.subprocess.SubprocessHook"}
{"timestamp":"2025-09-03T02:07:29.768307","level":"info","event":"\tat org.apache.hadoop.fs.FileSystem.loadFileSystems(FileSystem.java:3379)","logger":"airflow.task.hooks.airflow.providers.standard.hooks.subprocess.SubprocessHook"}
{"timestamp":"2025-09-03T02:07:29.768368","level":"info","event":"\tat org.apache.hadoop.fs.FileSystem.getFileSystemClass(FileSystem.java:3424)","logger":"airflow.task.hooks.airflow.providers.standard.hooks.subprocess.SubprocessHook"}
{"timestamp":"2025-09-03T02:07:29.768473","level":"info","event":"\tat org.apache.hadoop.fs.FsUrlStreamHandlerFactory.<init>(FsUrlStreamHandlerFactory.java:77)","logger":"airflow.task.hooks.airflow.providers.standard.hooks.subprocess.SubprocessHook"}
{"timestamp":"2025-09-03T02:07:29.768551","level":"info","event":"\tat org.apache.spark.sql.internal.SharedState$.liftedTree2$1(SharedState.scala:199)","logger":"airflow.task.hooks.airflow.providers.standard.hooks.subprocess.SubprocessHook"}
{"timestamp":"2025-09-03T02:07:29.768644","level":"info","event":"\tat org.apache.spark.sql.internal.SharedState$.org$apache$spark$sql$internal$SharedState$$setFsUrlStreamHandlerFactory(SharedState.scala:198)","logger":"airflow.task.hooks.airflow.providers.standard.hooks.subprocess.SubprocessHook"}
{"timestamp":"2025-09-03T02:07:29.768711","level":"info","event":"\tat org.apache.spark.sql.internal.SharedState.<init>(SharedState.scala:54)","logger":"airflow.task.hooks.airflow.providers.standard.hooks.subprocess.SubprocessHook"}
{"timestamp":"2025-09-03T02:07:29.768815","level":"info","event":"\tat org.apache.spark.sql.SparkSession.$anonfun$sharedState$1(SparkSession.scala:143)","logger":"airflow.task.hooks.airflow.providers.standard.hooks.subprocess.SubprocessHook"}
{"timestamp":"2025-09-03T02:07:29.768881","level":"info","event":"\tat scala.Option.getOrElse(Option.scala:189)","logger":"airflow.task.hooks.airflow.providers.standard.hooks.subprocess.SubprocessHook"}
{"timestamp":"2025-09-03T02:07:29.768931","level":"info","event":"\tat org.apache.spark.sql.SparkSession.sharedState$lzycompute(SparkSession.scala:143)","logger":"airflow.task.hooks.airflow.providers.standard.hooks.subprocess.SubprocessHook"}
{"timestamp":"2025-09-03T02:07:29.768982","level":"info","event":"\tat org.apache.spark.sql.SparkSession.sharedState(SparkSession.scala:142)","logger":"airflow.task.hooks.airflow.providers.standard.hooks.subprocess.SubprocessHook"}
{"timestamp":"2025-09-03T02:07:29.769086","level":"info","event":"\tat org.apache.spark.sql.SparkSession.$anonfun$sessionState$2(SparkSession.scala:162)","logger":"airflow.task.hooks.airflow.providers.standard.hooks.subprocess.SubprocessHook"}
{"timestamp":"2025-09-03T02:07:29.769144","level":"info","event":"\tat scala.Option.getOrElse(Option.scala:189)","logger":"airflow.task.hooks.airflow.providers.standard.hooks.subprocess.SubprocessHook"}
{"timestamp":"2025-09-03T02:07:29.769247","level":"info","event":"\tat org.apache.spark.sql.SparkSession.sessionState$lzycompute(SparkSession.scala:160)","logger":"airflow.task.hooks.airflow.providers.standard.hooks.subprocess.SubprocessHook"}
{"timestamp":"2025-09-03T02:07:29.769312","level":"info","event":"\tat org.apache.spark.sql.SparkSession.sessionState(SparkSession.scala:157)","logger":"airflow.task.hooks.airflow.providers.standard.hooks.subprocess.SubprocessHook"}
{"timestamp":"2025-09-03T02:07:29.769407","level":"info","event":"\tat org.apache.spark.sql.streaming.DataStreamReader.<init>(DataStreamReader.scala:380)","logger":"airflow.task.hooks.airflow.providers.standard.hooks.subprocess.SubprocessHook"}
{"timestamp":"2025-09-03T02:07:29.769469","level":"info","event":"\tat org.apache.spark.sql.SparkSession.readStream(SparkSession.scala:794)","logger":"airflow.task.hooks.airflow.providers.standard.hooks.subprocess.SubprocessHook"}
{"timestamp":"2025-09-03T02:07:29.769540","level":"info","event":"\tat java.base/jdk.internal.reflect.NativeMethodAccessorImpl.invoke0(Native Method)","logger":"airflow.task.hooks.airflow.providers.standard.hooks.subprocess.SubprocessHook"}
{"timestamp":"2025-09-03T02:07:29.769604","level":"info","event":"\tat java.base/jdk.internal.reflect.NativeMethodAccessorImpl.invoke(NativeMethodAccessorImpl.java:77)","logger":"airflow.task.hooks.airflow.providers.standard.hooks.subprocess.SubprocessHook"}
{"timestamp":"2025-09-03T02:07:29.769716","level":"info","event":"\tat java.base/jdk.internal.reflect.DelegatingMethodAccessorImpl.invoke(DelegatingMethodAccessorImpl.java:43)","logger":"airflow.task.hooks.airflow.providers.standard.hooks.subprocess.SubprocessHook"}
{"timestamp":"2025-09-03T02:07:29.769784","level":"info","event":"\tat java.base/java.lang.reflect.Method.invoke(Method.java:569)","logger":"airflow.task.hooks.airflow.providers.standard.hooks.subprocess.SubprocessHook"}
{"timestamp":"2025-09-03T02:07:29.769847","level":"info","event":"\tat py4j.reflection.MethodInvoker.invoke(MethodInvoker.java:244)","logger":"airflow.task.hooks.airflow.providers.standard.hooks.subprocess.SubprocessHook"}
{"timestamp":"2025-09-03T02:07:29.769952","level":"info","event":"\tat py4j.reflection.ReflectionEngine.invoke(ReflectionEngine.java:374)","logger":"airflow.task.hooks.airflow.providers.standard.hooks.subprocess.SubprocessHook"}
{"timestamp":"2025-09-03T02:07:29.770004","level":"info","event":"\tat py4j.Gateway.invoke(Gateway.java:282)","logger":"airflow.task.hooks.airflow.providers.standard.hooks.subprocess.SubprocessHook"}
{"timestamp":"2025-09-03T02:07:29.770122","level":"info","event":"\tat py4j.commands.AbstractCommand.invokeMethod(AbstractCommand.java:132)","logger":"airflow.task.hooks.airflow.providers.standard.hooks.subprocess.SubprocessHook"}
{"timestamp":"2025-09-03T02:07:29.770187","level":"info","event":"\tat py4j.commands.CallCommand.execute(CallCommand.java:79)","logger":"airflow.task.hooks.airflow.providers.standard.hooks.subprocess.SubprocessHook"}
{"timestamp":"2025-09-03T02:07:29.770241","level":"info","event":"\tat py4j.ClientServerConnection.waitForCommands(ClientServerConnection.java:182)","logger":"airflow.task.hooks.airflow.providers.standard.hooks.subprocess.SubprocessHook"}
{"timestamp":"2025-09-03T02:07:29.770337","level":"info","event":"\tat py4j.ClientServerConnection.run(ClientServerConnection.java:106)","logger":"airflow.task.hooks.airflow.providers.standard.hooks.subprocess.SubprocessHook"}
{"timestamp":"2025-09-03T02:07:29.770463","level":"info","event":"\tat java.base/java.lang.Thread.run(Thread.java:840)","logger":"airflow.task.hooks.airflow.providers.standard.hooks.subprocess.SubprocessHook"}
{"timestamp":"2025-09-03T02:07:29.770524","level":"info","event":"","logger":"airflow.task.hooks.airflow.providers.standard.hooks.subprocess.SubprocessHook"}
{"timestamp":"2025-09-03T02:07:29.796502","level":"info","event":"25/09/03 02:07:29 INFO SharedState: Setting hive.metastore.warehouse.dir ('null') to the value of spark.sql.warehouse.dir.","logger":"airflow.task.hooks.airflow.providers.standard.hooks.subprocess.SubprocessHook"}
{"timestamp":"2025-09-03T02:07:29.798992","level":"info","event":"NWRAP_ERROR[<unknown> (808)] - nwrap_files_cache_reload: Unable to open '/opt/bitnami/airflow/nss-wrapper/nss_passwd' readonly -1:No such file or directory","logger":"airflow.task.hooks.airflow.providers.standard.hooks.subprocess.SubprocessHook"}
{"timestamp":"2025-09-03T02:07:29.799238","level":"info","event":"NWRAP_ERROR[<unknown> (808)] - nwrap_files_getpwuid: Error loading passwd file","logger":"airflow.task.hooks.airflow.providers.standard.hooks.subprocess.SubprocessHook"}
{"timestamp":"2025-09-03T02:07:29.800918","level":"info","event":"25/09/03 02:07:29 WARN SharedState: Cannot qualify the warehouse path, leaving it unqualified.","logger":"airflow.task.hooks.airflow.providers.standard.hooks.subprocess.SubprocessHook"}
{"timestamp":"2025-09-03T02:07:29.801092","level":"info","event":"org.apache.hadoop.security.KerberosAuthException: failure to login: javax.security.auth.login.LoginException: java.lang.NullPointerException: invalid null input: name","logger":"airflow.task.hooks.airflow.providers.standard.hooks.subprocess.SubprocessHook"}
{"timestamp":"2025-09-03T02:07:29.801157","level":"info","event":"\tat jdk.security.auth/com.sun.security.auth.UnixPrincipal.<init>(UnixPrincipal.java:71)","logger":"airflow.task.hooks.airflow.providers.standard.hooks.subprocess.SubprocessHook"}
{"timestamp":"2025-09-03T02:07:29.801275","level":"info","event":"\tat jdk.security.auth/com.sun.security.auth.module.UnixLoginModule.login(UnixLoginModule.java:134)","logger":"airflow.task.hooks.airflow.providers.standard.hooks.subprocess.SubprocessHook"}
{"timestamp":"2025-09-03T02:07:29.801397","level":"info","event":"\tat java.base/javax.security.auth.login.LoginContext.invoke(LoginContext.java:755)","logger":"airflow.task.hooks.airflow.providers.standard.hooks.subprocess.SubprocessHook"}
{"timestamp":"2025-09-03T02:07:29.801448","level":"info","event":"\tat java.base/javax.security.auth.login.LoginContext$4.run(LoginContext.java:679)","logger":"airflow.task.hooks.airflow.providers.standard.hooks.subprocess.SubprocessHook"}
{"timestamp":"2025-09-03T02:07:29.801510","level":"info","event":"\tat java.base/javax.security.auth.login.LoginContext$4.run(LoginContext.java:677)","logger":"airflow.task.hooks.airflow.providers.standard.hooks.subprocess.SubprocessHook"}
{"timestamp":"2025-09-03T02:07:29.801604","level":"info","event":"\tat java.base/java.security.AccessController.doPrivileged(AccessController.java:712)","logger":"airflow.task.hooks.airflow.providers.standard.hooks.subprocess.SubprocessHook"}
{"timestamp":"2025-09-03T02:07:29.801650","level":"info","event":"\tat java.base/javax.security.auth.login.LoginContext.invokePriv(LoginContext.java:677)","logger":"airflow.task.hooks.airflow.providers.standard.hooks.subprocess.SubprocessHook"}
{"timestamp":"2025-09-03T02:07:29.801688","level":"info","event":"\tat java.base/javax.security.auth.login.LoginContext.login(LoginContext.java:587)","logger":"airflow.task.hooks.airflow.providers.standard.hooks.subprocess.SubprocessHook"}
{"timestamp":"2025-09-03T02:07:29.801795","level":"info","event":"\tat org.apache.hadoop.security.UserGroupInformation$HadoopLoginContext.login(UserGroupInformation.java:2065)","logger":"airflow.task.hooks.airflow.providers.standard.hooks.subprocess.SubprocessHook"}
{"timestamp":"2025-09-03T02:07:29.801848","level":"info","event":"\tat org.apache.hadoop.security.UserGroupInformation.doSubjectLogin(UserGroupInformation.java:1975)","logger":"airflow.task.hooks.airflow.providers.standard.hooks.subprocess.SubprocessHook"}
{"timestamp":"2025-09-03T02:07:29.801939","level":"info","event":"\tat org.apache.hadoop.security.UserGroupInformation.createLoginUser(UserGroupInformation.java:719)","logger":"airflow.task.hooks.airflow.providers.standard.hooks.subprocess.SubprocessHook"}
{"timestamp":"2025-09-03T02:07:29.801993","level":"info","event":"\tat org.apache.hadoop.security.UserGroupInformation.getLoginUser(UserGroupInformation.java:669)","logger":"airflow.task.hooks.airflow.providers.standard.hooks.subprocess.SubprocessHook"}
{"timestamp":"2025-09-03T02:07:29.802033","level":"info","event":"\tat org.apache.hadoop.security.UserGroupInformation.getCurrentUser(UserGroupInformation.java:579)","logger":"airflow.task.hooks.airflow.providers.standard.hooks.subprocess.SubprocessHook"}
{"timestamp":"2025-09-03T02:07:29.802147","level":"info","event":"\tat org.apache.hadoop.fs.FileSystem$Cache$Key.<init>(FileSystem.java:3746)","logger":"airflow.task.hooks.airflow.providers.standard.hooks.subprocess.SubprocessHook"}
{"timestamp":"2025-09-03T02:07:29.802194","level":"info","event":"\tat org.apache.hadoop.fs.FileSystem$Cache$Key.<init>(FileSystem.java:3736)","logger":"airflow.task.hooks.airflow.providers.standard.hooks.subprocess.SubprocessHook"}
{"timestamp":"2025-09-03T02:07:29.802231","level":"info","event":"\tat org.apache.hadoop.fs.FileSystem$Cache.get(FileSystem.java:3520)","logger":"airflow.task.hooks.airflow.providers.standard.hooks.subprocess.SubprocessHook"}
{"timestamp":"2025-09-03T02:07:29.802325","level":"info","event":"\tat org.apache.hadoop.fs.FileSystem.get(FileSystem.java:540)","logger":"airflow.task.hooks.airflow.providers.standard.hooks.subprocess.SubprocessHook"}
{"timestamp":"2025-09-03T02:07:29.802373","level":"info","event":"\tat org.apache.hadoop.fs.Path.getFileSystem(Path.java:365)","logger":"airflow.task.hooks.airflow.providers.standard.hooks.subprocess.SubprocessHook"}
{"timestamp":"2025-09-03T02:07:29.802459","level":"info","event":"\tat org.apache.spark.sql.internal.SharedState$.qualifyWarehousePath(SharedState.scala:288)","logger":"airflow.task.hooks.airflow.providers.standard.hooks.subprocess.SubprocessHook"}
{"timestamp":"2025-09-03T02:07:29.802551","level":"info","event":"\tat org.apache.spark.sql.internal.SharedState.liftedTree1$1(SharedState.scala:80)","logger":"airflow.task.hooks.airflow.providers.standard.hooks.subprocess.SubprocessHook"}
{"timestamp":"2025-09-03T02:07:29.802702","level":"info","event":"\tat org.apache.spark.sql.internal.SharedState.<init>(SharedState.scala:79)","logger":"airflow.task.hooks.airflow.providers.standard.hooks.subprocess.SubprocessHook"}
{"timestamp":"2025-09-03T02:07:29.802753","level":"info","event":"\tat org.apache.spark.sql.SparkSession.$anonfun$sharedState$1(SparkSession.scala:143)","logger":"airflow.task.hooks.airflow.providers.standard.hooks.subprocess.SubprocessHook"}
{"timestamp":"2025-09-03T02:07:29.802856","level":"info","event":"\tat scala.Option.getOrElse(Option.scala:189)","logger":"airflow.task.hooks.airflow.providers.standard.hooks.subprocess.SubprocessHook"}
{"timestamp":"2025-09-03T02:07:29.802907","level":"info","event":"\tat org.apache.spark.sql.SparkSession.sharedState$lzycompute(SparkSession.scala:143)","logger":"airflow.task.hooks.airflow.providers.standard.hooks.subprocess.SubprocessHook"}
{"timestamp":"2025-09-03T02:07:29.802979","level":"info","event":"\tat org.apache.spark.sql.SparkSession.sharedState(SparkSession.scala:142)","logger":"airflow.task.hooks.airflow.providers.standard.hooks.subprocess.SubprocessHook"}
{"timestamp":"2025-09-03T02:07:29.803126","level":"info","event":"\tat org.apache.spark.sql.SparkSession.$anonfun$sessionState$2(SparkSession.scala:162)","logger":"airflow.task.hooks.airflow.providers.standard.hooks.subprocess.SubprocessHook"}
{"timestamp":"2025-09-03T02:07:29.803248","level":"info","event":"\tat scala.Option.getOrElse(Option.scala:189)","logger":"airflow.task.hooks.airflow.providers.standard.hooks.subprocess.SubprocessHook"}
{"timestamp":"2025-09-03T02:07:29.803319","level":"info","event":"\tat org.apache.spark.sql.SparkSession.sessionState$lzycompute(SparkSession.scala:160)","logger":"airflow.task.hooks.airflow.providers.standard.hooks.subprocess.SubprocessHook"}
{"timestamp":"2025-09-03T02:07:29.803432","level":"info","event":"\tat org.apache.spark.sql.SparkSession.sessionState(SparkSession.scala:157)","logger":"airflow.task.hooks.airflow.providers.standard.hooks.subprocess.SubprocessHook"}
{"timestamp":"2025-09-03T02:07:29.803566","level":"info","event":"\tat org.apache.spark.sql.streaming.DataStreamReader.<init>(DataStreamReader.scala:380)","logger":"airflow.task.hooks.airflow.providers.standard.hooks.subprocess.SubprocessHook"}
{"timestamp":"2025-09-03T02:07:29.803617","level":"info","event":"\tat org.apache.spark.sql.SparkSession.readStream(SparkSession.scala:794)","logger":"airflow.task.hooks.airflow.providers.standard.hooks.subprocess.SubprocessHook"}
{"timestamp":"2025-09-03T02:07:29.803689","level":"info","event":"\tat java.base/jdk.internal.reflect.NativeMethodAccessorImpl.invoke0(Native Method)","logger":"airflow.task.hooks.airflow.providers.standard.hooks.subprocess.SubprocessHook"}
{"timestamp":"2025-09-03T02:07:29.803826","level":"info","event":"\tat java.base/jdk.internal.reflect.NativeMethodAccessorImpl.invoke(NativeMethodAccessorImpl.java:77)","logger":"airflow.task.hooks.airflow.providers.standard.hooks.subprocess.SubprocessHook"}
{"timestamp":"2025-09-03T02:07:29.803877","level":"info","event":"\tat java.base/jdk.internal.reflect.DelegatingMethodAccessorImpl.invoke(DelegatingMethodAccessorImpl.java:43)","logger":"airflow.task.hooks.airflow.providers.standard.hooks.subprocess.SubprocessHook"}
{"timestamp":"2025-09-03T02:07:29.803983","level":"info","event":"\tat java.base/java.lang.reflect.Method.invoke(Method.java:569)","logger":"airflow.task.hooks.airflow.providers.standard.hooks.subprocess.SubprocessHook"}
{"timestamp":"2025-09-03T02:07:29.804090","level":"info","event":"\tat py4j.reflection.MethodInvoker.invoke(MethodInvoker.java:244)","logger":"airflow.task.hooks.airflow.providers.standard.hooks.subprocess.SubprocessHook"}
{"timestamp":"2025-09-03T02:07:29.804183","level":"info","event":"\tat py4j.reflection.ReflectionEngine.invoke(ReflectionEngine.java:374)","logger":"airflow.task.hooks.airflow.providers.standard.hooks.subprocess.SubprocessHook"}
{"timestamp":"2025-09-03T02:07:29.804304","level":"info","event":"\tat py4j.Gateway.invoke(Gateway.java:282)","logger":"airflow.task.hooks.airflow.providers.standard.hooks.subprocess.SubprocessHook"}
{"timestamp":"2025-09-03T02:07:29.804397","level":"info","event":"\tat py4j.commands.AbstractCommand.invokeMethod(AbstractCommand.java:132)","logger":"airflow.task.hooks.airflow.providers.standard.hooks.subprocess.SubprocessHook"}
{"timestamp":"2025-09-03T02:07:29.804486","level":"info","event":"\tat py4j.commands.CallCommand.execute(CallCommand.java:79)","logger":"airflow.task.hooks.airflow.providers.standard.hooks.subprocess.SubprocessHook"}
{"timestamp":"2025-09-03T02:07:29.804599","level":"info","event":"\tat py4j.ClientServerConnection.waitForCommands(ClientServerConnection.java:182)","logger":"airflow.task.hooks.airflow.providers.standard.hooks.subprocess.SubprocessHook"}
{"timestamp":"2025-09-03T02:07:29.804646","level":"info","event":"\tat py4j.ClientServerConnection.run(ClientServerConnection.java:106)","logger":"airflow.task.hooks.airflow.providers.standard.hooks.subprocess.SubprocessHook"}
{"timestamp":"2025-09-03T02:07:29.804684","level":"info","event":"\tat java.base/java.lang.Thread.run(Thread.java:840)","logger":"airflow.task.hooks.airflow.providers.standard.hooks.subprocess.SubprocessHook"}
{"timestamp":"2025-09-03T02:07:29.804781","level":"info","event":"","logger":"airflow.task.hooks.airflow.providers.standard.hooks.subprocess.SubprocessHook"}
{"timestamp":"2025-09-03T02:07:29.804849","level":"info","event":"\tat org.apache.hadoop.security.UserGroupInformation.doSubjectLogin(UserGroupInformation.java:1986)","logger":"airflow.task.hooks.airflow.providers.standard.hooks.subprocess.SubprocessHook"}
{"timestamp":"2025-09-03T02:07:29.804944","level":"info","event":"\tat org.apache.hadoop.security.UserGroupInformation.createLoginUser(UserGroupInformation.java:719)","logger":"airflow.task.hooks.airflow.providers.standard.hooks.subprocess.SubprocessHook"}
{"timestamp":"2025-09-03T02:07:29.805066","level":"info","event":"\tat org.apache.hadoop.security.UserGroupInformation.getLoginUser(UserGroupInformation.java:669)","logger":"airflow.task.hooks.airflow.providers.standard.hooks.subprocess.SubprocessHook"}
{"timestamp":"2025-09-03T02:07:29.805208","level":"info","event":"\tat org.apache.hadoop.security.UserGroupInformation.getCurrentUser(UserGroupInformation.java:579)","logger":"airflow.task.hooks.airflow.providers.standard.hooks.subprocess.SubprocessHook"}
{"timestamp":"2025-09-03T02:07:29.805304","level":"info","event":"\tat org.apache.hadoop.fs.FileSystem$Cache$Key.<init>(FileSystem.java:3746)","logger":"airflow.task.hooks.airflow.providers.standard.hooks.subprocess.SubprocessHook"}
{"timestamp":"2025-09-03T02:07:29.805391","level":"info","event":"\tat org.apache.hadoop.fs.FileSystem$Cache$Key.<init>(FileSystem.java:3736)","logger":"airflow.task.hooks.airflow.providers.standard.hooks.subprocess.SubprocessHook"}
{"timestamp":"2025-09-03T02:07:29.805444","level":"info","event":"\tat org.apache.hadoop.fs.FileSystem$Cache.get(FileSystem.java:3520)","logger":"airflow.task.hooks.airflow.providers.standard.hooks.subprocess.SubprocessHook"}
{"timestamp":"2025-09-03T02:07:29.805483","level":"info","event":"\tat org.apache.hadoop.fs.FileSystem.get(FileSystem.java:540)","logger":"airflow.task.hooks.airflow.providers.standard.hooks.subprocess.SubprocessHook"}
{"timestamp":"2025-09-03T02:07:29.805521","level":"info","event":"\tat org.apache.hadoop.fs.Path.getFileSystem(Path.java:365)","logger":"airflow.task.hooks.airflow.providers.standard.hooks.subprocess.SubprocessHook"}
{"timestamp":"2025-09-03T02:07:29.805558","level":"info","event":"\tat org.apache.spark.sql.internal.SharedState$.qualifyWarehousePath(SharedState.scala:288)","logger":"airflow.task.hooks.airflow.providers.standard.hooks.subprocess.SubprocessHook"}
{"timestamp":"2025-09-03T02:07:29.805595","level":"info","event":"\tat org.apache.spark.sql.internal.SharedState.liftedTree1$1(SharedState.scala:80)","logger":"airflow.task.hooks.airflow.providers.standard.hooks.subprocess.SubprocessHook"}
{"timestamp":"2025-09-03T02:07:29.805631","level":"info","event":"\tat org.apache.spark.sql.internal.SharedState.<init>(SharedState.scala:79)","logger":"airflow.task.hooks.airflow.providers.standard.hooks.subprocess.SubprocessHook"}
{"timestamp":"2025-09-03T02:07:29.805668","level":"info","event":"\tat org.apache.spark.sql.SparkSession.$anonfun$sharedState$1(SparkSession.scala:143)","logger":"airflow.task.hooks.airflow.providers.standard.hooks.subprocess.SubprocessHook"}
{"timestamp":"2025-09-03T02:07:29.805706","level":"info","event":"\tat scala.Option.getOrElse(Option.scala:189)","logger":"airflow.task.hooks.airflow.providers.standard.hooks.subprocess.SubprocessHook"}
{"timestamp":"2025-09-03T02:07:29.805743","level":"info","event":"\tat org.apache.spark.sql.SparkSession.sharedState$lzycompute(SparkSession.scala:143)","logger":"airflow.task.hooks.airflow.providers.standard.hooks.subprocess.SubprocessHook"}
{"timestamp":"2025-09-03T02:07:29.805779","level":"info","event":"\tat org.apache.spark.sql.SparkSession.sharedState(SparkSession.scala:142)","logger":"airflow.task.hooks.airflow.providers.standard.hooks.subprocess.SubprocessHook"}
{"timestamp":"2025-09-03T02:07:29.805816","level":"info","event":"\tat org.apache.spark.sql.SparkSession.$anonfun$sessionState$2(SparkSession.scala:162)","logger":"airflow.task.hooks.airflow.providers.standard.hooks.subprocess.SubprocessHook"}
{"timestamp":"2025-09-03T02:07:29.805864","level":"info","event":"\tat scala.Option.getOrElse(Option.scala:189)","logger":"airflow.task.hooks.airflow.providers.standard.hooks.subprocess.SubprocessHook"}
{"timestamp":"2025-09-03T02:07:29.805905","level":"info","event":"\tat org.apache.spark.sql.SparkSession.sessionState$lzycompute(SparkSession.scala:160)","logger":"airflow.task.hooks.airflow.providers.standard.hooks.subprocess.SubprocessHook"}
{"timestamp":"2025-09-03T02:07:29.805941","level":"info","event":"\tat org.apache.spark.sql.SparkSession.sessionState(SparkSession.scala:157)","logger":"airflow.task.hooks.airflow.providers.standard.hooks.subprocess.SubprocessHook"}
{"timestamp":"2025-09-03T02:07:29.805977","level":"info","event":"\tat org.apache.spark.sql.streaming.DataStreamReader.<init>(DataStreamReader.scala:380)","logger":"airflow.task.hooks.airflow.providers.standard.hooks.subprocess.SubprocessHook"}
{"timestamp":"2025-09-03T02:07:29.806014","level":"info","event":"\tat org.apache.spark.sql.SparkSession.readStream(SparkSession.scala:794)","logger":"airflow.task.hooks.airflow.providers.standard.hooks.subprocess.SubprocessHook"}
{"timestamp":"2025-09-03T02:07:29.806051","level":"info","event":"\tat java.base/jdk.internal.reflect.NativeMethodAccessorImpl.invoke0(Native Method)","logger":"airflow.task.hooks.airflow.providers.standard.hooks.subprocess.SubprocessHook"}
{"timestamp":"2025-09-03T02:07:29.806090","level":"info","event":"\tat java.base/jdk.internal.reflect.NativeMethodAccessorImpl.invoke(NativeMethodAccessorImpl.java:77)","logger":"airflow.task.hooks.airflow.providers.standard.hooks.subprocess.SubprocessHook"}
{"timestamp":"2025-09-03T02:07:29.806128","level":"info","event":"\tat java.base/jdk.internal.reflect.DelegatingMethodAccessorImpl.invoke(DelegatingMethodAccessorImpl.java:43)","logger":"airflow.task.hooks.airflow.providers.standard.hooks.subprocess.SubprocessHook"}
{"timestamp":"2025-09-03T02:07:29.806165","level":"info","event":"\tat java.base/java.lang.reflect.Method.invoke(Method.java:569)","logger":"airflow.task.hooks.airflow.providers.standard.hooks.subprocess.SubprocessHook"}
{"timestamp":"2025-09-03T02:07:29.806202","level":"info","event":"\tat py4j.reflection.MethodInvoker.invoke(MethodInvoker.java:244)","logger":"airflow.task.hooks.airflow.providers.standard.hooks.subprocess.SubprocessHook"}
{"timestamp":"2025-09-03T02:07:29.806238","level":"info","event":"\tat py4j.reflection.ReflectionEngine.invoke(ReflectionEngine.java:374)","logger":"airflow.task.hooks.airflow.providers.standard.hooks.subprocess.SubprocessHook"}
{"timestamp":"2025-09-03T02:07:29.806274","level":"info","event":"\tat py4j.Gateway.invoke(Gateway.java:282)","logger":"airflow.task.hooks.airflow.providers.standard.hooks.subprocess.SubprocessHook"}
{"timestamp":"2025-09-03T02:07:29.806313","level":"info","event":"\tat py4j.commands.AbstractCommand.invokeMethod(AbstractCommand.java:132)","logger":"airflow.task.hooks.airflow.providers.standard.hooks.subprocess.SubprocessHook"}
{"timestamp":"2025-09-03T02:07:29.806349","level":"info","event":"\tat py4j.commands.CallCommand.execute(CallCommand.java:79)","logger":"airflow.task.hooks.airflow.providers.standard.hooks.subprocess.SubprocessHook"}
{"timestamp":"2025-09-03T02:07:29.806387","level":"info","event":"\tat py4j.ClientServerConnection.waitForCommands(ClientServerConnection.java:182)","logger":"airflow.task.hooks.airflow.providers.standard.hooks.subprocess.SubprocessHook"}
{"timestamp":"2025-09-03T02:07:29.806427","level":"info","event":"\tat py4j.ClientServerConnection.run(ClientServerConnection.java:106)","logger":"airflow.task.hooks.airflow.providers.standard.hooks.subprocess.SubprocessHook"}
{"timestamp":"2025-09-03T02:07:29.806464","level":"info","event":"\tat java.base/java.lang.Thread.run(Thread.java:840)","logger":"airflow.task.hooks.airflow.providers.standard.hooks.subprocess.SubprocessHook"}
{"timestamp":"2025-09-03T02:07:29.806502","level":"info","event":"Caused by: javax.security.auth.login.LoginException: java.lang.NullPointerException: invalid null input: name","logger":"airflow.task.hooks.airflow.providers.standard.hooks.subprocess.SubprocessHook"}
{"timestamp":"2025-09-03T02:07:29.806539","level":"info","event":"\tat jdk.security.auth/com.sun.security.auth.UnixPrincipal.<init>(UnixPrincipal.java:71)","logger":"airflow.task.hooks.airflow.providers.standard.hooks.subprocess.SubprocessHook"}
{"timestamp":"2025-09-03T02:07:29.806579","level":"info","event":"\tat jdk.security.auth/com.sun.security.auth.module.UnixLoginModule.login(UnixLoginModule.java:134)","logger":"airflow.task.hooks.airflow.providers.standard.hooks.subprocess.SubprocessHook"}
{"timestamp":"2025-09-03T02:07:29.806636","level":"info","event":"\tat java.base/javax.security.auth.login.LoginContext.invoke(LoginContext.java:755)","logger":"airflow.task.hooks.airflow.providers.standard.hooks.subprocess.SubprocessHook"}
{"timestamp":"2025-09-03T02:07:29.806744","level":"info","event":"\tat java.base/javax.security.auth.login.LoginContext$4.run(LoginContext.java:679)","logger":"airflow.task.hooks.airflow.providers.standard.hooks.subprocess.SubprocessHook"}
{"timestamp":"2025-09-03T02:07:29.806805","level":"info","event":"\tat java.base/javax.security.auth.login.LoginContext$4.run(LoginContext.java:677)","logger":"airflow.task.hooks.airflow.providers.standard.hooks.subprocess.SubprocessHook"}
{"timestamp":"2025-09-03T02:07:29.806846","level":"info","event":"\tat java.base/java.security.AccessController.doPrivileged(AccessController.java:712)","logger":"airflow.task.hooks.airflow.providers.standard.hooks.subprocess.SubprocessHook"}
{"timestamp":"2025-09-03T02:07:29.806884","level":"info","event":"\tat java.base/javax.security.auth.login.LoginContext.invokePriv(LoginContext.java:677)","logger":"airflow.task.hooks.airflow.providers.standard.hooks.subprocess.SubprocessHook"}
{"timestamp":"2025-09-03T02:07:29.806921","level":"info","event":"\tat java.base/javax.security.auth.login.LoginContext.login(LoginContext.java:587)","logger":"airflow.task.hooks.airflow.providers.standard.hooks.subprocess.SubprocessHook"}
{"timestamp":"2025-09-03T02:07:29.806958","level":"info","event":"\tat org.apache.hadoop.security.UserGroupInformation$HadoopLoginContext.login(UserGroupInformation.java:2065)","logger":"airflow.task.hooks.airflow.providers.standard.hooks.subprocess.SubprocessHook"}
{"timestamp":"2025-09-03T02:07:29.806998","level":"info","event":"\tat org.apache.hadoop.security.UserGroupInformation.doSubjectLogin(UserGroupInformation.java:1975)","logger":"airflow.task.hooks.airflow.providers.standard.hooks.subprocess.SubprocessHook"}
{"timestamp":"2025-09-03T02:07:29.807057","level":"info","event":"\tat org.apache.hadoop.security.UserGroupInformation.createLoginUser(UserGroupInformation.java:719)","logger":"airflow.task.hooks.airflow.providers.standard.hooks.subprocess.SubprocessHook"}
{"timestamp":"2025-09-03T02:07:29.807119","level":"info","event":"\tat org.apache.hadoop.security.UserGroupInformation.getLoginUser(UserGroupInformation.java:669)","logger":"airflow.task.hooks.airflow.providers.standard.hooks.subprocess.SubprocessHook"}
{"timestamp":"2025-09-03T02:07:29.807160","level":"info","event":"\tat org.apache.hadoop.security.UserGroupInformation.getCurrentUser(UserGroupInformation.java:579)","logger":"airflow.task.hooks.airflow.providers.standard.hooks.subprocess.SubprocessHook"}
{"timestamp":"2025-09-03T02:07:29.807199","level":"info","event":"\tat org.apache.hadoop.fs.FileSystem$Cache$Key.<init>(FileSystem.java:3746)","logger":"airflow.task.hooks.airflow.providers.standard.hooks.subprocess.SubprocessHook"}
{"timestamp":"2025-09-03T02:07:29.807237","level":"info","event":"\tat org.apache.hadoop.fs.FileSystem$Cache$Key.<init>(FileSystem.java:3736)","logger":"airflow.task.hooks.airflow.providers.standard.hooks.subprocess.SubprocessHook"}
{"timestamp":"2025-09-03T02:07:29.807273","level":"info","event":"\tat org.apache.hadoop.fs.FileSystem$Cache.get(FileSystem.java:3520)","logger":"airflow.task.hooks.airflow.providers.standard.hooks.subprocess.SubprocessHook"}
{"timestamp":"2025-09-03T02:07:29.807310","level":"info","event":"\tat org.apache.hadoop.fs.FileSystem.get(FileSystem.java:540)","logger":"airflow.task.hooks.airflow.providers.standard.hooks.subprocess.SubprocessHook"}
{"timestamp":"2025-09-03T02:07:29.807348","level":"info","event":"\tat org.apache.hadoop.fs.Path.getFileSystem(Path.java:365)","logger":"airflow.task.hooks.airflow.providers.standard.hooks.subprocess.SubprocessHook"}
{"timestamp":"2025-09-03T02:07:29.807384","level":"info","event":"\tat org.apache.spark.sql.internal.SharedState$.qualifyWarehousePath(SharedState.scala:288)","logger":"airflow.task.hooks.airflow.providers.standard.hooks.subprocess.SubprocessHook"}
{"timestamp":"2025-09-03T02:07:29.807422","level":"info","event":"\tat org.apache.spark.sql.internal.SharedState.liftedTree1$1(SharedState.scala:80)","logger":"airflow.task.hooks.airflow.providers.standard.hooks.subprocess.SubprocessHook"}
{"timestamp":"2025-09-03T02:07:29.807458","level":"info","event":"\tat org.apache.spark.sql.internal.SharedState.<init>(SharedState.scala:79)","logger":"airflow.task.hooks.airflow.providers.standard.hooks.subprocess.SubprocessHook"}
{"timestamp":"2025-09-03T02:07:29.807506","level":"info","event":"\tat org.apache.spark.sql.SparkSession.$anonfun$sharedState$1(SparkSession.scala:143)","logger":"airflow.task.hooks.airflow.providers.standard.hooks.subprocess.SubprocessHook"}
{"timestamp":"2025-09-03T02:07:29.807548","level":"info","event":"\tat scala.Option.getOrElse(Option.scala:189)","logger":"airflow.task.hooks.airflow.providers.standard.hooks.subprocess.SubprocessHook"}
{"timestamp":"2025-09-03T02:07:29.807586","level":"info","event":"\tat org.apache.spark.sql.SparkSession.sharedState$lzycompute(SparkSession.scala:143)","logger":"airflow.task.hooks.airflow.providers.standard.hooks.subprocess.SubprocessHook"}
{"timestamp":"2025-09-03T02:07:29.807624","level":"info","event":"\tat org.apache.spark.sql.SparkSession.sharedState(SparkSession.scala:142)","logger":"airflow.task.hooks.airflow.providers.standard.hooks.subprocess.SubprocessHook"}
{"timestamp":"2025-09-03T02:07:29.807662","level":"info","event":"\tat org.apache.spark.sql.SparkSession.$anonfun$sessionState$2(SparkSession.scala:162)","logger":"airflow.task.hooks.airflow.providers.standard.hooks.subprocess.SubprocessHook"}
{"timestamp":"2025-09-03T02:07:29.807699","level":"info","event":"\tat scala.Option.getOrElse(Option.scala:189)","logger":"airflow.task.hooks.airflow.providers.standard.hooks.subprocess.SubprocessHook"}
{"timestamp":"2025-09-03T02:07:29.807739","level":"info","event":"\tat org.apache.spark.sql.SparkSession.sessionState$lzycompute(SparkSession.scala:160)","logger":"airflow.task.hooks.airflow.providers.standard.hooks.subprocess.SubprocessHook"}
{"timestamp":"2025-09-03T02:07:29.807776","level":"info","event":"\tat org.apache.spark.sql.SparkSession.sessionState(SparkSession.scala:157)","logger":"airflow.task.hooks.airflow.providers.standard.hooks.subprocess.SubprocessHook"}
{"timestamp":"2025-09-03T02:07:29.807815","level":"info","event":"\tat org.apache.spark.sql.streaming.DataStreamReader.<init>(DataStreamReader.scala:380)","logger":"airflow.task.hooks.airflow.providers.standard.hooks.subprocess.SubprocessHook"}
{"timestamp":"2025-09-03T02:07:29.807853","level":"info","event":"\tat org.apache.spark.sql.SparkSession.readStream(SparkSession.scala:794)","logger":"airflow.task.hooks.airflow.providers.standard.hooks.subprocess.SubprocessHook"}
{"timestamp":"2025-09-03T02:07:29.807892","level":"info","event":"\tat java.base/jdk.internal.reflect.NativeMethodAccessorImpl.invoke0(Native Method)","logger":"airflow.task.hooks.airflow.providers.standard.hooks.subprocess.SubprocessHook"}
{"timestamp":"2025-09-03T02:07:29.807930","level":"info","event":"\tat java.base/jdk.internal.reflect.NativeMethodAccessorImpl.invoke(NativeMethodAccessorImpl.java:77)","logger":"airflow.task.hooks.airflow.providers.standard.hooks.subprocess.SubprocessHook"}
{"timestamp":"2025-09-03T02:07:29.807970","level":"info","event":"\tat java.base/jdk.internal.reflect.DelegatingMethodAccessorImpl.invoke(DelegatingMethodAccessorImpl.java:43)","logger":"airflow.task.hooks.airflow.providers.standard.hooks.subprocess.SubprocessHook"}
{"timestamp":"2025-09-03T02:07:29.808010","level":"info","event":"\tat java.base/java.lang.reflect.Method.invoke(Method.java:569)","logger":"airflow.task.hooks.airflow.providers.standard.hooks.subprocess.SubprocessHook"}
{"timestamp":"2025-09-03T02:07:29.808046","level":"info","event":"\tat py4j.reflection.MethodInvoker.invoke(MethodInvoker.java:244)","logger":"airflow.task.hooks.airflow.providers.standard.hooks.subprocess.SubprocessHook"}
{"timestamp":"2025-09-03T02:07:29.808081","level":"info","event":"\tat py4j.reflection.ReflectionEngine.invoke(ReflectionEngine.java:374)","logger":"airflow.task.hooks.airflow.providers.standard.hooks.subprocess.SubprocessHook"}
{"timestamp":"2025-09-03T02:07:29.808122","level":"info","event":"\tat py4j.Gateway.invoke(Gateway.java:282)","logger":"airflow.task.hooks.airflow.providers.standard.hooks.subprocess.SubprocessHook"}
{"timestamp":"2025-09-03T02:07:29.808159","level":"info","event":"\tat py4j.commands.AbstractCommand.invokeMethod(AbstractCommand.java:132)","logger":"airflow.task.hooks.airflow.providers.standard.hooks.subprocess.SubprocessHook"}
{"timestamp":"2025-09-03T02:07:29.808197","level":"info","event":"\tat py4j.commands.CallCommand.execute(CallCommand.java:79)","logger":"airflow.task.hooks.airflow.providers.standard.hooks.subprocess.SubprocessHook"}
{"timestamp":"2025-09-03T02:07:29.808236","level":"info","event":"\tat py4j.ClientServerConnection.waitForCommands(ClientServerConnection.java:182)","logger":"airflow.task.hooks.airflow.providers.standard.hooks.subprocess.SubprocessHook"}
{"timestamp":"2025-09-03T02:07:29.808276","level":"info","event":"\tat py4j.ClientServerConnection.run(ClientServerConnection.java:106)","logger":"airflow.task.hooks.airflow.providers.standard.hooks.subprocess.SubprocessHook"}
{"timestamp":"2025-09-03T02:07:29.808312","level":"info","event":"\tat java.base/java.lang.Thread.run(Thread.java:840)","logger":"airflow.task.hooks.airflow.providers.standard.hooks.subprocess.SubprocessHook"}
{"timestamp":"2025-09-03T02:07:29.808353","level":"info","event":"","logger":"airflow.task.hooks.airflow.providers.standard.hooks.subprocess.SubprocessHook"}
{"timestamp":"2025-09-03T02:07:29.808392","level":"info","event":"\tat java.base/javax.security.auth.login.LoginContext.invoke(LoginContext.java:850)","logger":"airflow.task.hooks.airflow.providers.standard.hooks.subprocess.SubprocessHook"}
{"timestamp":"2025-09-03T02:07:29.808469","level":"info","event":"\tat java.base/javax.security.auth.login.LoginContext$4.run(LoginContext.java:679)","logger":"airflow.task.hooks.airflow.providers.standard.hooks.subprocess.SubprocessHook"}
{"timestamp":"2025-09-03T02:07:29.808525","level":"info","event":"\tat java.base/javax.security.auth.login.LoginContext$4.run(LoginContext.java:677)","logger":"airflow.task.hooks.airflow.providers.standard.hooks.subprocess.SubprocessHook"}
{"timestamp":"2025-09-03T02:07:29.808563","level":"info","event":"\tat java.base/java.security.AccessController.doPrivileged(AccessController.java:712)","logger":"airflow.task.hooks.airflow.providers.standard.hooks.subprocess.SubprocessHook"}
{"timestamp":"2025-09-03T02:07:29.808601","level":"info","event":"\tat java.base/javax.security.auth.login.LoginContext.invokePriv(LoginContext.java:677)","logger":"airflow.task.hooks.airflow.providers.standard.hooks.subprocess.SubprocessHook"}
{"timestamp":"2025-09-03T02:07:29.808637","level":"info","event":"\tat java.base/javax.security.auth.login.LoginContext.login(LoginContext.java:587)","logger":"airflow.task.hooks.airflow.providers.standard.hooks.subprocess.SubprocessHook"}
{"timestamp":"2025-09-03T02:07:29.808675","level":"info","event":"\tat org.apache.hadoop.security.UserGroupInformation$HadoopLoginContext.login(UserGroupInformation.java:2065)","logger":"airflow.task.hooks.airflow.providers.standard.hooks.subprocess.SubprocessHook"}
{"timestamp":"2025-09-03T02:07:29.808713","level":"info","event":"\tat org.apache.hadoop.security.UserGroupInformation.doSubjectLogin(UserGroupInformation.java:1975)","logger":"airflow.task.hooks.airflow.providers.standard.hooks.subprocess.SubprocessHook"}
{"timestamp":"2025-09-03T02:07:29.808797","level":"info","event":"\t... 33 more","logger":"airflow.task.hooks.airflow.providers.standard.hooks.subprocess.SubprocessHook"}
{"timestamp":"2025-09-03T02:07:31.025614","level":"info","event":"ERROR:__main__:Fatal error in bronze-orders: Failed to find data source: kafka. Please deploy the application as per the deployment section of Structured Streaming + Kafka Integration Guide.","logger":"airflow.task.hooks.airflow.providers.standard.hooks.subprocess.SubprocessHook"}
{"timestamp":"2025-09-03T02:07:31.025820","level":"info","event":"Traceback (most recent call last):","logger":"airflow.task.hooks.airflow.providers.standard.hooks.subprocess.SubprocessHook"}
{"timestamp":"2025-09-03T02:07:31.025909","level":"info","event":"  File \"/opt/jobs/bronze_orders.py\", line 49, in main","logger":"airflow.task.hooks.airflow.providers.standard.hooks.subprocess.SubprocessHook"}
{"timestamp":"2025-09-03T02:07:31.025973","level":"info","event":"    .load())","logger":"airflow.task.hooks.airflow.providers.standard.hooks.subprocess.SubprocessHook"}
{"timestamp":"2025-09-03T02:07:31.026040","level":"info","event":"     ^^^^^^","logger":"airflow.task.hooks.airflow.providers.standard.hooks.subprocess.SubprocessHook"}
{"timestamp":"2025-09-03T02:07:31.026105","level":"info","event":"  File \"/opt/spark/python/lib/pyspark.zip/pyspark/sql/streaming/readwriter.py\", line 304, in load","logger":"airflow.task.hooks.airflow.providers.standard.hooks.subprocess.SubprocessHook"}
{"timestamp":"2025-09-03T02:07:31.026168","level":"info","event":"    return self._df(self._jreader.load())","logger":"airflow.task.hooks.airflow.providers.standard.hooks.subprocess.SubprocessHook"}
{"timestamp":"2025-09-03T02:07:31.026227","level":"info","event":"                    ^^^^^^^^^^^^^^^^^^^^","logger":"airflow.task.hooks.airflow.providers.standard.hooks.subprocess.SubprocessHook"}
{"timestamp":"2025-09-03T02:07:31.026363","level":"info","event":"  File \"/opt/spark/python/lib/py4j-0.10.9.7-src.zip/py4j/java_gateway.py\", line 1322, in __call__","logger":"airflow.task.hooks.airflow.providers.standard.hooks.subprocess.SubprocessHook"}
{"timestamp":"2025-09-03T02:07:31.026484","level":"info","event":"    return_value = get_return_value(","logger":"airflow.task.hooks.airflow.providers.standard.hooks.subprocess.SubprocessHook"}
{"timestamp":"2025-09-03T02:07:31.026555","level":"info","event":"                   ^^^^^^^^^^^^^^^^^","logger":"airflow.task.hooks.airflow.providers.standard.hooks.subprocess.SubprocessHook"}
{"timestamp":"2025-09-03T02:07:31.026626","level":"info","event":"  File \"/opt/spark/python/lib/pyspark.zip/pyspark/errors/exceptions/captured.py\", line 185, in deco","logger":"airflow.task.hooks.airflow.providers.standard.hooks.subprocess.SubprocessHook"}
{"timestamp":"2025-09-03T02:07:31.026700","level":"info","event":"    raise converted from None","logger":"airflow.task.hooks.airflow.providers.standard.hooks.subprocess.SubprocessHook"}
{"timestamp":"2025-09-03T02:07:31.026789","level":"info","event":"pyspark.errors.exceptions.captured.AnalysisException: Failed to find data source: kafka. Please deploy the application as per the deployment section of Structured Streaming + Kafka Integration Guide.","logger":"airflow.task.hooks.airflow.providers.standard.hooks.subprocess.SubprocessHook"}
{"timestamp":"2025-09-03T02:07:31.026881","level":"info","event":"Traceback (most recent call last):","logger":"airflow.task.hooks.airflow.providers.standard.hooks.subprocess.SubprocessHook"}
{"timestamp":"2025-09-03T02:07:31.026950","level":"info","event":"  File \"/opt/jobs/bronze_orders.py\", line 72, in <module>","logger":"airflow.task.hooks.airflow.providers.standard.hooks.subprocess.SubprocessHook"}
{"timestamp":"2025-09-03T02:07:31.027942","level":"info","event":"    main()","logger":"airflow.task.hooks.airflow.providers.standard.hooks.subprocess.SubprocessHook"}
{"timestamp":"2025-09-03T02:07:31.028100","level":"info","event":"  File \"/opt/jobs/bronze_orders.py\", line 49, in main","logger":"airflow.task.hooks.airflow.providers.standard.hooks.subprocess.SubprocessHook"}
{"timestamp":"2025-09-03T02:07:31.030335","level":"info","event":"    .load())","logger":"airflow.task.hooks.airflow.providers.standard.hooks.subprocess.SubprocessHook"}
{"timestamp":"2025-09-03T02:07:31.030503","level":"info","event":"     ^^^^^^","logger":"airflow.task.hooks.airflow.providers.standard.hooks.subprocess.SubprocessHook"}
{"timestamp":"2025-09-03T02:07:31.030606","level":"info","event":"  File \"/opt/spark/python/lib/pyspark.zip/pyspark/sql/streaming/readwriter.py\", line 304, in load","logger":"airflow.task.hooks.airflow.providers.standard.hooks.subprocess.SubprocessHook"}
{"timestamp":"2025-09-03T02:07:31.030743","level":"info","event":"  File \"/opt/spark/python/lib/py4j-0.10.9.7-src.zip/py4j/java_gateway.py\", line 1322, in __call__","logger":"airflow.task.hooks.airflow.providers.standard.hooks.subprocess.SubprocessHook"}
{"timestamp":"2025-09-03T02:07:31.031125","level":"info","event":"  File \"/opt/spark/python/lib/pyspark.zip/pyspark/errors/exceptions/captured.py\", line 185, in deco","logger":"airflow.task.hooks.airflow.providers.standard.hooks.subprocess.SubprocessHook"}
{"timestamp":"2025-09-03T02:07:31.040112","level":"info","event":"pyspark.errors.exceptions.captured.AnalysisException: Failed to find data source: kafka. Please deploy the application as per the deployment section of Structured Streaming + Kafka Integration Guide.","logger":"airflow.task.hooks.airflow.providers.standard.hooks.subprocess.SubprocessHook"}
{"timestamp":"2025-09-03T02:07:31.040303","level":"info","event":"INFO:py4j.clientserver:Closing down clientserver connection","logger":"airflow.task.hooks.airflow.providers.standard.hooks.subprocess.SubprocessHook"}
{"timestamp":"2025-09-03T02:07:31.103867","level":"info","event":"25/09/03 02:07:31 INFO SparkContext: Invoking stop() from shutdown hook","logger":"airflow.task.hooks.airflow.providers.standard.hooks.subprocess.SubprocessHook"}
{"timestamp":"2025-09-03T02:07:31.104128","level":"info","event":"25/09/03 02:07:31 INFO SparkContext: SparkContext is stopping with exitCode 0.","logger":"airflow.task.hooks.airflow.providers.standard.hooks.subprocess.SubprocessHook"}
{"timestamp":"2025-09-03T02:07:31.115305","level":"info","event":"25/09/03 02:07:31 INFO SparkUI: Stopped Spark web UI at http://3f061c594115:4040","logger":"airflow.task.hooks.airflow.providers.standard.hooks.subprocess.SubprocessHook"}
{"timestamp":"2025-09-03T02:07:31.119385","level":"info","event":"25/09/03 02:07:31 INFO StandaloneSchedulerBackend: Shutting down all executors","logger":"airflow.task.hooks.airflow.providers.standard.hooks.subprocess.SubprocessHook"}
{"timestamp":"2025-09-03T02:07:31.123939","level":"info","event":"25/09/03 02:07:31 INFO StandaloneSchedulerBackend$StandaloneDriverEndpoint: Asking each executor to shut down","logger":"airflow.task.hooks.airflow.providers.standard.hooks.subprocess.SubprocessHook"}
{"timestamp":"2025-09-03T02:07:31.137725","level":"info","event":"25/09/03 02:07:31 INFO MapOutputTrackerMasterEndpoint: MapOutputTrackerMasterEndpoint stopped!","logger":"airflow.task.hooks.airflow.providers.standard.hooks.subprocess.SubprocessHook"}
{"timestamp":"2025-09-03T02:07:31.149706","level":"info","event":"25/09/03 02:07:31 INFO MemoryStore: MemoryStore cleared","logger":"airflow.task.hooks.airflow.providers.standard.hooks.subprocess.SubprocessHook"}
{"timestamp":"2025-09-03T02:07:31.150042","level":"info","event":"25/09/03 02:07:31 INFO BlockManager: BlockManager stopped","logger":"airflow.task.hooks.airflow.providers.standard.hooks.subprocess.SubprocessHook"}
{"timestamp":"2025-09-03T02:07:31.160637","level":"info","event":"25/09/03 02:07:31 INFO BlockManagerMaster: BlockManagerMaster stopped","logger":"airflow.task.hooks.airflow.providers.standard.hooks.subprocess.SubprocessHook"}
{"timestamp":"2025-09-03T02:07:31.164393","level":"info","event":"25/09/03 02:07:31 INFO OutputCommitCoordinator$OutputCommitCoordinatorEndpoint: OutputCommitCoordinator stopped!","logger":"airflow.task.hooks.airflow.providers.standard.hooks.subprocess.SubprocessHook"}
{"timestamp":"2025-09-03T02:07:31.174086","level":"info","event":"25/09/03 02:07:31 INFO SparkContext: Successfully stopped SparkContext","logger":"airflow.task.hooks.airflow.providers.standard.hooks.subprocess.SubprocessHook"}
{"timestamp":"2025-09-03T02:07:31.174367","level":"info","event":"25/09/03 02:07:31 INFO ShutdownHookManager: Shutdown hook called","logger":"airflow.task.hooks.airflow.providers.standard.hooks.subprocess.SubprocessHook"}
{"timestamp":"2025-09-03T02:07:31.174861","level":"info","event":"25/09/03 02:07:31 INFO ShutdownHookManager: Deleting directory /tmp/spark-f7920bd1-6e4e-4143-90ff-b9734b6bea6e/pyspark-84eda296-f9a1-427f-9078-33cc914938ed","logger":"airflow.task.hooks.airflow.providers.standard.hooks.subprocess.SubprocessHook"}
{"timestamp":"2025-09-03T02:07:31.178199","level":"info","event":"25/09/03 02:07:31 INFO ShutdownHookManager: Deleting directory /tmp/spark-f7920bd1-6e4e-4143-90ff-b9734b6bea6e","logger":"airflow.task.hooks.airflow.providers.standard.hooks.subprocess.SubprocessHook"}
{"timestamp":"2025-09-03T02:07:31.181339","level":"info","event":"25/09/03 02:07:31 INFO ShutdownHookManager: Deleting directory /tmp/spark-d35825a0-dcc2-4685-beb8-8a2e764f216b","logger":"airflow.task.hooks.airflow.providers.standard.hooks.subprocess.SubprocessHook"}
{"timestamp":"2025-09-03T02:07:31.211967","level":"info","event":"Command exited with return code 1","logger":"airflow.task.hooks.airflow.providers.standard.hooks.subprocess.SubprocessHook"}
{"timestamp":"2025-09-03T02:07:31.212578","level":"error","event":"Task failed with exception","logger":"task","error_detail":[{"exc_type":"AirflowException","exc_value":"Bash command failed. The command returned a non-zero exit code 1.","exc_notes":[],"syntax_error":null,"is_cause":false,"frames":[{"filename":"/opt/bitnami/airflow/venv/lib/python3.12/site-packages/airflow/sdk/execution_time/task_runner.py","lineno":918,"name":"run"},{"filename":"/opt/bitnami/airflow/venv/lib/python3.12/site-packages/airflow/sdk/execution_time/task_runner.py","lineno":1213,"name":"_execute_task"},{"filename":"/opt/bitnami/airflow/venv/lib/python3.12/site-packages/airflow/sdk/bases/operator.py","lineno":397,"name":"wrapper"},{"filename":"/opt/bitnami/airflow/venv/lib/python3.12/site-packages/airflow/providers/standard/operators/bash.py","lineno":232,"name":"execute"}],"is_group":false,"exceptions":[]}]}
{"timestamp":"2025-09-03T02:07:31.231909Z","level":"info","event":"Task instance in failure state","chan":"stdout","logger":"task"}
{"timestamp":"2025-09-03T02:07:31.232241Z","level":"info","event":"Task start","chan":"stdout","logger":"task"}
{"timestamp":"2025-09-03T02:07:31.232463Z","level":"info","event":"Task:<Task(BashOperator): orders_bronze_stream>","chan":"stdout","logger":"task"}
{"timestamp":"2025-09-03T02:07:31.232640Z","level":"info","event":"Failure caused by Bash command failed. The command returned a non-zero exit code 1.","chan":"stdout","logger":"task"}
