{"timestamp":"2025-09-02T16:25:43.804789","level":"info","event":"DAG bundles loaded: dags-folder, example_dags","logger":"airflow.dag_processing.bundles.manager.DagBundlesManager"}
{"timestamp":"2025-09-02T16:25:43.805531","level":"info","event":"Filling up the DagBag from /opt/bitnami/airflow/dags/rt_pipeline.py","logger":"airflow.models.dagbag.DagBag"}
{"timestamp":"2025-09-02T16:25:43.851055Z","level":"info","event":"Task instance is in running state","chan":"stdout","logger":"task"}
{"timestamp":"2025-09-02T16:25:43.851839Z","level":"info","event":" Previous state of the Task instance: TaskInstanceState.QUEUED","chan":"stdout","logger":"task"}
{"timestamp":"2025-09-02T16:25:43.852385Z","level":"info","event":"Current task name:orders_bronze_stream","chan":"stdout","logger":"task"}
{"timestamp":"2025-09-02T16:25:43.852638Z","level":"info","event":"Dag name:bronze_streams","chan":"stdout","logger":"task"}
{"timestamp":"2025-09-02T16:25:43.851916","level":"info","event":"Tmp dir root location: /tmp","logger":"airflow.task.hooks.airflow.providers.standard.hooks.subprocess.SubprocessHook"}
{"timestamp":"2025-09-02T16:25:43.852681","level":"info","event":"Running command: ['/usr/bin/bash', '-c', '/opt/spark/bin/spark-submit --master spark://spark-master:7077 --deploy-mode client --packages org.apache.spark:spark-sql-kafka-0-10_2.12:3.5.0 /opt/jobs/bronze_orders.py']","logger":"airflow.task.hooks.airflow.providers.standard.hooks.subprocess.SubprocessHook"}
{"timestamp":"2025-09-02T16:25:43.861905","level":"info","event":"Output:","logger":"airflow.task.hooks.airflow.providers.standard.hooks.subprocess.SubprocessHook"}
{"timestamp":"2025-09-02T16:25:45.034983","level":"info","event":":: loading settings :: url = jar:file:/opt/spark-3.5.1-bin-hadoop3/jars/ivy-2.5.1.jar!/org/apache/ivy/core/settings/ivysettings.xml","logger":"airflow.task.hooks.airflow.providers.standard.hooks.subprocess.SubprocessHook"}
{"timestamp":"2025-09-02T16:25:45.075777","level":"info","event":"Ivy Default Cache set to: /root/.ivy2/cache","logger":"airflow.task.hooks.airflow.providers.standard.hooks.subprocess.SubprocessHook"}
{"timestamp":"2025-09-02T16:25:45.075938","level":"info","event":"The jars for the packages stored in: /root/.ivy2/jars","logger":"airflow.task.hooks.airflow.providers.standard.hooks.subprocess.SubprocessHook"}
{"timestamp":"2025-09-02T16:25:45.079129","level":"info","event":"org.apache.spark#spark-sql-kafka-0-10_2.12 added as a dependency","logger":"airflow.task.hooks.airflow.providers.standard.hooks.subprocess.SubprocessHook"}
{"timestamp":"2025-09-02T16:25:45.079763","level":"info","event":":: resolving dependencies :: org.apache.spark#spark-submit-parent-91a5af55-c9cd-457f-a673-2e3bcddd5790;1.0","logger":"airflow.task.hooks.airflow.providers.standard.hooks.subprocess.SubprocessHook"}
{"timestamp":"2025-09-02T16:25:45.079876","level":"info","event":"\tconfs: [default]","logger":"airflow.task.hooks.airflow.providers.standard.hooks.subprocess.SubprocessHook"}
{"timestamp":"2025-09-02T16:25:45.196819","level":"info","event":"\tfound org.apache.spark#spark-sql-kafka-0-10_2.12;3.5.0 in central","logger":"airflow.task.hooks.airflow.providers.standard.hooks.subprocess.SubprocessHook"}
{"timestamp":"2025-09-02T16:25:45.245360","level":"info","event":"\tfound org.apache.spark#spark-token-provider-kafka-0-10_2.12;3.5.0 in central","logger":"airflow.task.hooks.airflow.providers.standard.hooks.subprocess.SubprocessHook"}
{"timestamp":"2025-09-02T16:25:45.269618","level":"info","event":"\tfound org.apache.kafka#kafka-clients;3.4.1 in central","logger":"airflow.task.hooks.airflow.providers.standard.hooks.subprocess.SubprocessHook"}
{"timestamp":"2025-09-02T16:25:45.292038","level":"info","event":"\tfound org.lz4#lz4-java;1.8.0 in central","logger":"airflow.task.hooks.airflow.providers.standard.hooks.subprocess.SubprocessHook"}
{"timestamp":"2025-09-02T16:25:45.313234","level":"info","event":"\tfound org.xerial.snappy#snappy-java;1.1.10.3 in central","logger":"airflow.task.hooks.airflow.providers.standard.hooks.subprocess.SubprocessHook"}
{"timestamp":"2025-09-02T16:25:45.334304","level":"info","event":"\tfound org.slf4j#slf4j-api;2.0.7 in central","logger":"airflow.task.hooks.airflow.providers.standard.hooks.subprocess.SubprocessHook"}
{"timestamp":"2025-09-02T16:25:45.359066","level":"info","event":"\tfound org.apache.hadoop#hadoop-client-runtime;3.3.4 in central","logger":"airflow.task.hooks.airflow.providers.standard.hooks.subprocess.SubprocessHook"}
{"timestamp":"2025-09-02T16:25:45.382774","level":"info","event":"\tfound org.apache.hadoop#hadoop-client-api;3.3.4 in central","logger":"airflow.task.hooks.airflow.providers.standard.hooks.subprocess.SubprocessHook"}
{"timestamp":"2025-09-02T16:25:45.399947","level":"info","event":"\tfound commons-logging#commons-logging;1.1.3 in central","logger":"airflow.task.hooks.airflow.providers.standard.hooks.subprocess.SubprocessHook"}
{"timestamp":"2025-09-02T16:25:45.413927","level":"info","event":"\tfound com.google.code.findbugs#jsr305;3.0.0 in central","logger":"airflow.task.hooks.airflow.providers.standard.hooks.subprocess.SubprocessHook"}
{"timestamp":"2025-09-02T16:25:45.426801","level":"info","event":"\tfound org.apache.commons#commons-pool2;2.11.1 in central","logger":"airflow.task.hooks.airflow.providers.standard.hooks.subprocess.SubprocessHook"}
{"timestamp":"2025-09-02T16:25:45.450018","level":"info","event":":: resolution report :: resolve 358ms :: artifacts dl 12ms","logger":"airflow.task.hooks.airflow.providers.standard.hooks.subprocess.SubprocessHook"}
{"timestamp":"2025-09-02T16:25:45.450230","level":"info","event":"\t:: modules in use:","logger":"airflow.task.hooks.airflow.providers.standard.hooks.subprocess.SubprocessHook"}
{"timestamp":"2025-09-02T16:25:45.450360","level":"info","event":"\tcom.google.code.findbugs#jsr305;3.0.0 from central in [default]","logger":"airflow.task.hooks.airflow.providers.standard.hooks.subprocess.SubprocessHook"}
{"timestamp":"2025-09-02T16:25:45.450477","level":"info","event":"\tcommons-logging#commons-logging;1.1.3 from central in [default]","logger":"airflow.task.hooks.airflow.providers.standard.hooks.subprocess.SubprocessHook"}
{"timestamp":"2025-09-02T16:25:45.450576","level":"info","event":"\torg.apache.commons#commons-pool2;2.11.1 from central in [default]","logger":"airflow.task.hooks.airflow.providers.standard.hooks.subprocess.SubprocessHook"}
{"timestamp":"2025-09-02T16:25:45.450640","level":"info","event":"\torg.apache.hadoop#hadoop-client-api;3.3.4 from central in [default]","logger":"airflow.task.hooks.airflow.providers.standard.hooks.subprocess.SubprocessHook"}
{"timestamp":"2025-09-02T16:25:45.450685","level":"info","event":"\torg.apache.hadoop#hadoop-client-runtime;3.3.4 from central in [default]","logger":"airflow.task.hooks.airflow.providers.standard.hooks.subprocess.SubprocessHook"}
{"timestamp":"2025-09-02T16:25:45.450723","level":"info","event":"\torg.apache.kafka#kafka-clients;3.4.1 from central in [default]","logger":"airflow.task.hooks.airflow.providers.standard.hooks.subprocess.SubprocessHook"}
{"timestamp":"2025-09-02T16:25:45.450761","level":"info","event":"\torg.apache.spark#spark-sql-kafka-0-10_2.12;3.5.0 from central in [default]","logger":"airflow.task.hooks.airflow.providers.standard.hooks.subprocess.SubprocessHook"}
{"timestamp":"2025-09-02T16:25:45.450799","level":"info","event":"\torg.apache.spark#spark-token-provider-kafka-0-10_2.12;3.5.0 from central in [default]","logger":"airflow.task.hooks.airflow.providers.standard.hooks.subprocess.SubprocessHook"}
{"timestamp":"2025-09-02T16:25:45.450858","level":"info","event":"\torg.lz4#lz4-java;1.8.0 from central in [default]","logger":"airflow.task.hooks.airflow.providers.standard.hooks.subprocess.SubprocessHook"}
{"timestamp":"2025-09-02T16:25:45.450922","level":"info","event":"\torg.slf4j#slf4j-api;2.0.7 from central in [default]","logger":"airflow.task.hooks.airflow.providers.standard.hooks.subprocess.SubprocessHook"}
{"timestamp":"2025-09-02T16:25:45.450981","level":"info","event":"\torg.xerial.snappy#snappy-java;1.1.10.3 from central in [default]","logger":"airflow.task.hooks.airflow.providers.standard.hooks.subprocess.SubprocessHook"}
{"timestamp":"2025-09-02T16:25:45.451035","level":"info","event":"\t---------------------------------------------------------------------","logger":"airflow.task.hooks.airflow.providers.standard.hooks.subprocess.SubprocessHook"}
{"timestamp":"2025-09-02T16:25:45.451091","level":"info","event":"\t|                  |            modules            ||   artifacts   |","logger":"airflow.task.hooks.airflow.providers.standard.hooks.subprocess.SubprocessHook"}
{"timestamp":"2025-09-02T16:25:45.451146","level":"info","event":"\t|       conf       | number| search|dwnlded|evicted|| number|dwnlded|","logger":"airflow.task.hooks.airflow.providers.standard.hooks.subprocess.SubprocessHook"}
{"timestamp":"2025-09-02T16:25:45.451201","level":"info","event":"\t---------------------------------------------------------------------","logger":"airflow.task.hooks.airflow.providers.standard.hooks.subprocess.SubprocessHook"}
{"timestamp":"2025-09-02T16:25:45.451261","level":"info","event":"\t|      default     |   11  |   0   |   0   |   0   ||   11  |   0   |","logger":"airflow.task.hooks.airflow.providers.standard.hooks.subprocess.SubprocessHook"}
{"timestamp":"2025-09-02T16:25:45.451323","level":"info","event":"\t---------------------------------------------------------------------","logger":"airflow.task.hooks.airflow.providers.standard.hooks.subprocess.SubprocessHook"}
{"timestamp":"2025-09-02T16:25:45.456498","level":"info","event":":: retrieving :: org.apache.spark#spark-submit-parent-91a5af55-c9cd-457f-a673-2e3bcddd5790","logger":"airflow.task.hooks.airflow.providers.standard.hooks.subprocess.SubprocessHook"}
{"timestamp":"2025-09-02T16:25:45.456670","level":"info","event":"\tconfs: [default]","logger":"airflow.task.hooks.airflow.providers.standard.hooks.subprocess.SubprocessHook"}
{"timestamp":"2025-09-02T16:25:45.465008","level":"info","event":"\t0 artifacts copied, 11 already retrieved (0kB/8ms)","logger":"airflow.task.hooks.airflow.providers.standard.hooks.subprocess.SubprocessHook"}
{"timestamp":"2025-09-02T16:25:45.642423","level":"info","event":"25/09/02 16:25:45 WARN NativeCodeLoader: Unable to load native-hadoop library for your platform... using builtin-java classes where applicable","logger":"airflow.task.hooks.airflow.providers.standard.hooks.subprocess.SubprocessHook"}
{"timestamp":"2025-09-02T16:25:46.716971","level":"info","event":"25/09/02 16:25:46 INFO SparkContext: Running Spark version 3.5.1","logger":"airflow.task.hooks.airflow.providers.standard.hooks.subprocess.SubprocessHook"}
{"timestamp":"2025-09-02T16:25:46.717756","level":"info","event":"25/09/02 16:25:46 INFO SparkContext: OS info Linux, 5.15.167.4-microsoft-standard-WSL2, amd64","logger":"airflow.task.hooks.airflow.providers.standard.hooks.subprocess.SubprocessHook"}
{"timestamp":"2025-09-02T16:25:46.718168","level":"info","event":"25/09/02 16:25:46 INFO SparkContext: Java version 17.0.16","logger":"airflow.task.hooks.airflow.providers.standard.hooks.subprocess.SubprocessHook"}
{"timestamp":"2025-09-02T16:25:46.740282","level":"info","event":"25/09/02 16:25:46 INFO ResourceUtils: ==============================================================","logger":"airflow.task.hooks.airflow.providers.standard.hooks.subprocess.SubprocessHook"}
{"timestamp":"2025-09-02T16:25:46.740754","level":"info","event":"25/09/02 16:25:46 INFO ResourceUtils: No custom resources configured for spark.driver.","logger":"airflow.task.hooks.airflow.providers.standard.hooks.subprocess.SubprocessHook"}
{"timestamp":"2025-09-02T16:25:46.741085","level":"info","event":"25/09/02 16:25:46 INFO ResourceUtils: ==============================================================","logger":"airflow.task.hooks.airflow.providers.standard.hooks.subprocess.SubprocessHook"}
{"timestamp":"2025-09-02T16:25:46.741638","level":"info","event":"25/09/02 16:25:46 INFO SparkContext: Submitted application: bronze-orders","logger":"airflow.task.hooks.airflow.providers.standard.hooks.subprocess.SubprocessHook"}
{"timestamp":"2025-09-02T16:25:46.766308","level":"info","event":"25/09/02 16:25:46 INFO ResourceProfile: Default ResourceProfile created, executor resources: Map(memory -> name: memory, amount: 1024, script: , vendor: , offHeap -> name: offHeap, amount: 0, script: , vendor: ), task resources: Map(cpus -> name: cpus, amount: 1.0)","logger":"airflow.task.hooks.airflow.providers.standard.hooks.subprocess.SubprocessHook"}
{"timestamp":"2025-09-02T16:25:46.776558","level":"info","event":"25/09/02 16:25:46 INFO ResourceProfile: Limiting resource is cpu","logger":"airflow.task.hooks.airflow.providers.standard.hooks.subprocess.SubprocessHook"}
{"timestamp":"2025-09-02T16:25:46.777742","level":"info","event":"25/09/02 16:25:46 INFO ResourceProfileManager: Added ResourceProfile id: 0","logger":"airflow.task.hooks.airflow.providers.standard.hooks.subprocess.SubprocessHook"}
{"timestamp":"2025-09-02T16:25:46.836246","level":"info","event":"25/09/02 16:25:46 INFO SecurityManager: Changing view acls to: root","logger":"airflow.task.hooks.airflow.providers.standard.hooks.subprocess.SubprocessHook"}
{"timestamp":"2025-09-02T16:25:46.836867","level":"info","event":"25/09/02 16:25:46 INFO SecurityManager: Changing modify acls to: root","logger":"airflow.task.hooks.airflow.providers.standard.hooks.subprocess.SubprocessHook"}
{"timestamp":"2025-09-02T16:25:46.837465","level":"info","event":"25/09/02 16:25:46 INFO SecurityManager: Changing view acls groups to:","logger":"airflow.task.hooks.airflow.providers.standard.hooks.subprocess.SubprocessHook"}
{"timestamp":"2025-09-02T16:25:46.838050","level":"info","event":"25/09/02 16:25:46 INFO SecurityManager: Changing modify acls groups to:","logger":"airflow.task.hooks.airflow.providers.standard.hooks.subprocess.SubprocessHook"}
{"timestamp":"2025-09-02T16:25:46.838385","level":"info","event":"25/09/02 16:25:46 INFO SecurityManager: SecurityManager: authentication disabled; ui acls disabled; users with view permissions: root; groups with view permissions: EMPTY; users with modify permissions: root; groups with modify permissions: EMPTY","logger":"airflow.task.hooks.airflow.providers.standard.hooks.subprocess.SubprocessHook"}
{"timestamp":"2025-09-02T16:25:47.038981","level":"info","event":"25/09/02 16:25:47 INFO Utils: Successfully started service 'sparkDriver' on port 32979.","logger":"airflow.task.hooks.airflow.providers.standard.hooks.subprocess.SubprocessHook"}
{"timestamp":"2025-09-02T16:25:47.063935","level":"info","event":"25/09/02 16:25:47 INFO SparkEnv: Registering MapOutputTracker","logger":"airflow.task.hooks.airflow.providers.standard.hooks.subprocess.SubprocessHook"}
{"timestamp":"2025-09-02T16:25:47.085642","level":"info","event":"25/09/02 16:25:47 INFO SparkEnv: Registering BlockManagerMaster","logger":"airflow.task.hooks.airflow.providers.standard.hooks.subprocess.SubprocessHook"}
{"timestamp":"2025-09-02T16:25:47.094996","level":"info","event":"25/09/02 16:25:47 INFO BlockManagerMasterEndpoint: Using org.apache.spark.storage.DefaultTopologyMapper for getting topology information","logger":"airflow.task.hooks.airflow.providers.standard.hooks.subprocess.SubprocessHook"}
{"timestamp":"2025-09-02T16:25:47.095413","level":"info","event":"25/09/02 16:25:47 INFO BlockManagerMasterEndpoint: BlockManagerMasterEndpoint up","logger":"airflow.task.hooks.airflow.providers.standard.hooks.subprocess.SubprocessHook"}
{"timestamp":"2025-09-02T16:25:47.098507","level":"info","event":"25/09/02 16:25:47 INFO SparkEnv: Registering BlockManagerMasterHeartbeat","logger":"airflow.task.hooks.airflow.providers.standard.hooks.subprocess.SubprocessHook"}
{"timestamp":"2025-09-02T16:25:47.110313","level":"info","event":"25/09/02 16:25:47 INFO DiskBlockManager: Created local directory at /tmp/blockmgr-25a3a8f1-7e57-4d8d-9245-5874bdb39edd","logger":"airflow.task.hooks.airflow.providers.standard.hooks.subprocess.SubprocessHook"}
{"timestamp":"2025-09-02T16:25:47.119688","level":"info","event":"25/09/02 16:25:47 INFO MemoryStore: MemoryStore started with capacity 434.4 MiB","logger":"airflow.task.hooks.airflow.providers.standard.hooks.subprocess.SubprocessHook"}
{"timestamp":"2025-09-02T16:25:47.131309","level":"info","event":"25/09/02 16:25:47 INFO SparkEnv: Registering OutputCommitCoordinator","logger":"airflow.task.hooks.airflow.providers.standard.hooks.subprocess.SubprocessHook"}
{"timestamp":"2025-09-02T16:25:47.218552","level":"info","event":"25/09/02 16:25:47 INFO JettyUtils: Start Jetty 0.0.0.0:4040 for SparkUI","logger":"airflow.task.hooks.airflow.providers.standard.hooks.subprocess.SubprocessHook"}
{"timestamp":"2025-09-02T16:25:47.271413","level":"info","event":"25/09/02 16:25:47 INFO Utils: Successfully started service 'SparkUI' on port 4040.","logger":"airflow.task.hooks.airflow.providers.standard.hooks.subprocess.SubprocessHook"}
{"timestamp":"2025-09-02T16:25:47.306156","level":"info","event":"25/09/02 16:25:47 INFO SparkContext: Added JAR file:///root/.ivy2/jars/org.apache.spark_spark-sql-kafka-0-10_2.12-3.5.0.jar at spark://b1b4c0de2c56:32979/jars/org.apache.spark_spark-sql-kafka-0-10_2.12-3.5.0.jar with timestamp 1756830346710","logger":"airflow.task.hooks.airflow.providers.standard.hooks.subprocess.SubprocessHook"}
{"timestamp":"2025-09-02T16:25:47.306476","level":"info","event":"25/09/02 16:25:47 INFO SparkContext: Added JAR file:///root/.ivy2/jars/org.apache.spark_spark-token-provider-kafka-0-10_2.12-3.5.0.jar at spark://b1b4c0de2c56:32979/jars/org.apache.spark_spark-token-provider-kafka-0-10_2.12-3.5.0.jar with timestamp 1756830346710","logger":"airflow.task.hooks.airflow.providers.standard.hooks.subprocess.SubprocessHook"}
{"timestamp":"2025-09-02T16:25:47.306951","level":"info","event":"25/09/02 16:25:47 INFO SparkContext: Added JAR file:///root/.ivy2/jars/org.apache.kafka_kafka-clients-3.4.1.jar at spark://b1b4c0de2c56:32979/jars/org.apache.kafka_kafka-clients-3.4.1.jar with timestamp 1756830346710","logger":"airflow.task.hooks.airflow.providers.standard.hooks.subprocess.SubprocessHook"}
{"timestamp":"2025-09-02T16:25:47.307188","level":"info","event":"25/09/02 16:25:47 INFO SparkContext: Added JAR file:///root/.ivy2/jars/com.google.code.findbugs_jsr305-3.0.0.jar at spark://b1b4c0de2c56:32979/jars/com.google.code.findbugs_jsr305-3.0.0.jar with timestamp 1756830346710","logger":"airflow.task.hooks.airflow.providers.standard.hooks.subprocess.SubprocessHook"}
{"timestamp":"2025-09-02T16:25:47.307334","level":"info","event":"25/09/02 16:25:47 INFO SparkContext: Added JAR file:///root/.ivy2/jars/org.apache.commons_commons-pool2-2.11.1.jar at spark://b1b4c0de2c56:32979/jars/org.apache.commons_commons-pool2-2.11.1.jar with timestamp 1756830346710","logger":"airflow.task.hooks.airflow.providers.standard.hooks.subprocess.SubprocessHook"}
{"timestamp":"2025-09-02T16:25:47.307494","level":"info","event":"25/09/02 16:25:47 INFO SparkContext: Added JAR file:///root/.ivy2/jars/org.apache.hadoop_hadoop-client-runtime-3.3.4.jar at spark://b1b4c0de2c56:32979/jars/org.apache.hadoop_hadoop-client-runtime-3.3.4.jar with timestamp 1756830346710","logger":"airflow.task.hooks.airflow.providers.standard.hooks.subprocess.SubprocessHook"}
{"timestamp":"2025-09-02T16:25:47.307656","level":"info","event":"25/09/02 16:25:47 INFO SparkContext: Added JAR file:///root/.ivy2/jars/org.lz4_lz4-java-1.8.0.jar at spark://b1b4c0de2c56:32979/jars/org.lz4_lz4-java-1.8.0.jar with timestamp 1756830346710","logger":"airflow.task.hooks.airflow.providers.standard.hooks.subprocess.SubprocessHook"}
{"timestamp":"2025-09-02T16:25:47.307806","level":"info","event":"25/09/02 16:25:47 INFO SparkContext: Added JAR file:///root/.ivy2/jars/org.xerial.snappy_snappy-java-1.1.10.3.jar at spark://b1b4c0de2c56:32979/jars/org.xerial.snappy_snappy-java-1.1.10.3.jar with timestamp 1756830346710","logger":"airflow.task.hooks.airflow.providers.standard.hooks.subprocess.SubprocessHook"}
{"timestamp":"2025-09-02T16:25:47.307992","level":"info","event":"25/09/02 16:25:47 INFO SparkContext: Added JAR file:///root/.ivy2/jars/org.slf4j_slf4j-api-2.0.7.jar at spark://b1b4c0de2c56:32979/jars/org.slf4j_slf4j-api-2.0.7.jar with timestamp 1756830346710","logger":"airflow.task.hooks.airflow.providers.standard.hooks.subprocess.SubprocessHook"}
{"timestamp":"2025-09-02T16:25:47.308149","level":"info","event":"25/09/02 16:25:47 INFO SparkContext: Added JAR file:///root/.ivy2/jars/org.apache.hadoop_hadoop-client-api-3.3.4.jar at spark://b1b4c0de2c56:32979/jars/org.apache.hadoop_hadoop-client-api-3.3.4.jar with timestamp 1756830346710","logger":"airflow.task.hooks.airflow.providers.standard.hooks.subprocess.SubprocessHook"}
{"timestamp":"2025-09-02T16:25:47.308284","level":"info","event":"25/09/02 16:25:47 INFO SparkContext: Added JAR file:///root/.ivy2/jars/commons-logging_commons-logging-1.1.3.jar at spark://b1b4c0de2c56:32979/jars/commons-logging_commons-logging-1.1.3.jar with timestamp 1756830346710","logger":"airflow.task.hooks.airflow.providers.standard.hooks.subprocess.SubprocessHook"}
{"timestamp":"2025-09-02T16:25:47.310768","level":"info","event":"25/09/02 16:25:47 INFO SparkContext: Added file file:///root/.ivy2/jars/org.apache.spark_spark-sql-kafka-0-10_2.12-3.5.0.jar at spark://b1b4c0de2c56:32979/files/org.apache.spark_spark-sql-kafka-0-10_2.12-3.5.0.jar with timestamp 1756830346710","logger":"airflow.task.hooks.airflow.providers.standard.hooks.subprocess.SubprocessHook"}
{"timestamp":"2025-09-02T16:25:47.312154","level":"info","event":"25/09/02 16:25:47 INFO Utils: Copying /root/.ivy2/jars/org.apache.spark_spark-sql-kafka-0-10_2.12-3.5.0.jar to /tmp/spark-fddee7dd-c959-4f4b-941f-a9ad771cb3cc/userFiles-2823d93e-d945-4028-a010-347603894ba5/org.apache.spark_spark-sql-kafka-0-10_2.12-3.5.0.jar","logger":"airflow.task.hooks.airflow.providers.standard.hooks.subprocess.SubprocessHook"}
{"timestamp":"2025-09-02T16:25:47.319158","level":"info","event":"25/09/02 16:25:47 INFO SparkContext: Added file file:///root/.ivy2/jars/org.apache.spark_spark-token-provider-kafka-0-10_2.12-3.5.0.jar at spark://b1b4c0de2c56:32979/files/org.apache.spark_spark-token-provider-kafka-0-10_2.12-3.5.0.jar with timestamp 1756830346710","logger":"airflow.task.hooks.airflow.providers.standard.hooks.subprocess.SubprocessHook"}
{"timestamp":"2025-09-02T16:25:47.319310","level":"info","event":"25/09/02 16:25:47 INFO Utils: Copying /root/.ivy2/jars/org.apache.spark_spark-token-provider-kafka-0-10_2.12-3.5.0.jar to /tmp/spark-fddee7dd-c959-4f4b-941f-a9ad771cb3cc/userFiles-2823d93e-d945-4028-a010-347603894ba5/org.apache.spark_spark-token-provider-kafka-0-10_2.12-3.5.0.jar","logger":"airflow.task.hooks.airflow.providers.standard.hooks.subprocess.SubprocessHook"}
{"timestamp":"2025-09-02T16:25:47.321993","level":"info","event":"25/09/02 16:25:47 INFO SparkContext: Added file file:///root/.ivy2/jars/org.apache.kafka_kafka-clients-3.4.1.jar at spark://b1b4c0de2c56:32979/files/org.apache.kafka_kafka-clients-3.4.1.jar with timestamp 1756830346710","logger":"airflow.task.hooks.airflow.providers.standard.hooks.subprocess.SubprocessHook"}
{"timestamp":"2025-09-02T16:25:47.322139","level":"info","event":"25/09/02 16:25:47 INFO Utils: Copying /root/.ivy2/jars/org.apache.kafka_kafka-clients-3.4.1.jar to /tmp/spark-fddee7dd-c959-4f4b-941f-a9ad771cb3cc/userFiles-2823d93e-d945-4028-a010-347603894ba5/org.apache.kafka_kafka-clients-3.4.1.jar","logger":"airflow.task.hooks.airflow.providers.standard.hooks.subprocess.SubprocessHook"}
{"timestamp":"2025-09-02T16:25:47.327706","level":"info","event":"25/09/02 16:25:47 INFO SparkContext: Added file file:///root/.ivy2/jars/com.google.code.findbugs_jsr305-3.0.0.jar at spark://b1b4c0de2c56:32979/files/com.google.code.findbugs_jsr305-3.0.0.jar with timestamp 1756830346710","logger":"airflow.task.hooks.airflow.providers.standard.hooks.subprocess.SubprocessHook"}
{"timestamp":"2025-09-02T16:25:47.327849","level":"info","event":"25/09/02 16:25:47 INFO Utils: Copying /root/.ivy2/jars/com.google.code.findbugs_jsr305-3.0.0.jar to /tmp/spark-fddee7dd-c959-4f4b-941f-a9ad771cb3cc/userFiles-2823d93e-d945-4028-a010-347603894ba5/com.google.code.findbugs_jsr305-3.0.0.jar","logger":"airflow.task.hooks.airflow.providers.standard.hooks.subprocess.SubprocessHook"}
{"timestamp":"2025-09-02T16:25:47.331249","level":"info","event":"25/09/02 16:25:47 INFO SparkContext: Added file file:///root/.ivy2/jars/org.apache.commons_commons-pool2-2.11.1.jar at spark://b1b4c0de2c56:32979/files/org.apache.commons_commons-pool2-2.11.1.jar with timestamp 1756830346710","logger":"airflow.task.hooks.airflow.providers.standard.hooks.subprocess.SubprocessHook"}
{"timestamp":"2025-09-02T16:25:47.331405","level":"info","event":"25/09/02 16:25:47 INFO Utils: Copying /root/.ivy2/jars/org.apache.commons_commons-pool2-2.11.1.jar to /tmp/spark-fddee7dd-c959-4f4b-941f-a9ad771cb3cc/userFiles-2823d93e-d945-4028-a010-347603894ba5/org.apache.commons_commons-pool2-2.11.1.jar","logger":"airflow.task.hooks.airflow.providers.standard.hooks.subprocess.SubprocessHook"}
{"timestamp":"2025-09-02T16:25:47.334542","level":"info","event":"25/09/02 16:25:47 INFO SparkContext: Added file file:///root/.ivy2/jars/org.apache.hadoop_hadoop-client-runtime-3.3.4.jar at spark://b1b4c0de2c56:32979/files/org.apache.hadoop_hadoop-client-runtime-3.3.4.jar with timestamp 1756830346710","logger":"airflow.task.hooks.airflow.providers.standard.hooks.subprocess.SubprocessHook"}
{"timestamp":"2025-09-02T16:25:47.334704","level":"info","event":"25/09/02 16:25:47 INFO Utils: Copying /root/.ivy2/jars/org.apache.hadoop_hadoop-client-runtime-3.3.4.jar to /tmp/spark-fddee7dd-c959-4f4b-941f-a9ad771cb3cc/userFiles-2823d93e-d945-4028-a010-347603894ba5/org.apache.hadoop_hadoop-client-runtime-3.3.4.jar","logger":"airflow.task.hooks.airflow.providers.standard.hooks.subprocess.SubprocessHook"}
{"timestamp":"2025-09-02T16:25:47.354332","level":"info","event":"25/09/02 16:25:47 INFO SparkContext: Added file file:///root/.ivy2/jars/org.lz4_lz4-java-1.8.0.jar at spark://b1b4c0de2c56:32979/files/org.lz4_lz4-java-1.8.0.jar with timestamp 1756830346710","logger":"airflow.task.hooks.airflow.providers.standard.hooks.subprocess.SubprocessHook"}
{"timestamp":"2025-09-02T16:25:47.354474","level":"info","event":"25/09/02 16:25:47 INFO Utils: Copying /root/.ivy2/jars/org.lz4_lz4-java-1.8.0.jar to /tmp/spark-fddee7dd-c959-4f4b-941f-a9ad771cb3cc/userFiles-2823d93e-d945-4028-a010-347603894ba5/org.lz4_lz4-java-1.8.0.jar","logger":"airflow.task.hooks.airflow.providers.standard.hooks.subprocess.SubprocessHook"}
{"timestamp":"2025-09-02T16:25:47.357571","level":"info","event":"25/09/02 16:25:47 INFO SparkContext: Added file file:///root/.ivy2/jars/org.xerial.snappy_snappy-java-1.1.10.3.jar at spark://b1b4c0de2c56:32979/files/org.xerial.snappy_snappy-java-1.1.10.3.jar with timestamp 1756830346710","logger":"airflow.task.hooks.airflow.providers.standard.hooks.subprocess.SubprocessHook"}
{"timestamp":"2025-09-02T16:25:47.357699","level":"info","event":"25/09/02 16:25:47 INFO Utils: Copying /root/.ivy2/jars/org.xerial.snappy_snappy-java-1.1.10.3.jar to /tmp/spark-fddee7dd-c959-4f4b-941f-a9ad771cb3cc/userFiles-2823d93e-d945-4028-a010-347603894ba5/org.xerial.snappy_snappy-java-1.1.10.3.jar","logger":"airflow.task.hooks.airflow.providers.standard.hooks.subprocess.SubprocessHook"}
{"timestamp":"2025-09-02T16:25:47.361699","level":"info","event":"25/09/02 16:25:47 INFO SparkContext: Added file file:///root/.ivy2/jars/org.slf4j_slf4j-api-2.0.7.jar at spark://b1b4c0de2c56:32979/files/org.slf4j_slf4j-api-2.0.7.jar with timestamp 1756830346710","logger":"airflow.task.hooks.airflow.providers.standard.hooks.subprocess.SubprocessHook"}
{"timestamp":"2025-09-02T16:25:47.361828","level":"info","event":"25/09/02 16:25:47 INFO Utils: Copying /root/.ivy2/jars/org.slf4j_slf4j-api-2.0.7.jar to /tmp/spark-fddee7dd-c959-4f4b-941f-a9ad771cb3cc/userFiles-2823d93e-d945-4028-a010-347603894ba5/org.slf4j_slf4j-api-2.0.7.jar","logger":"airflow.task.hooks.airflow.providers.standard.hooks.subprocess.SubprocessHook"}
{"timestamp":"2025-09-02T16:25:47.364783","level":"info","event":"25/09/02 16:25:47 INFO SparkContext: Added file file:///root/.ivy2/jars/org.apache.hadoop_hadoop-client-api-3.3.4.jar at spark://b1b4c0de2c56:32979/files/org.apache.hadoop_hadoop-client-api-3.3.4.jar with timestamp 1756830346710","logger":"airflow.task.hooks.airflow.providers.standard.hooks.subprocess.SubprocessHook"}
{"timestamp":"2025-09-02T16:25:47.364924","level":"info","event":"25/09/02 16:25:47 INFO Utils: Copying /root/.ivy2/jars/org.apache.hadoop_hadoop-client-api-3.3.4.jar to /tmp/spark-fddee7dd-c959-4f4b-941f-a9ad771cb3cc/userFiles-2823d93e-d945-4028-a010-347603894ba5/org.apache.hadoop_hadoop-client-api-3.3.4.jar","logger":"airflow.task.hooks.airflow.providers.standard.hooks.subprocess.SubprocessHook"}
{"timestamp":"2025-09-02T16:25:47.381527","level":"info","event":"25/09/02 16:25:47 INFO SparkContext: Added file file:///root/.ivy2/jars/commons-logging_commons-logging-1.1.3.jar at spark://b1b4c0de2c56:32979/files/commons-logging_commons-logging-1.1.3.jar with timestamp 1756830346710","logger":"airflow.task.hooks.airflow.providers.standard.hooks.subprocess.SubprocessHook"}
{"timestamp":"2025-09-02T16:25:47.381664","level":"info","event":"25/09/02 16:25:47 INFO Utils: Copying /root/.ivy2/jars/commons-logging_commons-logging-1.1.3.jar to /tmp/spark-fddee7dd-c959-4f4b-941f-a9ad771cb3cc/userFiles-2823d93e-d945-4028-a010-347603894ba5/commons-logging_commons-logging-1.1.3.jar","logger":"airflow.task.hooks.airflow.providers.standard.hooks.subprocess.SubprocessHook"}
{"timestamp":"2025-09-02T16:25:47.471031","level":"info","event":"25/09/02 16:25:47 INFO StandaloneAppClient$ClientEndpoint: Connecting to master spark://spark-master:7077...","logger":"airflow.task.hooks.airflow.providers.standard.hooks.subprocess.SubprocessHook"}
{"timestamp":"2025-09-02T16:25:47.497900","level":"info","event":"25/09/02 16:25:47 INFO TransportClientFactory: Successfully created connection to spark-master/172.18.0.24:7077 after 15 ms (0 ms spent in bootstraps)","logger":"airflow.task.hooks.airflow.providers.standard.hooks.subprocess.SubprocessHook"}
{"timestamp":"2025-09-02T16:25:47.561040","level":"info","event":"25/09/02 16:25:47 INFO StandaloneSchedulerBackend: Connected to Spark cluster with app ID app-20250902162547-0002","logger":"airflow.task.hooks.airflow.providers.standard.hooks.subprocess.SubprocessHook"}
{"timestamp":"2025-09-02T16:25:47.562920","level":"info","event":"25/09/02 16:25:47 INFO StandaloneAppClient$ClientEndpoint: Executor added: app-20250902162547-0002/0 on worker-20250902162209-172.18.0.33-45707 (172.18.0.33:45707) with 2 core(s)","logger":"airflow.task.hooks.airflow.providers.standard.hooks.subprocess.SubprocessHook"}
{"timestamp":"2025-09-02T16:25:47.564550","level":"info","event":"25/09/02 16:25:47 INFO StandaloneSchedulerBackend: Granted executor ID app-20250902162547-0002/0 on hostPort 172.18.0.33:45707 with 2 core(s), 1024.0 MiB RAM","logger":"airflow.task.hooks.airflow.providers.standard.hooks.subprocess.SubprocessHook"}
{"timestamp":"2025-09-02T16:25:47.568596","level":"info","event":"25/09/02 16:25:47 INFO Utils: Successfully started service 'org.apache.spark.network.netty.NettyBlockTransferService' on port 43527.","logger":"airflow.task.hooks.airflow.providers.standard.hooks.subprocess.SubprocessHook"}
{"timestamp":"2025-09-02T16:25:47.568741","level":"info","event":"25/09/02 16:25:47 INFO NettyBlockTransferService: Server created on b1b4c0de2c56:43527","logger":"airflow.task.hooks.airflow.providers.standard.hooks.subprocess.SubprocessHook"}
{"timestamp":"2025-09-02T16:25:47.570073","level":"info","event":"25/09/02 16:25:47 INFO BlockManager: Using org.apache.spark.storage.RandomBlockReplicationPolicy for block replication policy","logger":"airflow.task.hooks.airflow.providers.standard.hooks.subprocess.SubprocessHook"}
{"timestamp":"2025-09-02T16:25:47.574939","level":"info","event":"25/09/02 16:25:47 INFO BlockManagerMaster: Registering BlockManager BlockManagerId(driver, b1b4c0de2c56, 43527, None)","logger":"airflow.task.hooks.airflow.providers.standard.hooks.subprocess.SubprocessHook"}
{"timestamp":"2025-09-02T16:25:47.578110","level":"info","event":"25/09/02 16:25:47 INFO BlockManagerMasterEndpoint: Registering block manager b1b4c0de2c56:43527 with 434.4 MiB RAM, BlockManagerId(driver, b1b4c0de2c56, 43527, None)","logger":"airflow.task.hooks.airflow.providers.standard.hooks.subprocess.SubprocessHook"}
{"timestamp":"2025-09-02T16:25:47.580531","level":"info","event":"25/09/02 16:25:47 INFO BlockManagerMaster: Registered BlockManager BlockManagerId(driver, b1b4c0de2c56, 43527, None)","logger":"airflow.task.hooks.airflow.providers.standard.hooks.subprocess.SubprocessHook"}
{"timestamp":"2025-09-02T16:25:47.582221","level":"info","event":"25/09/02 16:25:47 INFO BlockManager: Initialized BlockManager: BlockManagerId(driver, b1b4c0de2c56, 43527, None)","logger":"airflow.task.hooks.airflow.providers.standard.hooks.subprocess.SubprocessHook"}
{"timestamp":"2025-09-02T16:25:47.597555","level":"info","event":"25/09/02 16:25:47 INFO StandaloneAppClient$ClientEndpoint: Executor updated: app-20250902162547-0002/0 is now RUNNING","logger":"airflow.task.hooks.airflow.providers.standard.hooks.subprocess.SubprocessHook"}
{"timestamp":"2025-09-02T16:25:47.770871","level":"info","event":"25/09/02 16:25:47 INFO StandaloneSchedulerBackend: SchedulerBackend is ready for scheduling beginning after reached minRegisteredResourcesRatio: 0.0","logger":"airflow.task.hooks.airflow.providers.standard.hooks.subprocess.SubprocessHook"}
{"timestamp":"2025-09-02T16:25:47.963270","level":"info","event":"INFO:__main__:Spark session started","logger":"airflow.task.hooks.airflow.providers.standard.hooks.subprocess.SubprocessHook"}
{"timestamp":"2025-09-02T16:25:47.969129","level":"info","event":"25/09/02 16:25:47 INFO SharedState: Setting hive.metastore.warehouse.dir ('null') to the value of spark.sql.warehouse.dir.","logger":"airflow.task.hooks.airflow.providers.standard.hooks.subprocess.SubprocessHook"}
{"timestamp":"2025-09-02T16:25:47.971365","level":"info","event":"25/09/02 16:25:47 INFO SharedState: Warehouse path is 'file:/tmp/airflowtmptv5oj6ke/spark-warehouse'.","logger":"airflow.task.hooks.airflow.providers.standard.hooks.subprocess.SubprocessHook"}
{"timestamp":"2025-09-02T16:25:49.910768","level":"info","event":"ERROR:__main__:Fatal error in bronze-orders: An error occurred while calling o58.start.","logger":"airflow.task.hooks.airflow.providers.standard.hooks.subprocess.SubprocessHook"}
{"timestamp":"2025-09-02T16:25:49.910987","level":"info","event":": org.apache.spark.SparkClassNotFoundException: [DATA_SOURCE_NOT_FOUND] Failed to find the data source: delta. Please find packages at `https://spark.apache.org/third-party-projects.html`.","logger":"airflow.task.hooks.airflow.providers.standard.hooks.subprocess.SubprocessHook"}
{"timestamp":"2025-09-02T16:25:49.911086","level":"info","event":"\tat org.apache.spark.sql.errors.QueryExecutionErrors$.dataSourceNotFoundError(QueryExecutionErrors.scala:724)","logger":"airflow.task.hooks.airflow.providers.standard.hooks.subprocess.SubprocessHook"}
{"timestamp":"2025-09-02T16:25:49.911170","level":"info","event":"\tat org.apache.spark.sql.execution.datasources.DataSource$.lookupDataSource(DataSource.scala:647)","logger":"airflow.task.hooks.airflow.providers.standard.hooks.subprocess.SubprocessHook"}
{"timestamp":"2025-09-02T16:25:49.911248","level":"info","event":"\tat org.apache.spark.sql.streaming.DataStreamWriter.startInternal(DataStreamWriter.scala:370)","logger":"airflow.task.hooks.airflow.providers.standard.hooks.subprocess.SubprocessHook"}
{"timestamp":"2025-09-02T16:25:49.911326","level":"info","event":"\tat org.apache.spark.sql.streaming.DataStreamWriter.start(DataStreamWriter.scala:233)","logger":"airflow.task.hooks.airflow.providers.standard.hooks.subprocess.SubprocessHook"}
{"timestamp":"2025-09-02T16:25:49.911402","level":"info","event":"\tat java.base/jdk.internal.reflect.NativeMethodAccessorImpl.invoke0(Native Method)","logger":"airflow.task.hooks.airflow.providers.standard.hooks.subprocess.SubprocessHook"}
{"timestamp":"2025-09-02T16:25:49.911477","level":"info","event":"\tat java.base/jdk.internal.reflect.NativeMethodAccessorImpl.invoke(NativeMethodAccessorImpl.java:77)","logger":"airflow.task.hooks.airflow.providers.standard.hooks.subprocess.SubprocessHook"}
{"timestamp":"2025-09-02T16:25:49.911554","level":"info","event":"\tat java.base/jdk.internal.reflect.DelegatingMethodAccessorImpl.invoke(DelegatingMethodAccessorImpl.java:43)","logger":"airflow.task.hooks.airflow.providers.standard.hooks.subprocess.SubprocessHook"}
{"timestamp":"2025-09-02T16:25:49.911633","level":"info","event":"\tat java.base/java.lang.reflect.Method.invoke(Method.java:569)","logger":"airflow.task.hooks.airflow.providers.standard.hooks.subprocess.SubprocessHook"}
{"timestamp":"2025-09-02T16:25:49.911709","level":"info","event":"\tat py4j.reflection.MethodInvoker.invoke(MethodInvoker.java:244)","logger":"airflow.task.hooks.airflow.providers.standard.hooks.subprocess.SubprocessHook"}
{"timestamp":"2025-09-02T16:25:49.911785","level":"info","event":"\tat py4j.reflection.ReflectionEngine.invoke(ReflectionEngine.java:374)","logger":"airflow.task.hooks.airflow.providers.standard.hooks.subprocess.SubprocessHook"}
{"timestamp":"2025-09-02T16:25:49.911863","level":"info","event":"\tat py4j.Gateway.invoke(Gateway.java:282)","logger":"airflow.task.hooks.airflow.providers.standard.hooks.subprocess.SubprocessHook"}
{"timestamp":"2025-09-02T16:25:49.911941","level":"info","event":"\tat py4j.commands.AbstractCommand.invokeMethod(AbstractCommand.java:132)","logger":"airflow.task.hooks.airflow.providers.standard.hooks.subprocess.SubprocessHook"}
{"timestamp":"2025-09-02T16:25:49.912018","level":"info","event":"\tat py4j.commands.CallCommand.execute(CallCommand.java:79)","logger":"airflow.task.hooks.airflow.providers.standard.hooks.subprocess.SubprocessHook"}
{"timestamp":"2025-09-02T16:25:49.912095","level":"info","event":"\tat py4j.ClientServerConnection.waitForCommands(ClientServerConnection.java:182)","logger":"airflow.task.hooks.airflow.providers.standard.hooks.subprocess.SubprocessHook"}
{"timestamp":"2025-09-02T16:25:49.912173","level":"info","event":"\tat py4j.ClientServerConnection.run(ClientServerConnection.java:106)","logger":"airflow.task.hooks.airflow.providers.standard.hooks.subprocess.SubprocessHook"}
{"timestamp":"2025-09-02T16:25:49.912249","level":"info","event":"\tat java.base/java.lang.Thread.run(Thread.java:840)","logger":"airflow.task.hooks.airflow.providers.standard.hooks.subprocess.SubprocessHook"}
{"timestamp":"2025-09-02T16:25:49.912360","level":"info","event":"Caused by: java.lang.ClassNotFoundException: delta.DefaultSource","logger":"airflow.task.hooks.airflow.providers.standard.hooks.subprocess.SubprocessHook"}
{"timestamp":"2025-09-02T16:25:49.912444","level":"info","event":"\tat java.base/java.net.URLClassLoader.findClass(URLClassLoader.java:445)","logger":"airflow.task.hooks.airflow.providers.standard.hooks.subprocess.SubprocessHook"}
{"timestamp":"2025-09-02T16:25:49.912522","level":"info","event":"\tat java.base/java.lang.ClassLoader.loadClass(ClassLoader.java:592)","logger":"airflow.task.hooks.airflow.providers.standard.hooks.subprocess.SubprocessHook"}
{"timestamp":"2025-09-02T16:25:49.912598","level":"info","event":"\tat java.base/java.lang.ClassLoader.loadClass(ClassLoader.java:525)","logger":"airflow.task.hooks.airflow.providers.standard.hooks.subprocess.SubprocessHook"}
{"timestamp":"2025-09-02T16:25:49.912678","level":"info","event":"\tat org.apache.spark.sql.execution.datasources.DataSource$.$anonfun$lookupDataSource$5(DataSource.scala:633)","logger":"airflow.task.hooks.airflow.providers.standard.hooks.subprocess.SubprocessHook"}
{"timestamp":"2025-09-02T16:25:49.912781","level":"info","event":"\tat scala.util.Try$.apply(Try.scala:213)","logger":"airflow.task.hooks.airflow.providers.standard.hooks.subprocess.SubprocessHook"}
{"timestamp":"2025-09-02T16:25:49.912863","level":"info","event":"\tat org.apache.spark.sql.execution.datasources.DataSource$.$anonfun$lookupDataSource$4(DataSource.scala:633)","logger":"airflow.task.hooks.airflow.providers.standard.hooks.subprocess.SubprocessHook"}
{"timestamp":"2025-09-02T16:25:49.912942","level":"info","event":"\tat scala.util.Failure.orElse(Try.scala:224)","logger":"airflow.task.hooks.airflow.providers.standard.hooks.subprocess.SubprocessHook"}
{"timestamp":"2025-09-02T16:25:49.913020","level":"info","event":"\tat org.apache.spark.sql.execution.datasources.DataSource$.lookupDataSource(DataSource.scala:633)","logger":"airflow.task.hooks.airflow.providers.standard.hooks.subprocess.SubprocessHook"}
{"timestamp":"2025-09-02T16:25:49.913095","level":"info","event":"\t... 14 more","logger":"airflow.task.hooks.airflow.providers.standard.hooks.subprocess.SubprocessHook"}
{"timestamp":"2025-09-02T16:25:49.913208","level":"info","event":"Traceback (most recent call last):","logger":"airflow.task.hooks.airflow.providers.standard.hooks.subprocess.SubprocessHook"}
{"timestamp":"2025-09-02T16:25:49.913298","level":"info","event":"  File \"/opt/jobs/bronze_orders.py\", line 62, in main","logger":"airflow.task.hooks.airflow.providers.standard.hooks.subprocess.SubprocessHook"}
{"timestamp":"2025-09-02T16:25:49.913387","level":"info","event":"    .start(sink_path))","logger":"airflow.task.hooks.airflow.providers.standard.hooks.subprocess.SubprocessHook"}
{"timestamp":"2025-09-02T16:25:49.913466","level":"info","event":"     ^^^^^^^^^^^^^^^^","logger":"airflow.task.hooks.airflow.providers.standard.hooks.subprocess.SubprocessHook"}
{"timestamp":"2025-09-02T16:25:49.913543","level":"info","event":"  File \"/opt/spark/python/lib/pyspark.zip/pyspark/sql/streaming/readwriter.py\", line 1529, in start","logger":"airflow.task.hooks.airflow.providers.standard.hooks.subprocess.SubprocessHook"}
{"timestamp":"2025-09-02T16:25:49.913622","level":"info","event":"    return self._sq(self._jwrite.start(path))","logger":"airflow.task.hooks.airflow.providers.standard.hooks.subprocess.SubprocessHook"}
{"timestamp":"2025-09-02T16:25:49.913699","level":"info","event":"                    ^^^^^^^^^^^^^^^^^^^^^^^^","logger":"airflow.task.hooks.airflow.providers.standard.hooks.subprocess.SubprocessHook"}
{"timestamp":"2025-09-02T16:25:49.913778","level":"info","event":"  File \"/opt/spark/python/lib/py4j-0.10.9.7-src.zip/py4j/java_gateway.py\", line 1322, in __call__","logger":"airflow.task.hooks.airflow.providers.standard.hooks.subprocess.SubprocessHook"}
{"timestamp":"2025-09-02T16:25:49.913855","level":"info","event":"    return_value = get_return_value(","logger":"airflow.task.hooks.airflow.providers.standard.hooks.subprocess.SubprocessHook"}
{"timestamp":"2025-09-02T16:25:49.913934","level":"info","event":"                   ^^^^^^^^^^^^^^^^^","logger":"airflow.task.hooks.airflow.providers.standard.hooks.subprocess.SubprocessHook"}
{"timestamp":"2025-09-02T16:25:49.914010","level":"info","event":"  File \"/opt/spark/python/lib/pyspark.zip/pyspark/errors/exceptions/captured.py\", line 179, in deco","logger":"airflow.task.hooks.airflow.providers.standard.hooks.subprocess.SubprocessHook"}
{"timestamp":"2025-09-02T16:25:49.914087","level":"info","event":"    return f(*a, **kw)","logger":"airflow.task.hooks.airflow.providers.standard.hooks.subprocess.SubprocessHook"}
{"timestamp":"2025-09-02T16:25:49.914165","level":"info","event":"           ^^^^^^^^^^^","logger":"airflow.task.hooks.airflow.providers.standard.hooks.subprocess.SubprocessHook"}
{"timestamp":"2025-09-02T16:25:49.914239","level":"info","event":"  File \"/opt/spark/python/lib/py4j-0.10.9.7-src.zip/py4j/protocol.py\", line 326, in get_return_value","logger":"airflow.task.hooks.airflow.providers.standard.hooks.subprocess.SubprocessHook"}
{"timestamp":"2025-09-02T16:25:49.914315","level":"info","event":"    raise Py4JJavaError(","logger":"airflow.task.hooks.airflow.providers.standard.hooks.subprocess.SubprocessHook"}
{"timestamp":"2025-09-02T16:25:49.914434","level":"info","event":"py4j.protocol.Py4JJavaError: An error occurred while calling o58.start.","logger":"airflow.task.hooks.airflow.providers.standard.hooks.subprocess.SubprocessHook"}
{"timestamp":"2025-09-02T16:25:49.914515","level":"info","event":": org.apache.spark.SparkClassNotFoundException: [DATA_SOURCE_NOT_FOUND] Failed to find the data source: delta. Please find packages at `https://spark.apache.org/third-party-projects.html`.","logger":"airflow.task.hooks.airflow.providers.standard.hooks.subprocess.SubprocessHook"}
{"timestamp":"2025-09-02T16:25:49.914594","level":"info","event":"\tat org.apache.spark.sql.errors.QueryExecutionErrors$.dataSourceNotFoundError(QueryExecutionErrors.scala:724)","logger":"airflow.task.hooks.airflow.providers.standard.hooks.subprocess.SubprocessHook"}
{"timestamp":"2025-09-02T16:25:49.914680","level":"info","event":"\tat org.apache.spark.sql.execution.datasources.DataSource$.lookupDataSource(DataSource.scala:647)","logger":"airflow.task.hooks.airflow.providers.standard.hooks.subprocess.SubprocessHook"}
{"timestamp":"2025-09-02T16:25:49.914760","level":"info","event":"\tat org.apache.spark.sql.streaming.DataStreamWriter.startInternal(DataStreamWriter.scala:370)","logger":"airflow.task.hooks.airflow.providers.standard.hooks.subprocess.SubprocessHook"}
{"timestamp":"2025-09-02T16:25:49.914837","level":"info","event":"\tat org.apache.spark.sql.streaming.DataStreamWriter.start(DataStreamWriter.scala:233)","logger":"airflow.task.hooks.airflow.providers.standard.hooks.subprocess.SubprocessHook"}
{"timestamp":"2025-09-02T16:25:49.914915","level":"info","event":"\tat java.base/jdk.internal.reflect.NativeMethodAccessorImpl.invoke0(Native Method)","logger":"airflow.task.hooks.airflow.providers.standard.hooks.subprocess.SubprocessHook"}
{"timestamp":"2025-09-02T16:25:49.914990","level":"info","event":"\tat java.base/jdk.internal.reflect.NativeMethodAccessorImpl.invoke(NativeMethodAccessorImpl.java:77)","logger":"airflow.task.hooks.airflow.providers.standard.hooks.subprocess.SubprocessHook"}
{"timestamp":"2025-09-02T16:25:49.915068","level":"info","event":"\tat java.base/jdk.internal.reflect.DelegatingMethodAccessorImpl.invoke(DelegatingMethodAccessorImpl.java:43)","logger":"airflow.task.hooks.airflow.providers.standard.hooks.subprocess.SubprocessHook"}
{"timestamp":"2025-09-02T16:25:49.915148","level":"info","event":"\tat java.base/java.lang.reflect.Method.invoke(Method.java:569)","logger":"airflow.task.hooks.airflow.providers.standard.hooks.subprocess.SubprocessHook"}
{"timestamp":"2025-09-02T16:25:51.850460Z","level":"info","event":"Task instance in failure state","chan":"stdout","logger":"task"}
{"timestamp":"2025-09-02T16:25:51.850620Z","level":"info","event":"Task start","chan":"stdout","logger":"task"}
{"timestamp":"2025-09-02T16:25:51.850742Z","level":"info","event":"Task:<Task(BashOperator): orders_bronze_stream>","chan":"stdout","logger":"task"}
{"timestamp":"2025-09-02T16:25:51.850887Z","level":"info","event":"Failure caused by Bash command failed. The command returned a non-zero exit code 1.","chan":"stdout","logger":"task"}
{"timestamp":"2025-09-02T16:25:49.915225","level":"info","event":"\tat py4j.reflection.MethodInvoker.invoke(MethodInvoker.java:244)","logger":"airflow.task.hooks.airflow.providers.standard.hooks.subprocess.SubprocessHook"}
{"timestamp":"2025-09-02T16:25:49.915314","level":"info","event":"\tat py4j.reflection.ReflectionEngine.invoke(ReflectionEngine.java:374)","logger":"airflow.task.hooks.airflow.providers.standard.hooks.subprocess.SubprocessHook"}
{"timestamp":"2025-09-02T16:25:49.915394","level":"info","event":"\tat py4j.Gateway.invoke(Gateway.java:282)","logger":"airflow.task.hooks.airflow.providers.standard.hooks.subprocess.SubprocessHook"}
{"timestamp":"2025-09-02T16:25:49.915471","level":"info","event":"\tat py4j.commands.AbstractCommand.invokeMethod(AbstractCommand.java:132)","logger":"airflow.task.hooks.airflow.providers.standard.hooks.subprocess.SubprocessHook"}
{"timestamp":"2025-09-02T16:25:49.915548","level":"info","event":"\tat py4j.commands.CallCommand.execute(CallCommand.java:79)","logger":"airflow.task.hooks.airflow.providers.standard.hooks.subprocess.SubprocessHook"}
{"timestamp":"2025-09-02T16:25:49.915624","level":"info","event":"\tat py4j.ClientServerConnection.waitForCommands(ClientServerConnection.java:182)","logger":"airflow.task.hooks.airflow.providers.standard.hooks.subprocess.SubprocessHook"}
{"timestamp":"2025-09-02T16:25:49.915707","level":"info","event":"\tat py4j.ClientServerConnection.run(ClientServerConnection.java:106)","logger":"airflow.task.hooks.airflow.providers.standard.hooks.subprocess.SubprocessHook"}
{"timestamp":"2025-09-02T16:25:49.915785","level":"info","event":"\tat java.base/java.lang.Thread.run(Thread.java:840)","logger":"airflow.task.hooks.airflow.providers.standard.hooks.subprocess.SubprocessHook"}
{"timestamp":"2025-09-02T16:25:49.915862","level":"info","event":"Caused by: java.lang.ClassNotFoundException: delta.DefaultSource","logger":"airflow.task.hooks.airflow.providers.standard.hooks.subprocess.SubprocessHook"}
{"timestamp":"2025-09-02T16:25:49.915939","level":"info","event":"\tat java.base/java.net.URLClassLoader.findClass(URLClassLoader.java:445)","logger":"airflow.task.hooks.airflow.providers.standard.hooks.subprocess.SubprocessHook"}
{"timestamp":"2025-09-02T16:25:49.916016","level":"info","event":"\tat java.base/java.lang.ClassLoader.loadClass(ClassLoader.java:592)","logger":"airflow.task.hooks.airflow.providers.standard.hooks.subprocess.SubprocessHook"}
{"timestamp":"2025-09-02T16:25:49.916093","level":"info","event":"\tat java.base/java.lang.ClassLoader.loadClass(ClassLoader.java:525)","logger":"airflow.task.hooks.airflow.providers.standard.hooks.subprocess.SubprocessHook"}
{"timestamp":"2025-09-02T16:25:49.916170","level":"info","event":"\tat org.apache.spark.sql.execution.datasources.DataSource$.$anonfun$lookupDataSource$5(DataSource.scala:633)","logger":"airflow.task.hooks.airflow.providers.standard.hooks.subprocess.SubprocessHook"}
{"timestamp":"2025-09-02T16:25:49.916249","level":"info","event":"\tat scala.util.Try$.apply(Try.scala:213)","logger":"airflow.task.hooks.airflow.providers.standard.hooks.subprocess.SubprocessHook"}
{"timestamp":"2025-09-02T16:25:49.916326","level":"info","event":"\tat org.apache.spark.sql.execution.datasources.DataSource$.$anonfun$lookupDataSource$4(DataSource.scala:633)","logger":"airflow.task.hooks.airflow.providers.standard.hooks.subprocess.SubprocessHook"}
{"timestamp":"2025-09-02T16:25:49.916443","level":"info","event":"\tat scala.util.Failure.orElse(Try.scala:224)","logger":"airflow.task.hooks.airflow.providers.standard.hooks.subprocess.SubprocessHook"}
{"timestamp":"2025-09-02T16:25:49.916524","level":"info","event":"\tat org.apache.spark.sql.execution.datasources.DataSource$.lookupDataSource(DataSource.scala:633)","logger":"airflow.task.hooks.airflow.providers.standard.hooks.subprocess.SubprocessHook"}
{"timestamp":"2025-09-02T16:25:49.916600","level":"info","event":"\t... 14 more","logger":"airflow.task.hooks.airflow.providers.standard.hooks.subprocess.SubprocessHook"}
{"timestamp":"2025-09-02T16:25:49.916679","level":"info","event":"","logger":"airflow.task.hooks.airflow.providers.standard.hooks.subprocess.SubprocessHook"}
{"timestamp":"2025-09-02T16:25:49.916756","level":"info","event":"Traceback (most recent call last):","logger":"airflow.task.hooks.airflow.providers.standard.hooks.subprocess.SubprocessHook"}
{"timestamp":"2025-09-02T16:25:49.916835","level":"info","event":"  File \"/opt/jobs/bronze_orders.py\", line 72, in <module>","logger":"airflow.task.hooks.airflow.providers.standard.hooks.subprocess.SubprocessHook"}
{"timestamp":"2025-09-02T16:25:49.916910","level":"info","event":"    main()","logger":"airflow.task.hooks.airflow.providers.standard.hooks.subprocess.SubprocessHook"}
{"timestamp":"2025-09-02T16:25:49.916987","level":"info","event":"  File \"/opt/jobs/bronze_orders.py\", line 62, in main","logger":"airflow.task.hooks.airflow.providers.standard.hooks.subprocess.SubprocessHook"}
{"timestamp":"2025-09-02T16:25:49.917061","level":"info","event":"    .start(sink_path))","logger":"airflow.task.hooks.airflow.providers.standard.hooks.subprocess.SubprocessHook"}
{"timestamp":"2025-09-02T16:25:49.917122","level":"info","event":"     ^^^^^^^^^^^^^^^^","logger":"airflow.task.hooks.airflow.providers.standard.hooks.subprocess.SubprocessHook"}
{"timestamp":"2025-09-02T16:25:49.917182","level":"info","event":"  File \"/opt/spark/python/lib/pyspark.zip/pyspark/sql/streaming/readwriter.py\", line 1529, in start","logger":"airflow.task.hooks.airflow.providers.standard.hooks.subprocess.SubprocessHook"}
{"timestamp":"2025-09-02T16:25:49.917258","level":"info","event":"  File \"/opt/spark/python/lib/py4j-0.10.9.7-src.zip/py4j/java_gateway.py\", line 1322, in __call__","logger":"airflow.task.hooks.airflow.providers.standard.hooks.subprocess.SubprocessHook"}
{"timestamp":"2025-09-02T16:25:49.917323","level":"info","event":"  File \"/opt/spark/python/lib/pyspark.zip/pyspark/errors/exceptions/captured.py\", line 179, in deco","logger":"airflow.task.hooks.airflow.providers.standard.hooks.subprocess.SubprocessHook"}
{"timestamp":"2025-09-02T16:25:49.917385","level":"info","event":"  File \"/opt/spark/python/lib/py4j-0.10.9.7-src.zip/py4j/protocol.py\", line 326, in get_return_value","logger":"airflow.task.hooks.airflow.providers.standard.hooks.subprocess.SubprocessHook"}
{"timestamp":"2025-09-02T16:25:49.917448","level":"info","event":"py4j.protocol.Py4JJavaError: An error occurred while calling o58.start.","logger":"airflow.task.hooks.airflow.providers.standard.hooks.subprocess.SubprocessHook"}
{"timestamp":"2025-09-02T16:25:49.917511","level":"info","event":": org.apache.spark.SparkClassNotFoundException: [DATA_SOURCE_NOT_FOUND] Failed to find the data source: delta. Please find packages at `https://spark.apache.org/third-party-projects.html`.","logger":"airflow.task.hooks.airflow.providers.standard.hooks.subprocess.SubprocessHook"}
{"timestamp":"2025-09-02T16:25:49.917573","level":"info","event":"\tat org.apache.spark.sql.errors.QueryExecutionErrors$.dataSourceNotFoundError(QueryExecutionErrors.scala:724)","logger":"airflow.task.hooks.airflow.providers.standard.hooks.subprocess.SubprocessHook"}
{"timestamp":"2025-09-02T16:25:49.917635","level":"info","event":"\tat org.apache.spark.sql.execution.datasources.DataSource$.lookupDataSource(DataSource.scala:647)","logger":"airflow.task.hooks.airflow.providers.standard.hooks.subprocess.SubprocessHook"}
{"timestamp":"2025-09-02T16:25:49.917695","level":"info","event":"\tat org.apache.spark.sql.streaming.DataStreamWriter.startInternal(DataStreamWriter.scala:370)","logger":"airflow.task.hooks.airflow.providers.standard.hooks.subprocess.SubprocessHook"}
{"timestamp":"2025-09-02T16:25:49.917759","level":"info","event":"\tat org.apache.spark.sql.streaming.DataStreamWriter.start(DataStreamWriter.scala:233)","logger":"airflow.task.hooks.airflow.providers.standard.hooks.subprocess.SubprocessHook"}
{"timestamp":"2025-09-02T16:25:49.917824","level":"info","event":"\tat java.base/jdk.internal.reflect.NativeMethodAccessorImpl.invoke0(Native Method)","logger":"airflow.task.hooks.airflow.providers.standard.hooks.subprocess.SubprocessHook"}
{"timestamp":"2025-09-02T16:25:49.917889","level":"info","event":"\tat java.base/jdk.internal.reflect.NativeMethodAccessorImpl.invoke(NativeMethodAccessorImpl.java:77)","logger":"airflow.task.hooks.airflow.providers.standard.hooks.subprocess.SubprocessHook"}
{"timestamp":"2025-09-02T16:25:49.917956","level":"info","event":"\tat java.base/jdk.internal.reflect.DelegatingMethodAccessorImpl.invoke(DelegatingMethodAccessorImpl.java:43)","logger":"airflow.task.hooks.airflow.providers.standard.hooks.subprocess.SubprocessHook"}
{"timestamp":"2025-09-02T16:25:49.918025","level":"info","event":"\tat java.base/java.lang.reflect.Method.invoke(Method.java:569)","logger":"airflow.task.hooks.airflow.providers.standard.hooks.subprocess.SubprocessHook"}
{"timestamp":"2025-09-02T16:25:49.918089","level":"info","event":"\tat py4j.reflection.MethodInvoker.invoke(MethodInvoker.java:244)","logger":"airflow.task.hooks.airflow.providers.standard.hooks.subprocess.SubprocessHook"}
{"timestamp":"2025-09-02T16:25:49.918152","level":"info","event":"\tat py4j.reflection.ReflectionEngine.invoke(ReflectionEngine.java:374)","logger":"airflow.task.hooks.airflow.providers.standard.hooks.subprocess.SubprocessHook"}
{"timestamp":"2025-09-02T16:25:49.918217","level":"info","event":"\tat py4j.Gateway.invoke(Gateway.java:282)","logger":"airflow.task.hooks.airflow.providers.standard.hooks.subprocess.SubprocessHook"}
{"timestamp":"2025-09-02T16:25:49.918283","level":"info","event":"\tat py4j.commands.AbstractCommand.invokeMethod(AbstractCommand.java:132)","logger":"airflow.task.hooks.airflow.providers.standard.hooks.subprocess.SubprocessHook"}
{"timestamp":"2025-09-02T16:25:49.918376","level":"info","event":"\tat py4j.commands.CallCommand.execute(CallCommand.java:79)","logger":"airflow.task.hooks.airflow.providers.standard.hooks.subprocess.SubprocessHook"}
{"timestamp":"2025-09-02T16:25:49.918456","level":"info","event":"\tat py4j.ClientServerConnection.waitForCommands(ClientServerConnection.java:182)","logger":"airflow.task.hooks.airflow.providers.standard.hooks.subprocess.SubprocessHook"}
{"timestamp":"2025-09-02T16:25:49.918525","level":"info","event":"\tat py4j.ClientServerConnection.run(ClientServerConnection.java:106)","logger":"airflow.task.hooks.airflow.providers.standard.hooks.subprocess.SubprocessHook"}
{"timestamp":"2025-09-02T16:25:49.918587","level":"info","event":"\tat java.base/java.lang.Thread.run(Thread.java:840)","logger":"airflow.task.hooks.airflow.providers.standard.hooks.subprocess.SubprocessHook"}
{"timestamp":"2025-09-02T16:25:49.918653","level":"info","event":"Caused by: java.lang.ClassNotFoundException: delta.DefaultSource","logger":"airflow.task.hooks.airflow.providers.standard.hooks.subprocess.SubprocessHook"}
{"timestamp":"2025-09-02T16:25:49.918935","level":"info","event":"\tat java.base/java.net.URLClassLoader.findClass(URLClassLoader.java:445)","logger":"airflow.task.hooks.airflow.providers.standard.hooks.subprocess.SubprocessHook"}
{"timestamp":"2025-09-02T16:25:49.919056","level":"info","event":"\tat java.base/java.lang.ClassLoader.loadClass(ClassLoader.java:592)","logger":"airflow.task.hooks.airflow.providers.standard.hooks.subprocess.SubprocessHook"}
{"timestamp":"2025-09-02T16:25:49.919136","level":"info","event":"\tat java.base/java.lang.ClassLoader.loadClass(ClassLoader.java:525)","logger":"airflow.task.hooks.airflow.providers.standard.hooks.subprocess.SubprocessHook"}
{"timestamp":"2025-09-02T16:25:49.919200","level":"info","event":"\tat org.apache.spark.sql.execution.datasources.DataSource$.$anonfun$lookupDataSource$5(DataSource.scala:633)","logger":"airflow.task.hooks.airflow.providers.standard.hooks.subprocess.SubprocessHook"}
{"timestamp":"2025-09-02T16:25:49.919266","level":"info","event":"\tat scala.util.Try$.apply(Try.scala:213)","logger":"airflow.task.hooks.airflow.providers.standard.hooks.subprocess.SubprocessHook"}
{"timestamp":"2025-09-02T16:25:49.919357","level":"info","event":"\tat org.apache.spark.sql.execution.datasources.DataSource$.$anonfun$lookupDataSource$4(DataSource.scala:633)","logger":"airflow.task.hooks.airflow.providers.standard.hooks.subprocess.SubprocessHook"}
{"timestamp":"2025-09-02T16:25:49.919423","level":"info","event":"\tat scala.util.Failure.orElse(Try.scala:224)","logger":"airflow.task.hooks.airflow.providers.standard.hooks.subprocess.SubprocessHook"}
{"timestamp":"2025-09-02T16:25:49.919482","level":"info","event":"\tat org.apache.spark.sql.execution.datasources.DataSource$.lookupDataSource(DataSource.scala:633)","logger":"airflow.task.hooks.airflow.providers.standard.hooks.subprocess.SubprocessHook"}
{"timestamp":"2025-09-02T16:25:49.919540","level":"info","event":"\t... 14 more","logger":"airflow.task.hooks.airflow.providers.standard.hooks.subprocess.SubprocessHook"}
{"timestamp":"2025-09-02T16:25:49.919608","level":"info","event":"","logger":"airflow.task.hooks.airflow.providers.standard.hooks.subprocess.SubprocessHook"}
{"timestamp":"2025-09-02T16:25:49.919666","level":"info","event":"INFO:py4j.clientserver:Closing down clientserver connection","logger":"airflow.task.hooks.airflow.providers.standard.hooks.subprocess.SubprocessHook"}
{"timestamp":"2025-09-02T16:25:49.987419","level":"info","event":"25/09/02 16:25:49 INFO SparkContext: Invoking stop() from shutdown hook","logger":"airflow.task.hooks.airflow.providers.standard.hooks.subprocess.SubprocessHook"}
{"timestamp":"2025-09-02T16:25:49.987598","level":"info","event":"25/09/02 16:25:49 INFO SparkContext: SparkContext is stopping with exitCode 0.","logger":"airflow.task.hooks.airflow.providers.standard.hooks.subprocess.SubprocessHook"}
{"timestamp":"2025-09-02T16:25:49.997441","level":"info","event":"25/09/02 16:25:49 INFO SparkUI: Stopped Spark web UI at http://b1b4c0de2c56:4040","logger":"airflow.task.hooks.airflow.providers.standard.hooks.subprocess.SubprocessHook"}
{"timestamp":"2025-09-02T16:25:50.000727","level":"info","event":"25/09/02 16:25:50 INFO StandaloneSchedulerBackend: Shutting down all executors","logger":"airflow.task.hooks.airflow.providers.standard.hooks.subprocess.SubprocessHook"}
{"timestamp":"2025-09-02T16:25:50.001593","level":"info","event":"25/09/02 16:25:50 INFO StandaloneSchedulerBackend$StandaloneDriverEndpoint: Asking each executor to shut down","logger":"airflow.task.hooks.airflow.providers.standard.hooks.subprocess.SubprocessHook"}
{"timestamp":"2025-09-02T16:25:50.013927","level":"info","event":"25/09/02 16:25:50 INFO MapOutputTrackerMasterEndpoint: MapOutputTrackerMasterEndpoint stopped!","logger":"airflow.task.hooks.airflow.providers.standard.hooks.subprocess.SubprocessHook"}
{"timestamp":"2025-09-02T16:25:50.025249","level":"info","event":"25/09/02 16:25:50 INFO MemoryStore: MemoryStore cleared","logger":"airflow.task.hooks.airflow.providers.standard.hooks.subprocess.SubprocessHook"}
{"timestamp":"2025-09-02T16:25:50.025574","level":"info","event":"25/09/02 16:25:50 INFO BlockManager: BlockManager stopped","logger":"airflow.task.hooks.airflow.providers.standard.hooks.subprocess.SubprocessHook"}
{"timestamp":"2025-09-02T16:25:50.031304","level":"info","event":"25/09/02 16:25:50 INFO BlockManagerMaster: BlockManagerMaster stopped","logger":"airflow.task.hooks.airflow.providers.standard.hooks.subprocess.SubprocessHook"}
{"timestamp":"2025-09-02T16:25:50.034043","level":"info","event":"25/09/02 16:25:50 INFO OutputCommitCoordinator$OutputCommitCoordinatorEndpoint: OutputCommitCoordinator stopped!","logger":"airflow.task.hooks.airflow.providers.standard.hooks.subprocess.SubprocessHook"}
{"timestamp":"2025-09-02T16:25:50.050158","level":"info","event":"25/09/02 16:25:50 INFO SparkContext: Successfully stopped SparkContext","logger":"airflow.task.hooks.airflow.providers.standard.hooks.subprocess.SubprocessHook"}
{"timestamp":"2025-09-02T16:25:50.050327","level":"info","event":"25/09/02 16:25:50 INFO ShutdownHookManager: Shutdown hook called","logger":"airflow.task.hooks.airflow.providers.standard.hooks.subprocess.SubprocessHook"}
{"timestamp":"2025-09-02T16:25:50.051234","level":"info","event":"25/09/02 16:25:50 INFO ShutdownHookManager: Deleting directory /tmp/spark-fddee7dd-c959-4f4b-941f-a9ad771cb3cc/pyspark-44fd8c89-a622-4616-a600-8f61d9c2e85f","logger":"airflow.task.hooks.airflow.providers.standard.hooks.subprocess.SubprocessHook"}
{"timestamp":"2025-09-02T16:25:50.054865","level":"info","event":"25/09/02 16:25:50 INFO ShutdownHookManager: Deleting directory /tmp/spark-fa52e5f9-2dde-42d0-bc23-6176c2f78259","logger":"airflow.task.hooks.airflow.providers.standard.hooks.subprocess.SubprocessHook"}
{"timestamp":"2025-09-02T16:25:50.058613","level":"info","event":"25/09/02 16:25:50 INFO ShutdownHookManager: Deleting directory /tmp/spark-fddee7dd-c959-4f4b-941f-a9ad771cb3cc","logger":"airflow.task.hooks.airflow.providers.standard.hooks.subprocess.SubprocessHook"}
{"timestamp":"2025-09-02T16:25:50.111931","level":"info","event":"Command exited with return code 1","logger":"airflow.task.hooks.airflow.providers.standard.hooks.subprocess.SubprocessHook"}
{"timestamp":"2025-09-02T16:25:50.112810","level":"error","event":"Task failed with exception","logger":"task","error_detail":[{"exc_type":"AirflowException","exc_value":"Bash command failed. The command returned a non-zero exit code 1.","exc_notes":[],"syntax_error":null,"is_cause":false,"frames":[{"filename":"/opt/bitnami/airflow/venv/lib/python3.12/site-packages/airflow/sdk/execution_time/task_runner.py","lineno":918,"name":"run"},{"filename":"/opt/bitnami/airflow/venv/lib/python3.12/site-packages/airflow/sdk/execution_time/task_runner.py","lineno":1213,"name":"_execute_task"},{"filename":"/opt/bitnami/airflow/venv/lib/python3.12/site-packages/airflow/sdk/bases/operator.py","lineno":397,"name":"wrapper"},{"filename":"/opt/bitnami/airflow/venv/lib/python3.12/site-packages/airflow/providers/standard/operators/bash.py","lineno":232,"name":"execute"}],"is_group":false,"exceptions":[]}]}
