{"timestamp":"2025-09-02T16:23:34.913914","level":"info","event":"DAG bundles loaded: dags-folder, example_dags","logger":"airflow.dag_processing.bundles.manager.DagBundlesManager"}
{"timestamp":"2025-09-02T16:23:34.914684","level":"info","event":"Filling up the DagBag from /opt/bitnami/airflow/dags/rt_pipeline.py","logger":"airflow.models.dagbag.DagBag"}
{"timestamp":"2025-09-02T16:23:34.968630Z","level":"info","event":"Task instance is in running state","chan":"stdout","logger":"task"}
{"timestamp":"2025-09-02T16:23:34.969242Z","level":"info","event":" Previous state of the Task instance: TaskInstanceState.QUEUED","chan":"stdout","logger":"task"}
{"timestamp":"2025-09-02T16:23:34.969593Z","level":"info","event":"Current task name:orders_bronze_stream","chan":"stdout","logger":"task"}
{"timestamp":"2025-09-02T16:23:34.970033Z","level":"info","event":"Dag name:bronze_streams","chan":"stdout","logger":"task"}
{"timestamp":"2025-09-02T16:23:34.969519","level":"info","event":"Tmp dir root location: /tmp","logger":"airflow.task.hooks.airflow.providers.standard.hooks.subprocess.SubprocessHook"}
{"timestamp":"2025-09-02T16:23:34.970244","level":"info","event":"Running command: ['/usr/bin/bash', '-c', '/opt/spark/bin/spark-submit --master spark://spark-master:7077 --deploy-mode client --packages org.apache.spark:spark-sql-kafka-0-10_2.12:3.5.0 /opt/jobs/bronze_orders.py']","logger":"airflow.task.hooks.airflow.providers.standard.hooks.subprocess.SubprocessHook"}
{"timestamp":"2025-09-02T16:23:34.981923","level":"info","event":"Output:","logger":"airflow.task.hooks.airflow.providers.standard.hooks.subprocess.SubprocessHook"}
{"timestamp":"2025-09-02T16:23:36.381901","level":"info","event":":: loading settings :: url = jar:file:/opt/spark-3.5.1-bin-hadoop3/jars/ivy-2.5.1.jar!/org/apache/ivy/core/settings/ivysettings.xml","logger":"airflow.task.hooks.airflow.providers.standard.hooks.subprocess.SubprocessHook"}
{"timestamp":"2025-09-02T16:23:36.440712","level":"info","event":"Ivy Default Cache set to: /root/.ivy2/cache","logger":"airflow.task.hooks.airflow.providers.standard.hooks.subprocess.SubprocessHook"}
{"timestamp":"2025-09-02T16:23:36.440926","level":"info","event":"The jars for the packages stored in: /root/.ivy2/jars","logger":"airflow.task.hooks.airflow.providers.standard.hooks.subprocess.SubprocessHook"}
{"timestamp":"2025-09-02T16:23:36.445020","level":"info","event":"org.apache.spark#spark-sql-kafka-0-10_2.12 added as a dependency","logger":"airflow.task.hooks.airflow.providers.standard.hooks.subprocess.SubprocessHook"}
{"timestamp":"2025-09-02T16:23:36.446025","level":"info","event":":: resolving dependencies :: org.apache.spark#spark-submit-parent-6ae47888-485d-4cf2-8deb-ab9d4ed7bff1;1.0","logger":"airflow.task.hooks.airflow.providers.standard.hooks.subprocess.SubprocessHook"}
{"timestamp":"2025-09-02T16:23:36.446164","level":"info","event":"\tconfs: [default]","logger":"airflow.task.hooks.airflow.providers.standard.hooks.subprocess.SubprocessHook"}
{"timestamp":"2025-09-02T16:23:36.599334","level":"info","event":"\tfound org.apache.spark#spark-sql-kafka-0-10_2.12;3.5.0 in central","logger":"airflow.task.hooks.airflow.providers.standard.hooks.subprocess.SubprocessHook"}
{"timestamp":"2025-09-02T16:23:36.658278","level":"info","event":"\tfound org.apache.spark#spark-token-provider-kafka-0-10_2.12;3.5.0 in central","logger":"airflow.task.hooks.airflow.providers.standard.hooks.subprocess.SubprocessHook"}
{"timestamp":"2025-09-02T16:23:36.680187","level":"info","event":"\tfound org.apache.kafka#kafka-clients;3.4.1 in central","logger":"airflow.task.hooks.airflow.providers.standard.hooks.subprocess.SubprocessHook"}
{"timestamp":"2025-09-02T16:23:36.700452","level":"info","event":"\tfound org.lz4#lz4-java;1.8.0 in central","logger":"airflow.task.hooks.airflow.providers.standard.hooks.subprocess.SubprocessHook"}
{"timestamp":"2025-09-02T16:23:36.718044","level":"info","event":"\tfound org.xerial.snappy#snappy-java;1.1.10.3 in central","logger":"airflow.task.hooks.airflow.providers.standard.hooks.subprocess.SubprocessHook"}
{"timestamp":"2025-09-02T16:23:36.734687","level":"info","event":"\tfound org.slf4j#slf4j-api;2.0.7 in central","logger":"airflow.task.hooks.airflow.providers.standard.hooks.subprocess.SubprocessHook"}
{"timestamp":"2025-09-02T16:23:36.762375","level":"info","event":"\tfound org.apache.hadoop#hadoop-client-runtime;3.3.4 in central","logger":"airflow.task.hooks.airflow.providers.standard.hooks.subprocess.SubprocessHook"}
{"timestamp":"2025-09-02T16:23:36.799782","level":"info","event":"\tfound org.apache.hadoop#hadoop-client-api;3.3.4 in central","logger":"airflow.task.hooks.airflow.providers.standard.hooks.subprocess.SubprocessHook"}
{"timestamp":"2025-09-02T16:23:36.839248","level":"info","event":"\tfound commons-logging#commons-logging;1.1.3 in central","logger":"airflow.task.hooks.airflow.providers.standard.hooks.subprocess.SubprocessHook"}
{"timestamp":"2025-09-02T16:23:36.864081","level":"info","event":"\tfound com.google.code.findbugs#jsr305;3.0.0 in central","logger":"airflow.task.hooks.airflow.providers.standard.hooks.subprocess.SubprocessHook"}
{"timestamp":"2025-09-02T16:23:36.883731","level":"info","event":"\tfound org.apache.commons#commons-pool2;2.11.1 in central","logger":"airflow.task.hooks.airflow.providers.standard.hooks.subprocess.SubprocessHook"}
{"timestamp":"2025-09-02T16:23:36.926111","level":"info","event":":: resolution report :: resolve 449ms :: artifacts dl 31ms","logger":"airflow.task.hooks.airflow.providers.standard.hooks.subprocess.SubprocessHook"}
{"timestamp":"2025-09-02T16:23:36.927606","level":"info","event":"\t:: modules in use:","logger":"airflow.task.hooks.airflow.providers.standard.hooks.subprocess.SubprocessHook"}
{"timestamp":"2025-09-02T16:23:36.927832","level":"info","event":"\tcom.google.code.findbugs#jsr305;3.0.0 from central in [default]","logger":"airflow.task.hooks.airflow.providers.standard.hooks.subprocess.SubprocessHook"}
{"timestamp":"2025-09-02T16:23:36.927936","level":"info","event":"\tcommons-logging#commons-logging;1.1.3 from central in [default]","logger":"airflow.task.hooks.airflow.providers.standard.hooks.subprocess.SubprocessHook"}
{"timestamp":"2025-09-02T16:23:36.928016","level":"info","event":"\torg.apache.commons#commons-pool2;2.11.1 from central in [default]","logger":"airflow.task.hooks.airflow.providers.standard.hooks.subprocess.SubprocessHook"}
{"timestamp":"2025-09-02T16:23:36.928302","level":"info","event":"\torg.apache.hadoop#hadoop-client-api;3.3.4 from central in [default]","logger":"airflow.task.hooks.airflow.providers.standard.hooks.subprocess.SubprocessHook"}
{"timestamp":"2025-09-02T16:23:36.928404","level":"info","event":"\torg.apache.hadoop#hadoop-client-runtime;3.3.4 from central in [default]","logger":"airflow.task.hooks.airflow.providers.standard.hooks.subprocess.SubprocessHook"}
{"timestamp":"2025-09-02T16:23:36.928482","level":"info","event":"\torg.apache.kafka#kafka-clients;3.4.1 from central in [default]","logger":"airflow.task.hooks.airflow.providers.standard.hooks.subprocess.SubprocessHook"}
{"timestamp":"2025-09-02T16:23:36.928559","level":"info","event":"\torg.apache.spark#spark-sql-kafka-0-10_2.12;3.5.0 from central in [default]","logger":"airflow.task.hooks.airflow.providers.standard.hooks.subprocess.SubprocessHook"}
{"timestamp":"2025-09-02T16:23:36.928663","level":"info","event":"\torg.apache.spark#spark-token-provider-kafka-0-10_2.12;3.5.0 from central in [default]","logger":"airflow.task.hooks.airflow.providers.standard.hooks.subprocess.SubprocessHook"}
{"timestamp":"2025-09-02T16:23:36.928734","level":"info","event":"\torg.lz4#lz4-java;1.8.0 from central in [default]","logger":"airflow.task.hooks.airflow.providers.standard.hooks.subprocess.SubprocessHook"}
{"timestamp":"2025-09-02T16:23:36.928804","level":"info","event":"\torg.slf4j#slf4j-api;2.0.7 from central in [default]","logger":"airflow.task.hooks.airflow.providers.standard.hooks.subprocess.SubprocessHook"}
{"timestamp":"2025-09-02T16:23:36.928871","level":"info","event":"\torg.xerial.snappy#snappy-java;1.1.10.3 from central in [default]","logger":"airflow.task.hooks.airflow.providers.standard.hooks.subprocess.SubprocessHook"}
{"timestamp":"2025-09-02T16:23:36.928950","level":"info","event":"\t---------------------------------------------------------------------","logger":"airflow.task.hooks.airflow.providers.standard.hooks.subprocess.SubprocessHook"}
{"timestamp":"2025-09-02T16:23:36.929021","level":"info","event":"\t|                  |            modules            ||   artifacts   |","logger":"airflow.task.hooks.airflow.providers.standard.hooks.subprocess.SubprocessHook"}
{"timestamp":"2025-09-02T16:23:36.929091","level":"info","event":"\t|       conf       | number| search|dwnlded|evicted|| number|dwnlded|","logger":"airflow.task.hooks.airflow.providers.standard.hooks.subprocess.SubprocessHook"}
{"timestamp":"2025-09-02T16:23:36.929243","level":"info","event":"\t---------------------------------------------------------------------","logger":"airflow.task.hooks.airflow.providers.standard.hooks.subprocess.SubprocessHook"}
{"timestamp":"2025-09-02T16:23:36.929362","level":"info","event":"\t|      default     |   11  |   0   |   0   |   0   ||   11  |   0   |","logger":"airflow.task.hooks.airflow.providers.standard.hooks.subprocess.SubprocessHook"}
{"timestamp":"2025-09-02T16:23:36.929449","level":"info","event":"\t---------------------------------------------------------------------","logger":"airflow.task.hooks.airflow.providers.standard.hooks.subprocess.SubprocessHook"}
{"timestamp":"2025-09-02T16:23:36.934207","level":"info","event":":: retrieving :: org.apache.spark#spark-submit-parent-6ae47888-485d-4cf2-8deb-ab9d4ed7bff1","logger":"airflow.task.hooks.airflow.providers.standard.hooks.subprocess.SubprocessHook"}
{"timestamp":"2025-09-02T16:23:36.934459","level":"info","event":"\tconfs: [default]","logger":"airflow.task.hooks.airflow.providers.standard.hooks.subprocess.SubprocessHook"}
{"timestamp":"2025-09-02T16:23:36.966469","level":"info","event":"\t0 artifacts copied, 11 already retrieved (0kB/32ms)","logger":"airflow.task.hooks.airflow.providers.standard.hooks.subprocess.SubprocessHook"}
{"timestamp":"2025-09-02T16:23:37.159934","level":"info","event":"25/09/02 16:23:37 WARN NativeCodeLoader: Unable to load native-hadoop library for your platform... using builtin-java classes where applicable","logger":"airflow.task.hooks.airflow.providers.standard.hooks.subprocess.SubprocessHook"}
{"timestamp":"2025-09-02T16:23:38.517752","level":"info","event":"25/09/02 16:23:38 INFO SparkContext: Running Spark version 3.5.1","logger":"airflow.task.hooks.airflow.providers.standard.hooks.subprocess.SubprocessHook"}
{"timestamp":"2025-09-02T16:23:38.518782","level":"info","event":"25/09/02 16:23:38 INFO SparkContext: OS info Linux, 5.15.167.4-microsoft-standard-WSL2, amd64","logger":"airflow.task.hooks.airflow.providers.standard.hooks.subprocess.SubprocessHook"}
{"timestamp":"2025-09-02T16:23:38.520319","level":"info","event":"25/09/02 16:23:38 INFO SparkContext: Java version 17.0.16","logger":"airflow.task.hooks.airflow.providers.standard.hooks.subprocess.SubprocessHook"}
{"timestamp":"2025-09-02T16:23:38.540148","level":"info","event":"25/09/02 16:23:38 INFO ResourceUtils: ==============================================================","logger":"airflow.task.hooks.airflow.providers.standard.hooks.subprocess.SubprocessHook"}
{"timestamp":"2025-09-02T16:23:38.540815","level":"info","event":"25/09/02 16:23:38 INFO ResourceUtils: No custom resources configured for spark.driver.","logger":"airflow.task.hooks.airflow.providers.standard.hooks.subprocess.SubprocessHook"}
{"timestamp":"2025-09-02T16:23:38.541305","level":"info","event":"25/09/02 16:23:38 INFO ResourceUtils: ==============================================================","logger":"airflow.task.hooks.airflow.providers.standard.hooks.subprocess.SubprocessHook"}
{"timestamp":"2025-09-02T16:23:38.541764","level":"info","event":"25/09/02 16:23:38 INFO SparkContext: Submitted application: bronze-orders","logger":"airflow.task.hooks.airflow.providers.standard.hooks.subprocess.SubprocessHook"}
{"timestamp":"2025-09-02T16:23:38.561976","level":"info","event":"25/09/02 16:23:38 INFO ResourceProfile: Default ResourceProfile created, executor resources: Map(memory -> name: memory, amount: 1024, script: , vendor: , offHeap -> name: offHeap, amount: 0, script: , vendor: ), task resources: Map(cpus -> name: cpus, amount: 1.0)","logger":"airflow.task.hooks.airflow.providers.standard.hooks.subprocess.SubprocessHook"}
{"timestamp":"2025-09-02T16:23:38.572304","level":"info","event":"25/09/02 16:23:38 INFO ResourceProfile: Limiting resource is cpu","logger":"airflow.task.hooks.airflow.providers.standard.hooks.subprocess.SubprocessHook"}
{"timestamp":"2025-09-02T16:23:38.573547","level":"info","event":"25/09/02 16:23:38 INFO ResourceProfileManager: Added ResourceProfile id: 0","logger":"airflow.task.hooks.airflow.providers.standard.hooks.subprocess.SubprocessHook"}
{"timestamp":"2025-09-02T16:23:38.627873","level":"info","event":"25/09/02 16:23:38 INFO SecurityManager: Changing view acls to: root","logger":"airflow.task.hooks.airflow.providers.standard.hooks.subprocess.SubprocessHook"}
{"timestamp":"2025-09-02T16:23:38.628311","level":"info","event":"25/09/02 16:23:38 INFO SecurityManager: Changing modify acls to: root","logger":"airflow.task.hooks.airflow.providers.standard.hooks.subprocess.SubprocessHook"}
{"timestamp":"2025-09-02T16:23:38.628656","level":"info","event":"25/09/02 16:23:38 INFO SecurityManager: Changing view acls groups to:","logger":"airflow.task.hooks.airflow.providers.standard.hooks.subprocess.SubprocessHook"}
{"timestamp":"2025-09-02T16:23:38.629045","level":"info","event":"25/09/02 16:23:38 INFO SecurityManager: Changing modify acls groups to:","logger":"airflow.task.hooks.airflow.providers.standard.hooks.subprocess.SubprocessHook"}
{"timestamp":"2025-09-02T16:23:38.629384","level":"info","event":"25/09/02 16:23:38 INFO SecurityManager: SecurityManager: authentication disabled; ui acls disabled; users with view permissions: root; groups with view permissions: EMPTY; users with modify permissions: root; groups with modify permissions: EMPTY","logger":"airflow.task.hooks.airflow.providers.standard.hooks.subprocess.SubprocessHook"}
{"timestamp":"2025-09-02T16:23:38.819543","level":"info","event":"25/09/02 16:23:38 INFO Utils: Successfully started service 'sparkDriver' on port 36565.","logger":"airflow.task.hooks.airflow.providers.standard.hooks.subprocess.SubprocessHook"}
{"timestamp":"2025-09-02T16:23:38.852542","level":"info","event":"25/09/02 16:23:38 INFO SparkEnv: Registering MapOutputTracker","logger":"airflow.task.hooks.airflow.providers.standard.hooks.subprocess.SubprocessHook"}
{"timestamp":"2025-09-02T16:23:38.876898","level":"info","event":"25/09/02 16:23:38 INFO SparkEnv: Registering BlockManagerMaster","logger":"airflow.task.hooks.airflow.providers.standard.hooks.subprocess.SubprocessHook"}
{"timestamp":"2025-09-02T16:23:38.889003","level":"info","event":"25/09/02 16:23:38 INFO BlockManagerMasterEndpoint: Using org.apache.spark.storage.DefaultTopologyMapper for getting topology information","logger":"airflow.task.hooks.airflow.providers.standard.hooks.subprocess.SubprocessHook"}
{"timestamp":"2025-09-02T16:23:38.889675","level":"info","event":"25/09/02 16:23:38 INFO BlockManagerMasterEndpoint: BlockManagerMasterEndpoint up","logger":"airflow.task.hooks.airflow.providers.standard.hooks.subprocess.SubprocessHook"}
{"timestamp":"2025-09-02T16:23:38.894100","level":"info","event":"25/09/02 16:23:38 INFO SparkEnv: Registering BlockManagerMasterHeartbeat","logger":"airflow.task.hooks.airflow.providers.standard.hooks.subprocess.SubprocessHook"}
{"timestamp":"2025-09-02T16:23:38.909556","level":"info","event":"25/09/02 16:23:38 INFO DiskBlockManager: Created local directory at /tmp/blockmgr-6cea9203-6356-4cf9-a8db-1e6c3d6d9100","logger":"airflow.task.hooks.airflow.providers.standard.hooks.subprocess.SubprocessHook"}
{"timestamp":"2025-09-02T16:23:38.918715","level":"info","event":"25/09/02 16:23:38 INFO MemoryStore: MemoryStore started with capacity 434.4 MiB","logger":"airflow.task.hooks.airflow.providers.standard.hooks.subprocess.SubprocessHook"}
{"timestamp":"2025-09-02T16:23:38.930164","level":"info","event":"25/09/02 16:23:38 INFO SparkEnv: Registering OutputCommitCoordinator","logger":"airflow.task.hooks.airflow.providers.standard.hooks.subprocess.SubprocessHook"}
{"timestamp":"2025-09-02T16:23:39.019219","level":"info","event":"25/09/02 16:23:39 INFO JettyUtils: Start Jetty 0.0.0.0:4040 for SparkUI","logger":"airflow.task.hooks.airflow.providers.standard.hooks.subprocess.SubprocessHook"}
{"timestamp":"2025-09-02T16:23:39.068056","level":"info","event":"25/09/02 16:23:39 INFO Utils: Successfully started service 'SparkUI' on port 4040.","logger":"airflow.task.hooks.airflow.providers.standard.hooks.subprocess.SubprocessHook"}
{"timestamp":"2025-09-02T16:23:39.099336","level":"info","event":"25/09/02 16:23:39 INFO SparkContext: Added JAR file:///root/.ivy2/jars/org.apache.spark_spark-sql-kafka-0-10_2.12-3.5.0.jar at spark://b1b4c0de2c56:36565/jars/org.apache.spark_spark-sql-kafka-0-10_2.12-3.5.0.jar with timestamp 1756830218511","logger":"airflow.task.hooks.airflow.providers.standard.hooks.subprocess.SubprocessHook"}
{"timestamp":"2025-09-02T16:23:39.099689","level":"info","event":"25/09/02 16:23:39 INFO SparkContext: Added JAR file:///root/.ivy2/jars/org.apache.spark_spark-token-provider-kafka-0-10_2.12-3.5.0.jar at spark://b1b4c0de2c56:36565/jars/org.apache.spark_spark-token-provider-kafka-0-10_2.12-3.5.0.jar with timestamp 1756830218511","logger":"airflow.task.hooks.airflow.providers.standard.hooks.subprocess.SubprocessHook"}
{"timestamp":"2025-09-02T16:23:39.099992","level":"info","event":"25/09/02 16:23:39 INFO SparkContext: Added JAR file:///root/.ivy2/jars/org.apache.kafka_kafka-clients-3.4.1.jar at spark://b1b4c0de2c56:36565/jars/org.apache.kafka_kafka-clients-3.4.1.jar with timestamp 1756830218511","logger":"airflow.task.hooks.airflow.providers.standard.hooks.subprocess.SubprocessHook"}
{"timestamp":"2025-09-02T16:23:39.100080","level":"info","event":"25/09/02 16:23:39 INFO SparkContext: Added JAR file:///root/.ivy2/jars/com.google.code.findbugs_jsr305-3.0.0.jar at spark://b1b4c0de2c56:36565/jars/com.google.code.findbugs_jsr305-3.0.0.jar with timestamp 1756830218511","logger":"airflow.task.hooks.airflow.providers.standard.hooks.subprocess.SubprocessHook"}
{"timestamp":"2025-09-02T16:23:39.100241","level":"info","event":"25/09/02 16:23:39 INFO SparkContext: Added JAR file:///root/.ivy2/jars/org.apache.commons_commons-pool2-2.11.1.jar at spark://b1b4c0de2c56:36565/jars/org.apache.commons_commons-pool2-2.11.1.jar with timestamp 1756830218511","logger":"airflow.task.hooks.airflow.providers.standard.hooks.subprocess.SubprocessHook"}
{"timestamp":"2025-09-02T16:23:39.100320","level":"info","event":"25/09/02 16:23:39 INFO SparkContext: Added JAR file:///root/.ivy2/jars/org.apache.hadoop_hadoop-client-runtime-3.3.4.jar at spark://b1b4c0de2c56:36565/jars/org.apache.hadoop_hadoop-client-runtime-3.3.4.jar with timestamp 1756830218511","logger":"airflow.task.hooks.airflow.providers.standard.hooks.subprocess.SubprocessHook"}
{"timestamp":"2025-09-02T16:23:39.100484","level":"info","event":"25/09/02 16:23:39 INFO SparkContext: Added JAR file:///root/.ivy2/jars/org.lz4_lz4-java-1.8.0.jar at spark://b1b4c0de2c56:36565/jars/org.lz4_lz4-java-1.8.0.jar with timestamp 1756830218511","logger":"airflow.task.hooks.airflow.providers.standard.hooks.subprocess.SubprocessHook"}
{"timestamp":"2025-09-02T16:23:39.100623","level":"info","event":"25/09/02 16:23:39 INFO SparkContext: Added JAR file:///root/.ivy2/jars/org.xerial.snappy_snappy-java-1.1.10.3.jar at spark://b1b4c0de2c56:36565/jars/org.xerial.snappy_snappy-java-1.1.10.3.jar with timestamp 1756830218511","logger":"airflow.task.hooks.airflow.providers.standard.hooks.subprocess.SubprocessHook"}
{"timestamp":"2025-09-02T16:23:39.100760","level":"info","event":"25/09/02 16:23:39 INFO SparkContext: Added JAR file:///root/.ivy2/jars/org.slf4j_slf4j-api-2.0.7.jar at spark://b1b4c0de2c56:36565/jars/org.slf4j_slf4j-api-2.0.7.jar with timestamp 1756830218511","logger":"airflow.task.hooks.airflow.providers.standard.hooks.subprocess.SubprocessHook"}
{"timestamp":"2025-09-02T16:23:39.100977","level":"info","event":"25/09/02 16:23:39 INFO SparkContext: Added JAR file:///root/.ivy2/jars/org.apache.hadoop_hadoop-client-api-3.3.4.jar at spark://b1b4c0de2c56:36565/jars/org.apache.hadoop_hadoop-client-api-3.3.4.jar with timestamp 1756830218511","logger":"airflow.task.hooks.airflow.providers.standard.hooks.subprocess.SubprocessHook"}
{"timestamp":"2025-09-02T16:23:39.101048","level":"info","event":"25/09/02 16:23:39 INFO SparkContext: Added JAR file:///root/.ivy2/jars/commons-logging_commons-logging-1.1.3.jar at spark://b1b4c0de2c56:36565/jars/commons-logging_commons-logging-1.1.3.jar with timestamp 1756830218511","logger":"airflow.task.hooks.airflow.providers.standard.hooks.subprocess.SubprocessHook"}
{"timestamp":"2025-09-02T16:23:39.104683","level":"info","event":"25/09/02 16:23:39 INFO SparkContext: Added file file:///root/.ivy2/jars/org.apache.spark_spark-sql-kafka-0-10_2.12-3.5.0.jar at spark://b1b4c0de2c56:36565/files/org.apache.spark_spark-sql-kafka-0-10_2.12-3.5.0.jar with timestamp 1756830218511","logger":"airflow.task.hooks.airflow.providers.standard.hooks.subprocess.SubprocessHook"}
{"timestamp":"2025-09-02T16:23:39.107335","level":"info","event":"25/09/02 16:23:39 INFO Utils: Copying /root/.ivy2/jars/org.apache.spark_spark-sql-kafka-0-10_2.12-3.5.0.jar to /tmp/spark-8e9fa4e2-3144-47cb-a9ef-ed4a705c7b59/userFiles-b2137436-1e2b-42ee-bef6-83c768e78c85/org.apache.spark_spark-sql-kafka-0-10_2.12-3.5.0.jar","logger":"airflow.task.hooks.airflow.providers.standard.hooks.subprocess.SubprocessHook"}
{"timestamp":"2025-09-02T16:23:39.117935","level":"info","event":"25/09/02 16:23:39 INFO SparkContext: Added file file:///root/.ivy2/jars/org.apache.spark_spark-token-provider-kafka-0-10_2.12-3.5.0.jar at spark://b1b4c0de2c56:36565/files/org.apache.spark_spark-token-provider-kafka-0-10_2.12-3.5.0.jar with timestamp 1756830218511","logger":"airflow.task.hooks.airflow.providers.standard.hooks.subprocess.SubprocessHook"}
{"timestamp":"2025-09-02T16:23:39.118858","level":"info","event":"25/09/02 16:23:39 INFO Utils: Copying /root/.ivy2/jars/org.apache.spark_spark-token-provider-kafka-0-10_2.12-3.5.0.jar to /tmp/spark-8e9fa4e2-3144-47cb-a9ef-ed4a705c7b59/userFiles-b2137436-1e2b-42ee-bef6-83c768e78c85/org.apache.spark_spark-token-provider-kafka-0-10_2.12-3.5.0.jar","logger":"airflow.task.hooks.airflow.providers.standard.hooks.subprocess.SubprocessHook"}
{"timestamp":"2025-09-02T16:23:39.123228","level":"info","event":"25/09/02 16:23:39 INFO SparkContext: Added file file:///root/.ivy2/jars/org.apache.kafka_kafka-clients-3.4.1.jar at spark://b1b4c0de2c56:36565/files/org.apache.kafka_kafka-clients-3.4.1.jar with timestamp 1756830218511","logger":"airflow.task.hooks.airflow.providers.standard.hooks.subprocess.SubprocessHook"}
{"timestamp":"2025-09-02T16:23:39.123456","level":"info","event":"25/09/02 16:23:39 INFO Utils: Copying /root/.ivy2/jars/org.apache.kafka_kafka-clients-3.4.1.jar to /tmp/spark-8e9fa4e2-3144-47cb-a9ef-ed4a705c7b59/userFiles-b2137436-1e2b-42ee-bef6-83c768e78c85/org.apache.kafka_kafka-clients-3.4.1.jar","logger":"airflow.task.hooks.airflow.providers.standard.hooks.subprocess.SubprocessHook"}
{"timestamp":"2025-09-02T16:23:39.131456","level":"info","event":"25/09/02 16:23:39 INFO SparkContext: Added file file:///root/.ivy2/jars/com.google.code.findbugs_jsr305-3.0.0.jar at spark://b1b4c0de2c56:36565/files/com.google.code.findbugs_jsr305-3.0.0.jar with timestamp 1756830218511","logger":"airflow.task.hooks.airflow.providers.standard.hooks.subprocess.SubprocessHook"}
{"timestamp":"2025-09-02T16:23:39.131726","level":"info","event":"25/09/02 16:23:39 INFO Utils: Copying /root/.ivy2/jars/com.google.code.findbugs_jsr305-3.0.0.jar to /tmp/spark-8e9fa4e2-3144-47cb-a9ef-ed4a705c7b59/userFiles-b2137436-1e2b-42ee-bef6-83c768e78c85/com.google.code.findbugs_jsr305-3.0.0.jar","logger":"airflow.task.hooks.airflow.providers.standard.hooks.subprocess.SubprocessHook"}
{"timestamp":"2025-09-02T16:23:39.136283","level":"info","event":"25/09/02 16:23:39 INFO SparkContext: Added file file:///root/.ivy2/jars/org.apache.commons_commons-pool2-2.11.1.jar at spark://b1b4c0de2c56:36565/files/org.apache.commons_commons-pool2-2.11.1.jar with timestamp 1756830218511","logger":"airflow.task.hooks.airflow.providers.standard.hooks.subprocess.SubprocessHook"}
{"timestamp":"2025-09-02T16:23:39.136516","level":"info","event":"25/09/02 16:23:39 INFO Utils: Copying /root/.ivy2/jars/org.apache.commons_commons-pool2-2.11.1.jar to /tmp/spark-8e9fa4e2-3144-47cb-a9ef-ed4a705c7b59/userFiles-b2137436-1e2b-42ee-bef6-83c768e78c85/org.apache.commons_commons-pool2-2.11.1.jar","logger":"airflow.task.hooks.airflow.providers.standard.hooks.subprocess.SubprocessHook"}
{"timestamp":"2025-09-02T16:23:39.141820","level":"info","event":"25/09/02 16:23:39 INFO SparkContext: Added file file:///root/.ivy2/jars/org.apache.hadoop_hadoop-client-runtime-3.3.4.jar at spark://b1b4c0de2c56:36565/files/org.apache.hadoop_hadoop-client-runtime-3.3.4.jar with timestamp 1756830218511","logger":"airflow.task.hooks.airflow.providers.standard.hooks.subprocess.SubprocessHook"}
{"timestamp":"2025-09-02T16:23:39.142993","level":"info","event":"25/09/02 16:23:39 INFO Utils: Copying /root/.ivy2/jars/org.apache.hadoop_hadoop-client-runtime-3.3.4.jar to /tmp/spark-8e9fa4e2-3144-47cb-a9ef-ed4a705c7b59/userFiles-b2137436-1e2b-42ee-bef6-83c768e78c85/org.apache.hadoop_hadoop-client-runtime-3.3.4.jar","logger":"airflow.task.hooks.airflow.providers.standard.hooks.subprocess.SubprocessHook"}
{"timestamp":"2025-09-02T16:23:39.242193","level":"info","event":"25/09/02 16:23:39 INFO SparkContext: Added file file:///root/.ivy2/jars/org.lz4_lz4-java-1.8.0.jar at spark://b1b4c0de2c56:36565/files/org.lz4_lz4-java-1.8.0.jar with timestamp 1756830218511","logger":"airflow.task.hooks.airflow.providers.standard.hooks.subprocess.SubprocessHook"}
{"timestamp":"2025-09-02T16:23:39.242466","level":"info","event":"25/09/02 16:23:39 INFO Utils: Copying /root/.ivy2/jars/org.lz4_lz4-java-1.8.0.jar to /tmp/spark-8e9fa4e2-3144-47cb-a9ef-ed4a705c7b59/userFiles-b2137436-1e2b-42ee-bef6-83c768e78c85/org.lz4_lz4-java-1.8.0.jar","logger":"airflow.task.hooks.airflow.providers.standard.hooks.subprocess.SubprocessHook"}
{"timestamp":"2025-09-02T16:23:39.247133","level":"info","event":"25/09/02 16:23:39 INFO SparkContext: Added file file:///root/.ivy2/jars/org.xerial.snappy_snappy-java-1.1.10.3.jar at spark://b1b4c0de2c56:36565/files/org.xerial.snappy_snappy-java-1.1.10.3.jar with timestamp 1756830218511","logger":"airflow.task.hooks.airflow.providers.standard.hooks.subprocess.SubprocessHook"}
{"timestamp":"2025-09-02T16:23:39.247353","level":"info","event":"25/09/02 16:23:39 INFO Utils: Copying /root/.ivy2/jars/org.xerial.snappy_snappy-java-1.1.10.3.jar to /tmp/spark-8e9fa4e2-3144-47cb-a9ef-ed4a705c7b59/userFiles-b2137436-1e2b-42ee-bef6-83c768e78c85/org.xerial.snappy_snappy-java-1.1.10.3.jar","logger":"airflow.task.hooks.airflow.providers.standard.hooks.subprocess.SubprocessHook"}
{"timestamp":"2025-09-02T16:23:39.261305","level":"info","event":"25/09/02 16:23:39 INFO SparkContext: Added file file:///root/.ivy2/jars/org.slf4j_slf4j-api-2.0.7.jar at spark://b1b4c0de2c56:36565/files/org.slf4j_slf4j-api-2.0.7.jar with timestamp 1756830218511","logger":"airflow.task.hooks.airflow.providers.standard.hooks.subprocess.SubprocessHook"}
{"timestamp":"2025-09-02T16:23:39.261456","level":"info","event":"25/09/02 16:23:39 INFO Utils: Copying /root/.ivy2/jars/org.slf4j_slf4j-api-2.0.7.jar to /tmp/spark-8e9fa4e2-3144-47cb-a9ef-ed4a705c7b59/userFiles-b2137436-1e2b-42ee-bef6-83c768e78c85/org.slf4j_slf4j-api-2.0.7.jar","logger":"airflow.task.hooks.airflow.providers.standard.hooks.subprocess.SubprocessHook"}
{"timestamp":"2025-09-02T16:23:39.266476","level":"info","event":"25/09/02 16:23:39 INFO SparkContext: Added file file:///root/.ivy2/jars/org.apache.hadoop_hadoop-client-api-3.3.4.jar at spark://b1b4c0de2c56:36565/files/org.apache.hadoop_hadoop-client-api-3.3.4.jar with timestamp 1756830218511","logger":"airflow.task.hooks.airflow.providers.standard.hooks.subprocess.SubprocessHook"}
{"timestamp":"2025-09-02T16:23:39.266697","level":"info","event":"25/09/02 16:23:39 INFO Utils: Copying /root/.ivy2/jars/org.apache.hadoop_hadoop-client-api-3.3.4.jar to /tmp/spark-8e9fa4e2-3144-47cb-a9ef-ed4a705c7b59/userFiles-b2137436-1e2b-42ee-bef6-83c768e78c85/org.apache.hadoop_hadoop-client-api-3.3.4.jar","logger":"airflow.task.hooks.airflow.providers.standard.hooks.subprocess.SubprocessHook"}
{"timestamp":"2025-09-02T16:23:39.353928","level":"info","event":"25/09/02 16:23:39 INFO SparkContext: Added file file:///root/.ivy2/jars/commons-logging_commons-logging-1.1.3.jar at spark://b1b4c0de2c56:36565/files/commons-logging_commons-logging-1.1.3.jar with timestamp 1756830218511","logger":"airflow.task.hooks.airflow.providers.standard.hooks.subprocess.SubprocessHook"}
{"timestamp":"2025-09-02T16:23:39.354068","level":"info","event":"25/09/02 16:23:39 INFO Utils: Copying /root/.ivy2/jars/commons-logging_commons-logging-1.1.3.jar to /tmp/spark-8e9fa4e2-3144-47cb-a9ef-ed4a705c7b59/userFiles-b2137436-1e2b-42ee-bef6-83c768e78c85/commons-logging_commons-logging-1.1.3.jar","logger":"airflow.task.hooks.airflow.providers.standard.hooks.subprocess.SubprocessHook"}
{"timestamp":"2025-09-02T16:23:39.416717","level":"info","event":"25/09/02 16:23:39 INFO StandaloneAppClient$ClientEndpoint: Connecting to master spark://spark-master:7077...","logger":"airflow.task.hooks.airflow.providers.standard.hooks.subprocess.SubprocessHook"}
{"timestamp":"2025-09-02T16:23:39.447981","level":"info","event":"25/09/02 16:23:39 INFO TransportClientFactory: Successfully created connection to spark-master/172.18.0.24:7077 after 18 ms (0 ms spent in bootstraps)","logger":"airflow.task.hooks.airflow.providers.standard.hooks.subprocess.SubprocessHook"}
{"timestamp":"2025-09-02T16:23:39.618299","level":"info","event":"25/09/02 16:23:39 INFO StandaloneSchedulerBackend: Connected to Spark cluster with app ID app-20250902162339-0000","logger":"airflow.task.hooks.airflow.providers.standard.hooks.subprocess.SubprocessHook"}
{"timestamp":"2025-09-02T16:23:39.628478","level":"info","event":"25/09/02 16:23:39 INFO Utils: Successfully started service 'org.apache.spark.network.netty.NettyBlockTransferService' on port 40971.","logger":"airflow.task.hooks.airflow.providers.standard.hooks.subprocess.SubprocessHook"}
{"timestamp":"2025-09-02T16:23:39.628689","level":"info","event":"25/09/02 16:23:39 INFO NettyBlockTransferService: Server created on b1b4c0de2c56:40971","logger":"airflow.task.hooks.airflow.providers.standard.hooks.subprocess.SubprocessHook"}
{"timestamp":"2025-09-02T16:23:39.631092","level":"info","event":"25/09/02 16:23:39 INFO BlockManager: Using org.apache.spark.storage.RandomBlockReplicationPolicy for block replication policy","logger":"airflow.task.hooks.airflow.providers.standard.hooks.subprocess.SubprocessHook"}
{"timestamp":"2025-09-02T16:23:39.636959","level":"info","event":"25/09/02 16:23:39 INFO BlockManagerMaster: Registering BlockManager BlockManagerId(driver, b1b4c0de2c56, 40971, None)","logger":"airflow.task.hooks.airflow.providers.standard.hooks.subprocess.SubprocessHook"}
{"timestamp":"2025-09-02T16:23:39.641875","level":"info","event":"25/09/02 16:23:39 INFO BlockManagerMasterEndpoint: Registering block manager b1b4c0de2c56:40971 with 434.4 MiB RAM, BlockManagerId(driver, b1b4c0de2c56, 40971, None)","logger":"airflow.task.hooks.airflow.providers.standard.hooks.subprocess.SubprocessHook"}
{"timestamp":"2025-09-02T16:23:39.644741","level":"info","event":"25/09/02 16:23:39 INFO BlockManagerMaster: Registered BlockManager BlockManagerId(driver, b1b4c0de2c56, 40971, None)","logger":"airflow.task.hooks.airflow.providers.standard.hooks.subprocess.SubprocessHook"}
{"timestamp":"2025-09-02T16:23:39.645955","level":"info","event":"25/09/02 16:23:39 INFO BlockManager: Initialized BlockManager: BlockManagerId(driver, b1b4c0de2c56, 40971, None)","logger":"airflow.task.hooks.airflow.providers.standard.hooks.subprocess.SubprocessHook"}
{"timestamp":"2025-09-02T16:23:39.655573","level":"info","event":"25/09/02 16:23:39 INFO StandaloneAppClient$ClientEndpoint: Executor added: app-20250902162339-0000/0 on worker-20250902162209-172.18.0.33-45707 (172.18.0.33:45707) with 2 core(s)","logger":"airflow.task.hooks.airflow.providers.standard.hooks.subprocess.SubprocessHook"}
{"timestamp":"2025-09-02T16:23:39.657667","level":"info","event":"25/09/02 16:23:39 INFO StandaloneSchedulerBackend: Granted executor ID app-20250902162339-0000/0 on hostPort 172.18.0.33:45707 with 2 core(s), 1024.0 MiB RAM","logger":"airflow.task.hooks.airflow.providers.standard.hooks.subprocess.SubprocessHook"}
{"timestamp":"2025-09-02T16:23:39.864867","level":"info","event":"25/09/02 16:23:39 INFO StandaloneSchedulerBackend: SchedulerBackend is ready for scheduling beginning after reached minRegisteredResourcesRatio: 0.0","logger":"airflow.task.hooks.airflow.providers.standard.hooks.subprocess.SubprocessHook"}
{"timestamp":"2025-09-02T16:23:39.873904","level":"info","event":"25/09/02 16:23:39 INFO StandaloneAppClient$ClientEndpoint: Executor updated: app-20250902162339-0000/0 is now RUNNING","logger":"airflow.task.hooks.airflow.providers.standard.hooks.subprocess.SubprocessHook"}
{"timestamp":"2025-09-02T16:23:40.076827","level":"info","event":"INFO:__main__:Spark session started","logger":"airflow.task.hooks.airflow.providers.standard.hooks.subprocess.SubprocessHook"}
{"timestamp":"2025-09-02T16:23:40.082781","level":"info","event":"25/09/02 16:23:40 INFO SharedState: Setting hive.metastore.warehouse.dir ('null') to the value of spark.sql.warehouse.dir.","logger":"airflow.task.hooks.airflow.providers.standard.hooks.subprocess.SubprocessHook"}
{"timestamp":"2025-09-02T16:23:40.084698","level":"info","event":"25/09/02 16:23:40 INFO SharedState: Warehouse path is 'file:/tmp/airflowtmpbhv5in48/spark-warehouse'.","logger":"airflow.task.hooks.airflow.providers.standard.hooks.subprocess.SubprocessHook"}
{"timestamp":"2025-09-02T16:23:42.471315","level":"info","event":"ERROR:__main__:Fatal error in bronze-orders: An error occurred while calling o58.start.","logger":"airflow.task.hooks.airflow.providers.standard.hooks.subprocess.SubprocessHook"}
{"timestamp":"2025-09-02T16:23:42.471522","level":"info","event":": org.apache.spark.SparkClassNotFoundException: [DATA_SOURCE_NOT_FOUND] Failed to find the data source: delta. Please find packages at `https://spark.apache.org/third-party-projects.html`.","logger":"airflow.task.hooks.airflow.providers.standard.hooks.subprocess.SubprocessHook"}
{"timestamp":"2025-09-02T16:23:42.471625","level":"info","event":"\tat org.apache.spark.sql.errors.QueryExecutionErrors$.dataSourceNotFoundError(QueryExecutionErrors.scala:724)","logger":"airflow.task.hooks.airflow.providers.standard.hooks.subprocess.SubprocessHook"}
{"timestamp":"2025-09-02T16:23:42.471699","level":"info","event":"\tat org.apache.spark.sql.execution.datasources.DataSource$.lookupDataSource(DataSource.scala:647)","logger":"airflow.task.hooks.airflow.providers.standard.hooks.subprocess.SubprocessHook"}
{"timestamp":"2025-09-02T16:23:42.471749","level":"info","event":"\tat org.apache.spark.sql.streaming.DataStreamWriter.startInternal(DataStreamWriter.scala:370)","logger":"airflow.task.hooks.airflow.providers.standard.hooks.subprocess.SubprocessHook"}
{"timestamp":"2025-09-02T16:23:42.471789","level":"info","event":"\tat org.apache.spark.sql.streaming.DataStreamWriter.start(DataStreamWriter.scala:233)","logger":"airflow.task.hooks.airflow.providers.standard.hooks.subprocess.SubprocessHook"}
{"timestamp":"2025-09-02T16:23:42.471833","level":"info","event":"\tat java.base/jdk.internal.reflect.NativeMethodAccessorImpl.invoke0(Native Method)","logger":"airflow.task.hooks.airflow.providers.standard.hooks.subprocess.SubprocessHook"}
{"timestamp":"2025-09-02T16:23:42.471902","level":"info","event":"\tat java.base/jdk.internal.reflect.NativeMethodAccessorImpl.invoke(NativeMethodAccessorImpl.java:77)","logger":"airflow.task.hooks.airflow.providers.standard.hooks.subprocess.SubprocessHook"}
{"timestamp":"2025-09-02T16:23:42.471974","level":"info","event":"\tat java.base/jdk.internal.reflect.DelegatingMethodAccessorImpl.invoke(DelegatingMethodAccessorImpl.java:43)","logger":"airflow.task.hooks.airflow.providers.standard.hooks.subprocess.SubprocessHook"}
{"timestamp":"2025-09-02T16:23:42.472047","level":"info","event":"\tat java.base/java.lang.reflect.Method.invoke(Method.java:569)","logger":"airflow.task.hooks.airflow.providers.standard.hooks.subprocess.SubprocessHook"}
{"timestamp":"2025-09-02T16:23:42.472128","level":"info","event":"\tat py4j.reflection.MethodInvoker.invoke(MethodInvoker.java:244)","logger":"airflow.task.hooks.airflow.providers.standard.hooks.subprocess.SubprocessHook"}
{"timestamp":"2025-09-02T16:23:42.472194","level":"info","event":"\tat py4j.reflection.ReflectionEngine.invoke(ReflectionEngine.java:374)","logger":"airflow.task.hooks.airflow.providers.standard.hooks.subprocess.SubprocessHook"}
{"timestamp":"2025-09-02T16:23:42.472261","level":"info","event":"\tat py4j.Gateway.invoke(Gateway.java:282)","logger":"airflow.task.hooks.airflow.providers.standard.hooks.subprocess.SubprocessHook"}
{"timestamp":"2025-09-02T16:23:42.472340","level":"info","event":"\tat py4j.commands.AbstractCommand.invokeMethod(AbstractCommand.java:132)","logger":"airflow.task.hooks.airflow.providers.standard.hooks.subprocess.SubprocessHook"}
{"timestamp":"2025-09-02T16:23:42.472412","level":"info","event":"\tat py4j.commands.CallCommand.execute(CallCommand.java:79)","logger":"airflow.task.hooks.airflow.providers.standard.hooks.subprocess.SubprocessHook"}
{"timestamp":"2025-09-02T16:23:42.472485","level":"info","event":"\tat py4j.ClientServerConnection.waitForCommands(ClientServerConnection.java:182)","logger":"airflow.task.hooks.airflow.providers.standard.hooks.subprocess.SubprocessHook"}
{"timestamp":"2025-09-02T16:23:42.472554","level":"info","event":"\tat py4j.ClientServerConnection.run(ClientServerConnection.java:106)","logger":"airflow.task.hooks.airflow.providers.standard.hooks.subprocess.SubprocessHook"}
{"timestamp":"2025-09-02T16:23:42.472612","level":"info","event":"\tat java.base/java.lang.Thread.run(Thread.java:840)","logger":"airflow.task.hooks.airflow.providers.standard.hooks.subprocess.SubprocessHook"}
{"timestamp":"2025-09-02T16:23:42.472680","level":"info","event":"Caused by: java.lang.ClassNotFoundException: delta.DefaultSource","logger":"airflow.task.hooks.airflow.providers.standard.hooks.subprocess.SubprocessHook"}
{"timestamp":"2025-09-02T16:23:42.472750","level":"info","event":"\tat java.base/java.net.URLClassLoader.findClass(URLClassLoader.java:445)","logger":"airflow.task.hooks.airflow.providers.standard.hooks.subprocess.SubprocessHook"}
{"timestamp":"2025-09-02T16:23:42.472821","level":"info","event":"\tat java.base/java.lang.ClassLoader.loadClass(ClassLoader.java:592)","logger":"airflow.task.hooks.airflow.providers.standard.hooks.subprocess.SubprocessHook"}
{"timestamp":"2025-09-02T16:23:42.472896","level":"info","event":"\tat java.base/java.lang.ClassLoader.loadClass(ClassLoader.java:525)","logger":"airflow.task.hooks.airflow.providers.standard.hooks.subprocess.SubprocessHook"}
{"timestamp":"2025-09-02T16:23:42.472969","level":"info","event":"\tat org.apache.spark.sql.execution.datasources.DataSource$.$anonfun$lookupDataSource$5(DataSource.scala:633)","logger":"airflow.task.hooks.airflow.providers.standard.hooks.subprocess.SubprocessHook"}
{"timestamp":"2025-09-02T16:23:42.473058","level":"info","event":"\tat scala.util.Try$.apply(Try.scala:213)","logger":"airflow.task.hooks.airflow.providers.standard.hooks.subprocess.SubprocessHook"}
{"timestamp":"2025-09-02T16:23:42.473133","level":"info","event":"\tat org.apache.spark.sql.execution.datasources.DataSource$.$anonfun$lookupDataSource$4(DataSource.scala:633)","logger":"airflow.task.hooks.airflow.providers.standard.hooks.subprocess.SubprocessHook"}
{"timestamp":"2025-09-02T16:23:42.473208","level":"info","event":"\tat scala.util.Failure.orElse(Try.scala:224)","logger":"airflow.task.hooks.airflow.providers.standard.hooks.subprocess.SubprocessHook"}
{"timestamp":"2025-09-02T16:23:42.473280","level":"info","event":"\tat org.apache.spark.sql.execution.datasources.DataSource$.lookupDataSource(DataSource.scala:633)","logger":"airflow.task.hooks.airflow.providers.standard.hooks.subprocess.SubprocessHook"}
{"timestamp":"2025-09-02T16:23:42.473352","level":"info","event":"\t... 14 more","logger":"airflow.task.hooks.airflow.providers.standard.hooks.subprocess.SubprocessHook"}
{"timestamp":"2025-09-02T16:23:42.473421","level":"info","event":"Traceback (most recent call last):","logger":"airflow.task.hooks.airflow.providers.standard.hooks.subprocess.SubprocessHook"}
{"timestamp":"2025-09-02T16:23:42.473532","level":"info","event":"  File \"/opt/jobs/bronze_orders.py\", line 62, in main","logger":"airflow.task.hooks.airflow.providers.standard.hooks.subprocess.SubprocessHook"}
{"timestamp":"2025-09-02T16:23:42.473608","level":"info","event":"    .start(sink_path))","logger":"airflow.task.hooks.airflow.providers.standard.hooks.subprocess.SubprocessHook"}
{"timestamp":"2025-09-02T16:23:42.473680","level":"info","event":"     ^^^^^^^^^^^^^^^^","logger":"airflow.task.hooks.airflow.providers.standard.hooks.subprocess.SubprocessHook"}
{"timestamp":"2025-09-02T16:23:42.473752","level":"info","event":"  File \"/opt/spark/python/lib/pyspark.zip/pyspark/sql/streaming/readwriter.py\", line 1529, in start","logger":"airflow.task.hooks.airflow.providers.standard.hooks.subprocess.SubprocessHook"}
{"timestamp":"2025-09-02T16:23:42.473827","level":"info","event":"    return self._sq(self._jwrite.start(path))","logger":"airflow.task.hooks.airflow.providers.standard.hooks.subprocess.SubprocessHook"}
{"timestamp":"2025-09-02T16:23:42.473901","level":"info","event":"                    ^^^^^^^^^^^^^^^^^^^^^^^^","logger":"airflow.task.hooks.airflow.providers.standard.hooks.subprocess.SubprocessHook"}
{"timestamp":"2025-09-02T16:23:42.473972","level":"info","event":"  File \"/opt/spark/python/lib/py4j-0.10.9.7-src.zip/py4j/java_gateway.py\", line 1322, in __call__","logger":"airflow.task.hooks.airflow.providers.standard.hooks.subprocess.SubprocessHook"}
{"timestamp":"2025-09-02T16:23:42.474045","level":"info","event":"    return_value = get_return_value(","logger":"airflow.task.hooks.airflow.providers.standard.hooks.subprocess.SubprocessHook"}
{"timestamp":"2025-09-02T16:23:42.474122","level":"info","event":"                   ^^^^^^^^^^^^^^^^^","logger":"airflow.task.hooks.airflow.providers.standard.hooks.subprocess.SubprocessHook"}
{"timestamp":"2025-09-02T16:23:42.474302","level":"info","event":"  File \"/opt/spark/python/lib/pyspark.zip/pyspark/errors/exceptions/captured.py\", line 179, in deco","logger":"airflow.task.hooks.airflow.providers.standard.hooks.subprocess.SubprocessHook"}
{"timestamp":"2025-09-02T16:23:42.474669","level":"info","event":"    return f(*a, **kw)","logger":"airflow.task.hooks.airflow.providers.standard.hooks.subprocess.SubprocessHook"}
{"timestamp":"2025-09-02T16:23:42.474769","level":"info","event":"           ^^^^^^^^^^^","logger":"airflow.task.hooks.airflow.providers.standard.hooks.subprocess.SubprocessHook"}
{"timestamp":"2025-09-02T16:23:42.474848","level":"info","event":"  File \"/opt/spark/python/lib/py4j-0.10.9.7-src.zip/py4j/protocol.py\", line 326, in get_return_value","logger":"airflow.task.hooks.airflow.providers.standard.hooks.subprocess.SubprocessHook"}
{"timestamp":"2025-09-02T16:23:42.474919","level":"info","event":"    raise Py4JJavaError(","logger":"airflow.task.hooks.airflow.providers.standard.hooks.subprocess.SubprocessHook"}
{"timestamp":"2025-09-02T16:23:42.475111","level":"info","event":"py4j.protocol.Py4JJavaError: An error occurred while calling o58.start.","logger":"airflow.task.hooks.airflow.providers.standard.hooks.subprocess.SubprocessHook"}
{"timestamp":"2025-09-02T16:23:42.475203","level":"info","event":": org.apache.spark.SparkClassNotFoundException: [DATA_SOURCE_NOT_FOUND] Failed to find the data source: delta. Please find packages at `https://spark.apache.org/third-party-projects.html`.","logger":"airflow.task.hooks.airflow.providers.standard.hooks.subprocess.SubprocessHook"}
{"timestamp":"2025-09-02T16:23:42.475289","level":"info","event":"\tat org.apache.spark.sql.errors.QueryExecutionErrors$.dataSourceNotFoundError(QueryExecutionErrors.scala:724)","logger":"airflow.task.hooks.airflow.providers.standard.hooks.subprocess.SubprocessHook"}
{"timestamp":"2025-09-02T16:23:42.475361","level":"info","event":"\tat org.apache.spark.sql.execution.datasources.DataSource$.lookupDataSource(DataSource.scala:647)","logger":"airflow.task.hooks.airflow.providers.standard.hooks.subprocess.SubprocessHook"}
{"timestamp":"2025-09-02T16:23:42.475429","level":"info","event":"\tat org.apache.spark.sql.streaming.DataStreamWriter.startInternal(DataStreamWriter.scala:370)","logger":"airflow.task.hooks.airflow.providers.standard.hooks.subprocess.SubprocessHook"}
{"timestamp":"2025-09-02T16:23:42.475536","level":"info","event":"\tat org.apache.spark.sql.streaming.DataStreamWriter.start(DataStreamWriter.scala:233)","logger":"airflow.task.hooks.airflow.providers.standard.hooks.subprocess.SubprocessHook"}
{"timestamp":"2025-09-02T16:23:42.475615","level":"info","event":"\tat java.base/jdk.internal.reflect.NativeMethodAccessorImpl.invoke0(Native Method)","logger":"airflow.task.hooks.airflow.providers.standard.hooks.subprocess.SubprocessHook"}
{"timestamp":"2025-09-02T16:23:42.475785","level":"info","event":"\tat java.base/jdk.internal.reflect.NativeMethodAccessorImpl.invoke(NativeMethodAccessorImpl.java:77)","logger":"airflow.task.hooks.airflow.providers.standard.hooks.subprocess.SubprocessHook"}
{"timestamp":"2025-09-02T16:23:42.475881","level":"info","event":"\tat java.base/jdk.internal.reflect.DelegatingMethodAccessorImpl.invoke(DelegatingMethodAccessorImpl.java:43)","logger":"airflow.task.hooks.airflow.providers.standard.hooks.subprocess.SubprocessHook"}
{"timestamp":"2025-09-02T16:23:42.475960","level":"info","event":"\tat java.base/java.lang.reflect.Method.invoke(Method.java:569)","logger":"airflow.task.hooks.airflow.providers.standard.hooks.subprocess.SubprocessHook"}
{"timestamp":"2025-09-02T16:23:42.476036","level":"info","event":"\tat py4j.reflection.MethodInvoker.invoke(MethodInvoker.java:244)","logger":"airflow.task.hooks.airflow.providers.standard.hooks.subprocess.SubprocessHook"}
{"timestamp":"2025-09-02T16:23:42.476107","level":"info","event":"\tat py4j.reflection.ReflectionEngine.invoke(ReflectionEngine.java:374)","logger":"airflow.task.hooks.airflow.providers.standard.hooks.subprocess.SubprocessHook"}
{"timestamp":"2025-09-02T16:23:42.476177","level":"info","event":"\tat py4j.Gateway.invoke(Gateway.java:282)","logger":"airflow.task.hooks.airflow.providers.standard.hooks.subprocess.SubprocessHook"}
{"timestamp":"2025-09-02T16:23:42.476437","level":"info","event":"\tat py4j.commands.AbstractCommand.invokeMethod(AbstractCommand.java:132)","logger":"airflow.task.hooks.airflow.providers.standard.hooks.subprocess.SubprocessHook"}
{"timestamp":"2025-09-02T16:23:42.476540","level":"info","event":"\tat py4j.commands.CallCommand.execute(CallCommand.java:79)","logger":"airflow.task.hooks.airflow.providers.standard.hooks.subprocess.SubprocessHook"}
{"timestamp":"2025-09-02T16:23:42.476616","level":"info","event":"\tat py4j.ClientServerConnection.waitForCommands(ClientServerConnection.java:182)","logger":"airflow.task.hooks.airflow.providers.standard.hooks.subprocess.SubprocessHook"}
{"timestamp":"2025-09-02T16:23:42.476685","level":"info","event":"\tat py4j.ClientServerConnection.run(ClientServerConnection.java:106)","logger":"airflow.task.hooks.airflow.providers.standard.hooks.subprocess.SubprocessHook"}
{"timestamp":"2025-09-02T16:23:42.476759","level":"info","event":"\tat java.base/java.lang.Thread.run(Thread.java:840)","logger":"airflow.task.hooks.airflow.providers.standard.hooks.subprocess.SubprocessHook"}
{"timestamp":"2025-09-02T16:23:42.476831","level":"info","event":"Caused by: java.lang.ClassNotFoundException: delta.DefaultSource","logger":"airflow.task.hooks.airflow.providers.standard.hooks.subprocess.SubprocessHook"}
{"timestamp":"2025-09-02T16:23:42.476901","level":"info","event":"\tat java.base/java.net.URLClassLoader.findClass(URLClassLoader.java:445)","logger":"airflow.task.hooks.airflow.providers.standard.hooks.subprocess.SubprocessHook"}
{"timestamp":"2025-09-02T16:23:42.476987","level":"info","event":"\tat java.base/java.lang.ClassLoader.loadClass(ClassLoader.java:592)","logger":"airflow.task.hooks.airflow.providers.standard.hooks.subprocess.SubprocessHook"}
{"timestamp":"2025-09-02T16:23:42.477059","level":"info","event":"\tat java.base/java.lang.ClassLoader.loadClass(ClassLoader.java:525)","logger":"airflow.task.hooks.airflow.providers.standard.hooks.subprocess.SubprocessHook"}
{"timestamp":"2025-09-02T16:23:42.477131","level":"info","event":"\tat org.apache.spark.sql.execution.datasources.DataSource$.$anonfun$lookupDataSource$5(DataSource.scala:633)","logger":"airflow.task.hooks.airflow.providers.standard.hooks.subprocess.SubprocessHook"}
{"timestamp":"2025-09-02T16:23:42.477205","level":"info","event":"\tat scala.util.Try$.apply(Try.scala:213)","logger":"airflow.task.hooks.airflow.providers.standard.hooks.subprocess.SubprocessHook"}
{"timestamp":"2025-09-02T16:23:42.477276","level":"info","event":"\tat org.apache.spark.sql.execution.datasources.DataSource$.$anonfun$lookupDataSource$4(DataSource.scala:633)","logger":"airflow.task.hooks.airflow.providers.standard.hooks.subprocess.SubprocessHook"}
{"timestamp":"2025-09-02T16:23:42.477348","level":"info","event":"\tat scala.util.Failure.orElse(Try.scala:224)","logger":"airflow.task.hooks.airflow.providers.standard.hooks.subprocess.SubprocessHook"}
{"timestamp":"2025-09-02T16:23:42.477433","level":"info","event":"\tat org.apache.spark.sql.execution.datasources.DataSource$.lookupDataSource(DataSource.scala:633)","logger":"airflow.task.hooks.airflow.providers.standard.hooks.subprocess.SubprocessHook"}
{"timestamp":"2025-09-02T16:23:42.477547","level":"info","event":"\t... 14 more","logger":"airflow.task.hooks.airflow.providers.standard.hooks.subprocess.SubprocessHook"}
{"timestamp":"2025-09-02T16:23:42.477627","level":"info","event":"","logger":"airflow.task.hooks.airflow.providers.standard.hooks.subprocess.SubprocessHook"}
{"timestamp":"2025-09-02T16:23:42.477699","level":"info","event":"Traceback (most recent call last):","logger":"airflow.task.hooks.airflow.providers.standard.hooks.subprocess.SubprocessHook"}
{"timestamp":"2025-09-02T16:23:42.477771","level":"info","event":"  File \"/opt/jobs/bronze_orders.py\", line 72, in <module>","logger":"airflow.task.hooks.airflow.providers.standard.hooks.subprocess.SubprocessHook"}
{"timestamp":"2025-09-02T16:23:42.477904","level":"info","event":"    main()","logger":"airflow.task.hooks.airflow.providers.standard.hooks.subprocess.SubprocessHook"}
{"timestamp":"2025-09-02T16:23:42.477980","level":"info","event":"  File \"/opt/jobs/bronze_orders.py\", line 62, in main","logger":"airflow.task.hooks.airflow.providers.standard.hooks.subprocess.SubprocessHook"}
{"timestamp":"2025-09-02T16:23:42.478100","level":"info","event":"    .start(sink_path))","logger":"airflow.task.hooks.airflow.providers.standard.hooks.subprocess.SubprocessHook"}
{"timestamp":"2025-09-02T16:23:42.478280","level":"info","event":"     ^^^^^^^^^^^^^^^^","logger":"airflow.task.hooks.airflow.providers.standard.hooks.subprocess.SubprocessHook"}
{"timestamp":"2025-09-02T16:23:42.478361","level":"info","event":"  File \"/opt/spark/python/lib/pyspark.zip/pyspark/sql/streaming/readwriter.py\", line 1529, in start","logger":"airflow.task.hooks.airflow.providers.standard.hooks.subprocess.SubprocessHook"}
{"timestamp":"2025-09-02T16:23:42.478435","level":"info","event":"  File \"/opt/spark/python/lib/py4j-0.10.9.7-src.zip/py4j/java_gateway.py\", line 1322, in __call__","logger":"airflow.task.hooks.airflow.providers.standard.hooks.subprocess.SubprocessHook"}
{"timestamp":"2025-09-02T16:23:42.478513","level":"info","event":"  File \"/opt/spark/python/lib/pyspark.zip/pyspark/errors/exceptions/captured.py\", line 179, in deco","logger":"airflow.task.hooks.airflow.providers.standard.hooks.subprocess.SubprocessHook"}
{"timestamp":"2025-09-02T16:23:42.478589","level":"info","event":"  File \"/opt/spark/python/lib/py4j-0.10.9.7-src.zip/py4j/protocol.py\", line 326, in get_return_value","logger":"airflow.task.hooks.airflow.providers.standard.hooks.subprocess.SubprocessHook"}
{"timestamp":"2025-09-02T16:23:42.478672","level":"info","event":"py4j.protocol.Py4JJavaError: An error occurred while calling o58.start.","logger":"airflow.task.hooks.airflow.providers.standard.hooks.subprocess.SubprocessHook"}
{"timestamp":"2025-09-02T16:23:42.478746","level":"info","event":": org.apache.spark.SparkClassNotFoundException: [DATA_SOURCE_NOT_FOUND] Failed to find the data source: delta. Please find packages at `https://spark.apache.org/third-party-projects.html`.","logger":"airflow.task.hooks.airflow.providers.standard.hooks.subprocess.SubprocessHook"}
{"timestamp":"2025-09-02T16:23:42.478820","level":"info","event":"\tat org.apache.spark.sql.errors.QueryExecutionErrors$.dataSourceNotFoundError(QueryExecutionErrors.scala:724)","logger":"airflow.task.hooks.airflow.providers.standard.hooks.subprocess.SubprocessHook"}
{"timestamp":"2025-09-02T16:23:42.478893","level":"info","event":"\tat org.apache.spark.sql.execution.datasources.DataSource$.lookupDataSource(DataSource.scala:647)","logger":"airflow.task.hooks.airflow.providers.standard.hooks.subprocess.SubprocessHook"}
{"timestamp":"2025-09-02T16:23:42.478964","level":"info","event":"\tat org.apache.spark.sql.streaming.DataStreamWriter.startInternal(DataStreamWriter.scala:370)","logger":"airflow.task.hooks.airflow.providers.standard.hooks.subprocess.SubprocessHook"}
{"timestamp":"2025-09-02T16:23:42.479033","level":"info","event":"\tat org.apache.spark.sql.streaming.DataStreamWriter.start(DataStreamWriter.scala:233)","logger":"airflow.task.hooks.airflow.providers.standard.hooks.subprocess.SubprocessHook"}
{"timestamp":"2025-09-02T16:23:42.479118","level":"info","event":"\tat java.base/jdk.internal.reflect.NativeMethodAccessorImpl.invoke0(Native Method)","logger":"airflow.task.hooks.airflow.providers.standard.hooks.subprocess.SubprocessHook"}
{"timestamp":"2025-09-02T16:23:42.479183","level":"info","event":"\tat java.base/jdk.internal.reflect.NativeMethodAccessorImpl.invoke(NativeMethodAccessorImpl.java:77)","logger":"airflow.task.hooks.airflow.providers.standard.hooks.subprocess.SubprocessHook"}
{"timestamp":"2025-09-02T16:23:42.479231","level":"info","event":"\tat java.base/jdk.internal.reflect.DelegatingMethodAccessorImpl.invoke(DelegatingMethodAccessorImpl.java:43)","logger":"airflow.task.hooks.airflow.providers.standard.hooks.subprocess.SubprocessHook"}
{"timestamp":"2025-09-02T16:23:42.479272","level":"info","event":"\tat java.base/java.lang.reflect.Method.invoke(Method.java:569)","logger":"airflow.task.hooks.airflow.providers.standard.hooks.subprocess.SubprocessHook"}
{"timestamp":"2025-09-02T16:23:42.479322","level":"info","event":"\tat py4j.reflection.MethodInvoker.invoke(MethodInvoker.java:244)","logger":"airflow.task.hooks.airflow.providers.standard.hooks.subprocess.SubprocessHook"}
{"timestamp":"2025-09-02T16:23:42.479369","level":"info","event":"\tat py4j.reflection.ReflectionEngine.invoke(ReflectionEngine.java:374)","logger":"airflow.task.hooks.airflow.providers.standard.hooks.subprocess.SubprocessHook"}
{"timestamp":"2025-09-02T16:23:42.479413","level":"info","event":"\tat py4j.Gateway.invoke(Gateway.java:282)","logger":"airflow.task.hooks.airflow.providers.standard.hooks.subprocess.SubprocessHook"}
{"timestamp":"2025-09-02T16:23:42.479519","level":"info","event":"\tat py4j.commands.AbstractCommand.invokeMethod(AbstractCommand.java:132)","logger":"airflow.task.hooks.airflow.providers.standard.hooks.subprocess.SubprocessHook"}
{"timestamp":"2025-09-02T16:23:42.479596","level":"info","event":"\tat py4j.commands.CallCommand.execute(CallCommand.java:79)","logger":"airflow.task.hooks.airflow.providers.standard.hooks.subprocess.SubprocessHook"}
{"timestamp":"2025-09-02T16:23:42.479643","level":"info","event":"\tat py4j.ClientServerConnection.waitForCommands(ClientServerConnection.java:182)","logger":"airflow.task.hooks.airflow.providers.standard.hooks.subprocess.SubprocessHook"}
{"timestamp":"2025-09-02T16:23:42.479683","level":"info","event":"\tat py4j.ClientServerConnection.run(ClientServerConnection.java:106)","logger":"airflow.task.hooks.airflow.providers.standard.hooks.subprocess.SubprocessHook"}
{"timestamp":"2025-09-02T16:23:42.479722","level":"info","event":"\tat java.base/java.lang.Thread.run(Thread.java:840)","logger":"airflow.task.hooks.airflow.providers.standard.hooks.subprocess.SubprocessHook"}
{"timestamp":"2025-09-02T16:23:42.479760","level":"info","event":"Caused by: java.lang.ClassNotFoundException: delta.DefaultSource","logger":"airflow.task.hooks.airflow.providers.standard.hooks.subprocess.SubprocessHook"}
{"timestamp":"2025-09-02T16:23:42.479817","level":"info","event":"\tat java.base/java.net.URLClassLoader.findClass(URLClassLoader.java:445)","logger":"airflow.task.hooks.airflow.providers.standard.hooks.subprocess.SubprocessHook"}
{"timestamp":"2025-09-02T16:23:42.479867","level":"info","event":"\tat java.base/java.lang.ClassLoader.loadClass(ClassLoader.java:592)","logger":"airflow.task.hooks.airflow.providers.standard.hooks.subprocess.SubprocessHook"}
{"timestamp":"2025-09-02T16:23:42.479923","level":"info","event":"\tat java.base/java.lang.ClassLoader.loadClass(ClassLoader.java:525)","logger":"airflow.task.hooks.airflow.providers.standard.hooks.subprocess.SubprocessHook"}
{"timestamp":"2025-09-02T16:23:42.479968","level":"info","event":"\tat org.apache.spark.sql.execution.datasources.DataSource$.$anonfun$lookupDataSource$5(DataSource.scala:633)","logger":"airflow.task.hooks.airflow.providers.standard.hooks.subprocess.SubprocessHook"}
{"timestamp":"2025-09-02T16:23:42.480027","level":"info","event":"\tat scala.util.Try$.apply(Try.scala:213)","logger":"airflow.task.hooks.airflow.providers.standard.hooks.subprocess.SubprocessHook"}
{"timestamp":"2025-09-02T16:23:42.480081","level":"info","event":"\tat org.apache.spark.sql.execution.datasources.DataSource$.$anonfun$lookupDataSource$4(DataSource.scala:633)","logger":"airflow.task.hooks.airflow.providers.standard.hooks.subprocess.SubprocessHook"}
{"timestamp":"2025-09-02T16:23:42.480137","level":"info","event":"\tat scala.util.Failure.orElse(Try.scala:224)","logger":"airflow.task.hooks.airflow.providers.standard.hooks.subprocess.SubprocessHook"}
{"timestamp":"2025-09-02T16:23:42.480190","level":"info","event":"\tat org.apache.spark.sql.execution.datasources.DataSource$.lookupDataSource(DataSource.scala:633)","logger":"airflow.task.hooks.airflow.providers.standard.hooks.subprocess.SubprocessHook"}
{"timestamp":"2025-09-02T16:23:42.480238","level":"info","event":"\t... 14 more","logger":"airflow.task.hooks.airflow.providers.standard.hooks.subprocess.SubprocessHook"}
{"timestamp":"2025-09-02T16:23:42.480302","level":"info","event":"","logger":"airflow.task.hooks.airflow.providers.standard.hooks.subprocess.SubprocessHook"}
{"timestamp":"2025-09-02T16:23:42.480390","level":"info","event":"INFO:py4j.clientserver:Closing down clientserver connection","logger":"airflow.task.hooks.airflow.providers.standard.hooks.subprocess.SubprocessHook"}
{"timestamp":"2025-09-02T16:23:42.556329","level":"info","event":"25/09/02 16:23:42 INFO SparkContext: Invoking stop() from shutdown hook","logger":"airflow.task.hooks.airflow.providers.standard.hooks.subprocess.SubprocessHook"}
{"timestamp":"2025-09-02T16:23:42.557128","level":"info","event":"25/09/02 16:23:42 INFO SparkContext: SparkContext is stopping with exitCode 0.","logger":"airflow.task.hooks.airflow.providers.standard.hooks.subprocess.SubprocessHook"}
{"timestamp":"2025-09-02T16:23:42.573136","level":"info","event":"25/09/02 16:23:42 INFO SparkUI: Stopped Spark web UI at http://b1b4c0de2c56:4040","logger":"airflow.task.hooks.airflow.providers.standard.hooks.subprocess.SubprocessHook"}
{"timestamp":"2025-09-02T16:23:42.579917","level":"info","event":"25/09/02 16:23:42 INFO StandaloneSchedulerBackend: Shutting down all executors","logger":"airflow.task.hooks.airflow.providers.standard.hooks.subprocess.SubprocessHook"}
{"timestamp":"2025-09-02T16:23:42.586199","level":"info","event":"25/09/02 16:23:42 INFO StandaloneSchedulerBackend$StandaloneDriverEndpoint: Asking each executor to shut down","logger":"airflow.task.hooks.airflow.providers.standard.hooks.subprocess.SubprocessHook"}
{"timestamp":"2025-09-02T16:23:42.618365","level":"info","event":"25/09/02 16:23:42 INFO MapOutputTrackerMasterEndpoint: MapOutputTrackerMasterEndpoint stopped!","logger":"airflow.task.hooks.airflow.providers.standard.hooks.subprocess.SubprocessHook"}
{"timestamp":"2025-09-02T16:23:42.639212","level":"info","event":"25/09/02 16:23:42 INFO MemoryStore: MemoryStore cleared","logger":"airflow.task.hooks.airflow.providers.standard.hooks.subprocess.SubprocessHook"}
{"timestamp":"2025-09-02T16:23:42.640601","level":"info","event":"25/09/02 16:23:42 INFO BlockManager: BlockManager stopped","logger":"airflow.task.hooks.airflow.providers.standard.hooks.subprocess.SubprocessHook"}
{"timestamp":"2025-09-02T16:23:42.648626","level":"info","event":"25/09/02 16:23:42 INFO BlockManagerMaster: BlockManagerMaster stopped","logger":"airflow.task.hooks.airflow.providers.standard.hooks.subprocess.SubprocessHook"}
{"timestamp":"2025-09-02T16:23:42.651648","level":"info","event":"25/09/02 16:23:42 INFO OutputCommitCoordinator$OutputCommitCoordinatorEndpoint: OutputCommitCoordinator stopped!","logger":"airflow.task.hooks.airflow.providers.standard.hooks.subprocess.SubprocessHook"}
{"timestamp":"2025-09-02T16:23:42.673624","level":"info","event":"25/09/02 16:23:42 INFO SparkContext: Successfully stopped SparkContext","logger":"airflow.task.hooks.airflow.providers.standard.hooks.subprocess.SubprocessHook"}
{"timestamp":"2025-09-02T16:23:42.674154","level":"info","event":"25/09/02 16:23:42 INFO ShutdownHookManager: Shutdown hook called","logger":"airflow.task.hooks.airflow.providers.standard.hooks.subprocess.SubprocessHook"}
{"timestamp":"2025-09-02T16:23:42.675831","level":"info","event":"25/09/02 16:23:42 INFO ShutdownHookManager: Deleting directory /tmp/spark-da2ba49a-e0f6-4149-ac98-1453d2d6c65d","logger":"airflow.task.hooks.airflow.providers.standard.hooks.subprocess.SubprocessHook"}
{"timestamp":"2025-09-02T16:23:42.681869","level":"info","event":"25/09/02 16:23:42 INFO ShutdownHookManager: Deleting directory /tmp/spark-8e9fa4e2-3144-47cb-a9ef-ed4a705c7b59/pyspark-dc08d460-b97e-4c1b-aa7b-60c79b9be784","logger":"airflow.task.hooks.airflow.providers.standard.hooks.subprocess.SubprocessHook"}
{"timestamp":"2025-09-02T16:23:42.687237","level":"info","event":"25/09/02 16:23:42 INFO ShutdownHookManager: Deleting directory /tmp/spark-8e9fa4e2-3144-47cb-a9ef-ed4a705c7b59","logger":"airflow.task.hooks.airflow.providers.standard.hooks.subprocess.SubprocessHook"}
{"timestamp":"2025-09-02T16:23:42.737650","level":"info","event":"Command exited with return code 1","logger":"airflow.task.hooks.airflow.providers.standard.hooks.subprocess.SubprocessHook"}
{"timestamp":"2025-09-02T16:23:42.738574","level":"error","event":"Task failed with exception","logger":"task","error_detail":[{"exc_type":"AirflowException","exc_value":"Bash command failed. The command returned a non-zero exit code 1.","exc_notes":[],"syntax_error":null,"is_cause":false,"frames":[{"filename":"/opt/bitnami/airflow/venv/lib/python3.12/site-packages/airflow/sdk/execution_time/task_runner.py","lineno":918,"name":"run"},{"filename":"/opt/bitnami/airflow/venv/lib/python3.12/site-packages/airflow/sdk/execution_time/task_runner.py","lineno":1213,"name":"_execute_task"},{"filename":"/opt/bitnami/airflow/venv/lib/python3.12/site-packages/airflow/sdk/bases/operator.py","lineno":397,"name":"wrapper"},{"filename":"/opt/bitnami/airflow/venv/lib/python3.12/site-packages/airflow/providers/standard/operators/bash.py","lineno":232,"name":"execute"}],"is_group":false,"exceptions":[]}]}
{"timestamp":"2025-09-02T16:23:42.772870Z","level":"info","event":"Task instance in failure state","chan":"stdout","logger":"task"}
{"timestamp":"2025-09-02T16:23:42.773431Z","level":"info","event":"Task start","chan":"stdout","logger":"task"}
{"timestamp":"2025-09-02T16:23:42.773814Z","level":"info","event":"Task:<Task(BashOperator): orders_bronze_stream>","chan":"stdout","logger":"task"}
{"timestamp":"2025-09-02T16:23:42.774196Z","level":"info","event":"Failure caused by Bash command failed. The command returned a non-zero exit code 1.","chan":"stdout","logger":"task"}
